[0.175s] Invoking command in '/home/hycon/workspace/ros2_study/build/my_first_package_msgs': CMAKE_PREFIX_PATH=${CMAKE_PREFIX_PATH}:/home/hycon/workspace/ros2_study/pkg_test/install/my_first_package:/opt/ros/humble /usr/bin/cmake /home/hycon/workspace/ros2_study/pkg_test/src/my_first_package_msgs -DCMAKE_INSTALL_PREFIX=/home/hycon/workspace/ros2_study/install/my_first_package_msgs
[0.212s] -- The C compiler identification is GNU 11.4.0
[0.255s] -- The CXX compiler identification is GNU 11.4.0
[0.262s] -- Detecting C compiler ABI info
[0.317s] -- Detecting C compiler ABI info - done
[0.322s] -- Check for working C compiler: /usr/bin/cc - skipped
[0.322s] -- Detecting C compile features
[0.322s] -- Detecting C compile features - done
[0.325s] -- Detecting CXX compiler ABI info
[0.394s] -- Detecting CXX compiler ABI info - done
[0.399s] -- Check for working CXX compiler: /usr/bin/c++ - skipped
[0.399s] -- Detecting CXX compile features
[0.400s] -- Detecting CXX compile features - done
[0.401s] -- Found ament_cmake: 1.3.11 (/opt/ros/humble/share/ament_cmake/cmake)
[0.544s] -- Found Python3: /usr/bin/python3 (found version "3.10.12") found components: Interpreter 
[0.613s] -- Found rosidl_default_generators: 1.2.0 (/opt/ros/humble/share/rosidl_default_generators/cmake)
[0.615s] -- Using all available rosidl_typesupport_c: rosidl_typesupport_fastrtps_c;rosidl_typesupport_introspection_c
[0.618s] -- Found rosidl_adapter: 3.1.6 (/opt/ros/humble/share/rosidl_adapter/cmake)
[0.642s] -- Using all available rosidl_typesupport_cpp: rosidl_typesupport_fastrtps_cpp;rosidl_typesupport_introspection_cpp
[0.862s] -- Found ament_cmake_ros: 0.10.0 (/opt/ros/humble/share/ament_cmake_ros/cmake)
[1.027s] -- Using all available rosidl_typesupport_c: rosidl_typesupport_fastrtps_c;rosidl_typesupport_introspection_c
[1.217s] -- Using all available rosidl_typesupport_cpp: rosidl_typesupport_fastrtps_cpp;rosidl_typesupport_introspection_cpp
[1.239s] -- Found PythonInterp: /usr/bin/python3 (found suitable version "3.10.12", minimum required is "3.6") 
[1.240s] -- Found python_cmake_module: 0.10.0 (/opt/ros/humble/share/python_cmake_module/cmake)
[1.262s] -- Found PythonLibs: /usr/lib/x86_64-linux-gnu/libpython3.10.so (found suitable version "3.10.12", minimum required is "3.5") 
[1.262s] -- Using PYTHON_EXECUTABLE: /usr/bin/python3
[1.262s] -- Using PYTHON_INCLUDE_DIRS: /usr/include/python3.10
[1.262s] -- Using PYTHON_LIBRARIES: /usr/lib/x86_64-linux-gnu/libpython3.10.so
[1.288s] -- Found PythonExtra: .so  
[1.321s] -- Found ament_lint_auto: 0.12.11 (/opt/ros/humble/share/ament_lint_auto/cmake)
[1.331s] -- Added test 'lint_cmake' to check CMake code style
[1.331s] -- Added test 'xmllint' to check XML markup files
[1.333s] -- Configuring done
[1.348s] -- Generating done
[1.354s] -- Build files have been written to: /home/hycon/workspace/ros2_study/build/my_first_package_msgs
[1.358s] Invoked command in '/home/hycon/workspace/ros2_study/build/my_first_package_msgs' returned '0': CMAKE_PREFIX_PATH=${CMAKE_PREFIX_PATH}:/home/hycon/workspace/ros2_study/pkg_test/install/my_first_package:/opt/ros/humble /usr/bin/cmake /home/hycon/workspace/ros2_study/pkg_test/src/my_first_package_msgs -DCMAKE_INSTALL_PREFIX=/home/hycon/workspace/ros2_study/install/my_first_package_msgs
[1.360s] Invoking command in '/home/hycon/workspace/ros2_study/build/my_first_package_msgs': CMAKE_PREFIX_PATH=${CMAKE_PREFIX_PATH}:/home/hycon/workspace/ros2_study/pkg_test/install/my_first_package:/opt/ros/humble /usr/bin/cmake --build /home/hycon/workspace/ros2_study/build/my_first_package_msgs -- -j16 -l16
[1.400s] [  3%] [34m[1mGenerating C code for ROS interfaces[0m
[1.410s] [  6%] [34m[1mGenerating C++ code for ROS interfaces[0m
[1.419s] [  6%] Built target ament_cmake_python_copy_my_first_package_msgs
[1.581s] running egg_info
[1.581s] creating my_first_package_msgs.egg-info
[1.581s] writing my_first_package_msgs.egg-info/PKG-INFO
[1.581s] writing dependency_links to my_first_package_msgs.egg-info/dependency_links.txt
[1.581s] writing top-level names to my_first_package_msgs.egg-info/top_level.txt
[1.582s] writing manifest file 'my_first_package_msgs.egg-info/SOURCES.txt'
[1.583s] reading manifest file 'my_first_package_msgs.egg-info/SOURCES.txt'
[1.583s] writing manifest file 'my_first_package_msgs.egg-info/SOURCES.txt'
[1.607s] [  6%] Built target ament_cmake_python_build_my_first_package_msgs_egg
[1.617s] [  6%] Built target my_first_package_msgs__cpp
[1.629s] [ 16%] [34m[1mGenerating C++ introspection for ROS interfaces[0m
[1.629s] [ 16%] [34m[1mGenerating C++ type support dispatch for ROS interfaces[0m
[1.629s] [ 16%] [34m[1mGenerating C++ type support for eProsima Fast-RTPS[0m
[1.692s] [ 19%] [32mBuilding C object CMakeFiles/my_first_package_msgs__rosidl_generator_c.dir/rosidl_generator_c/my_first_package_msgs/msg/detail/cmd_and_pose_vel__functions.c.o[0m
[1.743s] [ 22%] [32m[1mLinking C shared library libmy_first_package_msgs__rosidl_generator_c.so[0m
[1.780s] [ 22%] Built target my_first_package_msgs__rosidl_generator_c
[1.788s] [ 25%] [34m[1mGenerating C introspection for ROS interfaces[0m
[1.790s] [ 32%] [34m[1mGenerating C type support for eProsima Fast-RTPS[0m
[1.790s] [ 32%] [34m[1mGenerating C type support dispatch for ROS interfaces[0m
[1.802s] [ 35%] [32mBuilding CXX object CMakeFiles/my_first_package_msgs__rosidl_typesupport_fastrtps_cpp.dir/rosidl_typesupport_fastrtps_cpp/my_first_package_msgs/msg/detail/dds_fastrtps/cmd_and_pose_vel__type_support.cpp.o[0m
[1.899s] [ 38%] [32mBuilding CXX object CMakeFiles/my_first_package_msgs__rosidl_typesupport_cpp.dir/rosidl_typesupport_cpp/my_first_package_msgs/msg/cmd_and_pose_vel__type_support.cpp.o[0m
[1.915s] [ 41%] [32mBuilding CXX object CMakeFiles/my_first_package_msgs__rosidl_typesupport_introspection_cpp.dir/rosidl_typesupport_introspection_cpp/my_first_package_msgs/msg/detail/cmd_and_pose_vel__type_support.cpp.o[0m
[1.951s] [ 45%] [32mBuilding C object CMakeFiles/my_first_package_msgs__rosidl_typesupport_introspection_c.dir/rosidl_typesupport_introspection_c/my_first_package_msgs/msg/detail/cmd_and_pose_vel__type_support.c.o[0m
[1.974s] [ 48%] [32m[1mLinking C shared library libmy_first_package_msgs__rosidl_typesupport_introspection_c.so[0m
[1.997s] [ 48%] Built target my_first_package_msgs__rosidl_typesupport_introspection_c
[2.062s] [ 51%] [32mBuilding CXX object CMakeFiles/my_first_package_msgs__rosidl_typesupport_c.dir/rosidl_typesupport_c/my_first_package_msgs/msg/cmd_and_pose_vel__type_support.cpp.o[0m
[2.091s] [ 54%] [32mBuilding CXX object CMakeFiles/my_first_package_msgs__rosidl_typesupport_fastrtps_c.dir/rosidl_typesupport_fastrtps_c/my_first_package_msgs/msg/detail/cmd_and_pose_vel__type_support_c.cpp.o[0m
[2.095s] [ 58%] [32m[1mLinking CXX shared library libmy_first_package_msgs__rosidl_typesupport_c.so[0m
[2.141s] [ 58%] Built target my_first_package_msgs__rosidl_typesupport_c
[2.191s] [ 61%] [32m[1mLinking CXX shared library libmy_first_package_msgs__rosidl_typesupport_introspection_cpp.so[0m
[2.210s] [ 64%] [32m[1mLinking CXX shared library libmy_first_package_msgs__rosidl_typesupport_cpp.so[0m
[2.238s] [ 64%] Built target my_first_package_msgs__rosidl_typesupport_introspection_cpp
[2.256s] [ 64%] Built target my_first_package_msgs__rosidl_typesupport_cpp
[2.266s] [ 67%] [32m[1mLinking CXX shared library libmy_first_package_msgs__rosidl_typesupport_fastrtps_cpp.so[0m
[2.338s] [ 70%] [32m[1mLinking CXX shared library libmy_first_package_msgs__rosidl_typesupport_fastrtps_c.so[0m
[2.352s] [ 70%] Built target my_first_package_msgs__rosidl_typesupport_fastrtps_cpp
[2.399s] [ 70%] Built target my_first_package_msgs__rosidl_typesupport_fastrtps_c
[2.422s] [ 70%] Built target my_first_package_msgs
[2.445s] [ 74%] [34m[1mGenerating Python code for ROS interfaces[0m
[2.646s] [ 74%] Built target my_first_package_msgs__py
[2.669s] [ 77%] [32mBuilding C object CMakeFiles/my_first_package_msgs__rosidl_generator_py.dir/rosidl_generator_py/my_first_package_msgs/msg/_cmd_and_pose_vel_s.c.o[0m
[2.751s] [ 80%] [32m[1mLinking C shared library rosidl_generator_py/my_first_package_msgs/libmy_first_package_msgs__rosidl_generator_py.so[0m
[2.794s] [ 80%] Built target my_first_package_msgs__rosidl_generator_py
[2.815s] [ 83%] [32mBuilding C object CMakeFiles/my_first_package_msgs__rosidl_typesupport_introspection_c__pyext.dir/rosidl_generator_py/my_first_package_msgs/_my_first_package_msgs_s.ep.rosidl_typesupport_introspection_c.c.o[0m
[2.815s] [ 90%] [32mBuilding C object CMakeFiles/my_first_package_msgs__rosidl_typesupport_c__pyext.dir/rosidl_generator_py/my_first_package_msgs/_my_first_package_msgs_s.ep.rosidl_typesupport_c.c.o[0m
[2.816s] [ 90%] [32mBuilding C object CMakeFiles/my_first_package_msgs__rosidl_typesupport_fastrtps_c__pyext.dir/rosidl_generator_py/my_first_package_msgs/_my_first_package_msgs_s.ep.rosidl_typesupport_fastrtps_c.c.o[0m
[2.886s] [ 93%] [32m[1mLinking C shared library rosidl_generator_py/my_first_package_msgs/my_first_package_msgs_s__rosidl_typesupport_c.cpython-310-x86_64-linux-gnu.so[0m
[2.905s] [ 96%] [32m[1mLinking C shared library rosidl_generator_py/my_first_package_msgs/my_first_package_msgs_s__rosidl_typesupport_introspection_c.cpython-310-x86_64-linux-gnu.so[0m
[2.919s] [100%] [32m[1mLinking C shared library rosidl_generator_py/my_first_package_msgs/my_first_package_msgs_s__rosidl_typesupport_fastrtps_c.cpython-310-x86_64-linux-gnu.so[0m
[2.919s] [100%] Built target my_first_package_msgs__rosidl_typesupport_c__pyext
[2.943s] [100%] Built target my_first_package_msgs__rosidl_typesupport_introspection_c__pyext
[2.956s] [100%] Built target my_first_package_msgs__rosidl_typesupport_fastrtps_c__pyext
[2.966s] Invoked command in '/home/hycon/workspace/ros2_study/build/my_first_package_msgs' returned '0': CMAKE_PREFIX_PATH=${CMAKE_PREFIX_PATH}:/home/hycon/workspace/ros2_study/pkg_test/install/my_first_package:/opt/ros/humble /usr/bin/cmake --build /home/hycon/workspace/ros2_study/build/my_first_package_msgs -- -j16 -l16
[2.977s] Invoking command in '/home/hycon/workspace/ros2_study/build/my_first_package_msgs': CMAKE_PREFIX_PATH=${CMAKE_PREFIX_PATH}:/home/hycon/workspace/ros2_study/pkg_test/install/my_first_package:/opt/ros/humble /usr/bin/cmake --install /home/hycon/workspace/ros2_study/build/my_first_package_msgs
[2.984s] -- Install configuration: ""
[2.984s] -- Installing: /home/hycon/workspace/ros2_study/install/my_first_package_msgs/share/ament_index/resource_index/rosidl_interfaces/my_first_package_msgs
[2.984s] -- Installing: /home/hycon/workspace/ros2_study/install/my_first_package_msgs/include/my_first_package_msgs/my_first_package_msgs
[2.984s] -- Installing: /home/hycon/workspace/ros2_study/install/my_first_package_msgs/include/my_first_package_msgs/my_first_package_msgs/msg
[2.984s] -- Installing: /home/hycon/workspace/ros2_study/install/my_first_package_msgs/include/my_first_package_msgs/my_first_package_msgs/msg/detail
[2.984s] -- Installing: /home/hycon/workspace/ros2_study/install/my_first_package_msgs/include/my_first_package_msgs/my_first_package_msgs/msg/detail/cmd_and_pose_vel__functions.c
[2.984s] -- Installing: /home/hycon/workspace/ros2_study/install/my_first_package_msgs/include/my_first_package_msgs/my_first_package_msgs/msg/detail/cmd_and_pose_vel__functions.h
[2.985s] -- Installing: /home/hycon/workspace/ros2_study/install/my_first_package_msgs/include/my_first_package_msgs/my_first_package_msgs/msg/detail/cmd_and_pose_vel__type_support.h
[2.985s] -- Installing: /home/hycon/workspace/ros2_study/install/my_first_package_msgs/include/my_first_package_msgs/my_first_package_msgs/msg/detail/cmd_and_pose_vel__struct.h
[2.985s] -- Installing: /home/hycon/workspace/ros2_study/install/my_first_package_msgs/include/my_first_package_msgs/my_first_package_msgs/msg/rosidl_generator_c__visibility_control.h
[2.985s] -- Installing: /home/hycon/workspace/ros2_study/install/my_first_package_msgs/include/my_first_package_msgs/my_first_package_msgs/msg/cmd_and_pose_vel.h
[2.985s] -- Installing: /home/hycon/workspace/ros2_study/install/my_first_package_msgs/share/my_first_package_msgs/environment/library_path.sh
[2.985s] -- Installing: /home/hycon/workspace/ros2_study/install/my_first_package_msgs/share/my_first_package_msgs/environment/library_path.dsv
[2.985s] -- Installing: /home/hycon/workspace/ros2_study/install/my_first_package_msgs/lib/libmy_first_package_msgs__rosidl_generator_c.so
[2.985s] -- Set runtime path of "/home/hycon/workspace/ros2_study/install/my_first_package_msgs/lib/libmy_first_package_msgs__rosidl_generator_c.so" to ""
[2.985s] -- Up-to-date: /home/hycon/workspace/ros2_study/install/my_first_package_msgs/include/my_first_package_msgs/my_first_package_msgs
[2.985s] -- Up-to-date: /home/hycon/workspace/ros2_study/install/my_first_package_msgs/include/my_first_package_msgs/my_first_package_msgs/msg
[2.986s] -- Up-to-date: /home/hycon/workspace/ros2_study/install/my_first_package_msgs/include/my_first_package_msgs/my_first_package_msgs/msg/detail
[2.986s] -- Installing: /home/hycon/workspace/ros2_study/install/my_first_package_msgs/include/my_first_package_msgs/my_first_package_msgs/msg/detail/cmd_and_pose_vel__rosidl_typesupport_fastrtps_c.h
[2.986s] -- Installing: /home/hycon/workspace/ros2_study/install/my_first_package_msgs/include/my_first_package_msgs/my_first_package_msgs/msg/rosidl_typesupport_fastrtps_c__visibility_control.h
[2.986s] -- Installing: /home/hycon/workspace/ros2_study/install/my_first_package_msgs/lib/libmy_first_package_msgs__rosidl_typesupport_fastrtps_c.so
[2.986s] -- Set runtime path of "/home/hycon/workspace/ros2_study/install/my_first_package_msgs/lib/libmy_first_package_msgs__rosidl_typesupport_fastrtps_c.so" to ""
[2.986s] -- Up-to-date: /home/hycon/workspace/ros2_study/install/my_first_package_msgs/include/my_first_package_msgs/my_first_package_msgs
[2.986s] -- Up-to-date: /home/hycon/workspace/ros2_study/install/my_first_package_msgs/include/my_first_package_msgs/my_first_package_msgs/msg
[2.986s] -- Up-to-date: /home/hycon/workspace/ros2_study/install/my_first_package_msgs/include/my_first_package_msgs/my_first_package_msgs/msg/detail
[2.986s] -- Installing: /home/hycon/workspace/ros2_study/install/my_first_package_msgs/include/my_first_package_msgs/my_first_package_msgs/msg/detail/cmd_and_pose_vel__rosidl_typesupport_introspection_c.h
[2.987s] -- Installing: /home/hycon/workspace/ros2_study/install/my_first_package_msgs/include/my_first_package_msgs/my_first_package_msgs/msg/detail/cmd_and_pose_vel__type_support.c
[2.987s] -- Installing: /home/hycon/workspace/ros2_study/install/my_first_package_msgs/include/my_first_package_msgs/my_first_package_msgs/msg/rosidl_typesupport_introspection_c__visibility_control.h
[2.987s] -- Installing: /home/hycon/workspace/ros2_study/install/my_first_package_msgs/lib/libmy_first_package_msgs__rosidl_typesupport_introspection_c.so
[2.987s] -- Set runtime path of "/home/hycon/workspace/ros2_study/install/my_first_package_msgs/lib/libmy_first_package_msgs__rosidl_typesupport_introspection_c.so" to ""
[2.987s] -- Installing: /home/hycon/workspace/ros2_study/install/my_first_package_msgs/lib/libmy_first_package_msgs__rosidl_typesupport_c.so
[2.987s] -- Set runtime path of "/home/hycon/workspace/ros2_study/install/my_first_package_msgs/lib/libmy_first_package_msgs__rosidl_typesupport_c.so" to ""
[2.987s] -- Up-to-date: /home/hycon/workspace/ros2_study/install/my_first_package_msgs/include/my_first_package_msgs/my_first_package_msgs
[2.987s] -- Up-to-date: /home/hycon/workspace/ros2_study/install/my_first_package_msgs/include/my_first_package_msgs/my_first_package_msgs/msg
[2.987s] -- Installing: /home/hycon/workspace/ros2_study/install/my_first_package_msgs/include/my_first_package_msgs/my_first_package_msgs/msg/rosidl_generator_cpp__visibility_control.hpp
[2.987s] -- Up-to-date: /home/hycon/workspace/ros2_study/install/my_first_package_msgs/include/my_first_package_msgs/my_first_package_msgs/msg/detail
[2.988s] -- Installing: /home/hycon/workspace/ros2_study/install/my_first_package_msgs/include/my_first_package_msgs/my_first_package_msgs/msg/detail/cmd_and_pose_vel__builder.hpp
[2.988s] -- Installing: /home/hycon/workspace/ros2_study/install/my_first_package_msgs/include/my_first_package_msgs/my_first_package_msgs/msg/detail/cmd_and_pose_vel__traits.hpp
[2.988s] -- Installing: /home/hycon/workspace/ros2_study/install/my_first_package_msgs/include/my_first_package_msgs/my_first_package_msgs/msg/detail/cmd_and_pose_vel__type_support.hpp
[2.988s] -- Installing: /home/hycon/workspace/ros2_study/install/my_first_package_msgs/include/my_first_package_msgs/my_first_package_msgs/msg/detail/cmd_and_pose_vel__struct.hpp
[2.988s] -- Installing: /home/hycon/workspace/ros2_study/install/my_first_package_msgs/include/my_first_package_msgs/my_first_package_msgs/msg/cmd_and_pose_vel.hpp
[2.988s] -- Up-to-date: /home/hycon/workspace/ros2_study/install/my_first_package_msgs/include/my_first_package_msgs/my_first_package_msgs
[2.988s] -- Up-to-date: /home/hycon/workspace/ros2_study/install/my_first_package_msgs/include/my_first_package_msgs/my_first_package_msgs/msg
[2.988s] -- Installing: /home/hycon/workspace/ros2_study/install/my_first_package_msgs/include/my_first_package_msgs/my_first_package_msgs/msg/rosidl_typesupport_fastrtps_cpp__visibility_control.h
[2.988s] -- Up-to-date: /home/hycon/workspace/ros2_study/install/my_first_package_msgs/include/my_first_package_msgs/my_first_package_msgs/msg/detail
[2.988s] -- Installing: /home/hycon/workspace/ros2_study/install/my_first_package_msgs/include/my_first_package_msgs/my_first_package_msgs/msg/detail/dds_fastrtps
[2.988s] -- Installing: /home/hycon/workspace/ros2_study/install/my_first_package_msgs/include/my_first_package_msgs/my_first_package_msgs/msg/detail/cmd_and_pose_vel__rosidl_typesupport_fastrtps_cpp.hpp
[2.988s] -- Installing: /home/hycon/workspace/ros2_study/install/my_first_package_msgs/lib/libmy_first_package_msgs__rosidl_typesupport_fastrtps_cpp.so
[2.989s] -- Set runtime path of "/home/hycon/workspace/ros2_study/install/my_first_package_msgs/lib/libmy_first_package_msgs__rosidl_typesupport_fastrtps_cpp.so" to ""
[2.989s] -- Up-to-date: /home/hycon/workspace/ros2_study/install/my_first_package_msgs/include/my_first_package_msgs/my_first_package_msgs
[2.989s] -- Up-to-date: /home/hycon/workspace/ros2_study/install/my_first_package_msgs/include/my_first_package_msgs/my_first_package_msgs/msg
[2.989s] -- Up-to-date: /home/hycon/workspace/ros2_study/install/my_first_package_msgs/include/my_first_package_msgs/my_first_package_msgs/msg/detail
[2.989s] -- Installing: /home/hycon/workspace/ros2_study/install/my_first_package_msgs/include/my_first_package_msgs/my_first_package_msgs/msg/detail/cmd_and_pose_vel__type_support.cpp
[2.989s] -- Installing: /home/hycon/workspace/ros2_study/install/my_first_package_msgs/include/my_first_package_msgs/my_first_package_msgs/msg/detail/cmd_and_pose_vel__rosidl_typesupport_introspection_cpp.hpp
[2.989s] -- Installing: /home/hycon/workspace/ros2_study/install/my_first_package_msgs/lib/libmy_first_package_msgs__rosidl_typesupport_introspection_cpp.so
[2.989s] -- Set runtime path of "/home/hycon/workspace/ros2_study/install/my_first_package_msgs/lib/libmy_first_package_msgs__rosidl_typesupport_introspection_cpp.so" to ""
[2.989s] -- Installing: /home/hycon/workspace/ros2_study/install/my_first_package_msgs/lib/libmy_first_package_msgs__rosidl_typesupport_cpp.so
[2.989s] -- Set runtime path of "/home/hycon/workspace/ros2_study/install/my_first_package_msgs/lib/libmy_first_package_msgs__rosidl_typesupport_cpp.so" to ""
[2.989s] -- Installing: /home/hycon/workspace/ros2_study/install/my_first_package_msgs/share/my_first_package_msgs/environment/pythonpath.sh
[2.989s] -- Installing: /home/hycon/workspace/ros2_study/install/my_first_package_msgs/share/my_first_package_msgs/environment/pythonpath.dsv
[2.989s] -- Installing: /home/hycon/workspace/ros2_study/install/my_first_package_msgs/local/lib/python3.10/dist-packages/my_first_package_msgs-0.0.0-py3.10.egg-info
[2.990s] -- Installing: /home/hycon/workspace/ros2_study/install/my_first_package_msgs/local/lib/python3.10/dist-packages/my_first_package_msgs-0.0.0-py3.10.egg-info/dependency_links.txt
[2.990s] -- Installing: /home/hycon/workspace/ros2_study/install/my_first_package_msgs/local/lib/python3.10/dist-packages/my_first_package_msgs-0.0.0-py3.10.egg-info/SOURCES.txt
[2.990s] -- Installing: /home/hycon/workspace/ros2_study/install/my_first_package_msgs/local/lib/python3.10/dist-packages/my_first_package_msgs-0.0.0-py3.10.egg-info/top_level.txt
[2.990s] -- Installing: /home/hycon/workspace/ros2_study/install/my_first_package_msgs/local/lib/python3.10/dist-packages/my_first_package_msgs-0.0.0-py3.10.egg-info/PKG-INFO
[2.990s] -- Installing: /home/hycon/workspace/ros2_study/install/my_first_package_msgs/local/lib/python3.10/dist-packages/my_first_package_msgs
[2.990s] -- Installing: /home/hycon/workspace/ros2_study/install/my_first_package_msgs/local/lib/python3.10/dist-packages/my_first_package_msgs/_my_first_package_msgs_s.ep.rosidl_typesupport_introspection_c.c
[2.990s] -- Installing: /home/hycon/workspace/ros2_study/install/my_first_package_msgs/local/lib/python3.10/dist-packages/my_first_package_msgs/__init__.py
[2.990s] -- Installing: /home/hycon/workspace/ros2_study/install/my_first_package_msgs/local/lib/python3.10/dist-packages/my_first_package_msgs/libmy_first_package_msgs__rosidl_generator_py.so
[2.990s] -- Installing: /home/hycon/workspace/ros2_study/install/my_first_package_msgs/local/lib/python3.10/dist-packages/my_first_package_msgs/_my_first_package_msgs_s.ep.rosidl_typesupport_fastrtps_c.c
[2.990s] -- Installing: /home/hycon/workspace/ros2_study/install/my_first_package_msgs/local/lib/python3.10/dist-packages/my_first_package_msgs/_my_first_package_msgs_s.ep.rosidl_typesupport_c.c
[2.990s] -- Installing: /home/hycon/workspace/ros2_study/install/my_first_package_msgs/local/lib/python3.10/dist-packages/my_first_package_msgs/my_first_package_msgs_s__rosidl_typesupport_introspection_c.cpython-310-x86_64-linux-gnu.so
[2.990s] -- Installing: /home/hycon/workspace/ros2_study/install/my_first_package_msgs/local/lib/python3.10/dist-packages/my_first_package_msgs/my_first_package_msgs_s__rosidl_typesupport_c.cpython-310-x86_64-linux-gnu.so
[2.990s] -- Installing: /home/hycon/workspace/ros2_study/install/my_first_package_msgs/local/lib/python3.10/dist-packages/my_first_package_msgs/msg
[2.991s] -- Installing: /home/hycon/workspace/ros2_study/install/my_first_package_msgs/local/lib/python3.10/dist-packages/my_first_package_msgs/msg/_cmd_and_pose_vel_s.c
[2.991s] -- Installing: /home/hycon/workspace/ros2_study/install/my_first_package_msgs/local/lib/python3.10/dist-packages/my_first_package_msgs/msg/__init__.py
[2.991s] -- Installing: /home/hycon/workspace/ros2_study/install/my_first_package_msgs/local/lib/python3.10/dist-packages/my_first_package_msgs/msg/_cmd_and_pose_vel.py
[2.991s] -- Installing: /home/hycon/workspace/ros2_study/install/my_first_package_msgs/local/lib/python3.10/dist-packages/my_first_package_msgs/my_first_package_msgs_s__rosidl_typesupport_fastrtps_c.cpython-310-x86_64-linux-gnu.so
[3.031s] Listing '/home/hycon/workspace/ros2_study/install/my_first_package_msgs/local/lib/python3.10/dist-packages/my_first_package_msgs'...
[3.031s] Compiling '/home/hycon/workspace/ros2_study/install/my_first_package_msgs/local/lib/python3.10/dist-packages/my_first_package_msgs/__init__.py'...
[3.031s] Listing '/home/hycon/workspace/ros2_study/install/my_first_package_msgs/local/lib/python3.10/dist-packages/my_first_package_msgs/msg'...
[3.031s] Compiling '/home/hycon/workspace/ros2_study/install/my_first_package_msgs/local/lib/python3.10/dist-packages/my_first_package_msgs/msg/__init__.py'...
[3.031s] Compiling '/home/hycon/workspace/ros2_study/install/my_first_package_msgs/local/lib/python3.10/dist-packages/my_first_package_msgs/msg/_cmd_and_pose_vel.py'...
[3.037s] -- Installing: /home/hycon/workspace/ros2_study/install/my_first_package_msgs/local/lib/python3.10/dist-packages/my_first_package_msgs/my_first_package_msgs_s__rosidl_typesupport_fastrtps_c.cpython-310-x86_64-linux-gnu.so
[3.037s] -- Set runtime path of "/home/hycon/workspace/ros2_study/install/my_first_package_msgs/local/lib/python3.10/dist-packages/my_first_package_msgs/my_first_package_msgs_s__rosidl_typesupport_fastrtps_c.cpython-310-x86_64-linux-gnu.so" to ""
[3.037s] -- Installing: /home/hycon/workspace/ros2_study/install/my_first_package_msgs/local/lib/python3.10/dist-packages/my_first_package_msgs/my_first_package_msgs_s__rosidl_typesupport_introspection_c.cpython-310-x86_64-linux-gnu.so
[3.037s] -- Set runtime path of "/home/hycon/workspace/ros2_study/install/my_first_package_msgs/local/lib/python3.10/dist-packages/my_first_package_msgs/my_first_package_msgs_s__rosidl_typesupport_introspection_c.cpython-310-x86_64-linux-gnu.so" to ""
[3.038s] -- Installing: /home/hycon/workspace/ros2_study/install/my_first_package_msgs/local/lib/python3.10/dist-packages/my_first_package_msgs/my_first_package_msgs_s__rosidl_typesupport_c.cpython-310-x86_64-linux-gnu.so
[3.038s] -- Set runtime path of "/home/hycon/workspace/ros2_study/install/my_first_package_msgs/local/lib/python3.10/dist-packages/my_first_package_msgs/my_first_package_msgs_s__rosidl_typesupport_c.cpython-310-x86_64-linux-gnu.so" to ""
[3.038s] -- Installing: /home/hycon/workspace/ros2_study/install/my_first_package_msgs/lib/libmy_first_package_msgs__rosidl_generator_py.so
[3.038s] -- Set runtime path of "/home/hycon/workspace/ros2_study/install/my_first_package_msgs/lib/libmy_first_package_msgs__rosidl_generator_py.so" to ""
[3.038s] -- Installing: /home/hycon/workspace/ros2_study/install/my_first_package_msgs/share/my_first_package_msgs/msg/CmdAndPoseVel.idl
[3.039s] -- Installing: /home/hycon/workspace/ros2_study/install/my_first_package_msgs/share/my_first_package_msgs/msg/CmdAndPoseVel.msg
[3.039s] -- Installing: /home/hycon/workspace/ros2_study/install/my_first_package_msgs/share/ament_index/resource_index/package_run_dependencies/my_first_package_msgs
[3.039s] -- Installing: /home/hycon/workspace/ros2_study/install/my_first_package_msgs/share/ament_index/resource_index/parent_prefix_path/my_first_package_msgs
[3.039s] -- Installing: /home/hycon/workspace/ros2_study/install/my_first_package_msgs/share/my_first_package_msgs/environment/ament_prefix_path.sh
[3.039s] -- Installing: /home/hycon/workspace/ros2_study/install/my_first_package_msgs/share/my_first_package_msgs/environment/ament_prefix_path.dsv
[3.039s] -- Installing: /home/hycon/workspace/ros2_study/install/my_first_package_msgs/share/my_first_package_msgs/environment/path.sh
[3.039s] -- Installing: /home/hycon/workspace/ros2_study/install/my_first_package_msgs/share/my_first_package_msgs/environment/path.dsv
[3.040s] -- Installing: /home/hycon/workspace/ros2_study/install/my_first_package_msgs/share/my_first_package_msgs/local_setup.bash
[3.040s] -- Installing: /home/hycon/workspace/ros2_study/install/my_first_package_msgs/share/my_first_package_msgs/local_setup.sh
[3.040s] -- Installing: /home/hycon/workspace/ros2_study/install/my_first_package_msgs/share/my_first_package_msgs/local_setup.zsh
[3.040s] -- Installing: /home/hycon/workspace/ros2_study/install/my_first_package_msgs/share/my_first_package_msgs/local_setup.dsv
[3.040s] -- Installing: /home/hycon/workspace/ros2_study/install/my_first_package_msgs/share/my_first_package_msgs/package.dsv
[3.040s] -- Installing: /home/hycon/workspace/ros2_study/install/my_first_package_msgs/share/ament_index/resource_index/packages/my_first_package_msgs
[3.041s] -- Installing: /home/hycon/workspace/ros2_study/install/my_first_package_msgs/share/my_first_package_msgs/cmake/export_my_first_package_msgs__rosidl_generator_cExport.cmake
[3.041s] -- Installing: /home/hycon/workspace/ros2_study/install/my_first_package_msgs/share/my_first_package_msgs/cmake/export_my_first_package_msgs__rosidl_generator_cExport-noconfig.cmake
[3.041s] -- Installing: /home/hycon/workspace/ros2_study/install/my_first_package_msgs/share/my_first_package_msgs/cmake/export_my_first_package_msgs__rosidl_typesupport_fastrtps_cExport.cmake
[3.041s] -- Installing: /home/hycon/workspace/ros2_study/install/my_first_package_msgs/share/my_first_package_msgs/cmake/export_my_first_package_msgs__rosidl_typesupport_fastrtps_cExport-noconfig.cmake
[3.041s] -- Installing: /home/hycon/workspace/ros2_study/install/my_first_package_msgs/share/my_first_package_msgs/cmake/my_first_package_msgs__rosidl_typesupport_introspection_cExport.cmake
[3.041s] -- Installing: /home/hycon/workspace/ros2_study/install/my_first_package_msgs/share/my_first_package_msgs/cmake/my_first_package_msgs__rosidl_typesupport_introspection_cExport-noconfig.cmake
[3.041s] -- Installing: /home/hycon/workspace/ros2_study/install/my_first_package_msgs/share/my_first_package_msgs/cmake/my_first_package_msgs__rosidl_typesupport_cExport.cmake
[3.042s] -- Installing: /home/hycon/workspace/ros2_study/install/my_first_package_msgs/share/my_first_package_msgs/cmake/my_first_package_msgs__rosidl_typesupport_cExport-noconfig.cmake
[3.042s] -- Installing: /home/hycon/workspace/ros2_study/install/my_first_package_msgs/share/my_first_package_msgs/cmake/export_my_first_package_msgs__rosidl_generator_cppExport.cmake
[3.042s] -- Installing: /home/hycon/workspace/ros2_study/install/my_first_package_msgs/share/my_first_package_msgs/cmake/export_my_first_package_msgs__rosidl_typesupport_fastrtps_cppExport.cmake
[3.042s] -- Installing: /home/hycon/workspace/ros2_study/install/my_first_package_msgs/share/my_first_package_msgs/cmake/export_my_first_package_msgs__rosidl_typesupport_fastrtps_cppExport-noconfig.cmake
[3.042s] -- Installing: /home/hycon/workspace/ros2_study/install/my_first_package_msgs/share/my_first_package_msgs/cmake/my_first_package_msgs__rosidl_typesupport_introspection_cppExport.cmake
[3.042s] -- Installing: /home/hycon/workspace/ros2_study/install/my_first_package_msgs/share/my_first_package_msgs/cmake/my_first_package_msgs__rosidl_typesupport_introspection_cppExport-noconfig.cmake
[3.042s] -- Installing: /home/hycon/workspace/ros2_study/install/my_first_package_msgs/share/my_first_package_msgs/cmake/my_first_package_msgs__rosidl_typesupport_cppExport.cmake
[3.043s] -- Installing: /home/hycon/workspace/ros2_study/install/my_first_package_msgs/share/my_first_package_msgs/cmake/my_first_package_msgs__rosidl_typesupport_cppExport-noconfig.cmake
[3.043s] -- Installing: /home/hycon/workspace/ros2_study/install/my_first_package_msgs/share/my_first_package_msgs/cmake/export_my_first_package_msgs__rosidl_generator_pyExport.cmake
[3.043s] -- Installing: /home/hycon/workspace/ros2_study/install/my_first_package_msgs/share/my_first_package_msgs/cmake/export_my_first_package_msgs__rosidl_generator_pyExport-noconfig.cmake
[3.043s] -- Installing: /home/hycon/workspace/ros2_study/install/my_first_package_msgs/share/my_first_package_msgs/cmake/rosidl_cmake-extras.cmake
[3.043s] -- Installing: /home/hycon/workspace/ros2_study/install/my_first_package_msgs/share/my_first_package_msgs/cmake/ament_cmake_export_include_directories-extras.cmake
[3.043s] -- Installing: /home/hycon/workspace/ros2_study/install/my_first_package_msgs/share/my_first_package_msgs/cmake/ament_cmake_export_libraries-extras.cmake
[3.043s] -- Installing: /home/hycon/workspace/ros2_study/install/my_first_package_msgs/share/my_first_package_msgs/cmake/ament_cmake_export_targets-extras.cmake
[3.044s] -- Installing: /home/hycon/workspace/ros2_study/install/my_first_package_msgs/share/my_first_package_msgs/cmake/rosidl_cmake_export_typesupport_targets-extras.cmake
[3.044s] -- Installing: /home/hycon/workspace/ros2_study/install/my_first_package_msgs/share/my_first_package_msgs/cmake/ament_cmake_export_dependencies-extras.cmake
[3.044s] -- Installing: /home/hycon/workspace/ros2_study/install/my_first_package_msgs/share/my_first_package_msgs/cmake/rosidl_cmake_export_typesupport_libraries-extras.cmake
[3.044s] -- Installing: /home/hycon/workspace/ros2_study/install/my_first_package_msgs/share/my_first_package_msgs/cmake/my_first_package_msgsConfig.cmake
[3.044s] -- Installing: /home/hycon/workspace/ros2_study/install/my_first_package_msgs/share/my_first_package_msgs/cmake/my_first_package_msgsConfig-version.cmake
[3.044s] -- Installing: /home/hycon/workspace/ros2_study/install/my_first_package_msgs/share/my_first_package_msgs/package.xml
[3.047s] Invoked command in '/home/hycon/workspace/ros2_study/build/my_first_package_msgs' returned '0': CMAKE_PREFIX_PATH=${CMAKE_PREFIX_PATH}:/home/hycon/workspace/ros2_study/pkg_test/install/my_first_package:/opt/ros/humble /usr/bin/cmake --install /home/hycon/workspace/ros2_study/build/my_first_package_msgs
