[0.063s] DEBUG:colcon:Command line arguments: ['/usr/bin/colcon', 'build', '--packages-select', 'my_first_package_msgs']
[0.063s] DEBUG:colcon:Parsed command line arguments: Namespace(log_base=None, log_level=None, verb_name='build', build_base='build', install_base='install', merge_install=False, symlink_install=False, test_result_base=None, continue_on_error=False, executor='parallel', parallel_workers=16, event_handlers=None, ignore_user_meta=False, metas=['./colcon.meta'], base_paths=['.'], packages_ignore=None, packages_ignore_regex=None, paths=None, packages_up_to=None, packages_up_to_regex=None, packages_above=None, packages_above_and_dependencies=None, packages_above_depth=None, packages_select_by_dep=None, packages_skip_by_dep=None, packages_skip_up_to=None, packages_select_build_failed=False, packages_skip_build_finished=False, packages_select_test_failures=False, packages_skip_test_passed=False, packages_select=['my_first_package_msgs'], packages_skip=None, packages_select_regex=None, packages_skip_regex=None, packages_start=None, packages_end=None, allow_overriding=[], cmake_args=None, cmake_target=None, cmake_target_skip_unavailable=False, cmake_clean_cache=False, cmake_clean_first=False, cmake_force_configure=False, ament_cmake_args=None, catkin_cmake_args=None, catkin_skip_building_tests=False, verb_parser=<colcon_defaults.argument_parser.defaults.DefaultArgumentsDecorator object at 0x7b0f32955030>, verb_extension=<colcon_core.verb.build.BuildVerb object at 0x7b0f32ad1db0>, main=<bound method BuildVerb.main of <colcon_core.verb.build.BuildVerb object at 0x7b0f32ad1db0>>)
[0.161s] Level 1:colcon.colcon_core.package_discovery:discover_packages(colcon_meta) check parameters
[0.162s] Level 1:colcon.colcon_core.package_discovery:discover_packages(recursive) check parameters
[0.162s] Level 1:colcon.colcon_core.package_discovery:discover_packages(ignore) check parameters
[0.162s] Level 1:colcon.colcon_core.package_discovery:discover_packages(path) check parameters
[0.162s] Level 1:colcon.colcon_core.package_discovery:discover_packages(colcon_meta) discover
[0.162s] Level 1:colcon.colcon_core.package_discovery:discover_packages(recursive) discover
[0.162s] INFO:colcon.colcon_core.package_discovery:Crawling recursively for packages in '/home/hycon/workspace/ros2_study/pkg_cpp'
[0.162s] Level 1:colcon.colcon_core.package_identification:_identify(.) by extensions ['ignore', 'ignore_ament_install']
[0.162s] Level 1:colcon.colcon_core.package_identification:_identify(.) by extension 'ignore'
[0.162s] Level 1:colcon.colcon_core.package_identification:_identify(.) by extension 'ignore_ament_install'
[0.162s] Level 1:colcon.colcon_core.package_identification:_identify(.) by extensions ['colcon_pkg']
[0.162s] Level 1:colcon.colcon_core.package_identification:_identify(.) by extension 'colcon_pkg'
[0.162s] Level 1:colcon.colcon_core.package_identification:_identify(.) by extensions ['colcon_meta']
[0.162s] Level 1:colcon.colcon_core.package_identification:_identify(.) by extension 'colcon_meta'
[0.162s] Level 1:colcon.colcon_core.package_identification:_identify(.) by extensions ['ros']
[0.162s] Level 1:colcon.colcon_core.package_identification:_identify(.) by extension 'ros'
[0.170s] Level 1:colcon.colcon_core.package_identification:_identify(.) by extensions ['cmake', 'python']
[0.170s] Level 1:colcon.colcon_core.package_identification:_identify(.) by extension 'cmake'
[0.170s] Level 1:colcon.colcon_core.package_identification:_identify(.) by extension 'python'
[0.170s] Level 1:colcon.colcon_core.package_identification:_identify(.) by extensions ['python_setup_py']
[0.170s] Level 1:colcon.colcon_core.package_identification:_identify(.) by extension 'python_setup_py'
[0.170s] Level 1:colcon.colcon_core.package_identification:_identify(build) by extensions ['ignore', 'ignore_ament_install']
[0.170s] Level 1:colcon.colcon_core.package_identification:_identify(build) by extension 'ignore'
[0.170s] Level 1:colcon.colcon_core.package_identification:_identify(build) ignored
[0.170s] Level 1:colcon.colcon_core.package_identification:_identify(install) by extensions ['ignore', 'ignore_ament_install']
[0.170s] Level 1:colcon.colcon_core.package_identification:_identify(install) by extension 'ignore'
[0.170s] Level 1:colcon.colcon_core.package_identification:_identify(install) ignored
[0.170s] Level 1:colcon.colcon_core.package_identification:_identify(log) by extensions ['ignore', 'ignore_ament_install']
[0.170s] Level 1:colcon.colcon_core.package_identification:_identify(log) by extension 'ignore'
[0.170s] Level 1:colcon.colcon_core.package_identification:_identify(log) ignored
[0.170s] Level 1:colcon.colcon_core.package_identification:_identify(src) by extensions ['ignore', 'ignore_ament_install']
[0.170s] Level 1:colcon.colcon_core.package_identification:_identify(src) by extension 'ignore'
[0.170s] Level 1:colcon.colcon_core.package_identification:_identify(src) by extension 'ignore_ament_install'
[0.171s] Level 1:colcon.colcon_core.package_identification:_identify(src) by extensions ['colcon_pkg']
[0.171s] Level 1:colcon.colcon_core.package_identification:_identify(src) by extension 'colcon_pkg'
[0.171s] Level 1:colcon.colcon_core.package_identification:_identify(src) by extensions ['colcon_meta']
[0.171s] Level 1:colcon.colcon_core.package_identification:_identify(src) by extension 'colcon_meta'
[0.171s] Level 1:colcon.colcon_core.package_identification:_identify(src) by extensions ['ros']
[0.171s] Level 1:colcon.colcon_core.package_identification:_identify(src) by extension 'ros'
[0.171s] Level 1:colcon.colcon_core.package_identification:_identify(src) by extensions ['cmake', 'python']
[0.171s] Level 1:colcon.colcon_core.package_identification:_identify(src) by extension 'cmake'
[0.171s] Level 1:colcon.colcon_core.package_identification:_identify(src) by extension 'python'
[0.171s] Level 1:colcon.colcon_core.package_identification:_identify(src) by extensions ['python_setup_py']
[0.171s] Level 1:colcon.colcon_core.package_identification:_identify(src) by extension 'python_setup_py'
[0.171s] Level 1:colcon.colcon_core.package_identification:_identify(src/pkg_test_cpp) by extensions ['ignore', 'ignore_ament_install']
[0.171s] Level 1:colcon.colcon_core.package_identification:_identify(src/pkg_test_cpp) by extension 'ignore'
[0.171s] Level 1:colcon.colcon_core.package_identification:_identify(src/pkg_test_cpp) by extension 'ignore_ament_install'
[0.171s] Level 1:colcon.colcon_core.package_identification:_identify(src/pkg_test_cpp) by extensions ['colcon_pkg']
[0.171s] Level 1:colcon.colcon_core.package_identification:_identify(src/pkg_test_cpp) by extension 'colcon_pkg'
[0.171s] Level 1:colcon.colcon_core.package_identification:_identify(src/pkg_test_cpp) by extensions ['colcon_meta']
[0.171s] Level 1:colcon.colcon_core.package_identification:_identify(src/pkg_test_cpp) by extension 'colcon_meta'
[0.171s] Level 1:colcon.colcon_core.package_identification:_identify(src/pkg_test_cpp) by extensions ['ros']
[0.171s] Level 1:colcon.colcon_core.package_identification:_identify(src/pkg_test_cpp) by extension 'ros'
[0.173s] DEBUG:colcon.colcon_core.package_identification:Package 'src/pkg_test_cpp' with type 'ros.ament_cmake' and name 'pkg_test_cpp'
[0.173s] Level 1:colcon.colcon_core.package_identification:_identify(src/pkg_test_cpp_msg) by extensions ['ignore', 'ignore_ament_install']
[0.173s] Level 1:colcon.colcon_core.package_identification:_identify(src/pkg_test_cpp_msg) by extension 'ignore'
[0.173s] Level 1:colcon.colcon_core.package_identification:_identify(src/pkg_test_cpp_msg) by extension 'ignore_ament_install'
[0.173s] Level 1:colcon.colcon_core.package_identification:_identify(src/pkg_test_cpp_msg) by extensions ['colcon_pkg']
[0.173s] Level 1:colcon.colcon_core.package_identification:_identify(src/pkg_test_cpp_msg) by extension 'colcon_pkg'
[0.173s] Level 1:colcon.colcon_core.package_identification:_identify(src/pkg_test_cpp_msg) by extensions ['colcon_meta']
[0.173s] Level 1:colcon.colcon_core.package_identification:_identify(src/pkg_test_cpp_msg) by extension 'colcon_meta'
[0.173s] Level 1:colcon.colcon_core.package_identification:_identify(src/pkg_test_cpp_msg) by extensions ['ros']
[0.173s] Level 1:colcon.colcon_core.package_identification:_identify(src/pkg_test_cpp_msg) by extension 'ros'
[0.173s] DEBUG:colcon.colcon_core.package_identification:Package 'src/pkg_test_cpp_msg' with type 'ros.ament_cmake' and name 'pkg_test_cpp_msg'
[0.173s] Level 1:colcon.colcon_core.package_discovery:discover_packages(recursive) using defaults
[0.173s] Level 1:colcon.colcon_core.package_discovery:discover_packages(ignore) discover
[0.173s] Level 1:colcon.colcon_core.package_discovery:discover_packages(ignore) using defaults
[0.173s] Level 1:colcon.colcon_core.package_discovery:discover_packages(path) discover
[0.173s] Level 1:colcon.colcon_core.package_discovery:discover_packages(path) using defaults
[0.174s] WARNING:colcon.colcon_core.package_selection:ignoring unknown package 'my_first_package_msgs' in --packages-select
[0.195s] INFO:colcon.colcon_core.package_selection:Skipping not selected package 'pkg_test_cpp' in 'src/pkg_test_cpp'
[0.195s] INFO:colcon.colcon_core.package_selection:Skipping not selected package 'pkg_test_cpp_msg' in 'src/pkg_test_cpp_msg'
[0.195s] Level 1:colcon.colcon_core.package_discovery:discover_packages(prefix_path) check parameters
[0.195s] Level 1:colcon.colcon_core.package_discovery:discover_packages(prefix_path) discover
[0.196s] WARNING:colcon.colcon_ros.prefix_path.ament:The path '/home/hycon/workspace/ros2_study/pkg_cpp/install/pkg_test_cpp' in the environment variable AMENT_PREFIX_PATH doesn't exist
[0.196s] WARNING:colcon.colcon_ros.prefix_path.ament:The path '/home/hycon/workspace/ros2_study/pkg_cpp/install/pkg_test_cpp_msg' in the environment variable AMENT_PREFIX_PATH doesn't exist
[0.196s] WARNING:colcon.colcon_ros.prefix_path.catkin:The path '/home/hycon/workspace/ros2_study/pkg_cpp/install/pkg_test_cpp' in the environment variable CMAKE_PREFIX_PATH doesn't exist
[0.196s] WARNING:colcon.colcon_ros.prefix_path.catkin:The path '/home/hycon/workspace/ros2_study/pkg_cpp/install/pkg_test_cpp_msg' in the environment variable CMAKE_PREFIX_PATH doesn't exist
[0.196s] DEBUG:colcon.colcon_installed_package_information.package_discovery:Found 0 installed packages in /home/hycon/workspace/ros2_study/pkg_cpp/install
[0.197s] DEBUG:colcon.colcon_installed_package_information.package_discovery:Found 271 installed packages in /opt/ros/humble
[0.198s] Level 1:colcon.colcon_core.package_discovery:discover_packages(prefix_path) using defaults
[0.219s] INFO:colcon.colcon_core.executor:Executing jobs using 'parallel' executor
[0.221s] DEBUG:colcon.colcon_parallel_executor.executor.parallel:run_until_complete
[0.221s] DEBUG:colcon.colcon_parallel_executor.executor.parallel:closing loop
[0.221s] DEBUG:colcon.colcon_parallel_executor.executor.parallel:loop closed
[0.221s] DEBUG:colcon.colcon_parallel_executor.executor.parallel:run_until_complete finished with '0'
[0.221s] DEBUG:colcon.colcon_core.event_reactor:joining thread
[0.227s] INFO:colcon.colcon_core.plugin_system:Skipping extension 'colcon_notification.desktop_notification.terminal_notifier': Not used on non-Darwin systems
[0.227s] INFO:colcon.colcon_core.plugin_system:Skipping extension 'colcon_notification.desktop_notification.win32': Not used on non-Windows systems
[0.227s] INFO:colcon.colcon_notification.desktop_notification:Sending desktop notification using 'notify2'
[0.241s] DEBUG:colcon.colcon_core.event_reactor:joined thread
[0.243s] INFO:colcon.colcon_core.plugin_system:Skipping extension 'colcon_core.shell.bat': Not used on non-Windows systems
[0.243s] INFO:colcon.colcon_core.shell:Creating prefix script '/home/hycon/workspace/ros2_study/pkg_cpp/install/local_setup.ps1'
[0.244s] INFO:colcon.colcon_core.shell:Creating prefix util module '/home/hycon/workspace/ros2_study/pkg_cpp/install/_local_setup_util_ps1.py'
[0.245s] INFO:colcon.colcon_core.shell:Creating prefix chain script '/home/hycon/workspace/ros2_study/pkg_cpp/install/setup.ps1'
[0.246s] INFO:colcon.colcon_core.shell:Creating prefix script '/home/hycon/workspace/ros2_study/pkg_cpp/install/local_setup.sh'
[0.246s] INFO:colcon.colcon_core.shell:Creating prefix util module '/home/hycon/workspace/ros2_study/pkg_cpp/install/_local_setup_util_sh.py'
[0.246s] INFO:colcon.colcon_core.shell:Creating prefix chain script '/home/hycon/workspace/ros2_study/pkg_cpp/install/setup.sh'
[0.247s] INFO:colcon.colcon_core.shell:Creating prefix script '/home/hycon/workspace/ros2_study/pkg_cpp/install/local_setup.bash'
[0.247s] INFO:colcon.colcon_core.shell:Creating prefix chain script '/home/hycon/workspace/ros2_study/pkg_cpp/install/setup.bash'
[0.248s] INFO:colcon.colcon_core.shell:Creating prefix script '/home/hycon/workspace/ros2_study/pkg_cpp/install/local_setup.zsh'
[0.248s] INFO:colcon.colcon_core.shell:Creating prefix chain script '/home/hycon/workspace/ros2_study/pkg_cpp/install/setup.zsh'
