[35m[1mConsolidate compiler generated dependencies of target my_first_package_msgs__rosidl_generator_c[0m
[  2%] Built target my_first_package_msgs__cpp
[ 12%] Built target my_first_package_msgs__rosidl_generator_c
[ 12%] Built target ament_cmake_python_copy_my_first_package_msgs
[35m[1mConsolidate compiler generated dependencies of target my_first_package_msgs__rosidl_typesupport_introspection_cpp[0m
[35m[1mConsolidate compiler generated dependencies of target my_first_package_msgs__rosidl_typesupport_cpp[0m
[35m[1mConsolidate compiler generated dependencies of target my_first_package_msgs__rosidl_typesupport_fastrtps_cpp[0m
[35m[1mConsolidate compiler generated dependencies of target my_first_package_msgs__rosidl_typesupport_introspection_c[0m
[35m[1mConsolidate compiler generated dependencies of target my_first_package_msgs__rosidl_typesupport_fastrtps_c[0m
[35m[1mConsolidate compiler generated dependencies of target my_first_package_msgs__rosidl_typesupport_c[0m
[ 23%] Built target my_first_package_msgs__rosidl_typesupport_cpp
[ 33%] Built target my_first_package_msgs__rosidl_typesupport_introspection_c
[ 43%] Built target my_first_package_msgs__rosidl_typesupport_introspection_cpp
[ 53%] Built target my_first_package_msgs__rosidl_typesupport_c
[ 64%] Built target my_first_package_msgs__rosidl_typesupport_fastrtps_cpp
[ 74%] Built target my_first_package_msgs__rosidl_typesupport_fastrtps_c
[ 74%] Built target my_first_package_msgs
[ 76%] Built target my_first_package_msgs__py
[35m[1mConsolidate compiler generated dependencies of target my_first_package_msgs__rosidl_generator_py[0m
[ 84%] Built target my_first_package_msgs__rosidl_generator_py
[35m[1mConsolidate compiler generated dependencies of target my_first_package_msgs__rosidl_typesupport_fastrtps_c__pyext[0m
[35m[1mConsolidate compiler generated dependencies of target my_first_package_msgs__rosidl_typesupport_c__pyext[0m
[35m[1mConsolidate compiler generated dependencies of target my_first_package_msgs__rosidl_typesupport_introspection_c__pyext[0m
[ 89%] Built target my_first_package_msgs__rosidl_typesupport_c__pyext
[ 94%] Built target my_first_package_msgs__rosidl_typesupport_fastrtps_c__pyext
[100%] Built target my_first_package_msgs__rosidl_typesupport_introspection_c__pyext
running egg_info
writing my_first_package_msgs.egg-info/PKG-INFO
writing dependency_links to my_first_package_msgs.egg-info/dependency_links.txt
writing top-level names to my_first_package_msgs.egg-info/top_level.txt
reading manifest file 'my_first_package_msgs.egg-info/SOURCES.txt'
writing manifest file 'my_first_package_msgs.egg-info/SOURCES.txt'
[100%] Built target ament_cmake_python_build_my_first_package_msgs_egg
-- Install configuration: ""
-- Installing: /home/hycon/workspace/hycon_git/ros2_study_jh/install/my_first_package_msgs/share/ament_index/resource_index/rosidl_interfaces/my_first_package_msgs
-- Installing: /home/hycon/workspace/hycon_git/ros2_study_jh/install/my_first_package_msgs/include/my_first_package_msgs/my_first_package_msgs
-- Installing: /home/hycon/workspace/hycon_git/ros2_study_jh/install/my_first_package_msgs/include/my_first_package_msgs/my_first_package_msgs/msg
-- Installing: /home/hycon/workspace/hycon_git/ros2_study_jh/install/my_first_package_msgs/include/my_first_package_msgs/my_first_package_msgs/msg/detail
-- Installing: /home/hycon/workspace/hycon_git/ros2_study_jh/install/my_first_package_msgs/include/my_first_package_msgs/my_first_package_msgs/msg/detail/cmd_and_pose_vel__functions.c
-- Installing: /home/hycon/workspace/hycon_git/ros2_study_jh/install/my_first_package_msgs/include/my_first_package_msgs/my_first_package_msgs/msg/detail/cmd_and_pose_vel__functions.h
-- Installing: /home/hycon/workspace/hycon_git/ros2_study_jh/install/my_first_package_msgs/include/my_first_package_msgs/my_first_package_msgs/msg/detail/cmd_and_pose_vel__type_support.h
-- Installing: /home/hycon/workspace/hycon_git/ros2_study_jh/install/my_first_package_msgs/include/my_first_package_msgs/my_first_package_msgs/msg/detail/cmd_and_pose_vel__struct.h
-- Installing: /home/hycon/workspace/hycon_git/ros2_study_jh/install/my_first_package_msgs/include/my_first_package_msgs/my_first_package_msgs/msg/rosidl_generator_c__visibility_control.h
-- Installing: /home/hycon/workspace/hycon_git/ros2_study_jh/install/my_first_package_msgs/include/my_first_package_msgs/my_first_package_msgs/msg/cmd_and_pose_vel.h
-- Installing: /home/hycon/workspace/hycon_git/ros2_study_jh/install/my_first_package_msgs/include/my_first_package_msgs/my_first_package_msgs/srv
-- Installing: /home/hycon/workspace/hycon_git/ros2_study_jh/install/my_first_package_msgs/include/my_first_package_msgs/my_first_package_msgs/srv/detail
-- Installing: /home/hycon/workspace/hycon_git/ros2_study_jh/install/my_first_package_msgs/include/my_first_package_msgs/my_first_package_msgs/srv/detail/multi_spawn__functions.h
-- Installing: /home/hycon/workspace/hycon_git/ros2_study_jh/install/my_first_package_msgs/include/my_first_package_msgs/my_first_package_msgs/srv/detail/multi_spawn__type_support.h
-- Installing: /home/hycon/workspace/hycon_git/ros2_study_jh/install/my_first_package_msgs/include/my_first_package_msgs/my_first_package_msgs/srv/detail/multi_spawn__functions.c
-- Installing: /home/hycon/workspace/hycon_git/ros2_study_jh/install/my_first_package_msgs/include/my_first_package_msgs/my_first_package_msgs/srv/detail/multi_spawn__struct.h
-- Installing: /home/hycon/workspace/hycon_git/ros2_study_jh/install/my_first_package_msgs/include/my_first_package_msgs/my_first_package_msgs/srv/multi_spawn.h
-- Installing: /home/hycon/workspace/hycon_git/ros2_study_jh/install/my_first_package_msgs/share/my_first_package_msgs/environment/library_path.sh
-- Installing: /home/hycon/workspace/hycon_git/ros2_study_jh/install/my_first_package_msgs/share/my_first_package_msgs/environment/library_path.dsv
-- Installing: /home/hycon/workspace/hycon_git/ros2_study_jh/install/my_first_package_msgs/lib/libmy_first_package_msgs__rosidl_generator_c.so
-- Set runtime path of "/home/hycon/workspace/hycon_git/ros2_study_jh/install/my_first_package_msgs/lib/libmy_first_package_msgs__rosidl_generator_c.so" to ""
-- Up-to-date: /home/hycon/workspace/hycon_git/ros2_study_jh/install/my_first_package_msgs/include/my_first_package_msgs/my_first_package_msgs
-- Up-to-date: /home/hycon/workspace/hycon_git/ros2_study_jh/install/my_first_package_msgs/include/my_first_package_msgs/my_first_package_msgs/msg
-- Up-to-date: /home/hycon/workspace/hycon_git/ros2_study_jh/install/my_first_package_msgs/include/my_first_package_msgs/my_first_package_msgs/msg/detail
-- Installing: /home/hycon/workspace/hycon_git/ros2_study_jh/install/my_first_package_msgs/include/my_first_package_msgs/my_first_package_msgs/msg/detail/cmd_and_pose_vel__rosidl_typesupport_fastrtps_c.h
-- Installing: /home/hycon/workspace/hycon_git/ros2_study_jh/install/my_first_package_msgs/include/my_first_package_msgs/my_first_package_msgs/msg/rosidl_typesupport_fastrtps_c__visibility_control.h
-- Up-to-date: /home/hycon/workspace/hycon_git/ros2_study_jh/install/my_first_package_msgs/include/my_first_package_msgs/my_first_package_msgs/srv
-- Up-to-date: /home/hycon/workspace/hycon_git/ros2_study_jh/install/my_first_package_msgs/include/my_first_package_msgs/my_first_package_msgs/srv/detail
-- Installing: /home/hycon/workspace/hycon_git/ros2_study_jh/install/my_first_package_msgs/include/my_first_package_msgs/my_first_package_msgs/srv/detail/multi_spawn__rosidl_typesupport_fastrtps_c.h
-- Installing: /home/hycon/workspace/hycon_git/ros2_study_jh/install/my_first_package_msgs/lib/libmy_first_package_msgs__rosidl_typesupport_fastrtps_c.so
-- Set runtime path of "/home/hycon/workspace/hycon_git/ros2_study_jh/install/my_first_package_msgs/lib/libmy_first_package_msgs__rosidl_typesupport_fastrtps_c.so" to ""
-- Up-to-date: /home/hycon/workspace/hycon_git/ros2_study_jh/install/my_first_package_msgs/include/my_first_package_msgs/my_first_package_msgs
-- Up-to-date: /home/hycon/workspace/hycon_git/ros2_study_jh/install/my_first_package_msgs/include/my_first_package_msgs/my_first_package_msgs/msg
-- Up-to-date: /home/hycon/workspace/hycon_git/ros2_study_jh/install/my_first_package_msgs/include/my_first_package_msgs/my_first_package_msgs/msg/detail
-- Installing: /home/hycon/workspace/hycon_git/ros2_study_jh/install/my_first_package_msgs/include/my_first_package_msgs/my_first_package_msgs/msg/detail/cmd_and_pose_vel__rosidl_typesupport_introspection_c.h
-- Installing: /home/hycon/workspace/hycon_git/ros2_study_jh/install/my_first_package_msgs/include/my_first_package_msgs/my_first_package_msgs/msg/detail/cmd_and_pose_vel__type_support.c
-- Installing: /home/hycon/workspace/hycon_git/ros2_study_jh/install/my_first_package_msgs/include/my_first_package_msgs/my_first_package_msgs/msg/rosidl_typesupport_introspection_c__visibility_control.h
-- Up-to-date: /home/hycon/workspace/hycon_git/ros2_study_jh/install/my_first_package_msgs/include/my_first_package_msgs/my_first_package_msgs/srv
-- Up-to-date: /home/hycon/workspace/hycon_git/ros2_study_jh/install/my_first_package_msgs/include/my_first_package_msgs/my_first_package_msgs/srv/detail
-- Installing: /home/hycon/workspace/hycon_git/ros2_study_jh/install/my_first_package_msgs/include/my_first_package_msgs/my_first_package_msgs/srv/detail/multi_spawn__rosidl_typesupport_introspection_c.h
-- Installing: /home/hycon/workspace/hycon_git/ros2_study_jh/install/my_first_package_msgs/include/my_first_package_msgs/my_first_package_msgs/srv/detail/multi_spawn__type_support.c
-- Installing: /home/hycon/workspace/hycon_git/ros2_study_jh/install/my_first_package_msgs/lib/libmy_first_package_msgs__rosidl_typesupport_introspection_c.so
-- Set runtime path of "/home/hycon/workspace/hycon_git/ros2_study_jh/install/my_first_package_msgs/lib/libmy_first_package_msgs__rosidl_typesupport_introspection_c.so" to ""
-- Installing: /home/hycon/workspace/hycon_git/ros2_study_jh/install/my_first_package_msgs/lib/libmy_first_package_msgs__rosidl_typesupport_c.so
-- Set runtime path of "/home/hycon/workspace/hycon_git/ros2_study_jh/install/my_first_package_msgs/lib/libmy_first_package_msgs__rosidl_typesupport_c.so" to ""
-- Up-to-date: /home/hycon/workspace/hycon_git/ros2_study_jh/install/my_first_package_msgs/include/my_first_package_msgs/my_first_package_msgs
-- Up-to-date: /home/hycon/workspace/hycon_git/ros2_study_jh/install/my_first_package_msgs/include/my_first_package_msgs/my_first_package_msgs/msg
-- Installing: /home/hycon/workspace/hycon_git/ros2_study_jh/install/my_first_package_msgs/include/my_first_package_msgs/my_first_package_msgs/msg/rosidl_generator_cpp__visibility_control.hpp
-- Up-to-date: /home/hycon/workspace/hycon_git/ros2_study_jh/install/my_first_package_msgs/include/my_first_package_msgs/my_first_package_msgs/msg/detail
-- Installing: /home/hycon/workspace/hycon_git/ros2_study_jh/install/my_first_package_msgs/include/my_first_package_msgs/my_first_package_msgs/msg/detail/cmd_and_pose_vel__builder.hpp
-- Installing: /home/hycon/workspace/hycon_git/ros2_study_jh/install/my_first_package_msgs/include/my_first_package_msgs/my_first_package_msgs/msg/detail/cmd_and_pose_vel__traits.hpp
-- Installing: /home/hycon/workspace/hycon_git/ros2_study_jh/install/my_first_package_msgs/include/my_first_package_msgs/my_first_package_msgs/msg/detail/cmd_and_pose_vel__type_support.hpp
-- Installing: /home/hycon/workspace/hycon_git/ros2_study_jh/install/my_first_package_msgs/include/my_first_package_msgs/my_first_package_msgs/msg/detail/cmd_and_pose_vel__struct.hpp
-- Installing: /home/hycon/workspace/hycon_git/ros2_study_jh/install/my_first_package_msgs/include/my_first_package_msgs/my_first_package_msgs/msg/cmd_and_pose_vel.hpp
-- Up-to-date: /home/hycon/workspace/hycon_git/ros2_study_jh/install/my_first_package_msgs/include/my_first_package_msgs/my_first_package_msgs/srv
-- Up-to-date: /home/hycon/workspace/hycon_git/ros2_study_jh/install/my_first_package_msgs/include/my_first_package_msgs/my_first_package_msgs/srv/detail
-- Installing: /home/hycon/workspace/hycon_git/ros2_study_jh/install/my_first_package_msgs/include/my_first_package_msgs/my_first_package_msgs/srv/detail/multi_spawn__struct.hpp
-- Installing: /home/hycon/workspace/hycon_git/ros2_study_jh/install/my_first_package_msgs/include/my_first_package_msgs/my_first_package_msgs/srv/detail/multi_spawn__type_support.hpp
-- Installing: /home/hycon/workspace/hycon_git/ros2_study_jh/install/my_first_package_msgs/include/my_first_package_msgs/my_first_package_msgs/srv/detail/multi_spawn__traits.hpp
-- Installing: /home/hycon/workspace/hycon_git/ros2_study_jh/install/my_first_package_msgs/include/my_first_package_msgs/my_first_package_msgs/srv/detail/multi_spawn__builder.hpp
-- Installing: /home/hycon/workspace/hycon_git/ros2_study_jh/install/my_first_package_msgs/include/my_first_package_msgs/my_first_package_msgs/srv/multi_spawn.hpp
-- Up-to-date: /home/hycon/workspace/hycon_git/ros2_study_jh/install/my_first_package_msgs/include/my_first_package_msgs/my_first_package_msgs
-- Up-to-date: /home/hycon/workspace/hycon_git/ros2_study_jh/install/my_first_package_msgs/include/my_first_package_msgs/my_first_package_msgs/msg
-- Installing: /home/hycon/workspace/hycon_git/ros2_study_jh/install/my_first_package_msgs/include/my_first_package_msgs/my_first_package_msgs/msg/rosidl_typesupport_fastrtps_cpp__visibility_control.h
-- Up-to-date: /home/hycon/workspace/hycon_git/ros2_study_jh/install/my_first_package_msgs/include/my_first_package_msgs/my_first_package_msgs/msg/detail
-- Installing: /home/hycon/workspace/hycon_git/ros2_study_jh/install/my_first_package_msgs/include/my_first_package_msgs/my_first_package_msgs/msg/detail/dds_fastrtps
-- Installing: /home/hycon/workspace/hycon_git/ros2_study_jh/install/my_first_package_msgs/include/my_first_package_msgs/my_first_package_msgs/msg/detail/cmd_and_pose_vel__rosidl_typesupport_fastrtps_cpp.hpp
-- Up-to-date: /home/hycon/workspace/hycon_git/ros2_study_jh/install/my_first_package_msgs/include/my_first_package_msgs/my_first_package_msgs/srv
-- Up-to-date: /home/hycon/workspace/hycon_git/ros2_study_jh/install/my_first_package_msgs/include/my_first_package_msgs/my_first_package_msgs/srv/detail
-- Installing: /home/hycon/workspace/hycon_git/ros2_study_jh/install/my_first_package_msgs/include/my_first_package_msgs/my_first_package_msgs/srv/detail/dds_fastrtps
-- Installing: /home/hycon/workspace/hycon_git/ros2_study_jh/install/my_first_package_msgs/include/my_first_package_msgs/my_first_package_msgs/srv/detail/multi_spawn__rosidl_typesupport_fastrtps_cpp.hpp
-- Installing: /home/hycon/workspace/hycon_git/ros2_study_jh/install/my_first_package_msgs/lib/libmy_first_package_msgs__rosidl_typesupport_fastrtps_cpp.so
-- Set runtime path of "/home/hycon/workspace/hycon_git/ros2_study_jh/install/my_first_package_msgs/lib/libmy_first_package_msgs__rosidl_typesupport_fastrtps_cpp.so" to ""
-- Up-to-date: /home/hycon/workspace/hycon_git/ros2_study_jh/install/my_first_package_msgs/include/my_first_package_msgs/my_first_package_msgs
-- Up-to-date: /home/hycon/workspace/hycon_git/ros2_study_jh/install/my_first_package_msgs/include/my_first_package_msgs/my_first_package_msgs/msg
-- Up-to-date: /home/hycon/workspace/hycon_git/ros2_study_jh/install/my_first_package_msgs/include/my_first_package_msgs/my_first_package_msgs/msg/detail
-- Installing: /home/hycon/workspace/hycon_git/ros2_study_jh/install/my_first_package_msgs/include/my_first_package_msgs/my_first_package_msgs/msg/detail/cmd_and_pose_vel__type_support.cpp
-- Installing: /home/hycon/workspace/hycon_git/ros2_study_jh/install/my_first_package_msgs/include/my_first_package_msgs/my_first_package_msgs/msg/detail/cmd_and_pose_vel__rosidl_typesupport_introspection_cpp.hpp
-- Up-to-date: /home/hycon/workspace/hycon_git/ros2_study_jh/install/my_first_package_msgs/include/my_first_package_msgs/my_first_package_msgs/srv
-- Up-to-date: /home/hycon/workspace/hycon_git/ros2_study_jh/install/my_first_package_msgs/include/my_first_package_msgs/my_first_package_msgs/srv/detail
-- Installing: /home/hycon/workspace/hycon_git/ros2_study_jh/install/my_first_package_msgs/include/my_first_package_msgs/my_first_package_msgs/srv/detail/multi_spawn__type_support.cpp
-- Installing: /home/hycon/workspace/hycon_git/ros2_study_jh/install/my_first_package_msgs/include/my_first_package_msgs/my_first_package_msgs/srv/detail/multi_spawn__rosidl_typesupport_introspection_cpp.hpp
-- Installing: /home/hycon/workspace/hycon_git/ros2_study_jh/install/my_first_package_msgs/lib/libmy_first_package_msgs__rosidl_typesupport_introspection_cpp.so
-- Set runtime path of "/home/hycon/workspace/hycon_git/ros2_study_jh/install/my_first_package_msgs/lib/libmy_first_package_msgs__rosidl_typesupport_introspection_cpp.so" to ""
-- Installing: /home/hycon/workspace/hycon_git/ros2_study_jh/install/my_first_package_msgs/lib/libmy_first_package_msgs__rosidl_typesupport_cpp.so
-- Set runtime path of "/home/hycon/workspace/hycon_git/ros2_study_jh/install/my_first_package_msgs/lib/libmy_first_package_msgs__rosidl_typesupport_cpp.so" to ""
-- Installing: /home/hycon/workspace/hycon_git/ros2_study_jh/install/my_first_package_msgs/share/my_first_package_msgs/environment/pythonpath.sh
-- Installing: /home/hycon/workspace/hycon_git/ros2_study_jh/install/my_first_package_msgs/share/my_first_package_msgs/environment/pythonpath.dsv
-- Installing: /home/hycon/workspace/hycon_git/ros2_study_jh/install/my_first_package_msgs/local/lib/python3.10/dist-packages/my_first_package_msgs-0.0.0-py3.10.egg-info
-- Installing: /home/hycon/workspace/hycon_git/ros2_study_jh/install/my_first_package_msgs/local/lib/python3.10/dist-packages/my_first_package_msgs-0.0.0-py3.10.egg-info/dependency_links.txt
-- Installing: /home/hycon/workspace/hycon_git/ros2_study_jh/install/my_first_package_msgs/local/lib/python3.10/dist-packages/my_first_package_msgs-0.0.0-py3.10.egg-info/SOURCES.txt
-- Installing: /home/hycon/workspace/hycon_git/ros2_study_jh/install/my_first_package_msgs/local/lib/python3.10/dist-packages/my_first_package_msgs-0.0.0-py3.10.egg-info/top_level.txt
-- Installing: /home/hycon/workspace/hycon_git/ros2_study_jh/install/my_first_package_msgs/local/lib/python3.10/dist-packages/my_first_package_msgs-0.0.0-py3.10.egg-info/PKG-INFO
-- Installing: /home/hycon/workspace/hycon_git/ros2_study_jh/install/my_first_package_msgs/local/lib/python3.10/dist-packages/my_first_package_msgs
-- Installing: /home/hycon/workspace/hycon_git/ros2_study_jh/install/my_first_package_msgs/local/lib/python3.10/dist-packages/my_first_package_msgs/_my_first_package_msgs_s.ep.rosidl_typesupport_introspection_c.c
-- Installing: /home/hycon/workspace/hycon_git/ros2_study_jh/install/my_first_package_msgs/local/lib/python3.10/dist-packages/my_first_package_msgs/__init__.py
-- Installing: /home/hycon/workspace/hycon_git/ros2_study_jh/install/my_first_package_msgs/local/lib/python3.10/dist-packages/my_first_package_msgs/libmy_first_package_msgs__rosidl_generator_py.so
-- Installing: /home/hycon/workspace/hycon_git/ros2_study_jh/install/my_first_package_msgs/local/lib/python3.10/dist-packages/my_first_package_msgs/_my_first_package_msgs_s.ep.rosidl_typesupport_fastrtps_c.c
-- Installing: /home/hycon/workspace/hycon_git/ros2_study_jh/install/my_first_package_msgs/local/lib/python3.10/dist-packages/my_first_package_msgs/_my_first_package_msgs_s.ep.rosidl_typesupport_c.c
-- Installing: /home/hycon/workspace/hycon_git/ros2_study_jh/install/my_first_package_msgs/local/lib/python3.10/dist-packages/my_first_package_msgs/my_first_package_msgs_s__rosidl_typesupport_introspection_c.cpython-310-x86_64-linux-gnu.so
-- Installing: /home/hycon/workspace/hycon_git/ros2_study_jh/install/my_first_package_msgs/local/lib/python3.10/dist-packages/my_first_package_msgs/my_first_package_msgs_s__rosidl_typesupport_c.cpython-310-x86_64-linux-gnu.so
-- Installing: /home/hycon/workspace/hycon_git/ros2_study_jh/install/my_first_package_msgs/local/lib/python3.10/dist-packages/my_first_package_msgs/msg
-- Installing: /home/hycon/workspace/hycon_git/ros2_study_jh/install/my_first_package_msgs/local/lib/python3.10/dist-packages/my_first_package_msgs/msg/_cmd_and_pose_vel_s.c
-- Installing: /home/hycon/workspace/hycon_git/ros2_study_jh/install/my_first_package_msgs/local/lib/python3.10/dist-packages/my_first_package_msgs/msg/__init__.py
-- Installing: /home/hycon/workspace/hycon_git/ros2_study_jh/install/my_first_package_msgs/local/lib/python3.10/dist-packages/my_first_package_msgs/msg/_cmd_and_pose_vel.py
-- Installing: /home/hycon/workspace/hycon_git/ros2_study_jh/install/my_first_package_msgs/local/lib/python3.10/dist-packages/my_first_package_msgs/srv
-- Installing: /home/hycon/workspace/hycon_git/ros2_study_jh/install/my_first_package_msgs/local/lib/python3.10/dist-packages/my_first_package_msgs/srv/_multi_spawn_s.c
-- Installing: /home/hycon/workspace/hycon_git/ros2_study_jh/install/my_first_package_msgs/local/lib/python3.10/dist-packages/my_first_package_msgs/srv/__init__.py
-- Installing: /home/hycon/workspace/hycon_git/ros2_study_jh/install/my_first_package_msgs/local/lib/python3.10/dist-packages/my_first_package_msgs/srv/_multi_spawn.py
-- Installing: /home/hycon/workspace/hycon_git/ros2_study_jh/install/my_first_package_msgs/local/lib/python3.10/dist-packages/my_first_package_msgs/my_first_package_msgs_s__rosidl_typesupport_fastrtps_c.cpython-310-x86_64-linux-gnu.so
Listing '/home/hycon/workspace/hycon_git/ros2_study_jh/install/my_first_package_msgs/local/lib/python3.10/dist-packages/my_first_package_msgs'...
Compiling '/home/hycon/workspace/hycon_git/ros2_study_jh/install/my_first_package_msgs/local/lib/python3.10/dist-packages/my_first_package_msgs/__init__.py'...
Listing '/home/hycon/workspace/hycon_git/ros2_study_jh/install/my_first_package_msgs/local/lib/python3.10/dist-packages/my_first_package_msgs/msg'...
Compiling '/home/hycon/workspace/hycon_git/ros2_study_jh/install/my_first_package_msgs/local/lib/python3.10/dist-packages/my_first_package_msgs/msg/__init__.py'...
Compiling '/home/hycon/workspace/hycon_git/ros2_study_jh/install/my_first_package_msgs/local/lib/python3.10/dist-packages/my_first_package_msgs/msg/_cmd_and_pose_vel.py'...
Listing '/home/hycon/workspace/hycon_git/ros2_study_jh/install/my_first_package_msgs/local/lib/python3.10/dist-packages/my_first_package_msgs/srv'...
Compiling '/home/hycon/workspace/hycon_git/ros2_study_jh/install/my_first_package_msgs/local/lib/python3.10/dist-packages/my_first_package_msgs/srv/__init__.py'...
Compiling '/home/hycon/workspace/hycon_git/ros2_study_jh/install/my_first_package_msgs/local/lib/python3.10/dist-packages/my_first_package_msgs/srv/_multi_spawn.py'...
-- Installing: /home/hycon/workspace/hycon_git/ros2_study_jh/install/my_first_package_msgs/local/lib/python3.10/dist-packages/my_first_package_msgs/my_first_package_msgs_s__rosidl_typesupport_fastrtps_c.cpython-310-x86_64-linux-gnu.so
-- Set runtime path of "/home/hycon/workspace/hycon_git/ros2_study_jh/install/my_first_package_msgs/local/lib/python3.10/dist-packages/my_first_package_msgs/my_first_package_msgs_s__rosidl_typesupport_fastrtps_c.cpython-310-x86_64-linux-gnu.so" to ""
-- Installing: /home/hycon/workspace/hycon_git/ros2_study_jh/install/my_first_package_msgs/local/lib/python3.10/dist-packages/my_first_package_msgs/my_first_package_msgs_s__rosidl_typesupport_introspection_c.cpython-310-x86_64-linux-gnu.so
-- Set runtime path of "/home/hycon/workspace/hycon_git/ros2_study_jh/install/my_first_package_msgs/local/lib/python3.10/dist-packages/my_first_package_msgs/my_first_package_msgs_s__rosidl_typesupport_introspection_c.cpython-310-x86_64-linux-gnu.so" to ""
-- Installing: /home/hycon/workspace/hycon_git/ros2_study_jh/install/my_first_package_msgs/local/lib/python3.10/dist-packages/my_first_package_msgs/my_first_package_msgs_s__rosidl_typesupport_c.cpython-310-x86_64-linux-gnu.so
-- Set runtime path of "/home/hycon/workspace/hycon_git/ros2_study_jh/install/my_first_package_msgs/local/lib/python3.10/dist-packages/my_first_package_msgs/my_first_package_msgs_s__rosidl_typesupport_c.cpython-310-x86_64-linux-gnu.so" to ""
-- Installing: /home/hycon/workspace/hycon_git/ros2_study_jh/install/my_first_package_msgs/lib/libmy_first_package_msgs__rosidl_generator_py.so
-- Set runtime path of "/home/hycon/workspace/hycon_git/ros2_study_jh/install/my_first_package_msgs/lib/libmy_first_package_msgs__rosidl_generator_py.so" to ""
-- Installing: /home/hycon/workspace/hycon_git/ros2_study_jh/install/my_first_package_msgs/share/my_first_package_msgs/msg/CmdAndPoseVel.idl
-- Installing: /home/hycon/workspace/hycon_git/ros2_study_jh/install/my_first_package_msgs/share/my_first_package_msgs/srv/MultiSpawn.idl
-- Installing: /home/hycon/workspace/hycon_git/ros2_study_jh/install/my_first_package_msgs/share/my_first_package_msgs/msg/CmdAndPoseVel.msg
-- Installing: /home/hycon/workspace/hycon_git/ros2_study_jh/install/my_first_package_msgs/share/my_first_package_msgs/srv/MultiSpawn.srv
-- Installing: /home/hycon/workspace/hycon_git/ros2_study_jh/install/my_first_package_msgs/share/my_first_package_msgs/srv/MultiSpawn_Request.msg
-- Installing: /home/hycon/workspace/hycon_git/ros2_study_jh/install/my_first_package_msgs/share/my_first_package_msgs/srv/MultiSpawn_Response.msg
-- Installing: /home/hycon/workspace/hycon_git/ros2_study_jh/install/my_first_package_msgs/share/ament_index/resource_index/package_run_dependencies/my_first_package_msgs
-- Installing: /home/hycon/workspace/hycon_git/ros2_study_jh/install/my_first_package_msgs/share/ament_index/resource_index/parent_prefix_path/my_first_package_msgs
-- Installing: /home/hycon/workspace/hycon_git/ros2_study_jh/install/my_first_package_msgs/share/my_first_package_msgs/environment/ament_prefix_path.sh
-- Installing: /home/hycon/workspace/hycon_git/ros2_study_jh/install/my_first_package_msgs/share/my_first_package_msgs/environment/ament_prefix_path.dsv
-- Installing: /home/hycon/workspace/hycon_git/ros2_study_jh/install/my_first_package_msgs/share/my_first_package_msgs/environment/path.sh
-- Installing: /home/hycon/workspace/hycon_git/ros2_study_jh/install/my_first_package_msgs/share/my_first_package_msgs/environment/path.dsv
-- Installing: /home/hycon/workspace/hycon_git/ros2_study_jh/install/my_first_package_msgs/share/my_first_package_msgs/local_setup.bash
-- Installing: /home/hycon/workspace/hycon_git/ros2_study_jh/install/my_first_package_msgs/share/my_first_package_msgs/local_setup.sh
-- Installing: /home/hycon/workspace/hycon_git/ros2_study_jh/install/my_first_package_msgs/share/my_first_package_msgs/local_setup.zsh
-- Installing: /home/hycon/workspace/hycon_git/ros2_study_jh/install/my_first_package_msgs/share/my_first_package_msgs/local_setup.dsv
-- Installing: /home/hycon/workspace/hycon_git/ros2_study_jh/install/my_first_package_msgs/share/my_first_package_msgs/package.dsv
-- Installing: /home/hycon/workspace/hycon_git/ros2_study_jh/install/my_first_package_msgs/share/ament_index/resource_index/packages/my_first_package_msgs
-- Installing: /home/hycon/workspace/hycon_git/ros2_study_jh/install/my_first_package_msgs/share/my_first_package_msgs/cmake/export_my_first_package_msgs__rosidl_generator_cExport.cmake
-- Installing: /home/hycon/workspace/hycon_git/ros2_study_jh/install/my_first_package_msgs/share/my_first_package_msgs/cmake/export_my_first_package_msgs__rosidl_generator_cExport-noconfig.cmake
-- Installing: /home/hycon/workspace/hycon_git/ros2_study_jh/install/my_first_package_msgs/share/my_first_package_msgs/cmake/export_my_first_package_msgs__rosidl_typesupport_fastrtps_cExport.cmake
-- Installing: /home/hycon/workspace/hycon_git/ros2_study_jh/install/my_first_package_msgs/share/my_first_package_msgs/cmake/export_my_first_package_msgs__rosidl_typesupport_fastrtps_cExport-noconfig.cmake
-- Installing: /home/hycon/workspace/hycon_git/ros2_study_jh/install/my_first_package_msgs/share/my_first_package_msgs/cmake/my_first_package_msgs__rosidl_typesupport_introspection_cExport.cmake
-- Installing: /home/hycon/workspace/hycon_git/ros2_study_jh/install/my_first_package_msgs/share/my_first_package_msgs/cmake/my_first_package_msgs__rosidl_typesupport_introspection_cExport-noconfig.cmake
-- Installing: /home/hycon/workspace/hycon_git/ros2_study_jh/install/my_first_package_msgs/share/my_first_package_msgs/cmake/my_first_package_msgs__rosidl_typesupport_cExport.cmake
-- Installing: /home/hycon/workspace/hycon_git/ros2_study_jh/install/my_first_package_msgs/share/my_first_package_msgs/cmake/my_first_package_msgs__rosidl_typesupport_cExport-noconfig.cmake
-- Installing: /home/hycon/workspace/hycon_git/ros2_study_jh/install/my_first_package_msgs/share/my_first_package_msgs/cmake/export_my_first_package_msgs__rosidl_generator_cppExport.cmake
-- Installing: /home/hycon/workspace/hycon_git/ros2_study_jh/install/my_first_package_msgs/share/my_first_package_msgs/cmake/export_my_first_package_msgs__rosidl_typesupport_fastrtps_cppExport.cmake
-- Installing: /home/hycon/workspace/hycon_git/ros2_study_jh/install/my_first_package_msgs/share/my_first_package_msgs/cmake/export_my_first_package_msgs__rosidl_typesupport_fastrtps_cppExport-noconfig.cmake
-- Installing: /home/hycon/workspace/hycon_git/ros2_study_jh/install/my_first_package_msgs/share/my_first_package_msgs/cmake/my_first_package_msgs__rosidl_typesupport_introspection_cppExport.cmake
-- Installing: /home/hycon/workspace/hycon_git/ros2_study_jh/install/my_first_package_msgs/share/my_first_package_msgs/cmake/my_first_package_msgs__rosidl_typesupport_introspection_cppExport-noconfig.cmake
-- Installing: /home/hycon/workspace/hycon_git/ros2_study_jh/install/my_first_package_msgs/share/my_first_package_msgs/cmake/my_first_package_msgs__rosidl_typesupport_cppExport.cmake
-- Installing: /home/hycon/workspace/hycon_git/ros2_study_jh/install/my_first_package_msgs/share/my_first_package_msgs/cmake/my_first_package_msgs__rosidl_typesupport_cppExport-noconfig.cmake
-- Installing: /home/hycon/workspace/hycon_git/ros2_study_jh/install/my_first_package_msgs/share/my_first_package_msgs/cmake/export_my_first_package_msgs__rosidl_generator_pyExport.cmake
-- Installing: /home/hycon/workspace/hycon_git/ros2_study_jh/install/my_first_package_msgs/share/my_first_package_msgs/cmake/export_my_first_package_msgs__rosidl_generator_pyExport-noconfig.cmake
-- Installing: /home/hycon/workspace/hycon_git/ros2_study_jh/install/my_first_package_msgs/share/my_first_package_msgs/cmake/rosidl_cmake-extras.cmake
-- Installing: /home/hycon/workspace/hycon_git/ros2_study_jh/install/my_first_package_msgs/share/my_first_package_msgs/cmake/ament_cmake_export_include_directories-extras.cmake
-- Installing: /home/hycon/workspace/hycon_git/ros2_study_jh/install/my_first_package_msgs/share/my_first_package_msgs/cmake/ament_cmake_export_libraries-extras.cmake
-- Installing: /home/hycon/workspace/hycon_git/ros2_study_jh/install/my_first_package_msgs/share/my_first_package_msgs/cmake/ament_cmake_export_targets-extras.cmake
-- Installing: /home/hycon/workspace/hycon_git/ros2_study_jh/install/my_first_package_msgs/share/my_first_package_msgs/cmake/rosidl_cmake_export_typesupport_targets-extras.cmake
-- Installing: /home/hycon/workspace/hycon_git/ros2_study_jh/install/my_first_package_msgs/share/my_first_package_msgs/cmake/ament_cmake_export_dependencies-extras.cmake
-- Installing: /home/hycon/workspace/hycon_git/ros2_study_jh/install/my_first_package_msgs/share/my_first_package_msgs/cmake/rosidl_cmake_export_typesupport_libraries-extras.cmake
-- Installing: /home/hycon/workspace/hycon_git/ros2_study_jh/install/my_first_package_msgs/share/my_first_package_msgs/cmake/my_first_package_msgsConfig.cmake
-- Installing: /home/hycon/workspace/hycon_git/ros2_study_jh/install/my_first_package_msgs/share/my_first_package_msgs/cmake/my_first_package_msgsConfig-version.cmake
-- Installing: /home/hycon/workspace/hycon_git/ros2_study_jh/install/my_first_package_msgs/share/my_first_package_msgs/package.xml
