[0.064s] DEBUG:colcon:Command line arguments: ['/usr/bin/colcon', 'build']
[0.064s] DEBUG:colcon:Parsed command line arguments: Namespace(log_base=None, log_level=None, verb_name='build', build_base='build', install_base='install', merge_install=False, symlink_install=False, test_result_base=None, continue_on_error=False, executor='parallel', parallel_workers=16, event_handlers=None, ignore_user_meta=False, metas=['./colcon.meta'], base_paths=['.'], packages_ignore=None, packages_ignore_regex=None, paths=None, packages_up_to=None, packages_up_to_regex=None, packages_above=None, packages_above_and_dependencies=None, packages_above_depth=None, packages_select_by_dep=None, packages_skip_by_dep=None, packages_skip_up_to=None, packages_select_build_failed=False, packages_skip_build_finished=False, packages_select_test_failures=False, packages_skip_test_passed=False, packages_select=None, packages_skip=None, packages_select_regex=None, packages_skip_regex=None, packages_start=None, packages_end=None, allow_overriding=[], cmake_args=None, cmake_target=None, cmake_target_skip_unavailable=False, cmake_clean_cache=False, cmake_clean_first=False, cmake_force_configure=False, ament_cmake_args=None, catkin_cmake_args=None, catkin_skip_building_tests=False, verb_parser=<colcon_defaults.argument_parser.defaults.DefaultArgumentsDecorator object at 0x7be4df5197e0>, verb_extension=<colcon_core.verb.build.BuildVerb object at 0x7be4df6d2560>, main=<bound method BuildVerb.main of <colcon_core.verb.build.BuildVerb object at 0x7be4df6d2560>>)
[0.163s] Level 1:colcon.colcon_core.package_discovery:discover_packages(colcon_meta) check parameters
[0.164s] Level 1:colcon.colcon_core.package_discovery:discover_packages(recursive) check parameters
[0.164s] Level 1:colcon.colcon_core.package_discovery:discover_packages(ignore) check parameters
[0.164s] Level 1:colcon.colcon_core.package_discovery:discover_packages(path) check parameters
[0.164s] Level 1:colcon.colcon_core.package_discovery:discover_packages(colcon_meta) discover
[0.164s] Level 1:colcon.colcon_core.package_discovery:discover_packages(recursive) discover
[0.164s] INFO:colcon.colcon_core.package_discovery:Crawling recursively for packages in '/home/hycon/workspace/ros2_study'
[0.164s] Level 1:colcon.colcon_core.package_identification:_identify(.) by extensions ['ignore', 'ignore_ament_install']
[0.164s] Level 1:colcon.colcon_core.package_identification:_identify(.) by extension 'ignore'
[0.164s] Level 1:colcon.colcon_core.package_identification:_identify(.) by extension 'ignore_ament_install'
[0.164s] Level 1:colcon.colcon_core.package_identification:_identify(.) by extensions ['colcon_pkg']
[0.164s] Level 1:colcon.colcon_core.package_identification:_identify(.) by extension 'colcon_pkg'
[0.164s] Level 1:colcon.colcon_core.package_identification:_identify(.) by extensions ['colcon_meta']
[0.164s] Level 1:colcon.colcon_core.package_identification:_identify(.) by extension 'colcon_meta'
[0.164s] Level 1:colcon.colcon_core.package_identification:_identify(.) by extensions ['ros']
[0.164s] Level 1:colcon.colcon_core.package_identification:_identify(.) by extension 'ros'
[0.171s] Level 1:colcon.colcon_core.package_identification:_identify(.) by extensions ['cmake', 'python']
[0.171s] Level 1:colcon.colcon_core.package_identification:_identify(.) by extension 'cmake'
[0.171s] Level 1:colcon.colcon_core.package_identification:_identify(.) by extension 'python'
[0.171s] Level 1:colcon.colcon_core.package_identification:_identify(.) by extensions ['python_setup_py']
[0.171s] Level 1:colcon.colcon_core.package_identification:_identify(.) by extension 'python_setup_py'
[0.171s] Level 1:colcon.colcon_core.package_identification:_identify(build) by extensions ['ignore', 'ignore_ament_install']
[0.171s] Level 1:colcon.colcon_core.package_identification:_identify(build) by extension 'ignore'
[0.171s] Level 1:colcon.colcon_core.package_identification:_identify(build) ignored
[0.171s] Level 1:colcon.colcon_core.package_identification:_identify(install) by extensions ['ignore', 'ignore_ament_install']
[0.171s] Level 1:colcon.colcon_core.package_identification:_identify(install) by extension 'ignore'
[0.171s] Level 1:colcon.colcon_core.package_identification:_identify(install) ignored
[0.171s] Level 1:colcon.colcon_core.package_identification:_identify(log) by extensions ['ignore', 'ignore_ament_install']
[0.171s] Level 1:colcon.colcon_core.package_identification:_identify(log) by extension 'ignore'
[0.171s] Level 1:colcon.colcon_core.package_identification:_identify(log) ignored
[0.171s] Level 1:colcon.colcon_core.package_identification:_identify(pkg_test) by extensions ['ignore', 'ignore_ament_install']
[0.171s] Level 1:colcon.colcon_core.package_identification:_identify(pkg_test) by extension 'ignore'
[0.172s] Level 1:colcon.colcon_core.package_identification:_identify(pkg_test) by extension 'ignore_ament_install'
[0.172s] Level 1:colcon.colcon_core.package_identification:_identify(pkg_test) by extensions ['colcon_pkg']
[0.172s] Level 1:colcon.colcon_core.package_identification:_identify(pkg_test) by extension 'colcon_pkg'
[0.172s] Level 1:colcon.colcon_core.package_identification:_identify(pkg_test) by extensions ['colcon_meta']
[0.172s] Level 1:colcon.colcon_core.package_identification:_identify(pkg_test) by extension 'colcon_meta'
[0.172s] Level 1:colcon.colcon_core.package_identification:_identify(pkg_test) by extensions ['ros']
[0.172s] Level 1:colcon.colcon_core.package_identification:_identify(pkg_test) by extension 'ros'
[0.172s] Level 1:colcon.colcon_core.package_identification:_identify(pkg_test) by extensions ['cmake', 'python']
[0.172s] Level 1:colcon.colcon_core.package_identification:_identify(pkg_test) by extension 'cmake'
[0.172s] Level 1:colcon.colcon_core.package_identification:_identify(pkg_test) by extension 'python'
[0.172s] Level 1:colcon.colcon_core.package_identification:_identify(pkg_test) by extensions ['python_setup_py']
[0.172s] Level 1:colcon.colcon_core.package_identification:_identify(pkg_test) by extension 'python_setup_py'
[0.172s] Level 1:colcon.colcon_core.package_identification:_identify(pkg_test/build) by extensions ['ignore', 'ignore_ament_install']
[0.172s] Level 1:colcon.colcon_core.package_identification:_identify(pkg_test/build) by extension 'ignore'
[0.172s] Level 1:colcon.colcon_core.package_identification:_identify(pkg_test/build) ignored
[0.172s] Level 1:colcon.colcon_core.package_identification:_identify(pkg_test/install) by extensions ['ignore', 'ignore_ament_install']
[0.172s] Level 1:colcon.colcon_core.package_identification:_identify(pkg_test/install) by extension 'ignore'
[0.172s] Level 1:colcon.colcon_core.package_identification:_identify(pkg_test/install) ignored
[0.172s] Level 1:colcon.colcon_core.package_identification:_identify(pkg_test/log) by extensions ['ignore', 'ignore_ament_install']
[0.172s] Level 1:colcon.colcon_core.package_identification:_identify(pkg_test/log) by extension 'ignore'
[0.172s] Level 1:colcon.colcon_core.package_identification:_identify(pkg_test/log) ignored
[0.172s] Level 1:colcon.colcon_core.package_identification:_identify(pkg_test/src) by extensions ['ignore', 'ignore_ament_install']
[0.172s] Level 1:colcon.colcon_core.package_identification:_identify(pkg_test/src) by extension 'ignore'
[0.172s] Level 1:colcon.colcon_core.package_identification:_identify(pkg_test/src) by extension 'ignore_ament_install'
[0.172s] Level 1:colcon.colcon_core.package_identification:_identify(pkg_test/src) by extensions ['colcon_pkg']
[0.172s] Level 1:colcon.colcon_core.package_identification:_identify(pkg_test/src) by extension 'colcon_pkg'
[0.172s] Level 1:colcon.colcon_core.package_identification:_identify(pkg_test/src) by extensions ['colcon_meta']
[0.172s] Level 1:colcon.colcon_core.package_identification:_identify(pkg_test/src) by extension 'colcon_meta'
[0.172s] Level 1:colcon.colcon_core.package_identification:_identify(pkg_test/src) by extensions ['ros']
[0.172s] Level 1:colcon.colcon_core.package_identification:_identify(pkg_test/src) by extension 'ros'
[0.172s] Level 1:colcon.colcon_core.package_identification:_identify(pkg_test/src) by extensions ['cmake', 'python']
[0.172s] Level 1:colcon.colcon_core.package_identification:_identify(pkg_test/src) by extension 'cmake'
[0.172s] Level 1:colcon.colcon_core.package_identification:_identify(pkg_test/src) by extension 'python'
[0.172s] Level 1:colcon.colcon_core.package_identification:_identify(pkg_test/src) by extensions ['python_setup_py']
[0.172s] Level 1:colcon.colcon_core.package_identification:_identify(pkg_test/src) by extension 'python_setup_py'
[0.172s] Level 1:colcon.colcon_core.package_identification:_identify(pkg_test/src/my_first_package) by extensions ['ignore', 'ignore_ament_install']
[0.173s] Level 1:colcon.colcon_core.package_identification:_identify(pkg_test/src/my_first_package) by extension 'ignore'
[0.173s] Level 1:colcon.colcon_core.package_identification:_identify(pkg_test/src/my_first_package) by extension 'ignore_ament_install'
[0.173s] Level 1:colcon.colcon_core.package_identification:_identify(pkg_test/src/my_first_package) by extensions ['colcon_pkg']
[0.173s] Level 1:colcon.colcon_core.package_identification:_identify(pkg_test/src/my_first_package) by extension 'colcon_pkg'
[0.173s] Level 1:colcon.colcon_core.package_identification:_identify(pkg_test/src/my_first_package) by extensions ['colcon_meta']
[0.173s] Level 1:colcon.colcon_core.package_identification:_identify(pkg_test/src/my_first_package) by extension 'colcon_meta'
[0.173s] Level 1:colcon.colcon_core.package_identification:_identify(pkg_test/src/my_first_package) by extensions ['ros']
[0.173s] Level 1:colcon.colcon_core.package_identification:_identify(pkg_test/src/my_first_package) by extension 'ros'
[0.174s] DEBUG:colcon.colcon_core.package_identification:Package 'pkg_test/src/my_first_package' with type 'ros.ament_python' and name 'my_first_package'
[0.174s] Level 1:colcon.colcon_core.package_identification:_identify(pkg_test/src/my_first_package_msgs) by extensions ['ignore', 'ignore_ament_install']
[0.174s] Level 1:colcon.colcon_core.package_identification:_identify(pkg_test/src/my_first_package_msgs) by extension 'ignore'
[0.174s] Level 1:colcon.colcon_core.package_identification:_identify(pkg_test/src/my_first_package_msgs) by extension 'ignore_ament_install'
[0.174s] Level 1:colcon.colcon_core.package_identification:_identify(pkg_test/src/my_first_package_msgs) by extensions ['colcon_pkg']
[0.175s] Level 1:colcon.colcon_core.package_identification:_identify(pkg_test/src/my_first_package_msgs) by extension 'colcon_pkg'
[0.175s] Level 1:colcon.colcon_core.package_identification:_identify(pkg_test/src/my_first_package_msgs) by extensions ['colcon_meta']
[0.175s] Level 1:colcon.colcon_core.package_identification:_identify(pkg_test/src/my_first_package_msgs) by extension 'colcon_meta'
[0.175s] Level 1:colcon.colcon_core.package_identification:_identify(pkg_test/src/my_first_package_msgs) by extensions ['ros']
[0.175s] Level 1:colcon.colcon_core.package_identification:_identify(pkg_test/src/my_first_package_msgs) by extension 'ros'
[0.175s] DEBUG:colcon.colcon_core.package_identification:Package 'pkg_test/src/my_first_package_msgs' with type 'ros.ament_cmake' and name 'my_first_package_msgs'
[0.175s] Level 1:colcon.colcon_core.package_identification:_identify(publisher_test) by extensions ['ignore', 'ignore_ament_install']
[0.175s] Level 1:colcon.colcon_core.package_identification:_identify(publisher_test) by extension 'ignore'
[0.175s] Level 1:colcon.colcon_core.package_identification:_identify(publisher_test) by extension 'ignore_ament_install'
[0.175s] Level 1:colcon.colcon_core.package_identification:_identify(publisher_test) by extensions ['colcon_pkg']
[0.175s] Level 1:colcon.colcon_core.package_identification:_identify(publisher_test) by extension 'colcon_pkg'
[0.175s] Level 1:colcon.colcon_core.package_identification:_identify(publisher_test) by extensions ['colcon_meta']
[0.175s] Level 1:colcon.colcon_core.package_identification:_identify(publisher_test) by extension 'colcon_meta'
[0.175s] Level 1:colcon.colcon_core.package_identification:_identify(publisher_test) by extensions ['ros']
[0.175s] Level 1:colcon.colcon_core.package_identification:_identify(publisher_test) by extension 'ros'
[0.175s] Level 1:colcon.colcon_core.package_identification:_identify(publisher_test) by extensions ['cmake', 'python']
[0.175s] Level 1:colcon.colcon_core.package_identification:_identify(publisher_test) by extension 'cmake'
[0.175s] Level 1:colcon.colcon_core.package_identification:_identify(publisher_test) by extension 'python'
[0.175s] Level 1:colcon.colcon_core.package_identification:_identify(publisher_test) by extensions ['python_setup_py']
[0.175s] Level 1:colcon.colcon_core.package_identification:_identify(publisher_test) by extension 'python_setup_py'
[0.175s] Level 1:colcon.colcon_core.package_identification:_identify(publisher_test/publisher_make_test) by extensions ['ignore', 'ignore_ament_install']
[0.175s] Level 1:colcon.colcon_core.package_identification:_identify(publisher_test/publisher_make_test) by extension 'ignore'
[0.175s] Level 1:colcon.colcon_core.package_identification:_identify(publisher_test/publisher_make_test) by extension 'ignore_ament_install'
[0.175s] Level 1:colcon.colcon_core.package_identification:_identify(publisher_test/publisher_make_test) by extensions ['colcon_pkg']
[0.176s] Level 1:colcon.colcon_core.package_identification:_identify(publisher_test/publisher_make_test) by extension 'colcon_pkg'
[0.176s] Level 1:colcon.colcon_core.package_identification:_identify(publisher_test/publisher_make_test) by extensions ['colcon_meta']
[0.176s] Level 1:colcon.colcon_core.package_identification:_identify(publisher_test/publisher_make_test) by extension 'colcon_meta'
[0.176s] Level 1:colcon.colcon_core.package_identification:_identify(publisher_test/publisher_make_test) by extensions ['ros']
[0.176s] Level 1:colcon.colcon_core.package_identification:_identify(publisher_test/publisher_make_test) by extension 'ros'
[0.181s] DEBUG:colcon.colcon_core.package_identification:Package 'publisher_test/publisher_make_test' with type 'ros.ament_cmake' and name 'publisher_make_test'
[0.182s] Level 1:colcon.colcon_core.package_identification:_identify(service_client_test) by extensions ['ignore', 'ignore_ament_install']
[0.182s] Level 1:colcon.colcon_core.package_identification:_identify(service_client_test) by extension 'ignore'
[0.182s] Level 1:colcon.colcon_core.package_identification:_identify(service_client_test) by extension 'ignore_ament_install'
[0.182s] Level 1:colcon.colcon_core.package_identification:_identify(service_client_test) by extensions ['colcon_pkg']
[0.182s] Level 1:colcon.colcon_core.package_identification:_identify(service_client_test) by extension 'colcon_pkg'
[0.182s] Level 1:colcon.colcon_core.package_identification:_identify(service_client_test) by extensions ['colcon_meta']
[0.182s] Level 1:colcon.colcon_core.package_identification:_identify(service_client_test) by extension 'colcon_meta'
[0.182s] Level 1:colcon.colcon_core.package_identification:_identify(service_client_test) by extensions ['ros']
[0.182s] Level 1:colcon.colcon_core.package_identification:_identify(service_client_test) by extension 'ros'
[0.182s] Level 1:colcon.colcon_core.package_identification:_identify(service_client_test) by extensions ['cmake', 'python']
[0.182s] Level 1:colcon.colcon_core.package_identification:_identify(service_client_test) by extension 'cmake'
[0.182s] Level 1:colcon.colcon_core.package_identification:_identify(service_client_test) by extension 'python'
[0.182s] Level 1:colcon.colcon_core.package_identification:_identify(service_client_test) by extensions ['python_setup_py']
[0.182s] Level 1:colcon.colcon_core.package_identification:_identify(service_client_test) by extension 'python_setup_py'
[0.182s] Level 1:colcon.colcon_core.package_identification:_identify(service_client_test/service_client_test) by extensions ['ignore', 'ignore_ament_install']
[0.182s] Level 1:colcon.colcon_core.package_identification:_identify(service_client_test/service_client_test) by extension 'ignore'
[0.182s] Level 1:colcon.colcon_core.package_identification:_identify(service_client_test/service_client_test) by extension 'ignore_ament_install'
[0.182s] Level 1:colcon.colcon_core.package_identification:_identify(service_client_test/service_client_test) by extensions ['colcon_pkg']
[0.182s] Level 1:colcon.colcon_core.package_identification:_identify(service_client_test/service_client_test) by extension 'colcon_pkg'
[0.182s] Level 1:colcon.colcon_core.package_identification:_identify(service_client_test/service_client_test) by extensions ['colcon_meta']
[0.182s] Level 1:colcon.colcon_core.package_identification:_identify(service_client_test/service_client_test) by extension 'colcon_meta'
[0.182s] Level 1:colcon.colcon_core.package_identification:_identify(service_client_test/service_client_test) by extensions ['ros']
[0.182s] Level 1:colcon.colcon_core.package_identification:_identify(service_client_test/service_client_test) by extension 'ros'
[0.183s] DEBUG:colcon.colcon_core.package_identification:Package 'service_client_test/service_client_test' with type 'ros.ament_cmake' and name 'service_client_test'
[0.183s] Level 1:colcon.colcon_core.package_identification:_identify(subscriber_test) by extensions ['ignore', 'ignore_ament_install']
[0.183s] Level 1:colcon.colcon_core.package_identification:_identify(subscriber_test) by extension 'ignore'
[0.183s] Level 1:colcon.colcon_core.package_identification:_identify(subscriber_test) by extension 'ignore_ament_install'
[0.183s] Level 1:colcon.colcon_core.package_identification:_identify(subscriber_test) by extensions ['colcon_pkg']
[0.183s] Level 1:colcon.colcon_core.package_identification:_identify(subscriber_test) by extension 'colcon_pkg'
[0.183s] Level 1:colcon.colcon_core.package_identification:_identify(subscriber_test) by extensions ['colcon_meta']
[0.183s] Level 1:colcon.colcon_core.package_identification:_identify(subscriber_test) by extension 'colcon_meta'
[0.183s] Level 1:colcon.colcon_core.package_identification:_identify(subscriber_test) by extensions ['ros']
[0.183s] Level 1:colcon.colcon_core.package_identification:_identify(subscriber_test) by extension 'ros'
[0.183s] Level 1:colcon.colcon_core.package_identification:_identify(subscriber_test) by extensions ['cmake', 'python']
[0.183s] Level 1:colcon.colcon_core.package_identification:_identify(subscriber_test) by extension 'cmake'
[0.183s] Level 1:colcon.colcon_core.package_identification:_identify(subscriber_test) by extension 'python'
[0.183s] Level 1:colcon.colcon_core.package_identification:_identify(subscriber_test) by extensions ['python_setup_py']
[0.183s] Level 1:colcon.colcon_core.package_identification:_identify(subscriber_test) by extension 'python_setup_py'
[0.183s] Level 1:colcon.colcon_core.package_identification:_identify(subscriber_test/subscriber_node_cpp) by extensions ['ignore', 'ignore_ament_install']
[0.183s] Level 1:colcon.colcon_core.package_identification:_identify(subscriber_test/subscriber_node_cpp) by extension 'ignore'
[0.183s] Level 1:colcon.colcon_core.package_identification:_identify(subscriber_test/subscriber_node_cpp) by extension 'ignore_ament_install'
[0.183s] Level 1:colcon.colcon_core.package_identification:_identify(subscriber_test/subscriber_node_cpp) by extensions ['colcon_pkg']
[0.183s] Level 1:colcon.colcon_core.package_identification:_identify(subscriber_test/subscriber_node_cpp) by extension 'colcon_pkg'
[0.183s] Level 1:colcon.colcon_core.package_identification:_identify(subscriber_test/subscriber_node_cpp) by extensions ['colcon_meta']
[0.183s] Level 1:colcon.colcon_core.package_identification:_identify(subscriber_test/subscriber_node_cpp) by extension 'colcon_meta'
[0.183s] Level 1:colcon.colcon_core.package_identification:_identify(subscriber_test/subscriber_node_cpp) by extensions ['ros']
[0.183s] Level 1:colcon.colcon_core.package_identification:_identify(subscriber_test/subscriber_node_cpp) by extension 'ros'
[0.183s] Level 1:colcon.colcon_core.package_identification:_identify(subscriber_test/subscriber_node_cpp) by extensions ['cmake', 'python']
[0.183s] Level 1:colcon.colcon_core.package_identification:_identify(subscriber_test/subscriber_node_cpp) by extension 'cmake'
[0.184s] Level 1:colcon.colcon_core.package_identification:_identify(subscriber_test/subscriber_node_cpp) by extension 'python'
[0.184s] Level 1:colcon.colcon_core.package_identification:_identify(subscriber_test/subscriber_node_cpp) by extensions ['python_setup_py']
[0.184s] Level 1:colcon.colcon_core.package_identification:_identify(subscriber_test/subscriber_node_cpp) by extension 'python_setup_py'
[0.184s] Level 1:colcon.colcon_core.package_identification:_identify(subscriber_test/subscriber_node_cpp/my_subscriber_pkg) by extensions ['ignore', 'ignore_ament_install']
[0.184s] Level 1:colcon.colcon_core.package_identification:_identify(subscriber_test/subscriber_node_cpp/my_subscriber_pkg) by extension 'ignore'
[0.184s] Level 1:colcon.colcon_core.package_identification:_identify(subscriber_test/subscriber_node_cpp/my_subscriber_pkg) by extension 'ignore_ament_install'
[0.184s] Level 1:colcon.colcon_core.package_identification:_identify(subscriber_test/subscriber_node_cpp/my_subscriber_pkg) by extensions ['colcon_pkg']
[0.184s] Level 1:colcon.colcon_core.package_identification:_identify(subscriber_test/subscriber_node_cpp/my_subscriber_pkg) by extension 'colcon_pkg'
[0.184s] Level 1:colcon.colcon_core.package_identification:_identify(subscriber_test/subscriber_node_cpp/my_subscriber_pkg) by extensions ['colcon_meta']
[0.184s] Level 1:colcon.colcon_core.package_identification:_identify(subscriber_test/subscriber_node_cpp/my_subscriber_pkg) by extension 'colcon_meta'
[0.184s] Level 1:colcon.colcon_core.package_identification:_identify(subscriber_test/subscriber_node_cpp/my_subscriber_pkg) by extensions ['ros']
[0.184s] Level 1:colcon.colcon_core.package_identification:_identify(subscriber_test/subscriber_node_cpp/my_subscriber_pkg) by extension 'ros'
[0.184s] DEBUG:colcon.colcon_core.package_identification:Package 'subscriber_test/subscriber_node_cpp/my_subscriber_pkg' with type 'ros.ament_cmake' and name 'my_subscriber_pkg'
[0.184s] Level 1:colcon.colcon_core.package_discovery:discover_packages(recursive) using defaults
[0.184s] Level 1:colcon.colcon_core.package_discovery:discover_packages(ignore) discover
[0.184s] Level 1:colcon.colcon_core.package_discovery:discover_packages(ignore) using defaults
[0.184s] Level 1:colcon.colcon_core.package_discovery:discover_packages(path) discover
[0.184s] Level 1:colcon.colcon_core.package_discovery:discover_packages(path) using defaults
[0.205s] Level 1:colcon.colcon_core.package_discovery:discover_packages(prefix_path) check parameters
[0.205s] Level 1:colcon.colcon_core.package_discovery:discover_packages(prefix_path) discover
[0.206s] WARNING:colcon.colcon_core.prefix_path.colcon:The path '/home/hycon/workspace/ros2_study/msgs_study/install' in the environment variable COLCON_PREFIX_PATH doesn't exist
[0.206s] WARNING:colcon.colcon_ros.prefix_path.ament:The path '/home/hycon/workspace/ros2_study/msgs_study/install/my_first_package_msgs' in the environment variable AMENT_PREFIX_PATH doesn't exist
[0.206s] WARNING:colcon.colcon_ros.prefix_path.catkin:The path '/home/hycon/workspace/ros2_study/msgs_study/install/my_first_package_msgs' in the environment variable CMAKE_PREFIX_PATH doesn't exist
[0.206s] DEBUG:colcon.colcon_installed_package_information.package_discovery:Found 2 installed packages in /home/hycon/workspace/ros2_study/pkg_test/install
[0.207s] DEBUG:colcon.colcon_installed_package_information.package_discovery:Found 271 installed packages in /opt/ros/humble
[0.208s] Level 1:colcon.colcon_core.package_discovery:discover_packages(prefix_path) using defaults
[0.229s] Level 5:colcon.colcon_core.verb:set package 'my_first_package' build argument 'cmake_args' from command line to 'None'
[0.229s] Level 5:colcon.colcon_core.verb:set package 'my_first_package' build argument 'cmake_target' from command line to 'None'
[0.229s] Level 5:colcon.colcon_core.verb:set package 'my_first_package' build argument 'cmake_target_skip_unavailable' from command line to 'False'
[0.229s] Level 5:colcon.colcon_core.verb:set package 'my_first_package' build argument 'cmake_clean_cache' from command line to 'False'
[0.229s] Level 5:colcon.colcon_core.verb:set package 'my_first_package' build argument 'cmake_clean_first' from command line to 'False'
[0.229s] Level 5:colcon.colcon_core.verb:set package 'my_first_package' build argument 'cmake_force_configure' from command line to 'False'
[0.229s] Level 5:colcon.colcon_core.verb:set package 'my_first_package' build argument 'ament_cmake_args' from command line to 'None'
[0.229s] Level 5:colcon.colcon_core.verb:set package 'my_first_package' build argument 'catkin_cmake_args' from command line to 'None'
[0.229s] Level 5:colcon.colcon_core.verb:set package 'my_first_package' build argument 'catkin_skip_building_tests' from command line to 'False'
[0.229s] DEBUG:colcon.colcon_core.verb:Building package 'my_first_package' with the following arguments: {'ament_cmake_args': None, 'build_base': '/home/hycon/workspace/ros2_study/build/my_first_package', 'catkin_cmake_args': None, 'catkin_skip_building_tests': False, 'cmake_args': None, 'cmake_clean_cache': False, 'cmake_clean_first': False, 'cmake_force_configure': False, 'cmake_target': None, 'cmake_target_skip_unavailable': False, 'install_base': '/home/hycon/workspace/ros2_study/install/my_first_package', 'merge_install': False, 'path': '/home/hycon/workspace/ros2_study/pkg_test/src/my_first_package', 'symlink_install': False, 'test_result_base': None}
[0.229s] Level 5:colcon.colcon_core.verb:set package 'my_first_package_msgs' build argument 'cmake_args' from command line to 'None'
[0.229s] Level 5:colcon.colcon_core.verb:set package 'my_first_package_msgs' build argument 'cmake_target' from command line to 'None'
[0.229s] Level 5:colcon.colcon_core.verb:set package 'my_first_package_msgs' build argument 'cmake_target_skip_unavailable' from command line to 'False'
[0.229s] Level 5:colcon.colcon_core.verb:set package 'my_first_package_msgs' build argument 'cmake_clean_cache' from command line to 'False'
[0.229s] Level 5:colcon.colcon_core.verb:set package 'my_first_package_msgs' build argument 'cmake_clean_first' from command line to 'False'
[0.229s] Level 5:colcon.colcon_core.verb:set package 'my_first_package_msgs' build argument 'cmake_force_configure' from command line to 'False'
[0.229s] Level 5:colcon.colcon_core.verb:set package 'my_first_package_msgs' build argument 'ament_cmake_args' from command line to 'None'
[0.229s] Level 5:colcon.colcon_core.verb:set package 'my_first_package_msgs' build argument 'catkin_cmake_args' from command line to 'None'
[0.229s] Level 5:colcon.colcon_core.verb:set package 'my_first_package_msgs' build argument 'catkin_skip_building_tests' from command line to 'False'
[0.229s] DEBUG:colcon.colcon_core.verb:Building package 'my_first_package_msgs' with the following arguments: {'ament_cmake_args': None, 'build_base': '/home/hycon/workspace/ros2_study/build/my_first_package_msgs', 'catkin_cmake_args': None, 'catkin_skip_building_tests': False, 'cmake_args': None, 'cmake_clean_cache': False, 'cmake_clean_first': False, 'cmake_force_configure': False, 'cmake_target': None, 'cmake_target_skip_unavailable': False, 'install_base': '/home/hycon/workspace/ros2_study/install/my_first_package_msgs', 'merge_install': False, 'path': '/home/hycon/workspace/ros2_study/pkg_test/src/my_first_package_msgs', 'symlink_install': False, 'test_result_base': None}
[0.229s] Level 5:colcon.colcon_core.verb:set package 'my_subscriber_pkg' build argument 'cmake_args' from command line to 'None'
[0.229s] Level 5:colcon.colcon_core.verb:set package 'my_subscriber_pkg' build argument 'cmake_target' from command line to 'None'
[0.229s] Level 5:colcon.colcon_core.verb:set package 'my_subscriber_pkg' build argument 'cmake_target_skip_unavailable' from command line to 'False'
[0.229s] Level 5:colcon.colcon_core.verb:set package 'my_subscriber_pkg' build argument 'cmake_clean_cache' from command line to 'False'
[0.229s] Level 5:colcon.colcon_core.verb:set package 'my_subscriber_pkg' build argument 'cmake_clean_first' from command line to 'False'
[0.229s] Level 5:colcon.colcon_core.verb:set package 'my_subscriber_pkg' build argument 'cmake_force_configure' from command line to 'False'
[0.229s] Level 5:colcon.colcon_core.verb:set package 'my_subscriber_pkg' build argument 'ament_cmake_args' from command line to 'None'
[0.229s] Level 5:colcon.colcon_core.verb:set package 'my_subscriber_pkg' build argument 'catkin_cmake_args' from command line to 'None'
[0.229s] Level 5:colcon.colcon_core.verb:set package 'my_subscriber_pkg' build argument 'catkin_skip_building_tests' from command line to 'False'
[0.229s] DEBUG:colcon.colcon_core.verb:Building package 'my_subscriber_pkg' with the following arguments: {'ament_cmake_args': None, 'build_base': '/home/hycon/workspace/ros2_study/build/my_subscriber_pkg', 'catkin_cmake_args': None, 'catkin_skip_building_tests': False, 'cmake_args': None, 'cmake_clean_cache': False, 'cmake_clean_first': False, 'cmake_force_configure': False, 'cmake_target': None, 'cmake_target_skip_unavailable': False, 'install_base': '/home/hycon/workspace/ros2_study/install/my_subscriber_pkg', 'merge_install': False, 'path': '/home/hycon/workspace/ros2_study/subscriber_test/subscriber_node_cpp/my_subscriber_pkg', 'symlink_install': False, 'test_result_base': None}
[0.230s] Level 5:colcon.colcon_core.verb:set package 'publisher_make_test' build argument 'cmake_args' from command line to 'None'
[0.230s] Level 5:colcon.colcon_core.verb:set package 'publisher_make_test' build argument 'cmake_target' from command line to 'None'
[0.230s] Level 5:colcon.colcon_core.verb:set package 'publisher_make_test' build argument 'cmake_target_skip_unavailable' from command line to 'False'
[0.230s] Level 5:colcon.colcon_core.verb:set package 'publisher_make_test' build argument 'cmake_clean_cache' from command line to 'False'
[0.230s] Level 5:colcon.colcon_core.verb:set package 'publisher_make_test' build argument 'cmake_clean_first' from command line to 'False'
[0.230s] Level 5:colcon.colcon_core.verb:set package 'publisher_make_test' build argument 'cmake_force_configure' from command line to 'False'
[0.230s] Level 5:colcon.colcon_core.verb:set package 'publisher_make_test' build argument 'ament_cmake_args' from command line to 'None'
[0.230s] Level 5:colcon.colcon_core.verb:set package 'publisher_make_test' build argument 'catkin_cmake_args' from command line to 'None'
[0.230s] Level 5:colcon.colcon_core.verb:set package 'publisher_make_test' build argument 'catkin_skip_building_tests' from command line to 'False'
[0.230s] DEBUG:colcon.colcon_core.verb:Building package 'publisher_make_test' with the following arguments: {'ament_cmake_args': None, 'build_base': '/home/hycon/workspace/ros2_study/build/publisher_make_test', 'catkin_cmake_args': None, 'catkin_skip_building_tests': False, 'cmake_args': None, 'cmake_clean_cache': False, 'cmake_clean_first': False, 'cmake_force_configure': False, 'cmake_target': None, 'cmake_target_skip_unavailable': False, 'install_base': '/home/hycon/workspace/ros2_study/install/publisher_make_test', 'merge_install': False, 'path': '/home/hycon/workspace/ros2_study/publisher_test/publisher_make_test', 'symlink_install': False, 'test_result_base': None}
[0.230s] Level 5:colcon.colcon_core.verb:set package 'service_client_test' build argument 'cmake_args' from command line to 'None'
[0.230s] Level 5:colcon.colcon_core.verb:set package 'service_client_test' build argument 'cmake_target' from command line to 'None'
[0.230s] Level 5:colcon.colcon_core.verb:set package 'service_client_test' build argument 'cmake_target_skip_unavailable' from command line to 'False'
[0.230s] Level 5:colcon.colcon_core.verb:set package 'service_client_test' build argument 'cmake_clean_cache' from command line to 'False'
[0.230s] Level 5:colcon.colcon_core.verb:set package 'service_client_test' build argument 'cmake_clean_first' from command line to 'False'
[0.230s] Level 5:colcon.colcon_core.verb:set package 'service_client_test' build argument 'cmake_force_configure' from command line to 'False'
[0.230s] Level 5:colcon.colcon_core.verb:set package 'service_client_test' build argument 'ament_cmake_args' from command line to 'None'
[0.230s] Level 5:colcon.colcon_core.verb:set package 'service_client_test' build argument 'catkin_cmake_args' from command line to 'None'
[0.230s] Level 5:colcon.colcon_core.verb:set package 'service_client_test' build argument 'catkin_skip_building_tests' from command line to 'False'
[0.230s] DEBUG:colcon.colcon_core.verb:Building package 'service_client_test' with the following arguments: {'ament_cmake_args': None, 'build_base': '/home/hycon/workspace/ros2_study/build/service_client_test', 'catkin_cmake_args': None, 'catkin_skip_building_tests': False, 'cmake_args': None, 'cmake_clean_cache': False, 'cmake_clean_first': False, 'cmake_force_configure': False, 'cmake_target': None, 'cmake_target_skip_unavailable': False, 'install_base': '/home/hycon/workspace/ros2_study/install/service_client_test', 'merge_install': False, 'path': '/home/hycon/workspace/ros2_study/service_client_test/service_client_test', 'symlink_install': False, 'test_result_base': None}
[0.230s] INFO:colcon.colcon_core.executor:Executing jobs using 'parallel' executor
[0.231s] DEBUG:colcon.colcon_parallel_executor.executor.parallel:run_until_complete
[0.231s] INFO:colcon.colcon_ros.task.ament_python.build:Building ROS package in '/home/hycon/workspace/ros2_study/pkg_test/src/my_first_package' with build type 'ament_python'
[0.231s] Level 1:colcon.colcon_core.shell:create_environment_hook('my_first_package', 'ament_prefix_path')
[0.233s] INFO:colcon.colcon_core.plugin_system:Skipping extension 'colcon_core.shell.bat': Not used on non-Windows systems
[0.233s] INFO:colcon.colcon_core.shell:Creating environment hook '/home/hycon/workspace/ros2_study/install/my_first_package/share/my_first_package/hook/ament_prefix_path.ps1'
[0.234s] INFO:colcon.colcon_core.shell:Creating environment descriptor '/home/hycon/workspace/ros2_study/install/my_first_package/share/my_first_package/hook/ament_prefix_path.dsv'
[0.234s] INFO:colcon.colcon_core.shell:Creating environment hook '/home/hycon/workspace/ros2_study/install/my_first_package/share/my_first_package/hook/ament_prefix_path.sh'
[0.235s] INFO:colcon.colcon_core.shell:Skip shell extension 'powershell' for command environment: Not usable outside of PowerShell
[0.235s] DEBUG:colcon.colcon_core.shell:Skip shell extension 'dsv' for command environment
[0.236s] INFO:colcon.colcon_ros.task.ament_cmake.build:Building ROS package in '/home/hycon/workspace/ros2_study/pkg_test/src/my_first_package_msgs' with build type 'ament_cmake'
[0.237s] INFO:colcon.colcon_cmake.task.cmake.build:Building CMake package in '/home/hycon/workspace/ros2_study/pkg_test/src/my_first_package_msgs'
[0.237s] INFO:colcon.colcon_core.shell:Skip shell extension 'powershell' for command environment: Not usable outside of PowerShell
[0.237s] DEBUG:colcon.colcon_core.shell:Skip shell extension 'dsv' for command environment
[0.239s] INFO:colcon.colcon_ros.task.ament_cmake.build:Building ROS package in '/home/hycon/workspace/ros2_study/subscriber_test/subscriber_node_cpp/my_subscriber_pkg' with build type 'ament_cmake'
[0.239s] INFO:colcon.colcon_cmake.task.cmake.build:Building CMake package in '/home/hycon/workspace/ros2_study/subscriber_test/subscriber_node_cpp/my_subscriber_pkg'
[0.239s] INFO:colcon.colcon_core.shell:Skip shell extension 'powershell' for command environment: Not usable outside of PowerShell
[0.239s] DEBUG:colcon.colcon_core.shell:Skip shell extension 'dsv' for command environment
[0.241s] INFO:colcon.colcon_ros.task.ament_cmake.build:Building ROS package in '/home/hycon/workspace/ros2_study/publisher_test/publisher_make_test' with build type 'ament_cmake'
[0.241s] INFO:colcon.colcon_cmake.task.cmake.build:Building CMake package in '/home/hycon/workspace/ros2_study/publisher_test/publisher_make_test'
[0.241s] INFO:colcon.colcon_core.shell:Skip shell extension 'powershell' for command environment: Not usable outside of PowerShell
[0.241s] DEBUG:colcon.colcon_core.shell:Skip shell extension 'dsv' for command environment
[0.244s] INFO:colcon.colcon_ros.task.ament_cmake.build:Building ROS package in '/home/hycon/workspace/ros2_study/service_client_test/service_client_test' with build type 'ament_cmake'
[0.244s] INFO:colcon.colcon_cmake.task.cmake.build:Building CMake package in '/home/hycon/workspace/ros2_study/service_client_test/service_client_test'
[0.244s] INFO:colcon.colcon_core.shell:Skip shell extension 'powershell' for command environment: Not usable outside of PowerShell
[0.244s] DEBUG:colcon.colcon_core.shell:Skip shell extension 'dsv' for command environment
[0.406s] INFO:colcon.colcon_core.task.python.build:Building Python package in '/home/hycon/workspace/ros2_study/pkg_test/src/my_first_package'
[0.406s] INFO:colcon.colcon_core.shell:Skip shell extension 'powershell' for command environment: Not usable outside of PowerShell
[0.406s] DEBUG:colcon.colcon_core.shell:Skip shell extension 'dsv' for command environment
[0.412s] DEBUG:colcon.colcon_core.event_handler.log_command:Invoking command in '/home/hycon/workspace/ros2_study/build/my_first_package_msgs': CMAKE_PREFIX_PATH=${CMAKE_PREFIX_PATH}:/home/hycon/workspace/ros2_study/pkg_test/install/my_first_package:/opt/ros/humble /usr/bin/cmake /home/hycon/workspace/ros2_study/pkg_test/src/my_first_package_msgs -DCMAKE_INSTALL_PREFIX=/home/hycon/workspace/ros2_study/install/my_first_package_msgs
[0.414s] DEBUG:colcon.colcon_core.event_handler.log_command:Invoking command in '/home/hycon/workspace/ros2_study/build/my_subscriber_pkg': CMAKE_PREFIX_PATH=${CMAKE_PREFIX_PATH}:/home/hycon/workspace/ros2_study/pkg_test/install/my_first_package:/opt/ros/humble /usr/bin/cmake /home/hycon/workspace/ros2_study/subscriber_test/subscriber_node_cpp/my_subscriber_pkg -DCMAKE_INSTALL_PREFIX=/home/hycon/workspace/ros2_study/install/my_subscriber_pkg
[0.415s] DEBUG:colcon.colcon_core.event_handler.log_command:Invoking command in '/home/hycon/workspace/ros2_study/build/publisher_make_test': CMAKE_PREFIX_PATH=${CMAKE_PREFIX_PATH}:/home/hycon/workspace/ros2_study/pkg_test/install/my_first_package:/opt/ros/humble /usr/bin/cmake /home/hycon/workspace/ros2_study/publisher_test/publisher_make_test -DCMAKE_INSTALL_PREFIX=/home/hycon/workspace/ros2_study/install/publisher_make_test
[0.418s] DEBUG:colcon.colcon_core.event_handler.log_command:Invoking command in '/home/hycon/workspace/ros2_study/build/service_client_test': CMAKE_PREFIX_PATH=${CMAKE_PREFIX_PATH}:/home/hycon/workspace/ros2_study/pkg_test/install/my_first_package:/opt/ros/humble /usr/bin/cmake /home/hycon/workspace/ros2_study/service_client_test/service_client_test -DCMAKE_INSTALL_PREFIX=/home/hycon/workspace/ros2_study/install/service_client_test
[0.814s] DEBUG:colcon.colcon_core.event_handler.log_command:Invoking command in '/home/hycon/workspace/ros2_study/pkg_test/src/my_first_package': PYTHONPATH=/home/hycon/workspace/ros2_study/build/my_first_package/prefix_override:/usr/lib/python3/dist-packages/colcon_core/task/python/colcon_distutils_commands:/home/hycon/workspace/ros2_study/install/my_first_package/lib/python3.10/site-packages:${PYTHONPATH} /usr/bin/python3 -W ignore:setup.py install is deprecated -W ignore:easy_install command is deprecated setup.py egg_info --egg-base ../../../build/my_first_package build --build-base /home/hycon/workspace/ros2_study/build/my_first_package/build install --record /home/hycon/workspace/ros2_study/build/my_first_package/install.log --single-version-externally-managed install_data
[1.005s] DEBUG:colcon.colcon_core.event_handler.log_command:Invoked command in '/home/hycon/workspace/ros2_study/pkg_test/src/my_first_package' returned '0': PYTHONPATH=/home/hycon/workspace/ros2_study/build/my_first_package/prefix_override:/usr/lib/python3/dist-packages/colcon_core/task/python/colcon_distutils_commands:/home/hycon/workspace/ros2_study/install/my_first_package/lib/python3.10/site-packages:${PYTHONPATH} /usr/bin/python3 -W ignore:setup.py install is deprecated -W ignore:easy_install command is deprecated setup.py egg_info --egg-base ../../../build/my_first_package build --build-base /home/hycon/workspace/ros2_study/build/my_first_package/build install --record /home/hycon/workspace/ros2_study/build/my_first_package/install.log --single-version-externally-managed install_data
[1.008s] Level 1:colcon.colcon_core.environment:checking '/home/hycon/workspace/ros2_study/install/my_first_package' for CMake module files
[1.008s] Level 1:colcon.colcon_core.environment:checking '/home/hycon/workspace/ros2_study/install/my_first_package' for CMake config files
[1.009s] Level 1:colcon.colcon_core.environment:checking '/home/hycon/workspace/ros2_study/install/my_first_package/lib'
[1.009s] Level 1:colcon.colcon_core.environment:checking '/home/hycon/workspace/ros2_study/install/my_first_package/bin'
[1.009s] Level 1:colcon.colcon_core.environment:checking '/home/hycon/workspace/ros2_study/install/my_first_package/lib/pkgconfig/my_first_package.pc'
[1.010s] Level 1:colcon.colcon_core.environment:checking '/home/hycon/workspace/ros2_study/install/my_first_package/lib/python3.10/site-packages'
[1.010s] Level 1:colcon.colcon_core.shell:create_environment_hook('my_first_package', 'pythonpath')
[1.010s] INFO:colcon.colcon_core.shell:Creating environment hook '/home/hycon/workspace/ros2_study/install/my_first_package/share/my_first_package/hook/pythonpath.ps1'
[1.011s] INFO:colcon.colcon_core.shell:Creating environment descriptor '/home/hycon/workspace/ros2_study/install/my_first_package/share/my_first_package/hook/pythonpath.dsv'
[1.011s] INFO:colcon.colcon_core.shell:Creating environment hook '/home/hycon/workspace/ros2_study/install/my_first_package/share/my_first_package/hook/pythonpath.sh'
[1.012s] Level 1:colcon.colcon_core.environment:checking '/home/hycon/workspace/ros2_study/install/my_first_package/bin'
[1.012s] Level 1:colcon.colcon_core.environment:create_environment_scripts_only(my_first_package)
[1.012s] INFO:colcon.colcon_core.shell:Creating package script '/home/hycon/workspace/ros2_study/install/my_first_package/share/my_first_package/package.ps1'
[1.013s] INFO:colcon.colcon_core.shell:Creating package descriptor '/home/hycon/workspace/ros2_study/install/my_first_package/share/my_first_package/package.dsv'
[1.014s] INFO:colcon.colcon_core.shell:Creating package script '/home/hycon/workspace/ros2_study/install/my_first_package/share/my_first_package/package.sh'
[1.014s] INFO:colcon.colcon_core.shell:Creating package script '/home/hycon/workspace/ros2_study/install/my_first_package/share/my_first_package/package.bash'
[1.015s] INFO:colcon.colcon_core.shell:Creating package script '/home/hycon/workspace/ros2_study/install/my_first_package/share/my_first_package/package.zsh'
[1.016s] Level 1:colcon.colcon_core.environment:create_file_with_runtime_dependencies(/home/hycon/workspace/ros2_study/install/my_first_package/share/colcon-core/packages/my_first_package)
[1.376s] DEBUG:colcon.colcon_core.event_handler.log_command:Invoked command in '/home/hycon/workspace/ros2_study/build/publisher_make_test' returned '0': CMAKE_PREFIX_PATH=${CMAKE_PREFIX_PATH}:/home/hycon/workspace/ros2_study/pkg_test/install/my_first_package:/opt/ros/humble /usr/bin/cmake /home/hycon/workspace/ros2_study/publisher_test/publisher_make_test -DCMAKE_INSTALL_PREFIX=/home/hycon/workspace/ros2_study/install/publisher_make_test
[1.378s] DEBUG:colcon.colcon_core.event_handler.log_command:Invoking command in '/home/hycon/workspace/ros2_study/build/publisher_make_test': CMAKE_PREFIX_PATH=${CMAKE_PREFIX_PATH}:/home/hycon/workspace/ros2_study/pkg_test/install/my_first_package:/opt/ros/humble /usr/bin/cmake --build /home/hycon/workspace/ros2_study/build/publisher_make_test -- -j16 -l16
[1.398s] DEBUG:colcon.colcon_core.event_handler.log_command:Invoked command in '/home/hycon/workspace/ros2_study/build/service_client_test' returned '0': CMAKE_PREFIX_PATH=${CMAKE_PREFIX_PATH}:/home/hycon/workspace/ros2_study/pkg_test/install/my_first_package:/opt/ros/humble /usr/bin/cmake /home/hycon/workspace/ros2_study/service_client_test/service_client_test -DCMAKE_INSTALL_PREFIX=/home/hycon/workspace/ros2_study/install/service_client_test
[1.400s] DEBUG:colcon.colcon_core.event_handler.log_command:Invoking command in '/home/hycon/workspace/ros2_study/build/service_client_test': CMAKE_PREFIX_PATH=${CMAKE_PREFIX_PATH}:/home/hycon/workspace/ros2_study/pkg_test/install/my_first_package:/opt/ros/humble /usr/bin/cmake --build /home/hycon/workspace/ros2_study/build/service_client_test -- -j16 -l16
[1.452s] DEBUG:colcon.colcon_core.event_handler.log_command:Invoked command in '/home/hycon/workspace/ros2_study/build/my_subscriber_pkg' returned '0': CMAKE_PREFIX_PATH=${CMAKE_PREFIX_PATH}:/home/hycon/workspace/ros2_study/pkg_test/install/my_first_package:/opt/ros/humble /usr/bin/cmake /home/hycon/workspace/ros2_study/subscriber_test/subscriber_node_cpp/my_subscriber_pkg -DCMAKE_INSTALL_PREFIX=/home/hycon/workspace/ros2_study/install/my_subscriber_pkg
[1.454s] DEBUG:colcon.colcon_core.event_handler.log_command:Invoking command in '/home/hycon/workspace/ros2_study/build/my_subscriber_pkg': CMAKE_PREFIX_PATH=${CMAKE_PREFIX_PATH}:/home/hycon/workspace/ros2_study/pkg_test/install/my_first_package:/opt/ros/humble /usr/bin/cmake --build /home/hycon/workspace/ros2_study/build/my_subscriber_pkg -- -j16 -l16
[1.595s] DEBUG:colcon.colcon_core.event_handler.log_command:Invoked command in '/home/hycon/workspace/ros2_study/build/my_first_package_msgs' returned '0': CMAKE_PREFIX_PATH=${CMAKE_PREFIX_PATH}:/home/hycon/workspace/ros2_study/pkg_test/install/my_first_package:/opt/ros/humble /usr/bin/cmake /home/hycon/workspace/ros2_study/pkg_test/src/my_first_package_msgs -DCMAKE_INSTALL_PREFIX=/home/hycon/workspace/ros2_study/install/my_first_package_msgs
[1.596s] DEBUG:colcon.colcon_core.event_handler.log_command:Invoking command in '/home/hycon/workspace/ros2_study/build/my_first_package_msgs': CMAKE_PREFIX_PATH=${CMAKE_PREFIX_PATH}:/home/hycon/workspace/ros2_study/pkg_test/install/my_first_package:/opt/ros/humble /usr/bin/cmake --build /home/hycon/workspace/ros2_study/build/my_first_package_msgs -- -j16 -l16
[3.203s] DEBUG:colcon.colcon_core.event_handler.log_command:Invoked command in '/home/hycon/workspace/ros2_study/build/my_first_package_msgs' returned '0': CMAKE_PREFIX_PATH=${CMAKE_PREFIX_PATH}:/home/hycon/workspace/ros2_study/pkg_test/install/my_first_package:/opt/ros/humble /usr/bin/cmake --build /home/hycon/workspace/ros2_study/build/my_first_package_msgs -- -j16 -l16
[3.215s] DEBUG:colcon.colcon_core.event_handler.log_command:Invoking command in '/home/hycon/workspace/ros2_study/build/my_first_package_msgs': CMAKE_PREFIX_PATH=${CMAKE_PREFIX_PATH}:/home/hycon/workspace/ros2_study/pkg_test/install/my_first_package:/opt/ros/humble /usr/bin/cmake --install /home/hycon/workspace/ros2_study/build/my_first_package_msgs
[3.283s] Level 1:colcon.colcon_core.environment:create_environment_scripts_only(my_first_package_msgs)
[3.284s] Level 1:colcon.colcon_core.environment:checking '/home/hycon/workspace/ros2_study/install/my_first_package_msgs' for CMake module files
[3.284s] DEBUG:colcon.colcon_core.event_handler.log_command:Invoked command in '/home/hycon/workspace/ros2_study/build/my_first_package_msgs' returned '0': CMAKE_PREFIX_PATH=${CMAKE_PREFIX_PATH}:/home/hycon/workspace/ros2_study/pkg_test/install/my_first_package:/opt/ros/humble /usr/bin/cmake --install /home/hycon/workspace/ros2_study/build/my_first_package_msgs
[3.285s] Level 1:colcon.colcon_core.environment:checking '/home/hycon/workspace/ros2_study/install/my_first_package_msgs' for CMake config files
[3.286s] Level 1:colcon.colcon_core.shell:create_environment_hook('my_first_package_msgs', 'cmake_prefix_path')
[3.286s] INFO:colcon.colcon_core.shell:Creating environment hook '/home/hycon/workspace/ros2_study/install/my_first_package_msgs/share/my_first_package_msgs/hook/cmake_prefix_path.ps1'
[3.287s] INFO:colcon.colcon_core.shell:Creating environment descriptor '/home/hycon/workspace/ros2_study/install/my_first_package_msgs/share/my_first_package_msgs/hook/cmake_prefix_path.dsv'
[3.287s] INFO:colcon.colcon_core.shell:Creating environment hook '/home/hycon/workspace/ros2_study/install/my_first_package_msgs/share/my_first_package_msgs/hook/cmake_prefix_path.sh'
[3.288s] Level 1:colcon.colcon_core.environment:checking '/home/hycon/workspace/ros2_study/install/my_first_package_msgs/lib'
[3.288s] Level 1:colcon.colcon_core.shell:create_environment_hook('my_first_package_msgs', 'ld_library_path_lib')
[3.288s] INFO:colcon.colcon_core.shell:Creating environment hook '/home/hycon/workspace/ros2_study/install/my_first_package_msgs/share/my_first_package_msgs/hook/ld_library_path_lib.ps1'
[3.288s] INFO:colcon.colcon_core.shell:Creating environment descriptor '/home/hycon/workspace/ros2_study/install/my_first_package_msgs/share/my_first_package_msgs/hook/ld_library_path_lib.dsv'
[3.289s] INFO:colcon.colcon_core.shell:Creating environment hook '/home/hycon/workspace/ros2_study/install/my_first_package_msgs/share/my_first_package_msgs/hook/ld_library_path_lib.sh'
[3.289s] Level 1:colcon.colcon_core.environment:checking '/home/hycon/workspace/ros2_study/install/my_first_package_msgs/bin'
[3.289s] Level 1:colcon.colcon_core.environment:checking '/home/hycon/workspace/ros2_study/install/my_first_package_msgs/lib/pkgconfig/my_first_package_msgs.pc'
[3.290s] Level 1:colcon.colcon_core.environment:checking '/home/hycon/workspace/ros2_study/install/my_first_package_msgs/lib/python3.10/site-packages'
[3.290s] Level 1:colcon.colcon_core.environment:checking '/home/hycon/workspace/ros2_study/install/my_first_package_msgs/bin'
[3.290s] INFO:colcon.colcon_core.shell:Creating package script '/home/hycon/workspace/ros2_study/install/my_first_package_msgs/share/my_first_package_msgs/package.ps1'
[3.291s] INFO:colcon.colcon_core.shell:Creating package descriptor '/home/hycon/workspace/ros2_study/install/my_first_package_msgs/share/my_first_package_msgs/package.dsv'
[3.291s] INFO:colcon.colcon_core.shell:Creating package script '/home/hycon/workspace/ros2_study/install/my_first_package_msgs/share/my_first_package_msgs/package.sh'
[3.292s] INFO:colcon.colcon_core.shell:Creating package script '/home/hycon/workspace/ros2_study/install/my_first_package_msgs/share/my_first_package_msgs/package.bash'
[3.292s] INFO:colcon.colcon_core.shell:Creating package script '/home/hycon/workspace/ros2_study/install/my_first_package_msgs/share/my_first_package_msgs/package.zsh'
[3.292s] Level 1:colcon.colcon_core.environment:create_file_with_runtime_dependencies(/home/hycon/workspace/ros2_study/install/my_first_package_msgs/share/colcon-core/packages/my_first_package_msgs)
[3.293s] Level 1:colcon.colcon_core.environment:create_environment_scripts_only(my_first_package_msgs)
[3.293s] Level 1:colcon.colcon_core.environment:checking '/home/hycon/workspace/ros2_study/install/my_first_package_msgs' for CMake module files
[3.294s] Level 1:colcon.colcon_core.environment:checking '/home/hycon/workspace/ros2_study/install/my_first_package_msgs' for CMake config files
[3.294s] Level 1:colcon.colcon_core.shell:create_environment_hook('my_first_package_msgs', 'cmake_prefix_path')
[3.294s] INFO:colcon.colcon_core.shell:Creating environment hook '/home/hycon/workspace/ros2_study/install/my_first_package_msgs/share/my_first_package_msgs/hook/cmake_prefix_path.ps1'
[3.294s] INFO:colcon.colcon_core.shell:Creating environment descriptor '/home/hycon/workspace/ros2_study/install/my_first_package_msgs/share/my_first_package_msgs/hook/cmake_prefix_path.dsv'
[3.294s] INFO:colcon.colcon_core.shell:Creating environment hook '/home/hycon/workspace/ros2_study/install/my_first_package_msgs/share/my_first_package_msgs/hook/cmake_prefix_path.sh'
[3.295s] Level 1:colcon.colcon_core.environment:checking '/home/hycon/workspace/ros2_study/install/my_first_package_msgs/lib'
[3.295s] Level 1:colcon.colcon_core.shell:create_environment_hook('my_first_package_msgs', 'ld_library_path_lib')
[3.295s] INFO:colcon.colcon_core.shell:Creating environment hook '/home/hycon/workspace/ros2_study/install/my_first_package_msgs/share/my_first_package_msgs/hook/ld_library_path_lib.ps1'
[3.295s] INFO:colcon.colcon_core.shell:Creating environment descriptor '/home/hycon/workspace/ros2_study/install/my_first_package_msgs/share/my_first_package_msgs/hook/ld_library_path_lib.dsv'
[3.296s] INFO:colcon.colcon_core.shell:Creating environment hook '/home/hycon/workspace/ros2_study/install/my_first_package_msgs/share/my_first_package_msgs/hook/ld_library_path_lib.sh'
[3.296s] Level 1:colcon.colcon_core.environment:checking '/home/hycon/workspace/ros2_study/install/my_first_package_msgs/bin'
[3.296s] Level 1:colcon.colcon_core.environment:checking '/home/hycon/workspace/ros2_study/install/my_first_package_msgs/lib/pkgconfig/my_first_package_msgs.pc'
[3.296s] Level 1:colcon.colcon_core.environment:checking '/home/hycon/workspace/ros2_study/install/my_first_package_msgs/lib/python3.10/site-packages'
[3.296s] Level 1:colcon.colcon_core.environment:checking '/home/hycon/workspace/ros2_study/install/my_first_package_msgs/bin'
[3.296s] INFO:colcon.colcon_core.shell:Creating package script '/home/hycon/workspace/ros2_study/install/my_first_package_msgs/share/my_first_package_msgs/package.ps1'
[3.297s] INFO:colcon.colcon_core.shell:Creating package descriptor '/home/hycon/workspace/ros2_study/install/my_first_package_msgs/share/my_first_package_msgs/package.dsv'
[3.297s] INFO:colcon.colcon_core.shell:Creating package script '/home/hycon/workspace/ros2_study/install/my_first_package_msgs/share/my_first_package_msgs/package.sh'
[3.297s] INFO:colcon.colcon_core.shell:Creating package script '/home/hycon/workspace/ros2_study/install/my_first_package_msgs/share/my_first_package_msgs/package.bash'
[3.297s] INFO:colcon.colcon_core.shell:Creating package script '/home/hycon/workspace/ros2_study/install/my_first_package_msgs/share/my_first_package_msgs/package.zsh'
[3.298s] Level 1:colcon.colcon_core.environment:create_file_with_runtime_dependencies(/home/hycon/workspace/ros2_study/install/my_first_package_msgs/share/colcon-core/packages/my_first_package_msgs)
[4.022s] DEBUG:colcon.colcon_core.event_handler.log_command:Invoked command in '/home/hycon/workspace/ros2_study/build/service_client_test' returned '0': CMAKE_PREFIX_PATH=${CMAKE_PREFIX_PATH}:/home/hycon/workspace/ros2_study/pkg_test/install/my_first_package:/opt/ros/humble /usr/bin/cmake --build /home/hycon/workspace/ros2_study/build/service_client_test -- -j16 -l16
[4.024s] DEBUG:colcon.colcon_core.event_handler.log_command:Invoking command in '/home/hycon/workspace/ros2_study/build/service_client_test': CMAKE_PREFIX_PATH=${CMAKE_PREFIX_PATH}:/home/hycon/workspace/ros2_study/pkg_test/install/my_first_package:/opt/ros/humble /usr/bin/cmake --install /home/hycon/workspace/ros2_study/build/service_client_test
[4.036s] Level 1:colcon.colcon_core.environment:create_environment_scripts_only(service_client_test)
[4.037s] DEBUG:colcon.colcon_core.event_handler.log_command:Invoked command in '/home/hycon/workspace/ros2_study/build/service_client_test' returned '0': CMAKE_PREFIX_PATH=${CMAKE_PREFIX_PATH}:/home/hycon/workspace/ros2_study/pkg_test/install/my_first_package:/opt/ros/humble /usr/bin/cmake --install /home/hycon/workspace/ros2_study/build/service_client_test
[4.037s] Level 1:colcon.colcon_core.environment:checking '/home/hycon/workspace/ros2_study/install/service_client_test' for CMake module files
[4.038s] Level 1:colcon.colcon_core.environment:checking '/home/hycon/workspace/ros2_study/install/service_client_test' for CMake config files
[4.038s] Level 1:colcon.colcon_core.shell:create_environment_hook('service_client_test', 'cmake_prefix_path')
[4.038s] INFO:colcon.colcon_core.shell:Creating environment hook '/home/hycon/workspace/ros2_study/install/service_client_test/share/service_client_test/hook/cmake_prefix_path.ps1'
[4.039s] INFO:colcon.colcon_core.shell:Creating environment descriptor '/home/hycon/workspace/ros2_study/install/service_client_test/share/service_client_test/hook/cmake_prefix_path.dsv'
[4.039s] INFO:colcon.colcon_core.shell:Creating environment hook '/home/hycon/workspace/ros2_study/install/service_client_test/share/service_client_test/hook/cmake_prefix_path.sh'
[4.040s] Level 1:colcon.colcon_core.environment:checking '/home/hycon/workspace/ros2_study/install/service_client_test/lib'
[4.040s] Level 1:colcon.colcon_core.environment:checking '/home/hycon/workspace/ros2_study/install/service_client_test/bin'
[4.040s] Level 1:colcon.colcon_core.environment:checking '/home/hycon/workspace/ros2_study/install/service_client_test/lib/pkgconfig/service_client_test.pc'
[4.040s] Level 1:colcon.colcon_core.environment:checking '/home/hycon/workspace/ros2_study/install/service_client_test/lib/python3.10/site-packages'
[4.040s] Level 1:colcon.colcon_core.environment:checking '/home/hycon/workspace/ros2_study/install/service_client_test/bin'
[4.040s] INFO:colcon.colcon_core.shell:Creating package script '/home/hycon/workspace/ros2_study/install/service_client_test/share/service_client_test/package.ps1'
[4.041s] INFO:colcon.colcon_core.shell:Creating package descriptor '/home/hycon/workspace/ros2_study/install/service_client_test/share/service_client_test/package.dsv'
[4.041s] INFO:colcon.colcon_core.shell:Creating package script '/home/hycon/workspace/ros2_study/install/service_client_test/share/service_client_test/package.sh'
[4.041s] INFO:colcon.colcon_core.shell:Creating package script '/home/hycon/workspace/ros2_study/install/service_client_test/share/service_client_test/package.bash'
[4.041s] INFO:colcon.colcon_core.shell:Creating package script '/home/hycon/workspace/ros2_study/install/service_client_test/share/service_client_test/package.zsh'
[4.041s] Level 1:colcon.colcon_core.environment:create_file_with_runtime_dependencies(/home/hycon/workspace/ros2_study/install/service_client_test/share/colcon-core/packages/service_client_test)
[4.042s] Level 1:colcon.colcon_core.environment:create_environment_scripts_only(service_client_test)
[4.042s] Level 1:colcon.colcon_core.environment:checking '/home/hycon/workspace/ros2_study/install/service_client_test' for CMake module files
[4.042s] Level 1:colcon.colcon_core.environment:checking '/home/hycon/workspace/ros2_study/install/service_client_test' for CMake config files
[4.042s] Level 1:colcon.colcon_core.shell:create_environment_hook('service_client_test', 'cmake_prefix_path')
[4.043s] INFO:colcon.colcon_core.shell:Creating environment hook '/home/hycon/workspace/ros2_study/install/service_client_test/share/service_client_test/hook/cmake_prefix_path.ps1'
[4.043s] INFO:colcon.colcon_core.shell:Creating environment descriptor '/home/hycon/workspace/ros2_study/install/service_client_test/share/service_client_test/hook/cmake_prefix_path.dsv'
[4.043s] INFO:colcon.colcon_core.shell:Creating environment hook '/home/hycon/workspace/ros2_study/install/service_client_test/share/service_client_test/hook/cmake_prefix_path.sh'
[4.044s] Level 1:colcon.colcon_core.environment:checking '/home/hycon/workspace/ros2_study/install/service_client_test/lib'
[4.044s] Level 1:colcon.colcon_core.environment:checking '/home/hycon/workspace/ros2_study/install/service_client_test/bin'
[4.044s] Level 1:colcon.colcon_core.environment:checking '/home/hycon/workspace/ros2_study/install/service_client_test/lib/pkgconfig/service_client_test.pc'
[4.044s] Level 1:colcon.colcon_core.environment:checking '/home/hycon/workspace/ros2_study/install/service_client_test/lib/python3.10/site-packages'
[4.044s] Level 1:colcon.colcon_core.environment:checking '/home/hycon/workspace/ros2_study/install/service_client_test/bin'
[4.044s] INFO:colcon.colcon_core.shell:Creating package script '/home/hycon/workspace/ros2_study/install/service_client_test/share/service_client_test/package.ps1'
[4.045s] INFO:colcon.colcon_core.shell:Creating package descriptor '/home/hycon/workspace/ros2_study/install/service_client_test/share/service_client_test/package.dsv'
[4.045s] INFO:colcon.colcon_core.shell:Creating package script '/home/hycon/workspace/ros2_study/install/service_client_test/share/service_client_test/package.sh'
[4.045s] INFO:colcon.colcon_core.shell:Creating package script '/home/hycon/workspace/ros2_study/install/service_client_test/share/service_client_test/package.bash'
[4.045s] INFO:colcon.colcon_core.shell:Creating package script '/home/hycon/workspace/ros2_study/install/service_client_test/share/service_client_test/package.zsh'
[4.046s] Level 1:colcon.colcon_core.environment:create_file_with_runtime_dependencies(/home/hycon/workspace/ros2_study/install/service_client_test/share/colcon-core/packages/service_client_test)
[4.461s] DEBUG:colcon.colcon_core.event_handler.log_command:Invoked command in '/home/hycon/workspace/ros2_study/build/publisher_make_test' returned '0': CMAKE_PREFIX_PATH=${CMAKE_PREFIX_PATH}:/home/hycon/workspace/ros2_study/pkg_test/install/my_first_package:/opt/ros/humble /usr/bin/cmake --build /home/hycon/workspace/ros2_study/build/publisher_make_test -- -j16 -l16
[4.463s] DEBUG:colcon.colcon_core.event_handler.log_command:Invoking command in '/home/hycon/workspace/ros2_study/build/publisher_make_test': CMAKE_PREFIX_PATH=${CMAKE_PREFIX_PATH}:/home/hycon/workspace/ros2_study/pkg_test/install/my_first_package:/opt/ros/humble /usr/bin/cmake --install /home/hycon/workspace/ros2_study/build/publisher_make_test
[4.470s] Level 1:colcon.colcon_core.environment:create_environment_scripts_only(publisher_make_test)
[4.470s] Level 1:colcon.colcon_core.environment:checking '/home/hycon/workspace/ros2_study/install/publisher_make_test' for CMake module files
[4.471s] DEBUG:colcon.colcon_core.event_handler.log_command:Invoked command in '/home/hycon/workspace/ros2_study/build/publisher_make_test' returned '0': CMAKE_PREFIX_PATH=${CMAKE_PREFIX_PATH}:/home/hycon/workspace/ros2_study/pkg_test/install/my_first_package:/opt/ros/humble /usr/bin/cmake --install /home/hycon/workspace/ros2_study/build/publisher_make_test
[4.471s] Level 1:colcon.colcon_core.environment:checking '/home/hycon/workspace/ros2_study/install/publisher_make_test' for CMake config files
[4.471s] Level 1:colcon.colcon_core.shell:create_environment_hook('publisher_make_test', 'cmake_prefix_path')
[4.471s] INFO:colcon.colcon_core.shell:Creating environment hook '/home/hycon/workspace/ros2_study/install/publisher_make_test/share/publisher_make_test/hook/cmake_prefix_path.ps1'
[4.472s] INFO:colcon.colcon_core.shell:Creating environment descriptor '/home/hycon/workspace/ros2_study/install/publisher_make_test/share/publisher_make_test/hook/cmake_prefix_path.dsv'
[4.472s] INFO:colcon.colcon_core.shell:Creating environment hook '/home/hycon/workspace/ros2_study/install/publisher_make_test/share/publisher_make_test/hook/cmake_prefix_path.sh'
[4.472s] Level 1:colcon.colcon_core.environment:checking '/home/hycon/workspace/ros2_study/install/publisher_make_test/lib'
[4.472s] Level 1:colcon.colcon_core.environment:checking '/home/hycon/workspace/ros2_study/install/publisher_make_test/bin'
[4.472s] Level 1:colcon.colcon_core.environment:checking '/home/hycon/workspace/ros2_study/install/publisher_make_test/lib/pkgconfig/publisher_make_test.pc'
[4.472s] Level 1:colcon.colcon_core.environment:checking '/home/hycon/workspace/ros2_study/install/publisher_make_test/lib/python3.10/site-packages'
[4.473s] Level 1:colcon.colcon_core.environment:checking '/home/hycon/workspace/ros2_study/install/publisher_make_test/bin'
[4.473s] INFO:colcon.colcon_core.shell:Creating package script '/home/hycon/workspace/ros2_study/install/publisher_make_test/share/publisher_make_test/package.ps1'
[4.473s] INFO:colcon.colcon_core.shell:Creating package descriptor '/home/hycon/workspace/ros2_study/install/publisher_make_test/share/publisher_make_test/package.dsv'
[4.473s] INFO:colcon.colcon_core.shell:Creating package script '/home/hycon/workspace/ros2_study/install/publisher_make_test/share/publisher_make_test/package.sh'
[4.473s] INFO:colcon.colcon_core.shell:Creating package script '/home/hycon/workspace/ros2_study/install/publisher_make_test/share/publisher_make_test/package.bash'
[4.474s] INFO:colcon.colcon_core.shell:Creating package script '/home/hycon/workspace/ros2_study/install/publisher_make_test/share/publisher_make_test/package.zsh'
[4.474s] Level 1:colcon.colcon_core.environment:create_file_with_runtime_dependencies(/home/hycon/workspace/ros2_study/install/publisher_make_test/share/colcon-core/packages/publisher_make_test)
[4.474s] Level 1:colcon.colcon_core.environment:create_environment_scripts_only(publisher_make_test)
[4.474s] Level 1:colcon.colcon_core.environment:checking '/home/hycon/workspace/ros2_study/install/publisher_make_test' for CMake module files
[4.474s] Level 1:colcon.colcon_core.environment:checking '/home/hycon/workspace/ros2_study/install/publisher_make_test' for CMake config files
[4.475s] Level 1:colcon.colcon_core.shell:create_environment_hook('publisher_make_test', 'cmake_prefix_path')
[4.475s] INFO:colcon.colcon_core.shell:Creating environment hook '/home/hycon/workspace/ros2_study/install/publisher_make_test/share/publisher_make_test/hook/cmake_prefix_path.ps1'
[4.475s] INFO:colcon.colcon_core.shell:Creating environment descriptor '/home/hycon/workspace/ros2_study/install/publisher_make_test/share/publisher_make_test/hook/cmake_prefix_path.dsv'
[4.475s] INFO:colcon.colcon_core.shell:Creating environment hook '/home/hycon/workspace/ros2_study/install/publisher_make_test/share/publisher_make_test/hook/cmake_prefix_path.sh'
[4.475s] Level 1:colcon.colcon_core.environment:checking '/home/hycon/workspace/ros2_study/install/publisher_make_test/lib'
[4.475s] Level 1:colcon.colcon_core.environment:checking '/home/hycon/workspace/ros2_study/install/publisher_make_test/bin'
[4.476s] Level 1:colcon.colcon_core.environment:checking '/home/hycon/workspace/ros2_study/install/publisher_make_test/lib/pkgconfig/publisher_make_test.pc'
[4.476s] Level 1:colcon.colcon_core.environment:checking '/home/hycon/workspace/ros2_study/install/publisher_make_test/lib/python3.10/site-packages'
[4.476s] Level 1:colcon.colcon_core.environment:checking '/home/hycon/workspace/ros2_study/install/publisher_make_test/bin'
[4.476s] INFO:colcon.colcon_core.shell:Creating package script '/home/hycon/workspace/ros2_study/install/publisher_make_test/share/publisher_make_test/package.ps1'
[4.476s] INFO:colcon.colcon_core.shell:Creating package descriptor '/home/hycon/workspace/ros2_study/install/publisher_make_test/share/publisher_make_test/package.dsv'
[4.476s] INFO:colcon.colcon_core.shell:Creating package script '/home/hycon/workspace/ros2_study/install/publisher_make_test/share/publisher_make_test/package.sh'
[4.477s] INFO:colcon.colcon_core.shell:Creating package script '/home/hycon/workspace/ros2_study/install/publisher_make_test/share/publisher_make_test/package.bash'
[4.477s] INFO:colcon.colcon_core.shell:Creating package script '/home/hycon/workspace/ros2_study/install/publisher_make_test/share/publisher_make_test/package.zsh'
[4.477s] Level 1:colcon.colcon_core.environment:create_file_with_runtime_dependencies(/home/hycon/workspace/ros2_study/install/publisher_make_test/share/colcon-core/packages/publisher_make_test)
[6.961s] DEBUG:colcon.colcon_core.event_handler.log_command:Invoked command in '/home/hycon/workspace/ros2_study/build/my_subscriber_pkg' returned '0': CMAKE_PREFIX_PATH=${CMAKE_PREFIX_PATH}:/home/hycon/workspace/ros2_study/pkg_test/install/my_first_package:/opt/ros/humble /usr/bin/cmake --build /home/hycon/workspace/ros2_study/build/my_subscriber_pkg -- -j16 -l16
[6.963s] DEBUG:colcon.colcon_core.event_handler.log_command:Invoking command in '/home/hycon/workspace/ros2_study/build/my_subscriber_pkg': CMAKE_PREFIX_PATH=${CMAKE_PREFIX_PATH}:/home/hycon/workspace/ros2_study/pkg_test/install/my_first_package:/opt/ros/humble /usr/bin/cmake --install /home/hycon/workspace/ros2_study/build/my_subscriber_pkg
[6.979s] Level 1:colcon.colcon_core.environment:create_environment_scripts_only(my_subscriber_pkg)
[6.979s] DEBUG:colcon.colcon_core.event_handler.log_command:Invoked command in '/home/hycon/workspace/ros2_study/build/my_subscriber_pkg' returned '0': CMAKE_PREFIX_PATH=${CMAKE_PREFIX_PATH}:/home/hycon/workspace/ros2_study/pkg_test/install/my_first_package:/opt/ros/humble /usr/bin/cmake --install /home/hycon/workspace/ros2_study/build/my_subscriber_pkg
[6.980s] Level 1:colcon.colcon_core.environment:checking '/home/hycon/workspace/ros2_study/install/my_subscriber_pkg' for CMake module files
[6.981s] Level 1:colcon.colcon_core.environment:checking '/home/hycon/workspace/ros2_study/install/my_subscriber_pkg' for CMake config files
[6.981s] Level 1:colcon.colcon_core.shell:create_environment_hook('my_subscriber_pkg', 'cmake_prefix_path')
[6.982s] INFO:colcon.colcon_core.shell:Creating environment hook '/home/hycon/workspace/ros2_study/install/my_subscriber_pkg/share/my_subscriber_pkg/hook/cmake_prefix_path.ps1'
[6.982s] INFO:colcon.colcon_core.shell:Creating environment descriptor '/home/hycon/workspace/ros2_study/install/my_subscriber_pkg/share/my_subscriber_pkg/hook/cmake_prefix_path.dsv'
[6.983s] INFO:colcon.colcon_core.shell:Creating environment hook '/home/hycon/workspace/ros2_study/install/my_subscriber_pkg/share/my_subscriber_pkg/hook/cmake_prefix_path.sh'
[6.984s] Level 1:colcon.colcon_core.environment:checking '/home/hycon/workspace/ros2_study/install/my_subscriber_pkg/lib'
[6.984s] Level 1:colcon.colcon_core.environment:checking '/home/hycon/workspace/ros2_study/install/my_subscriber_pkg/bin'
[6.984s] Level 1:colcon.colcon_core.environment:checking '/home/hycon/workspace/ros2_study/install/my_subscriber_pkg/lib/pkgconfig/my_subscriber_pkg.pc'
[6.984s] Level 1:colcon.colcon_core.environment:checking '/home/hycon/workspace/ros2_study/install/my_subscriber_pkg/lib/python3.10/site-packages'
[6.985s] Level 1:colcon.colcon_core.environment:checking '/home/hycon/workspace/ros2_study/install/my_subscriber_pkg/bin'
[6.985s] INFO:colcon.colcon_core.shell:Creating package script '/home/hycon/workspace/ros2_study/install/my_subscriber_pkg/share/my_subscriber_pkg/package.ps1'
[6.986s] INFO:colcon.colcon_core.shell:Creating package descriptor '/home/hycon/workspace/ros2_study/install/my_subscriber_pkg/share/my_subscriber_pkg/package.dsv'
[6.986s] INFO:colcon.colcon_core.shell:Creating package script '/home/hycon/workspace/ros2_study/install/my_subscriber_pkg/share/my_subscriber_pkg/package.sh'
[6.987s] INFO:colcon.colcon_core.shell:Creating package script '/home/hycon/workspace/ros2_study/install/my_subscriber_pkg/share/my_subscriber_pkg/package.bash'
[6.987s] INFO:colcon.colcon_core.shell:Creating package script '/home/hycon/workspace/ros2_study/install/my_subscriber_pkg/share/my_subscriber_pkg/package.zsh'
[6.987s] Level 1:colcon.colcon_core.environment:create_file_with_runtime_dependencies(/home/hycon/workspace/ros2_study/install/my_subscriber_pkg/share/colcon-core/packages/my_subscriber_pkg)
[6.988s] Level 1:colcon.colcon_core.environment:create_environment_scripts_only(my_subscriber_pkg)
[6.988s] Level 1:colcon.colcon_core.environment:checking '/home/hycon/workspace/ros2_study/install/my_subscriber_pkg' for CMake module files
[6.989s] Level 1:colcon.colcon_core.environment:checking '/home/hycon/workspace/ros2_study/install/my_subscriber_pkg' for CMake config files
[6.989s] Level 1:colcon.colcon_core.shell:create_environment_hook('my_subscriber_pkg', 'cmake_prefix_path')
[6.989s] INFO:colcon.colcon_core.shell:Creating environment hook '/home/hycon/workspace/ros2_study/install/my_subscriber_pkg/share/my_subscriber_pkg/hook/cmake_prefix_path.ps1'
[6.989s] INFO:colcon.colcon_core.shell:Creating environment descriptor '/home/hycon/workspace/ros2_study/install/my_subscriber_pkg/share/my_subscriber_pkg/hook/cmake_prefix_path.dsv'
[6.990s] INFO:colcon.colcon_core.shell:Creating environment hook '/home/hycon/workspace/ros2_study/install/my_subscriber_pkg/share/my_subscriber_pkg/hook/cmake_prefix_path.sh'
[6.990s] Level 1:colcon.colcon_core.environment:checking '/home/hycon/workspace/ros2_study/install/my_subscriber_pkg/lib'
[6.990s] Level 1:colcon.colcon_core.environment:checking '/home/hycon/workspace/ros2_study/install/my_subscriber_pkg/bin'
[6.990s] Level 1:colcon.colcon_core.environment:checking '/home/hycon/workspace/ros2_study/install/my_subscriber_pkg/lib/pkgconfig/my_subscriber_pkg.pc'
[6.990s] Level 1:colcon.colcon_core.environment:checking '/home/hycon/workspace/ros2_study/install/my_subscriber_pkg/lib/python3.10/site-packages'
[6.991s] Level 1:colcon.colcon_core.environment:checking '/home/hycon/workspace/ros2_study/install/my_subscriber_pkg/bin'
[6.991s] INFO:colcon.colcon_core.shell:Creating package script '/home/hycon/workspace/ros2_study/install/my_subscriber_pkg/share/my_subscriber_pkg/package.ps1'
[6.991s] INFO:colcon.colcon_core.shell:Creating package descriptor '/home/hycon/workspace/ros2_study/install/my_subscriber_pkg/share/my_subscriber_pkg/package.dsv'
[6.992s] INFO:colcon.colcon_core.shell:Creating package script '/home/hycon/workspace/ros2_study/install/my_subscriber_pkg/share/my_subscriber_pkg/package.sh'
[6.992s] INFO:colcon.colcon_core.shell:Creating package script '/home/hycon/workspace/ros2_study/install/my_subscriber_pkg/share/my_subscriber_pkg/package.bash'
[6.992s] INFO:colcon.colcon_core.shell:Creating package script '/home/hycon/workspace/ros2_study/install/my_subscriber_pkg/share/my_subscriber_pkg/package.zsh'
[6.993s] Level 1:colcon.colcon_core.environment:create_file_with_runtime_dependencies(/home/hycon/workspace/ros2_study/install/my_subscriber_pkg/share/colcon-core/packages/my_subscriber_pkg)
[6.993s] DEBUG:colcon.colcon_parallel_executor.executor.parallel:closing loop
[6.993s] DEBUG:colcon.colcon_parallel_executor.executor.parallel:loop closed
[6.993s] DEBUG:colcon.colcon_parallel_executor.executor.parallel:run_until_complete finished with '0'
[6.993s] DEBUG:colcon.colcon_core.event_reactor:joining thread
[6.997s] INFO:colcon.colcon_core.plugin_system:Skipping extension 'colcon_notification.desktop_notification.terminal_notifier': Not used on non-Darwin systems
[6.997s] INFO:colcon.colcon_core.plugin_system:Skipping extension 'colcon_notification.desktop_notification.win32': Not used on non-Windows systems
[6.997s] INFO:colcon.colcon_notification.desktop_notification:Sending desktop notification using 'notify2'
[7.011s] DEBUG:colcon.colcon_core.event_reactor:joined thread
[7.011s] INFO:colcon.colcon_core.shell:Creating prefix script '/home/hycon/workspace/ros2_study/install/local_setup.ps1'
[7.012s] INFO:colcon.colcon_core.shell:Creating prefix util module '/home/hycon/workspace/ros2_study/install/_local_setup_util_ps1.py'
[7.013s] INFO:colcon.colcon_core.shell:Creating prefix chain script '/home/hycon/workspace/ros2_study/install/setup.ps1'
[7.013s] INFO:colcon.colcon_core.shell:Creating prefix script '/home/hycon/workspace/ros2_study/install/local_setup.sh'
[7.014s] INFO:colcon.colcon_core.shell:Creating prefix util module '/home/hycon/workspace/ros2_study/install/_local_setup_util_sh.py'
[7.014s] INFO:colcon.colcon_core.shell:Creating prefix chain script '/home/hycon/workspace/ros2_study/install/setup.sh'
[7.015s] INFO:colcon.colcon_core.shell:Creating prefix script '/home/hycon/workspace/ros2_study/install/local_setup.bash'
[7.015s] INFO:colcon.colcon_core.shell:Creating prefix chain script '/home/hycon/workspace/ros2_study/install/setup.bash'
[7.016s] INFO:colcon.colcon_core.shell:Creating prefix script '/home/hycon/workspace/ros2_study/install/local_setup.zsh'
[7.016s] INFO:colcon.colcon_core.shell:Creating prefix chain script '/home/hycon/workspace/ros2_study/install/setup.zsh'
