[0.195s] Invoking command in '/home/hycon/workspace/hycon_git/ros2_study_jh/build/my_first_package_msgs': CMAKE_PREFIX_PATH=${CMAKE_PREFIX_PATH}:/opt/ros/humble /usr/bin/cmake --build /home/hycon/workspace/hycon_git/ros2_study_jh/build/my_first_package_msgs -- -j16 -l16
[0.266s] [ 10%] Built target my_first_package_msgs__rosidl_generator_c
[0.269s] [ 12%] Built target my_first_package_msgs__cpp
[0.276s] [ 12%] Built target ament_cmake_python_copy_my_first_package_msgs
[0.290s] [ 23%] Built target my_first_package_msgs__rosidl_typesupport_introspection_c
[0.297s] [ 33%] Built target my_first_package_msgs__rosidl_typesupport_fastrtps_c
[0.297s] [ 43%] Built target my_first_package_msgs__rosidl_typesupport_c
[0.297s] [ 53%] Built target my_first_package_msgs__rosidl_typesupport_cpp
[0.303s] [ 64%] Built target my_first_package_msgs__rosidl_typesupport_introspection_cpp
[0.315s] [ 74%] Built target my_first_package_msgs__rosidl_typesupport_fastrtps_cpp
[0.334s] [ 74%] Built target my_first_package_msgs
[0.349s] [ 76%] Built target my_first_package_msgs__py
[0.366s] [ 84%] Built target my_first_package_msgs__rosidl_generator_py
[0.387s] [ 89%] Built target my_first_package_msgs__rosidl_typesupport_c__pyext
[0.390s] [ 97%] Built target my_first_package_msgs__rosidl_typesupport_introspection_c__pyext
[0.390s] [100%] Built target my_first_package_msgs__rosidl_typesupport_fastrtps_c__pyext
[0.583s] running egg_info
[0.584s] writing my_first_package_msgs.egg-info/PKG-INFO
[0.585s] writing dependency_links to my_first_package_msgs.egg-info/dependency_links.txt
[0.585s] writing top-level names to my_first_package_msgs.egg-info/top_level.txt
[0.588s] reading manifest file 'my_first_package_msgs.egg-info/SOURCES.txt'
[0.589s] writing manifest file 'my_first_package_msgs.egg-info/SOURCES.txt'
[0.626s] [100%] Built target ament_cmake_python_build_my_first_package_msgs_egg
[0.637s] Invoked command in '/home/hycon/workspace/hycon_git/ros2_study_jh/build/my_first_package_msgs' returned '0': CMAKE_PREFIX_PATH=${CMAKE_PREFIX_PATH}:/opt/ros/humble /usr/bin/cmake --build /home/hycon/workspace/hycon_git/ros2_study_jh/build/my_first_package_msgs -- -j16 -l16
[0.639s] Invoking command in '/home/hycon/workspace/hycon_git/ros2_study_jh/build/my_first_package_msgs': CMAKE_PREFIX_PATH=${CMAKE_PREFIX_PATH}:/opt/ros/humble /usr/bin/cmake --install /home/hycon/workspace/hycon_git/ros2_study_jh/build/my_first_package_msgs
[0.652s] -- Install configuration: ""
[0.653s] -- Up-to-date: /home/hycon/workspace/hycon_git/ros2_study_jh/install/my_first_package_msgs/share/ament_index/resource_index/rosidl_interfaces/my_first_package_msgs
[0.654s] -- Up-to-date: /home/hycon/workspace/hycon_git/ros2_study_jh/install/my_first_package_msgs/include/my_first_package_msgs/my_first_package_msgs
[0.654s] -- Up-to-date: /home/hycon/workspace/hycon_git/ros2_study_jh/install/my_first_package_msgs/include/my_first_package_msgs/my_first_package_msgs/msg
[0.657s] -- Up-to-date: /home/hycon/workspace/hycon_git/ros2_study_jh/install/my_first_package_msgs/include/my_first_package_msgs/my_first_package_msgs/msg/detail
[0.657s] -- Up-to-date: /home/hycon/workspace/hycon_git/ros2_study_jh/install/my_first_package_msgs/include/my_first_package_msgs/my_first_package_msgs/msg/detail/cmd_and_pose_vel__functions.c
[0.657s] -- Up-to-date: /home/hycon/workspace/hycon_git/ros2_study_jh/install/my_first_package_msgs/include/my_first_package_msgs/my_first_package_msgs/msg/detail/cmd_and_pose_vel__functions.h
[0.657s] -- Up-to-date: /home/hycon/workspace/hycon_git/ros2_study_jh/install/my_first_package_msgs/include/my_first_package_msgs/my_first_package_msgs/msg/detail/cmd_and_pose_vel__type_support.h
[0.658s] -- Up-to-date: /home/hycon/workspace/hycon_git/ros2_study_jh/install/my_first_package_msgs/include/my_first_package_msgs/my_first_package_msgs/msg/detail/cmd_and_pose_vel__struct.h
[0.658s] -- Up-to-date: /home/hycon/workspace/hycon_git/ros2_study_jh/install/my_first_package_msgs/include/my_first_package_msgs/my_first_package_msgs/msg/rosidl_generator_c__visibility_control.h
[0.658s] -- Up-to-date: /home/hycon/workspace/hycon_git/ros2_study_jh/install/my_first_package_msgs/include/my_first_package_msgs/my_first_package_msgs/msg/cmd_and_pose_vel.h
[0.658s] -- Up-to-date: /home/hycon/workspace/hycon_git/ros2_study_jh/install/my_first_package_msgs/include/my_first_package_msgs/my_first_package_msgs/srv
[0.658s] -- Up-to-date: /home/hycon/workspace/hycon_git/ros2_study_jh/install/my_first_package_msgs/include/my_first_package_msgs/my_first_package_msgs/srv/detail
[0.658s] -- Up-to-date: /home/hycon/workspace/hycon_git/ros2_study_jh/install/my_first_package_msgs/include/my_first_package_msgs/my_first_package_msgs/srv/detail/multi_spawn__functions.h
[0.658s] -- Up-to-date: /home/hycon/workspace/hycon_git/ros2_study_jh/install/my_first_package_msgs/include/my_first_package_msgs/my_first_package_msgs/srv/detail/multi_spawn__type_support.h
[0.658s] -- Up-to-date: /home/hycon/workspace/hycon_git/ros2_study_jh/install/my_first_package_msgs/include/my_first_package_msgs/my_first_package_msgs/srv/detail/multi_spawn__functions.c
[0.658s] -- Up-to-date: /home/hycon/workspace/hycon_git/ros2_study_jh/install/my_first_package_msgs/include/my_first_package_msgs/my_first_package_msgs/srv/detail/multi_spawn__struct.h
[0.658s] -- Up-to-date: /home/hycon/workspace/hycon_git/ros2_study_jh/install/my_first_package_msgs/include/my_first_package_msgs/my_first_package_msgs/srv/multi_spawn.h
[0.658s] -- Up-to-date: /home/hycon/workspace/hycon_git/ros2_study_jh/install/my_first_package_msgs/share/my_first_package_msgs/environment/library_path.sh
[0.659s] -- Up-to-date: /home/hycon/workspace/hycon_git/ros2_study_jh/install/my_first_package_msgs/share/my_first_package_msgs/environment/library_path.dsv
[0.659s] -- Up-to-date: /home/hycon/workspace/hycon_git/ros2_study_jh/install/my_first_package_msgs/lib/libmy_first_package_msgs__rosidl_generator_c.so
[0.660s] -- Up-to-date: /home/hycon/workspace/hycon_git/ros2_study_jh/install/my_first_package_msgs/include/my_first_package_msgs/my_first_package_msgs
[0.660s] -- Up-to-date: /home/hycon/workspace/hycon_git/ros2_study_jh/install/my_first_package_msgs/include/my_first_package_msgs/my_first_package_msgs/msg
[0.660s] -- Up-to-date: /home/hycon/workspace/hycon_git/ros2_study_jh/install/my_first_package_msgs/include/my_first_package_msgs/my_first_package_msgs/msg/detail
[0.660s] -- Up-to-date: /home/hycon/workspace/hycon_git/ros2_study_jh/install/my_first_package_msgs/include/my_first_package_msgs/my_first_package_msgs/msg/detail/cmd_and_pose_vel__rosidl_typesupport_fastrtps_c.h
[0.660s] -- Up-to-date: /home/hycon/workspace/hycon_git/ros2_study_jh/install/my_first_package_msgs/include/my_first_package_msgs/my_first_package_msgs/msg/rosidl_typesupport_fastrtps_c__visibility_control.h
[0.660s] -- Up-to-date: /home/hycon/workspace/hycon_git/ros2_study_jh/install/my_first_package_msgs/include/my_first_package_msgs/my_first_package_msgs/srv
[0.660s] -- Up-to-date: /home/hycon/workspace/hycon_git/ros2_study_jh/install/my_first_package_msgs/include/my_first_package_msgs/my_first_package_msgs/srv/detail
[0.661s] -- Up-to-date: /home/hycon/workspace/hycon_git/ros2_study_jh/install/my_first_package_msgs/include/my_first_package_msgs/my_first_package_msgs/srv/detail/multi_spawn__rosidl_typesupport_fastrtps_c.h
[0.661s] -- Up-to-date: /home/hycon/workspace/hycon_git/ros2_study_jh/install/my_first_package_msgs/lib/libmy_first_package_msgs__rosidl_typesupport_fastrtps_c.so
[0.661s] -- Up-to-date: /home/hycon/workspace/hycon_git/ros2_study_jh/install/my_first_package_msgs/include/my_first_package_msgs/my_first_package_msgs
[0.661s] -- Up-to-date: /home/hycon/workspace/hycon_git/ros2_study_jh/install/my_first_package_msgs/include/my_first_package_msgs/my_first_package_msgs/msg
[0.661s] -- Up-to-date: /home/hycon/workspace/hycon_git/ros2_study_jh/install/my_first_package_msgs/include/my_first_package_msgs/my_first_package_msgs/msg/detail
[0.661s] -- Up-to-date: /home/hycon/workspace/hycon_git/ros2_study_jh/install/my_first_package_msgs/include/my_first_package_msgs/my_first_package_msgs/msg/detail/cmd_and_pose_vel__rosidl_typesupport_introspection_c.h
[0.661s] -- Up-to-date: /home/hycon/workspace/hycon_git/ros2_study_jh/install/my_first_package_msgs/include/my_first_package_msgs/my_first_package_msgs/msg/detail/cmd_and_pose_vel__type_support.c
[0.661s] -- Up-to-date: /home/hycon/workspace/hycon_git/ros2_study_jh/install/my_first_package_msgs/include/my_first_package_msgs/my_first_package_msgs/msg/rosidl_typesupport_introspection_c__visibility_control.h
[0.661s] -- Up-to-date: /home/hycon/workspace/hycon_git/ros2_study_jh/install/my_first_package_msgs/include/my_first_package_msgs/my_first_package_msgs/srv
[0.662s] -- Up-to-date: /home/hycon/workspace/hycon_git/ros2_study_jh/install/my_first_package_msgs/include/my_first_package_msgs/my_first_package_msgs/srv/detail
[0.662s] -- Up-to-date: /home/hycon/workspace/hycon_git/ros2_study_jh/install/my_first_package_msgs/include/my_first_package_msgs/my_first_package_msgs/srv/detail/multi_spawn__rosidl_typesupport_introspection_c.h
[0.662s] -- Up-to-date: /home/hycon/workspace/hycon_git/ros2_study_jh/install/my_first_package_msgs/include/my_first_package_msgs/my_first_package_msgs/srv/detail/multi_spawn__type_support.c
[0.662s] -- Up-to-date: /home/hycon/workspace/hycon_git/ros2_study_jh/install/my_first_package_msgs/lib/libmy_first_package_msgs__rosidl_typesupport_introspection_c.so
[0.662s] -- Up-to-date: /home/hycon/workspace/hycon_git/ros2_study_jh/install/my_first_package_msgs/lib/libmy_first_package_msgs__rosidl_typesupport_c.so
[0.664s] -- Up-to-date: /home/hycon/workspace/hycon_git/ros2_study_jh/install/my_first_package_msgs/include/my_first_package_msgs/my_first_package_msgs
[0.664s] -- Up-to-date: /home/hycon/workspace/hycon_git/ros2_study_jh/install/my_first_package_msgs/include/my_first_package_msgs/my_first_package_msgs/msg
[0.664s] -- Up-to-date: /home/hycon/workspace/hycon_git/ros2_study_jh/install/my_first_package_msgs/include/my_first_package_msgs/my_first_package_msgs/msg/rosidl_generator_cpp__visibility_control.hpp
[0.664s] -- Up-to-date: /home/hycon/workspace/hycon_git/ros2_study_jh/install/my_first_package_msgs/include/my_first_package_msgs/my_first_package_msgs/msg/detail
[0.665s] -- Up-to-date: /home/hycon/workspace/hycon_git/ros2_study_jh/install/my_first_package_msgs/include/my_first_package_msgs/my_first_package_msgs/msg/detail/cmd_and_pose_vel__builder.hpp
[0.665s] -- Up-to-date: /home/hycon/workspace/hycon_git/ros2_study_jh/install/my_first_package_msgs/include/my_first_package_msgs/my_first_package_msgs/msg/detail/cmd_and_pose_vel__traits.hpp
[0.665s] -- Up-to-date: /home/hycon/workspace/hycon_git/ros2_study_jh/install/my_first_package_msgs/include/my_first_package_msgs/my_first_package_msgs/msg/detail/cmd_and_pose_vel__type_support.hpp
[0.665s] -- Up-to-date: /home/hycon/workspace/hycon_git/ros2_study_jh/install/my_first_package_msgs/include/my_first_package_msgs/my_first_package_msgs/msg/detail/cmd_and_pose_vel__struct.hpp
[0.665s] -- Up-to-date: /home/hycon/workspace/hycon_git/ros2_study_jh/install/my_first_package_msgs/include/my_first_package_msgs/my_first_package_msgs/msg/cmd_and_pose_vel.hpp
[0.665s] -- Up-to-date: /home/hycon/workspace/hycon_git/ros2_study_jh/install/my_first_package_msgs/include/my_first_package_msgs/my_first_package_msgs/srv
[0.665s] -- Up-to-date: /home/hycon/workspace/hycon_git/ros2_study_jh/install/my_first_package_msgs/include/my_first_package_msgs/my_first_package_msgs/srv/detail
[0.665s] -- Up-to-date: /home/hycon/workspace/hycon_git/ros2_study_jh/install/my_first_package_msgs/include/my_first_package_msgs/my_first_package_msgs/srv/detail/multi_spawn__struct.hpp
[0.665s] -- Up-to-date: /home/hycon/workspace/hycon_git/ros2_study_jh/install/my_first_package_msgs/include/my_first_package_msgs/my_first_package_msgs/srv/detail/multi_spawn__type_support.hpp
[0.665s] -- Up-to-date: /home/hycon/workspace/hycon_git/ros2_study_jh/install/my_first_package_msgs/include/my_first_package_msgs/my_first_package_msgs/srv/detail/multi_spawn__traits.hpp
[0.665s] -- Up-to-date: /home/hycon/workspace/hycon_git/ros2_study_jh/install/my_first_package_msgs/include/my_first_package_msgs/my_first_package_msgs/srv/detail/multi_spawn__builder.hpp
[0.665s] -- Up-to-date: /home/hycon/workspace/hycon_git/ros2_study_jh/install/my_first_package_msgs/include/my_first_package_msgs/my_first_package_msgs/srv/multi_spawn.hpp
[0.665s] -- Up-to-date: /home/hycon/workspace/hycon_git/ros2_study_jh/install/my_first_package_msgs/include/my_first_package_msgs/my_first_package_msgs
[0.666s] -- Up-to-date: /home/hycon/workspace/hycon_git/ros2_study_jh/install/my_first_package_msgs/include/my_first_package_msgs/my_first_package_msgs/msg
[0.666s] -- Up-to-date: /home/hycon/workspace/hycon_git/ros2_study_jh/install/my_first_package_msgs/include/my_first_package_msgs/my_first_package_msgs/msg/rosidl_typesupport_fastrtps_cpp__visibility_control.h
[0.666s] -- Up-to-date: /home/hycon/workspace/hycon_git/ros2_study_jh/install/my_first_package_msgs/include/my_first_package_msgs/my_first_package_msgs/msg/detail
[0.666s] -- Up-to-date: /home/hycon/workspace/hycon_git/ros2_study_jh/install/my_first_package_msgs/include/my_first_package_msgs/my_first_package_msgs/msg/detail/dds_fastrtps
[0.666s] -- Up-to-date: /home/hycon/workspace/hycon_git/ros2_study_jh/install/my_first_package_msgs/include/my_first_package_msgs/my_first_package_msgs/msg/detail/cmd_and_pose_vel__rosidl_typesupport_fastrtps_cpp.hpp
[0.666s] -- Up-to-date: /home/hycon/workspace/hycon_git/ros2_study_jh/install/my_first_package_msgs/include/my_first_package_msgs/my_first_package_msgs/srv
[0.666s] -- Up-to-date: /home/hycon/workspace/hycon_git/ros2_study_jh/install/my_first_package_msgs/include/my_first_package_msgs/my_first_package_msgs/srv/detail
[0.666s] -- Up-to-date: /home/hycon/workspace/hycon_git/ros2_study_jh/install/my_first_package_msgs/include/my_first_package_msgs/my_first_package_msgs/srv/detail/dds_fastrtps
[0.666s] -- Up-to-date: /home/hycon/workspace/hycon_git/ros2_study_jh/install/my_first_package_msgs/include/my_first_package_msgs/my_first_package_msgs/srv/detail/multi_spawn__rosidl_typesupport_fastrtps_cpp.hpp
[0.666s] -- Up-to-date: /home/hycon/workspace/hycon_git/ros2_study_jh/install/my_first_package_msgs/lib/libmy_first_package_msgs__rosidl_typesupport_fastrtps_cpp.so
[0.666s] -- Up-to-date: /home/hycon/workspace/hycon_git/ros2_study_jh/install/my_first_package_msgs/include/my_first_package_msgs/my_first_package_msgs
[0.666s] -- Up-to-date: /home/hycon/workspace/hycon_git/ros2_study_jh/install/my_first_package_msgs/include/my_first_package_msgs/my_first_package_msgs/msg
[0.666s] -- Up-to-date: /home/hycon/workspace/hycon_git/ros2_study_jh/install/my_first_package_msgs/include/my_first_package_msgs/my_first_package_msgs/msg/detail
[0.667s] -- Up-to-date: /home/hycon/workspace/hycon_git/ros2_study_jh/install/my_first_package_msgs/include/my_first_package_msgs/my_first_package_msgs/msg/detail/cmd_and_pose_vel__type_support.cpp
[0.667s] -- Up-to-date: /home/hycon/workspace/hycon_git/ros2_study_jh/install/my_first_package_msgs/include/my_first_package_msgs/my_first_package_msgs/msg/detail/cmd_and_pose_vel__rosidl_typesupport_introspection_cpp.hpp
[0.667s] -- Up-to-date: /home/hycon/workspace/hycon_git/ros2_study_jh/install/my_first_package_msgs/include/my_first_package_msgs/my_first_package_msgs/srv
[0.667s] -- Up-to-date: /home/hycon/workspace/hycon_git/ros2_study_jh/install/my_first_package_msgs/include/my_first_package_msgs/my_first_package_msgs/srv/detail
[0.667s] -- Up-to-date: /home/hycon/workspace/hycon_git/ros2_study_jh/install/my_first_package_msgs/include/my_first_package_msgs/my_first_package_msgs/srv/detail/multi_spawn__type_support.cpp
[0.667s] -- Up-to-date: /home/hycon/workspace/hycon_git/ros2_study_jh/install/my_first_package_msgs/include/my_first_package_msgs/my_first_package_msgs/srv/detail/multi_spawn__rosidl_typesupport_introspection_cpp.hpp
[0.667s] -- Up-to-date: /home/hycon/workspace/hycon_git/ros2_study_jh/install/my_first_package_msgs/lib/libmy_first_package_msgs__rosidl_typesupport_introspection_cpp.so
[0.667s] -- Up-to-date: /home/hycon/workspace/hycon_git/ros2_study_jh/install/my_first_package_msgs/lib/libmy_first_package_msgs__rosidl_typesupport_cpp.so
[0.667s] -- Up-to-date: /home/hycon/workspace/hycon_git/ros2_study_jh/install/my_first_package_msgs/share/my_first_package_msgs/environment/pythonpath.sh
[0.667s] -- Up-to-date: /home/hycon/workspace/hycon_git/ros2_study_jh/install/my_first_package_msgs/share/my_first_package_msgs/environment/pythonpath.dsv
[0.667s] -- Up-to-date: /home/hycon/workspace/hycon_git/ros2_study_jh/install/my_first_package_msgs/local/lib/python3.10/dist-packages/my_first_package_msgs-0.0.0-py3.10.egg-info
[0.667s] -- Installing: /home/hycon/workspace/hycon_git/ros2_study_jh/install/my_first_package_msgs/local/lib/python3.10/dist-packages/my_first_package_msgs-0.0.0-py3.10.egg-info/dependency_links.txt
[0.667s] -- Installing: /home/hycon/workspace/hycon_git/ros2_study_jh/install/my_first_package_msgs/local/lib/python3.10/dist-packages/my_first_package_msgs-0.0.0-py3.10.egg-info/SOURCES.txt
[0.668s] -- Installing: /home/hycon/workspace/hycon_git/ros2_study_jh/install/my_first_package_msgs/local/lib/python3.10/dist-packages/my_first_package_msgs-0.0.0-py3.10.egg-info/top_level.txt
[0.668s] -- Installing: /home/hycon/workspace/hycon_git/ros2_study_jh/install/my_first_package_msgs/local/lib/python3.10/dist-packages/my_first_package_msgs-0.0.0-py3.10.egg-info/PKG-INFO
[0.668s] -- Up-to-date: /home/hycon/workspace/hycon_git/ros2_study_jh/install/my_first_package_msgs/local/lib/python3.10/dist-packages/my_first_package_msgs
[0.668s] -- Up-to-date: /home/hycon/workspace/hycon_git/ros2_study_jh/install/my_first_package_msgs/local/lib/python3.10/dist-packages/my_first_package_msgs/_my_first_package_msgs_s.ep.rosidl_typesupport_introspection_c.c
[0.668s] -- Up-to-date: /home/hycon/workspace/hycon_git/ros2_study_jh/install/my_first_package_msgs/local/lib/python3.10/dist-packages/my_first_package_msgs/__init__.py
[0.668s] -- Up-to-date: /home/hycon/workspace/hycon_git/ros2_study_jh/install/my_first_package_msgs/local/lib/python3.10/dist-packages/my_first_package_msgs/libmy_first_package_msgs__rosidl_generator_py.so
[0.668s] -- Up-to-date: /home/hycon/workspace/hycon_git/ros2_study_jh/install/my_first_package_msgs/local/lib/python3.10/dist-packages/my_first_package_msgs/_my_first_package_msgs_s.ep.rosidl_typesupport_fastrtps_c.c
[0.668s] -- Up-to-date: /home/hycon/workspace/hycon_git/ros2_study_jh/install/my_first_package_msgs/local/lib/python3.10/dist-packages/my_first_package_msgs/_my_first_package_msgs_s.ep.rosidl_typesupport_c.c
[0.668s] -- Up-to-date: /home/hycon/workspace/hycon_git/ros2_study_jh/install/my_first_package_msgs/local/lib/python3.10/dist-packages/my_first_package_msgs/my_first_package_msgs_s__rosidl_typesupport_introspection_c.cpython-310-x86_64-linux-gnu.so
[0.668s] -- Up-to-date: /home/hycon/workspace/hycon_git/ros2_study_jh/install/my_first_package_msgs/local/lib/python3.10/dist-packages/my_first_package_msgs/my_first_package_msgs_s__rosidl_typesupport_c.cpython-310-x86_64-linux-gnu.so
[0.668s] -- Up-to-date: /home/hycon/workspace/hycon_git/ros2_study_jh/install/my_first_package_msgs/local/lib/python3.10/dist-packages/my_first_package_msgs/msg
[0.668s] -- Up-to-date: /home/hycon/workspace/hycon_git/ros2_study_jh/install/my_first_package_msgs/local/lib/python3.10/dist-packages/my_first_package_msgs/msg/_cmd_and_pose_vel_s.c
[0.669s] -- Up-to-date: /home/hycon/workspace/hycon_git/ros2_study_jh/install/my_first_package_msgs/local/lib/python3.10/dist-packages/my_first_package_msgs/msg/__init__.py
[0.669s] -- Up-to-date: /home/hycon/workspace/hycon_git/ros2_study_jh/install/my_first_package_msgs/local/lib/python3.10/dist-packages/my_first_package_msgs/msg/_cmd_and_pose_vel.py
[0.669s] -- Up-to-date: /home/hycon/workspace/hycon_git/ros2_study_jh/install/my_first_package_msgs/local/lib/python3.10/dist-packages/my_first_package_msgs/srv
[0.669s] -- Up-to-date: /home/hycon/workspace/hycon_git/ros2_study_jh/install/my_first_package_msgs/local/lib/python3.10/dist-packages/my_first_package_msgs/srv/_multi_spawn_s.c
[0.669s] -- Up-to-date: /home/hycon/workspace/hycon_git/ros2_study_jh/install/my_first_package_msgs/local/lib/python3.10/dist-packages/my_first_package_msgs/srv/__init__.py
[0.669s] -- Up-to-date: /home/hycon/workspace/hycon_git/ros2_study_jh/install/my_first_package_msgs/local/lib/python3.10/dist-packages/my_first_package_msgs/srv/_multi_spawn.py
[0.669s] -- Up-to-date: /home/hycon/workspace/hycon_git/ros2_study_jh/install/my_first_package_msgs/local/lib/python3.10/dist-packages/my_first_package_msgs/my_first_package_msgs_s__rosidl_typesupport_fastrtps_c.cpython-310-x86_64-linux-gnu.so
[0.690s] Listing '/home/hycon/workspace/hycon_git/ros2_study_jh/install/my_first_package_msgs/local/lib/python3.10/dist-packages/my_first_package_msgs'...
[0.691s] Listing '/home/hycon/workspace/hycon_git/ros2_study_jh/install/my_first_package_msgs/local/lib/python3.10/dist-packages/my_first_package_msgs/msg'...
[0.691s] Listing '/home/hycon/workspace/hycon_git/ros2_study_jh/install/my_first_package_msgs/local/lib/python3.10/dist-packages/my_first_package_msgs/srv'...
[0.695s] -- Up-to-date: /home/hycon/workspace/hycon_git/ros2_study_jh/install/my_first_package_msgs/local/lib/python3.10/dist-packages/my_first_package_msgs/my_first_package_msgs_s__rosidl_typesupport_fastrtps_c.cpython-310-x86_64-linux-gnu.so
[0.695s] -- Up-to-date: /home/hycon/workspace/hycon_git/ros2_study_jh/install/my_first_package_msgs/local/lib/python3.10/dist-packages/my_first_package_msgs/my_first_package_msgs_s__rosidl_typesupport_introspection_c.cpython-310-x86_64-linux-gnu.so
[0.695s] -- Up-to-date: /home/hycon/workspace/hycon_git/ros2_study_jh/install/my_first_package_msgs/local/lib/python3.10/dist-packages/my_first_package_msgs/my_first_package_msgs_s__rosidl_typesupport_c.cpython-310-x86_64-linux-gnu.so
[0.695s] -- Up-to-date: /home/hycon/workspace/hycon_git/ros2_study_jh/install/my_first_package_msgs/lib/libmy_first_package_msgs__rosidl_generator_py.so
[0.695s] -- Up-to-date: /home/hycon/workspace/hycon_git/ros2_study_jh/install/my_first_package_msgs/share/my_first_package_msgs/msg/CmdAndPoseVel.idl
[0.695s] -- Up-to-date: /home/hycon/workspace/hycon_git/ros2_study_jh/install/my_first_package_msgs/share/my_first_package_msgs/srv/MultiSpawn.idl
[0.695s] -- Up-to-date: /home/hycon/workspace/hycon_git/ros2_study_jh/install/my_first_package_msgs/share/my_first_package_msgs/msg/CmdAndPoseVel.msg
[0.696s] -- Up-to-date: /home/hycon/workspace/hycon_git/ros2_study_jh/install/my_first_package_msgs/share/my_first_package_msgs/srv/MultiSpawn.srv
[0.696s] -- Up-to-date: /home/hycon/workspace/hycon_git/ros2_study_jh/install/my_first_package_msgs/share/my_first_package_msgs/srv/MultiSpawn_Request.msg
[0.696s] -- Up-to-date: /home/hycon/workspace/hycon_git/ros2_study_jh/install/my_first_package_msgs/share/my_first_package_msgs/srv/MultiSpawn_Response.msg
[0.696s] -- Up-to-date: /home/hycon/workspace/hycon_git/ros2_study_jh/install/my_first_package_msgs/share/ament_index/resource_index/package_run_dependencies/my_first_package_msgs
[0.696s] -- Up-to-date: /home/hycon/workspace/hycon_git/ros2_study_jh/install/my_first_package_msgs/share/ament_index/resource_index/parent_prefix_path/my_first_package_msgs
[0.696s] -- Up-to-date: /home/hycon/workspace/hycon_git/ros2_study_jh/install/my_first_package_msgs/share/my_first_package_msgs/environment/ament_prefix_path.sh
[0.696s] -- Up-to-date: /home/hycon/workspace/hycon_git/ros2_study_jh/install/my_first_package_msgs/share/my_first_package_msgs/environment/ament_prefix_path.dsv
[0.696s] -- Up-to-date: /home/hycon/workspace/hycon_git/ros2_study_jh/install/my_first_package_msgs/share/my_first_package_msgs/environment/path.sh
[0.696s] -- Up-to-date: /home/hycon/workspace/hycon_git/ros2_study_jh/install/my_first_package_msgs/share/my_first_package_msgs/environment/path.dsv
[0.696s] -- Up-to-date: /home/hycon/workspace/hycon_git/ros2_study_jh/install/my_first_package_msgs/share/my_first_package_msgs/local_setup.bash
[0.697s] -- Up-to-date: /home/hycon/workspace/hycon_git/ros2_study_jh/install/my_first_package_msgs/share/my_first_package_msgs/local_setup.sh
[0.697s] -- Up-to-date: /home/hycon/workspace/hycon_git/ros2_study_jh/install/my_first_package_msgs/share/my_first_package_msgs/local_setup.zsh
[0.697s] -- Up-to-date: /home/hycon/workspace/hycon_git/ros2_study_jh/install/my_first_package_msgs/share/my_first_package_msgs/local_setup.dsv
[0.697s] -- Installing: /home/hycon/workspace/hycon_git/ros2_study_jh/install/my_first_package_msgs/share/my_first_package_msgs/package.dsv
[0.697s] -- Up-to-date: /home/hycon/workspace/hycon_git/ros2_study_jh/install/my_first_package_msgs/share/ament_index/resource_index/packages/my_first_package_msgs
[0.697s] -- Up-to-date: /home/hycon/workspace/hycon_git/ros2_study_jh/install/my_first_package_msgs/share/my_first_package_msgs/cmake/export_my_first_package_msgs__rosidl_generator_cExport.cmake
[0.697s] -- Up-to-date: /home/hycon/workspace/hycon_git/ros2_study_jh/install/my_first_package_msgs/share/my_first_package_msgs/cmake/export_my_first_package_msgs__rosidl_generator_cExport-noconfig.cmake
[0.697s] -- Up-to-date: /home/hycon/workspace/hycon_git/ros2_study_jh/install/my_first_package_msgs/share/my_first_package_msgs/cmake/export_my_first_package_msgs__rosidl_typesupport_fastrtps_cExport.cmake
[0.697s] -- Up-to-date: /home/hycon/workspace/hycon_git/ros2_study_jh/install/my_first_package_msgs/share/my_first_package_msgs/cmake/export_my_first_package_msgs__rosidl_typesupport_fastrtps_cExport-noconfig.cmake
[0.698s] -- Up-to-date: /home/hycon/workspace/hycon_git/ros2_study_jh/install/my_first_package_msgs/share/my_first_package_msgs/cmake/my_first_package_msgs__rosidl_typesupport_introspection_cExport.cmake
[0.698s] -- Up-to-date: /home/hycon/workspace/hycon_git/ros2_study_jh/install/my_first_package_msgs/share/my_first_package_msgs/cmake/my_first_package_msgs__rosidl_typesupport_introspection_cExport-noconfig.cmake
[0.699s] -- Up-to-date: /home/hycon/workspace/hycon_git/ros2_study_jh/install/my_first_package_msgs/share/my_first_package_msgs/cmake/my_first_package_msgs__rosidl_typesupport_cExport.cmake
[0.700s] -- Up-to-date: /home/hycon/workspace/hycon_git/ros2_study_jh/install/my_first_package_msgs/share/my_first_package_msgs/cmake/my_first_package_msgs__rosidl_typesupport_cExport-noconfig.cmake
[0.700s] -- Up-to-date: /home/hycon/workspace/hycon_git/ros2_study_jh/install/my_first_package_msgs/share/my_first_package_msgs/cmake/export_my_first_package_msgs__rosidl_generator_cppExport.cmake
[0.700s] -- Up-to-date: /home/hycon/workspace/hycon_git/ros2_study_jh/install/my_first_package_msgs/share/my_first_package_msgs/cmake/export_my_first_package_msgs__rosidl_typesupport_fastrtps_cppExport.cmake
[0.700s] -- Up-to-date: /home/hycon/workspace/hycon_git/ros2_study_jh/install/my_first_package_msgs/share/my_first_package_msgs/cmake/export_my_first_package_msgs__rosidl_typesupport_fastrtps_cppExport-noconfig.cmake
[0.701s] -- Up-to-date: /home/hycon/workspace/hycon_git/ros2_study_jh/install/my_first_package_msgs/share/my_first_package_msgs/cmake/my_first_package_msgs__rosidl_typesupport_introspection_cppExport.cmake
[0.701s] -- Up-to-date: /home/hycon/workspace/hycon_git/ros2_study_jh/install/my_first_package_msgs/share/my_first_package_msgs/cmake/my_first_package_msgs__rosidl_typesupport_introspection_cppExport-noconfig.cmake
[0.701s] -- Up-to-date: /home/hycon/workspace/hycon_git/ros2_study_jh/install/my_first_package_msgs/share/my_first_package_msgs/cmake/my_first_package_msgs__rosidl_typesupport_cppExport.cmake
[0.701s] -- Up-to-date: /home/hycon/workspace/hycon_git/ros2_study_jh/install/my_first_package_msgs/share/my_first_package_msgs/cmake/my_first_package_msgs__rosidl_typesupport_cppExport-noconfig.cmake
[0.701s] -- Up-to-date: /home/hycon/workspace/hycon_git/ros2_study_jh/install/my_first_package_msgs/share/my_first_package_msgs/cmake/export_my_first_package_msgs__rosidl_generator_pyExport.cmake
[0.701s] -- Up-to-date: /home/hycon/workspace/hycon_git/ros2_study_jh/install/my_first_package_msgs/share/my_first_package_msgs/cmake/export_my_first_package_msgs__rosidl_generator_pyExport-noconfig.cmake
[0.701s] -- Up-to-date: /home/hycon/workspace/hycon_git/ros2_study_jh/install/my_first_package_msgs/share/my_first_package_msgs/cmake/rosidl_cmake-extras.cmake
[0.702s] -- Up-to-date: /home/hycon/workspace/hycon_git/ros2_study_jh/install/my_first_package_msgs/share/my_first_package_msgs/cmake/ament_cmake_export_include_directories-extras.cmake
[0.702s] -- Up-to-date: /home/hycon/workspace/hycon_git/ros2_study_jh/install/my_first_package_msgs/share/my_first_package_msgs/cmake/ament_cmake_export_libraries-extras.cmake
[0.702s] -- Up-to-date: /home/hycon/workspace/hycon_git/ros2_study_jh/install/my_first_package_msgs/share/my_first_package_msgs/cmake/ament_cmake_export_targets-extras.cmake
[0.702s] -- Up-to-date: /home/hycon/workspace/hycon_git/ros2_study_jh/install/my_first_package_msgs/share/my_first_package_msgs/cmake/rosidl_cmake_export_typesupport_targets-extras.cmake
[0.702s] -- Up-to-date: /home/hycon/workspace/hycon_git/ros2_study_jh/install/my_first_package_msgs/share/my_first_package_msgs/cmake/ament_cmake_export_dependencies-extras.cmake
[0.702s] -- Up-to-date: /home/hycon/workspace/hycon_git/ros2_study_jh/install/my_first_package_msgs/share/my_first_package_msgs/cmake/rosidl_cmake_export_typesupport_libraries-extras.cmake
[0.702s] -- Up-to-date: /home/hycon/workspace/hycon_git/ros2_study_jh/install/my_first_package_msgs/share/my_first_package_msgs/cmake/my_first_package_msgsConfig.cmake
[0.702s] -- Up-to-date: /home/hycon/workspace/hycon_git/ros2_study_jh/install/my_first_package_msgs/share/my_first_package_msgs/cmake/my_first_package_msgsConfig-version.cmake
[0.702s] -- Up-to-date: /home/hycon/workspace/hycon_git/ros2_study_jh/install/my_first_package_msgs/share/my_first_package_msgs/package.xml
[0.706s] Invoked command in '/home/hycon/workspace/hycon_git/ros2_study_jh/build/my_first_package_msgs' returned '0': CMAKE_PREFIX_PATH=${CMAKE_PREFIX_PATH}:/opt/ros/humble /usr/bin/cmake --install /home/hycon/workspace/hycon_git/ros2_study_jh/build/my_first_package_msgs
