[0.094s] DEBUG:colcon:Command line arguments: ['/usr/bin/colcon', 'build', '--packages-select', 'pkg_test_cpp']
[0.094s] DEBUG:colcon:Parsed command line arguments: Namespace(log_base=None, log_level=None, verb_name='build', build_base='build', install_base='install', merge_install=False, symlink_install=False, test_result_base=None, continue_on_error=False, executor='parallel', parallel_workers=16, event_handlers=None, ignore_user_meta=False, metas=['./colcon.meta'], base_paths=['.'], packages_ignore=None, packages_ignore_regex=None, paths=None, packages_up_to=None, packages_up_to_regex=None, packages_above=None, packages_above_and_dependencies=None, packages_above_depth=None, packages_select_by_dep=None, packages_skip_by_dep=None, packages_skip_up_to=None, packages_select_build_failed=False, packages_skip_build_finished=False, packages_select_test_failures=False, packages_skip_test_passed=False, packages_select=['pkg_test_cpp'], packages_skip=None, packages_select_regex=None, packages_skip_regex=None, packages_start=None, packages_end=None, allow_overriding=[], cmake_args=None, cmake_target=None, cmake_target_skip_unavailable=False, cmake_clean_cache=False, cmake_clean_first=False, cmake_force_configure=False, ament_cmake_args=None, catkin_cmake_args=None, catkin_skip_building_tests=False, verb_parser=<colcon_defaults.argument_parser.defaults.DefaultArgumentsDecorator object at 0x7a770d151b10>, verb_extension=<colcon_core.verb.build.BuildVerb object at 0x7a770d2d2890>, main=<bound method BuildVerb.main of <colcon_core.verb.build.BuildVerb object at 0x7a770d2d2890>>)
[0.196s] Level 1:colcon.colcon_core.package_discovery:discover_packages(colcon_meta) check parameters
[0.196s] Level 1:colcon.colcon_core.package_discovery:discover_packages(recursive) check parameters
[0.196s] Level 1:colcon.colcon_core.package_discovery:discover_packages(ignore) check parameters
[0.196s] Level 1:colcon.colcon_core.package_discovery:discover_packages(path) check parameters
[0.196s] Level 1:colcon.colcon_core.package_discovery:discover_packages(colcon_meta) discover
[0.196s] Level 1:colcon.colcon_core.package_discovery:discover_packages(recursive) discover
[0.196s] INFO:colcon.colcon_core.package_discovery:Crawling recursively for packages in '/home/hycon/workspace/hycon_git/ros2_study_jh'
[0.196s] Level 1:colcon.colcon_core.package_identification:_identify(.) by extensions ['ignore', 'ignore_ament_install']
[0.196s] Level 1:colcon.colcon_core.package_identification:_identify(.) by extension 'ignore'
[0.196s] Level 1:colcon.colcon_core.package_identification:_identify(.) by extension 'ignore_ament_install'
[0.196s] Level 1:colcon.colcon_core.package_identification:_identify(.) by extensions ['colcon_pkg']
[0.196s] Level 1:colcon.colcon_core.package_identification:_identify(.) by extension 'colcon_pkg'
[0.196s] Level 1:colcon.colcon_core.package_identification:_identify(.) by extensions ['colcon_meta']
[0.196s] Level 1:colcon.colcon_core.package_identification:_identify(.) by extension 'colcon_meta'
[0.196s] Level 1:colcon.colcon_core.package_identification:_identify(.) by extensions ['ros']
[0.196s] Level 1:colcon.colcon_core.package_identification:_identify(.) by extension 'ros'
[0.204s] Level 1:colcon.colcon_core.package_identification:_identify(.) by extensions ['cmake', 'python']
[0.204s] Level 1:colcon.colcon_core.package_identification:_identify(.) by extension 'cmake'
[0.204s] Level 1:colcon.colcon_core.package_identification:_identify(.) by extension 'python'
[0.204s] Level 1:colcon.colcon_core.package_identification:_identify(.) by extensions ['python_setup_py']
[0.204s] Level 1:colcon.colcon_core.package_identification:_identify(.) by extension 'python_setup_py'
[0.204s] Level 1:colcon.colcon_core.package_identification:_identify(build) by extensions ['ignore', 'ignore_ament_install']
[0.204s] Level 1:colcon.colcon_core.package_identification:_identify(build) by extension 'ignore'
[0.204s] Level 1:colcon.colcon_core.package_identification:_identify(build) ignored
[0.204s] Level 1:colcon.colcon_core.package_identification:_identify(install) by extensions ['ignore', 'ignore_ament_install']
[0.205s] Level 1:colcon.colcon_core.package_identification:_identify(install) by extension 'ignore'
[0.205s] Level 1:colcon.colcon_core.package_identification:_identify(install) ignored
[0.205s] Level 1:colcon.colcon_core.package_identification:_identify(log) by extensions ['ignore', 'ignore_ament_install']
[0.205s] Level 1:colcon.colcon_core.package_identification:_identify(log) by extension 'ignore'
[0.205s] Level 1:colcon.colcon_core.package_identification:_identify(log) ignored
[0.205s] Level 1:colcon.colcon_core.package_identification:_identify(pkg_cpp) by extensions ['ignore', 'ignore_ament_install']
[0.205s] Level 1:colcon.colcon_core.package_identification:_identify(pkg_cpp) by extension 'ignore'
[0.205s] Level 1:colcon.colcon_core.package_identification:_identify(pkg_cpp) by extension 'ignore_ament_install'
[0.205s] Level 1:colcon.colcon_core.package_identification:_identify(pkg_cpp) by extensions ['colcon_pkg']
[0.205s] Level 1:colcon.colcon_core.package_identification:_identify(pkg_cpp) by extension 'colcon_pkg'
[0.205s] Level 1:colcon.colcon_core.package_identification:_identify(pkg_cpp) by extensions ['colcon_meta']
[0.205s] Level 1:colcon.colcon_core.package_identification:_identify(pkg_cpp) by extension 'colcon_meta'
[0.205s] Level 1:colcon.colcon_core.package_identification:_identify(pkg_cpp) by extensions ['ros']
[0.205s] Level 1:colcon.colcon_core.package_identification:_identify(pkg_cpp) by extension 'ros'
[0.205s] Level 1:colcon.colcon_core.package_identification:_identify(pkg_cpp) by extensions ['cmake', 'python']
[0.205s] Level 1:colcon.colcon_core.package_identification:_identify(pkg_cpp) by extension 'cmake'
[0.205s] Level 1:colcon.colcon_core.package_identification:_identify(pkg_cpp) by extension 'python'
[0.205s] Level 1:colcon.colcon_core.package_identification:_identify(pkg_cpp) by extensions ['python_setup_py']
[0.205s] Level 1:colcon.colcon_core.package_identification:_identify(pkg_cpp) by extension 'python_setup_py'
[0.205s] Level 1:colcon.colcon_core.package_identification:_identify(pkg_cpp/build) by extensions ['ignore', 'ignore_ament_install']
[0.205s] Level 1:colcon.colcon_core.package_identification:_identify(pkg_cpp/build) by extension 'ignore'
[0.205s] Level 1:colcon.colcon_core.package_identification:_identify(pkg_cpp/build) ignored
[0.205s] Level 1:colcon.colcon_core.package_identification:_identify(pkg_cpp/install) by extensions ['ignore', 'ignore_ament_install']
[0.205s] Level 1:colcon.colcon_core.package_identification:_identify(pkg_cpp/install) by extension 'ignore'
[0.205s] Level 1:colcon.colcon_core.package_identification:_identify(pkg_cpp/install) ignored
[0.205s] Level 1:colcon.colcon_core.package_identification:_identify(pkg_cpp/log) by extensions ['ignore', 'ignore_ament_install']
[0.205s] Level 1:colcon.colcon_core.package_identification:_identify(pkg_cpp/log) by extension 'ignore'
[0.205s] Level 1:colcon.colcon_core.package_identification:_identify(pkg_cpp/log) ignored
[0.205s] Level 1:colcon.colcon_core.package_identification:_identify(pkg_cpp/src) by extensions ['ignore', 'ignore_ament_install']
[0.205s] Level 1:colcon.colcon_core.package_identification:_identify(pkg_cpp/src) by extension 'ignore'
[0.206s] Level 1:colcon.colcon_core.package_identification:_identify(pkg_cpp/src) by extension 'ignore_ament_install'
[0.206s] Level 1:colcon.colcon_core.package_identification:_identify(pkg_cpp/src) by extensions ['colcon_pkg']
[0.206s] Level 1:colcon.colcon_core.package_identification:_identify(pkg_cpp/src) by extension 'colcon_pkg'
[0.206s] Level 1:colcon.colcon_core.package_identification:_identify(pkg_cpp/src) by extensions ['colcon_meta']
[0.206s] Level 1:colcon.colcon_core.package_identification:_identify(pkg_cpp/src) by extension 'colcon_meta'
[0.206s] Level 1:colcon.colcon_core.package_identification:_identify(pkg_cpp/src) by extensions ['ros']
[0.206s] Level 1:colcon.colcon_core.package_identification:_identify(pkg_cpp/src) by extension 'ros'
[0.206s] Level 1:colcon.colcon_core.package_identification:_identify(pkg_cpp/src) by extensions ['cmake', 'python']
[0.206s] Level 1:colcon.colcon_core.package_identification:_identify(pkg_cpp/src) by extension 'cmake'
[0.206s] Level 1:colcon.colcon_core.package_identification:_identify(pkg_cpp/src) by extension 'python'
[0.206s] Level 1:colcon.colcon_core.package_identification:_identify(pkg_cpp/src) by extensions ['python_setup_py']
[0.206s] Level 1:colcon.colcon_core.package_identification:_identify(pkg_cpp/src) by extension 'python_setup_py'
[0.206s] Level 1:colcon.colcon_core.package_identification:_identify(pkg_cpp/src/pkg_test_cpp) by extensions ['ignore', 'ignore_ament_install']
[0.206s] Level 1:colcon.colcon_core.package_identification:_identify(pkg_cpp/src/pkg_test_cpp) by extension 'ignore'
[0.206s] Level 1:colcon.colcon_core.package_identification:_identify(pkg_cpp/src/pkg_test_cpp) by extension 'ignore_ament_install'
[0.206s] Level 1:colcon.colcon_core.package_identification:_identify(pkg_cpp/src/pkg_test_cpp) by extensions ['colcon_pkg']
[0.206s] Level 1:colcon.colcon_core.package_identification:_identify(pkg_cpp/src/pkg_test_cpp) by extension 'colcon_pkg'
[0.206s] Level 1:colcon.colcon_core.package_identification:_identify(pkg_cpp/src/pkg_test_cpp) by extensions ['colcon_meta']
[0.206s] Level 1:colcon.colcon_core.package_identification:_identify(pkg_cpp/src/pkg_test_cpp) by extension 'colcon_meta'
[0.206s] Level 1:colcon.colcon_core.package_identification:_identify(pkg_cpp/src/pkg_test_cpp) by extensions ['ros']
[0.206s] Level 1:colcon.colcon_core.package_identification:_identify(pkg_cpp/src/pkg_test_cpp) by extension 'ros'
[0.208s] DEBUG:colcon.colcon_core.package_identification:Package 'pkg_cpp/src/pkg_test_cpp' with type 'ros.ament_cmake' and name 'pkg_test_cpp'
[0.208s] Level 1:colcon.colcon_core.package_identification:_identify(pkg_cpp/src/pkg_test_cpp_msg) by extensions ['ignore', 'ignore_ament_install']
[0.208s] Level 1:colcon.colcon_core.package_identification:_identify(pkg_cpp/src/pkg_test_cpp_msg) by extension 'ignore'
[0.208s] Level 1:colcon.colcon_core.package_identification:_identify(pkg_cpp/src/pkg_test_cpp_msg) by extension 'ignore_ament_install'
[0.208s] Level 1:colcon.colcon_core.package_identification:_identify(pkg_cpp/src/pkg_test_cpp_msg) by extensions ['colcon_pkg']
[0.208s] Level 1:colcon.colcon_core.package_identification:_identify(pkg_cpp/src/pkg_test_cpp_msg) by extension 'colcon_pkg'
[0.208s] Level 1:colcon.colcon_core.package_identification:_identify(pkg_cpp/src/pkg_test_cpp_msg) by extensions ['colcon_meta']
[0.208s] Level 1:colcon.colcon_core.package_identification:_identify(pkg_cpp/src/pkg_test_cpp_msg) by extension 'colcon_meta'
[0.208s] Level 1:colcon.colcon_core.package_identification:_identify(pkg_cpp/src/pkg_test_cpp_msg) by extensions ['ros']
[0.208s] Level 1:colcon.colcon_core.package_identification:_identify(pkg_cpp/src/pkg_test_cpp_msg) by extension 'ros'
[0.208s] DEBUG:colcon.colcon_core.package_identification:Package 'pkg_cpp/src/pkg_test_cpp_msg' with type 'ros.ament_cmake' and name 'pkg_test_cpp_msg'
[0.208s] Level 1:colcon.colcon_core.package_identification:_identify(ros2_study) by extensions ['ignore', 'ignore_ament_install']
[0.209s] Level 1:colcon.colcon_core.package_identification:_identify(ros2_study) by extension 'ignore'
[0.209s] Level 1:colcon.colcon_core.package_identification:_identify(ros2_study) by extension 'ignore_ament_install'
[0.209s] Level 1:colcon.colcon_core.package_identification:_identify(ros2_study) by extensions ['colcon_pkg']
[0.209s] Level 1:colcon.colcon_core.package_identification:_identify(ros2_study) by extension 'colcon_pkg'
[0.209s] Level 1:colcon.colcon_core.package_identification:_identify(ros2_study) by extensions ['colcon_meta']
[0.209s] Level 1:colcon.colcon_core.package_identification:_identify(ros2_study) by extension 'colcon_meta'
[0.209s] Level 1:colcon.colcon_core.package_identification:_identify(ros2_study) by extensions ['ros']
[0.209s] Level 1:colcon.colcon_core.package_identification:_identify(ros2_study) by extension 'ros'
[0.209s] Level 1:colcon.colcon_core.package_identification:_identify(ros2_study) by extensions ['cmake', 'python']
[0.209s] Level 1:colcon.colcon_core.package_identification:_identify(ros2_study) by extension 'cmake'
[0.209s] Level 1:colcon.colcon_core.package_identification:_identify(ros2_study) by extension 'python'
[0.209s] Level 1:colcon.colcon_core.package_identification:_identify(ros2_study) by extensions ['python_setup_py']
[0.209s] Level 1:colcon.colcon_core.package_identification:_identify(ros2_study) by extension 'python_setup_py'
[0.209s] Level 1:colcon.colcon_core.package_identification:_identify(ros2_study/build) by extensions ['ignore', 'ignore_ament_install']
[0.209s] Level 1:colcon.colcon_core.package_identification:_identify(ros2_study/build) by extension 'ignore'
[0.209s] Level 1:colcon.colcon_core.package_identification:_identify(ros2_study/build) ignored
[0.209s] Level 1:colcon.colcon_core.package_identification:_identify(ros2_study/install) by extensions ['ignore', 'ignore_ament_install']
[0.209s] Level 1:colcon.colcon_core.package_identification:_identify(ros2_study/install) by extension 'ignore'
[0.209s] Level 1:colcon.colcon_core.package_identification:_identify(ros2_study/install) ignored
[0.209s] Level 1:colcon.colcon_core.package_identification:_identify(ros2_study/log) by extensions ['ignore', 'ignore_ament_install']
[0.209s] Level 1:colcon.colcon_core.package_identification:_identify(ros2_study/log) by extension 'ignore'
[0.209s] Level 1:colcon.colcon_core.package_identification:_identify(ros2_study/log) ignored
[0.209s] Level 1:colcon.colcon_core.package_identification:_identify(ros2_study/pkg_test) by extensions ['ignore', 'ignore_ament_install']
[0.209s] Level 1:colcon.colcon_core.package_identification:_identify(ros2_study/pkg_test) by extension 'ignore'
[0.209s] Level 1:colcon.colcon_core.package_identification:_identify(ros2_study/pkg_test) by extension 'ignore_ament_install'
[0.209s] Level 1:colcon.colcon_core.package_identification:_identify(ros2_study/pkg_test) by extensions ['colcon_pkg']
[0.209s] Level 1:colcon.colcon_core.package_identification:_identify(ros2_study/pkg_test) by extension 'colcon_pkg'
[0.209s] Level 1:colcon.colcon_core.package_identification:_identify(ros2_study/pkg_test) by extensions ['colcon_meta']
[0.209s] Level 1:colcon.colcon_core.package_identification:_identify(ros2_study/pkg_test) by extension 'colcon_meta'
[0.209s] Level 1:colcon.colcon_core.package_identification:_identify(ros2_study/pkg_test) by extensions ['ros']
[0.209s] Level 1:colcon.colcon_core.package_identification:_identify(ros2_study/pkg_test) by extension 'ros'
[0.209s] Level 1:colcon.colcon_core.package_identification:_identify(ros2_study/pkg_test) by extensions ['cmake', 'python']
[0.209s] Level 1:colcon.colcon_core.package_identification:_identify(ros2_study/pkg_test) by extension 'cmake'
[0.209s] Level 1:colcon.colcon_core.package_identification:_identify(ros2_study/pkg_test) by extension 'python'
[0.209s] Level 1:colcon.colcon_core.package_identification:_identify(ros2_study/pkg_test) by extensions ['python_setup_py']
[0.209s] Level 1:colcon.colcon_core.package_identification:_identify(ros2_study/pkg_test) by extension 'python_setup_py'
[0.210s] Level 1:colcon.colcon_core.package_identification:_identify(ros2_study/pkg_test/build) by extensions ['ignore', 'ignore_ament_install']
[0.210s] Level 1:colcon.colcon_core.package_identification:_identify(ros2_study/pkg_test/build) by extension 'ignore'
[0.210s] Level 1:colcon.colcon_core.package_identification:_identify(ros2_study/pkg_test/build) ignored
[0.210s] Level 1:colcon.colcon_core.package_identification:_identify(ros2_study/pkg_test/install) by extensions ['ignore', 'ignore_ament_install']
[0.210s] Level 1:colcon.colcon_core.package_identification:_identify(ros2_study/pkg_test/install) by extension 'ignore'
[0.210s] Level 1:colcon.colcon_core.package_identification:_identify(ros2_study/pkg_test/install) ignored
[0.210s] Level 1:colcon.colcon_core.package_identification:_identify(ros2_study/pkg_test/log) by extensions ['ignore', 'ignore_ament_install']
[0.210s] Level 1:colcon.colcon_core.package_identification:_identify(ros2_study/pkg_test/log) by extension 'ignore'
[0.210s] Level 1:colcon.colcon_core.package_identification:_identify(ros2_study/pkg_test/log) ignored
[0.210s] Level 1:colcon.colcon_core.package_identification:_identify(ros2_study/pkg_test/src) by extensions ['ignore', 'ignore_ament_install']
[0.210s] Level 1:colcon.colcon_core.package_identification:_identify(ros2_study/pkg_test/src) by extension 'ignore'
[0.210s] Level 1:colcon.colcon_core.package_identification:_identify(ros2_study/pkg_test/src) by extension 'ignore_ament_install'
[0.210s] Level 1:colcon.colcon_core.package_identification:_identify(ros2_study/pkg_test/src) by extensions ['colcon_pkg']
[0.210s] Level 1:colcon.colcon_core.package_identification:_identify(ros2_study/pkg_test/src) by extension 'colcon_pkg'
[0.210s] Level 1:colcon.colcon_core.package_identification:_identify(ros2_study/pkg_test/src) by extensions ['colcon_meta']
[0.210s] Level 1:colcon.colcon_core.package_identification:_identify(ros2_study/pkg_test/src) by extension 'colcon_meta'
[0.210s] Level 1:colcon.colcon_core.package_identification:_identify(ros2_study/pkg_test/src) by extensions ['ros']
[0.210s] Level 1:colcon.colcon_core.package_identification:_identify(ros2_study/pkg_test/src) by extension 'ros'
[0.210s] Level 1:colcon.colcon_core.package_identification:_identify(ros2_study/pkg_test/src) by extensions ['cmake', 'python']
[0.210s] Level 1:colcon.colcon_core.package_identification:_identify(ros2_study/pkg_test/src) by extension 'cmake'
[0.210s] Level 1:colcon.colcon_core.package_identification:_identify(ros2_study/pkg_test/src) by extension 'python'
[0.210s] Level 1:colcon.colcon_core.package_identification:_identify(ros2_study/pkg_test/src) by extensions ['python_setup_py']
[0.210s] Level 1:colcon.colcon_core.package_identification:_identify(ros2_study/pkg_test/src) by extension 'python_setup_py'
[0.210s] Level 1:colcon.colcon_core.package_identification:_identify(ros2_study/pkg_test/src/my_first_package) by extensions ['ignore', 'ignore_ament_install']
[0.210s] Level 1:colcon.colcon_core.package_identification:_identify(ros2_study/pkg_test/src/my_first_package) by extension 'ignore'
[0.210s] Level 1:colcon.colcon_core.package_identification:_identify(ros2_study/pkg_test/src/my_first_package) by extension 'ignore_ament_install'
[0.210s] Level 1:colcon.colcon_core.package_identification:_identify(ros2_study/pkg_test/src/my_first_package) by extensions ['colcon_pkg']
[0.210s] Level 1:colcon.colcon_core.package_identification:_identify(ros2_study/pkg_test/src/my_first_package) by extension 'colcon_pkg'
[0.210s] Level 1:colcon.colcon_core.package_identification:_identify(ros2_study/pkg_test/src/my_first_package) by extensions ['colcon_meta']
[0.210s] Level 1:colcon.colcon_core.package_identification:_identify(ros2_study/pkg_test/src/my_first_package) by extension 'colcon_meta'
[0.210s] Level 1:colcon.colcon_core.package_identification:_identify(ros2_study/pkg_test/src/my_first_package) by extensions ['ros']
[0.211s] Level 1:colcon.colcon_core.package_identification:_identify(ros2_study/pkg_test/src/my_first_package) by extension 'ros'
[0.211s] DEBUG:colcon.colcon_core.package_identification:Package 'ros2_study/pkg_test/src/my_first_package' with type 'ros.ament_python' and name 'my_first_package'
[0.211s] Level 1:colcon.colcon_core.package_identification:_identify(ros2_study/pkg_test/src/my_first_package_msgs) by extensions ['ignore', 'ignore_ament_install']
[0.211s] Level 1:colcon.colcon_core.package_identification:_identify(ros2_study/pkg_test/src/my_first_package_msgs) by extension 'ignore'
[0.211s] Level 1:colcon.colcon_core.package_identification:_identify(ros2_study/pkg_test/src/my_first_package_msgs) by extension 'ignore_ament_install'
[0.211s] Level 1:colcon.colcon_core.package_identification:_identify(ros2_study/pkg_test/src/my_first_package_msgs) by extensions ['colcon_pkg']
[0.211s] Level 1:colcon.colcon_core.package_identification:_identify(ros2_study/pkg_test/src/my_first_package_msgs) by extension 'colcon_pkg'
[0.211s] Level 1:colcon.colcon_core.package_identification:_identify(ros2_study/pkg_test/src/my_first_package_msgs) by extensions ['colcon_meta']
[0.211s] Level 1:colcon.colcon_core.package_identification:_identify(ros2_study/pkg_test/src/my_first_package_msgs) by extension 'colcon_meta'
[0.211s] Level 1:colcon.colcon_core.package_identification:_identify(ros2_study/pkg_test/src/my_first_package_msgs) by extensions ['ros']
[0.211s] Level 1:colcon.colcon_core.package_identification:_identify(ros2_study/pkg_test/src/my_first_package_msgs) by extension 'ros'
[0.211s] DEBUG:colcon.colcon_core.package_identification:Package 'ros2_study/pkg_test/src/my_first_package_msgs' with type 'ros.ament_cmake' and name 'my_first_package_msgs'
[0.212s] Level 1:colcon.colcon_core.package_identification:_identify(ros2_study/publisher_test) by extensions ['ignore', 'ignore_ament_install']
[0.212s] Level 1:colcon.colcon_core.package_identification:_identify(ros2_study/publisher_test) by extension 'ignore'
[0.212s] Level 1:colcon.colcon_core.package_identification:_identify(ros2_study/publisher_test) by extension 'ignore_ament_install'
[0.212s] Level 1:colcon.colcon_core.package_identification:_identify(ros2_study/publisher_test) by extensions ['colcon_pkg']
[0.212s] Level 1:colcon.colcon_core.package_identification:_identify(ros2_study/publisher_test) by extension 'colcon_pkg'
[0.212s] Level 1:colcon.colcon_core.package_identification:_identify(ros2_study/publisher_test) by extensions ['colcon_meta']
[0.212s] Level 1:colcon.colcon_core.package_identification:_identify(ros2_study/publisher_test) by extension 'colcon_meta'
[0.212s] Level 1:colcon.colcon_core.package_identification:_identify(ros2_study/publisher_test) by extensions ['ros']
[0.212s] Level 1:colcon.colcon_core.package_identification:_identify(ros2_study/publisher_test) by extension 'ros'
[0.212s] Level 1:colcon.colcon_core.package_identification:_identify(ros2_study/publisher_test) by extensions ['cmake', 'python']
[0.212s] Level 1:colcon.colcon_core.package_identification:_identify(ros2_study/publisher_test) by extension 'cmake'
[0.212s] Level 1:colcon.colcon_core.package_identification:_identify(ros2_study/publisher_test) by extension 'python'
[0.212s] Level 1:colcon.colcon_core.package_identification:_identify(ros2_study/publisher_test) by extensions ['python_setup_py']
[0.212s] Level 1:colcon.colcon_core.package_identification:_identify(ros2_study/publisher_test) by extension 'python_setup_py'
[0.212s] Level 1:colcon.colcon_core.package_identification:_identify(ros2_study/publisher_test/publisher_make_test) by extensions ['ignore', 'ignore_ament_install']
[0.212s] Level 1:colcon.colcon_core.package_identification:_identify(ros2_study/publisher_test/publisher_make_test) by extension 'ignore'
[0.212s] Level 1:colcon.colcon_core.package_identification:_identify(ros2_study/publisher_test/publisher_make_test) by extension 'ignore_ament_install'
[0.212s] Level 1:colcon.colcon_core.package_identification:_identify(ros2_study/publisher_test/publisher_make_test) by extensions ['colcon_pkg']
[0.212s] Level 1:colcon.colcon_core.package_identification:_identify(ros2_study/publisher_test/publisher_make_test) by extension 'colcon_pkg'
[0.212s] Level 1:colcon.colcon_core.package_identification:_identify(ros2_study/publisher_test/publisher_make_test) by extensions ['colcon_meta']
[0.212s] Level 1:colcon.colcon_core.package_identification:_identify(ros2_study/publisher_test/publisher_make_test) by extension 'colcon_meta'
[0.212s] Level 1:colcon.colcon_core.package_identification:_identify(ros2_study/publisher_test/publisher_make_test) by extensions ['ros']
[0.212s] Level 1:colcon.colcon_core.package_identification:_identify(ros2_study/publisher_test/publisher_make_test) by extension 'ros'
[0.212s] DEBUG:colcon.colcon_core.package_identification:Package 'ros2_study/publisher_test/publisher_make_test' with type 'ros.ament_cmake' and name 'publisher_make_test'
[0.213s] Level 1:colcon.colcon_core.package_identification:_identify(ros2_study/service_client_test) by extensions ['ignore', 'ignore_ament_install']
[0.213s] Level 1:colcon.colcon_core.package_identification:_identify(ros2_study/service_client_test) by extension 'ignore'
[0.213s] Level 1:colcon.colcon_core.package_identification:_identify(ros2_study/service_client_test) by extension 'ignore_ament_install'
[0.213s] Level 1:colcon.colcon_core.package_identification:_identify(ros2_study/service_client_test) by extensions ['colcon_pkg']
[0.213s] Level 1:colcon.colcon_core.package_identification:_identify(ros2_study/service_client_test) by extension 'colcon_pkg'
[0.213s] Level 1:colcon.colcon_core.package_identification:_identify(ros2_study/service_client_test) by extensions ['colcon_meta']
[0.213s] Level 1:colcon.colcon_core.package_identification:_identify(ros2_study/service_client_test) by extension 'colcon_meta'
[0.213s] Level 1:colcon.colcon_core.package_identification:_identify(ros2_study/service_client_test) by extensions ['ros']
[0.213s] Level 1:colcon.colcon_core.package_identification:_identify(ros2_study/service_client_test) by extension 'ros'
[0.213s] Level 1:colcon.colcon_core.package_identification:_identify(ros2_study/service_client_test) by extensions ['cmake', 'python']
[0.213s] Level 1:colcon.colcon_core.package_identification:_identify(ros2_study/service_client_test) by extension 'cmake'
[0.213s] Level 1:colcon.colcon_core.package_identification:_identify(ros2_study/service_client_test) by extension 'python'
[0.213s] Level 1:colcon.colcon_core.package_identification:_identify(ros2_study/service_client_test) by extensions ['python_setup_py']
[0.213s] Level 1:colcon.colcon_core.package_identification:_identify(ros2_study/service_client_test) by extension 'python_setup_py'
[0.213s] Level 1:colcon.colcon_core.package_identification:_identify(ros2_study/service_client_test/service_client_test) by extensions ['ignore', 'ignore_ament_install']
[0.213s] Level 1:colcon.colcon_core.package_identification:_identify(ros2_study/service_client_test/service_client_test) by extension 'ignore'
[0.213s] Level 1:colcon.colcon_core.package_identification:_identify(ros2_study/service_client_test/service_client_test) by extension 'ignore_ament_install'
[0.213s] Level 1:colcon.colcon_core.package_identification:_identify(ros2_study/service_client_test/service_client_test) by extensions ['colcon_pkg']
[0.213s] Level 1:colcon.colcon_core.package_identification:_identify(ros2_study/service_client_test/service_client_test) by extension 'colcon_pkg'
[0.213s] Level 1:colcon.colcon_core.package_identification:_identify(ros2_study/service_client_test/service_client_test) by extensions ['colcon_meta']
[0.213s] Level 1:colcon.colcon_core.package_identification:_identify(ros2_study/service_client_test/service_client_test) by extension 'colcon_meta'
[0.213s] Level 1:colcon.colcon_core.package_identification:_identify(ros2_study/service_client_test/service_client_test) by extensions ['ros']
[0.213s] Level 1:colcon.colcon_core.package_identification:_identify(ros2_study/service_client_test/service_client_test) by extension 'ros'
[0.213s] DEBUG:colcon.colcon_core.package_identification:Package 'ros2_study/service_client_test/service_client_test' with type 'ros.ament_cmake' and name 'service_client_test'
[0.214s] Level 1:colcon.colcon_core.package_identification:_identify(ros2_study/subscriber_test) by extensions ['ignore', 'ignore_ament_install']
[0.214s] Level 1:colcon.colcon_core.package_identification:_identify(ros2_study/subscriber_test) by extension 'ignore'
[0.214s] Level 1:colcon.colcon_core.package_identification:_identify(ros2_study/subscriber_test) by extension 'ignore_ament_install'
[0.214s] Level 1:colcon.colcon_core.package_identification:_identify(ros2_study/subscriber_test) by extensions ['colcon_pkg']
[0.214s] Level 1:colcon.colcon_core.package_identification:_identify(ros2_study/subscriber_test) by extension 'colcon_pkg'
[0.214s] Level 1:colcon.colcon_core.package_identification:_identify(ros2_study/subscriber_test) by extensions ['colcon_meta']
[0.214s] Level 1:colcon.colcon_core.package_identification:_identify(ros2_study/subscriber_test) by extension 'colcon_meta'
[0.214s] Level 1:colcon.colcon_core.package_identification:_identify(ros2_study/subscriber_test) by extensions ['ros']
[0.214s] Level 1:colcon.colcon_core.package_identification:_identify(ros2_study/subscriber_test) by extension 'ros'
[0.214s] Level 1:colcon.colcon_core.package_identification:_identify(ros2_study/subscriber_test) by extensions ['cmake', 'python']
[0.214s] Level 1:colcon.colcon_core.package_identification:_identify(ros2_study/subscriber_test) by extension 'cmake'
[0.214s] Level 1:colcon.colcon_core.package_identification:_identify(ros2_study/subscriber_test) by extension 'python'
[0.214s] Level 1:colcon.colcon_core.package_identification:_identify(ros2_study/subscriber_test) by extensions ['python_setup_py']
[0.214s] Level 1:colcon.colcon_core.package_identification:_identify(ros2_study/subscriber_test) by extension 'python_setup_py'
[0.214s] Level 1:colcon.colcon_core.package_identification:_identify(ros2_study/subscriber_test/subscriber_node_cpp) by extensions ['ignore', 'ignore_ament_install']
[0.214s] Level 1:colcon.colcon_core.package_identification:_identify(ros2_study/subscriber_test/subscriber_node_cpp) by extension 'ignore'
[0.214s] Level 1:colcon.colcon_core.package_identification:_identify(ros2_study/subscriber_test/subscriber_node_cpp) by extension 'ignore_ament_install'
[0.214s] Level 1:colcon.colcon_core.package_identification:_identify(ros2_study/subscriber_test/subscriber_node_cpp) by extensions ['colcon_pkg']
[0.214s] Level 1:colcon.colcon_core.package_identification:_identify(ros2_study/subscriber_test/subscriber_node_cpp) by extension 'colcon_pkg'
[0.214s] Level 1:colcon.colcon_core.package_identification:_identify(ros2_study/subscriber_test/subscriber_node_cpp) by extensions ['colcon_meta']
[0.214s] Level 1:colcon.colcon_core.package_identification:_identify(ros2_study/subscriber_test/subscriber_node_cpp) by extension 'colcon_meta'
[0.214s] Level 1:colcon.colcon_core.package_identification:_identify(ros2_study/subscriber_test/subscriber_node_cpp) by extensions ['ros']
[0.214s] Level 1:colcon.colcon_core.package_identification:_identify(ros2_study/subscriber_test/subscriber_node_cpp) by extension 'ros'
[0.214s] Level 1:colcon.colcon_core.package_identification:_identify(ros2_study/subscriber_test/subscriber_node_cpp) by extensions ['cmake', 'python']
[0.214s] Level 1:colcon.colcon_core.package_identification:_identify(ros2_study/subscriber_test/subscriber_node_cpp) by extension 'cmake'
[0.214s] Level 1:colcon.colcon_core.package_identification:_identify(ros2_study/subscriber_test/subscriber_node_cpp) by extension 'python'
[0.214s] Level 1:colcon.colcon_core.package_identification:_identify(ros2_study/subscriber_test/subscriber_node_cpp) by extensions ['python_setup_py']
[0.214s] Level 1:colcon.colcon_core.package_identification:_identify(ros2_study/subscriber_test/subscriber_node_cpp) by extension 'python_setup_py'
[0.214s] Level 1:colcon.colcon_core.package_identification:_identify(ros2_study/subscriber_test/subscriber_node_cpp/my_subscriber_pkg) by extensions ['ignore', 'ignore_ament_install']
[0.214s] Level 1:colcon.colcon_core.package_identification:_identify(ros2_study/subscriber_test/subscriber_node_cpp/my_subscriber_pkg) by extension 'ignore'
[0.214s] Level 1:colcon.colcon_core.package_identification:_identify(ros2_study/subscriber_test/subscriber_node_cpp/my_subscriber_pkg) by extension 'ignore_ament_install'
[0.214s] Level 1:colcon.colcon_core.package_identification:_identify(ros2_study/subscriber_test/subscriber_node_cpp/my_subscriber_pkg) by extensions ['colcon_pkg']
[0.214s] Level 1:colcon.colcon_core.package_identification:_identify(ros2_study/subscriber_test/subscriber_node_cpp/my_subscriber_pkg) by extension 'colcon_pkg'
[0.214s] Level 1:colcon.colcon_core.package_identification:_identify(ros2_study/subscriber_test/subscriber_node_cpp/my_subscriber_pkg) by extensions ['colcon_meta']
[0.214s] Level 1:colcon.colcon_core.package_identification:_identify(ros2_study/subscriber_test/subscriber_node_cpp/my_subscriber_pkg) by extension 'colcon_meta'
[0.214s] Level 1:colcon.colcon_core.package_identification:_identify(ros2_study/subscriber_test/subscriber_node_cpp/my_subscriber_pkg) by extensions ['ros']
[0.214s] Level 1:colcon.colcon_core.package_identification:_identify(ros2_study/subscriber_test/subscriber_node_cpp/my_subscriber_pkg) by extension 'ros'
[0.215s] DEBUG:colcon.colcon_core.package_identification:Package 'ros2_study/subscriber_test/subscriber_node_cpp/my_subscriber_pkg' with type 'ros.ament_cmake' and name 'my_subscriber_pkg'
[0.215s] Level 1:colcon.colcon_core.package_discovery:discover_packages(recursive) using defaults
[0.215s] Level 1:colcon.colcon_core.package_discovery:discover_packages(ignore) discover
[0.215s] Level 1:colcon.colcon_core.package_discovery:discover_packages(ignore) using defaults
[0.215s] Level 1:colcon.colcon_core.package_discovery:discover_packages(path) discover
[0.215s] Level 1:colcon.colcon_core.package_discovery:discover_packages(path) using defaults
[0.236s] INFO:colcon.colcon_core.package_selection:Skipping not selected package 'my_first_package' in 'ros2_study/pkg_test/src/my_first_package'
[0.236s] INFO:colcon.colcon_core.package_selection:Skipping not selected package 'my_first_package_msgs' in 'ros2_study/pkg_test/src/my_first_package_msgs'
[0.236s] INFO:colcon.colcon_core.package_selection:Skipping not selected package 'my_subscriber_pkg' in 'ros2_study/subscriber_test/subscriber_node_cpp/my_subscriber_pkg'
[0.236s] INFO:colcon.colcon_core.package_selection:Skipping not selected package 'pkg_test_cpp_msg' in 'pkg_cpp/src/pkg_test_cpp_msg'
[0.236s] INFO:colcon.colcon_core.package_selection:Skipping not selected package 'publisher_make_test' in 'ros2_study/publisher_test/publisher_make_test'
[0.236s] INFO:colcon.colcon_core.package_selection:Skipping not selected package 'service_client_test' in 'ros2_study/service_client_test/service_client_test'
[0.237s] Level 1:colcon.colcon_core.package_discovery:discover_packages(prefix_path) check parameters
[0.237s] Level 1:colcon.colcon_core.package_discovery:discover_packages(prefix_path) discover
[0.238s] DEBUG:colcon.colcon_installed_package_information.package_discovery:Found 7 installed packages in /home/hycon/workspace/hycon_git/ros2_study_jh/install
[0.239s] DEBUG:colcon.colcon_installed_package_information.package_discovery:Found 278 installed packages in /opt/ros/humble
[0.239s] Level 1:colcon.colcon_core.package_discovery:discover_packages(prefix_path) using defaults
[0.261s] Level 5:colcon.colcon_core.verb:set package 'pkg_test_cpp' build argument 'cmake_args' from command line to 'None'
[0.261s] Level 5:colcon.colcon_core.verb:set package 'pkg_test_cpp' build argument 'cmake_target' from command line to 'None'
[0.261s] Level 5:colcon.colcon_core.verb:set package 'pkg_test_cpp' build argument 'cmake_target_skip_unavailable' from command line to 'False'
[0.261s] Level 5:colcon.colcon_core.verb:set package 'pkg_test_cpp' build argument 'cmake_clean_cache' from command line to 'False'
[0.261s] Level 5:colcon.colcon_core.verb:set package 'pkg_test_cpp' build argument 'cmake_clean_first' from command line to 'False'
[0.261s] Level 5:colcon.colcon_core.verb:set package 'pkg_test_cpp' build argument 'cmake_force_configure' from command line to 'False'
[0.261s] Level 5:colcon.colcon_core.verb:set package 'pkg_test_cpp' build argument 'ament_cmake_args' from command line to 'None'
[0.261s] Level 5:colcon.colcon_core.verb:set package 'pkg_test_cpp' build argument 'catkin_cmake_args' from command line to 'None'
[0.261s] Level 5:colcon.colcon_core.verb:set package 'pkg_test_cpp' build argument 'catkin_skip_building_tests' from command line to 'False'
[0.261s] DEBUG:colcon.colcon_core.verb:Building package 'pkg_test_cpp' with the following arguments: {'ament_cmake_args': None, 'build_base': '/home/hycon/workspace/hycon_git/ros2_study_jh/build/pkg_test_cpp', 'catkin_cmake_args': None, 'catkin_skip_building_tests': False, 'cmake_args': None, 'cmake_clean_cache': False, 'cmake_clean_first': False, 'cmake_force_configure': False, 'cmake_target': None, 'cmake_target_skip_unavailable': False, 'install_base': '/home/hycon/workspace/hycon_git/ros2_study_jh/install/pkg_test_cpp', 'merge_install': False, 'path': '/home/hycon/workspace/hycon_git/ros2_study_jh/pkg_cpp/src/pkg_test_cpp', 'symlink_install': False, 'test_result_base': None}
[0.261s] INFO:colcon.colcon_core.executor:Executing jobs using 'parallel' executor
[0.263s] DEBUG:colcon.colcon_parallel_executor.executor.parallel:run_until_complete
[0.263s] INFO:colcon.colcon_ros.task.ament_cmake.build:Building ROS package in '/home/hycon/workspace/hycon_git/ros2_study_jh/pkg_cpp/src/pkg_test_cpp' with build type 'ament_cmake'
[0.263s] INFO:colcon.colcon_cmake.task.cmake.build:Building CMake package in '/home/hycon/workspace/hycon_git/ros2_study_jh/pkg_cpp/src/pkg_test_cpp'
[0.264s] INFO:colcon.colcon_core.plugin_system:Skipping extension 'colcon_core.shell.bat': Not used on non-Windows systems
[0.264s] INFO:colcon.colcon_core.shell:Skip shell extension 'powershell' for command environment: Not usable outside of PowerShell
[0.264s] DEBUG:colcon.colcon_core.shell:Skip shell extension 'dsv' for command environment
[0.271s] DEBUG:colcon.colcon_core.event_handler.log_command:Invoking command in '/home/hycon/workspace/hycon_git/ros2_study_jh/build/pkg_test_cpp': CMAKE_PREFIX_PATH=${CMAKE_PREFIX_PATH}:/home/hycon/workspace/hycon_git/ros2_study_jh/install/my_first_package:/opt/ros/humble /usr/bin/cmake --build /home/hycon/workspace/hycon_git/ros2_study_jh/build/pkg_test_cpp -- -j16 -l16
[2.265s] DEBUG:colcon.colcon_core.event_handler.log_command:Invoked command in '/home/hycon/workspace/hycon_git/ros2_study_jh/build/pkg_test_cpp' returned '0': CMAKE_PREFIX_PATH=${CMAKE_PREFIX_PATH}:/home/hycon/workspace/hycon_git/ros2_study_jh/install/my_first_package:/opt/ros/humble /usr/bin/cmake --build /home/hycon/workspace/hycon_git/ros2_study_jh/build/pkg_test_cpp -- -j16 -l16
[2.276s] DEBUG:colcon.colcon_core.event_handler.log_command:Invoking command in '/home/hycon/workspace/hycon_git/ros2_study_jh/build/pkg_test_cpp': CMAKE_PREFIX_PATH=${CMAKE_PREFIX_PATH}:/home/hycon/workspace/hycon_git/ros2_study_jh/install/my_first_package:/opt/ros/humble /usr/bin/cmake --install /home/hycon/workspace/hycon_git/ros2_study_jh/build/pkg_test_cpp
[2.295s] Level 1:colcon.colcon_core.environment:create_environment_scripts_only(pkg_test_cpp)
[2.296s] DEBUG:colcon.colcon_core.event_handler.log_command:Invoked command in '/home/hycon/workspace/hycon_git/ros2_study_jh/build/pkg_test_cpp' returned '0': CMAKE_PREFIX_PATH=${CMAKE_PREFIX_PATH}:/home/hycon/workspace/hycon_git/ros2_study_jh/install/my_first_package:/opt/ros/humble /usr/bin/cmake --install /home/hycon/workspace/hycon_git/ros2_study_jh/build/pkg_test_cpp
[2.299s] Level 1:colcon.colcon_core.environment:checking '/home/hycon/workspace/hycon_git/ros2_study_jh/install/pkg_test_cpp' for CMake module files
[2.299s] Level 1:colcon.colcon_core.environment:checking '/home/hycon/workspace/hycon_git/ros2_study_jh/install/pkg_test_cpp' for CMake config files
[2.300s] Level 1:colcon.colcon_core.shell:create_environment_hook('pkg_test_cpp', 'cmake_prefix_path')
[2.300s] INFO:colcon.colcon_core.shell:Creating environment hook '/home/hycon/workspace/hycon_git/ros2_study_jh/install/pkg_test_cpp/share/pkg_test_cpp/hook/cmake_prefix_path.ps1'
[2.301s] INFO:colcon.colcon_core.shell:Creating environment descriptor '/home/hycon/workspace/hycon_git/ros2_study_jh/install/pkg_test_cpp/share/pkg_test_cpp/hook/cmake_prefix_path.dsv'
[2.301s] INFO:colcon.colcon_core.shell:Creating environment hook '/home/hycon/workspace/hycon_git/ros2_study_jh/install/pkg_test_cpp/share/pkg_test_cpp/hook/cmake_prefix_path.sh'
[2.302s] Level 1:colcon.colcon_core.environment:checking '/home/hycon/workspace/hycon_git/ros2_study_jh/install/pkg_test_cpp/lib'
[2.302s] Level 1:colcon.colcon_core.environment:checking '/home/hycon/workspace/hycon_git/ros2_study_jh/install/pkg_test_cpp/bin'
[2.302s] Level 1:colcon.colcon_core.environment:checking '/home/hycon/workspace/hycon_git/ros2_study_jh/install/pkg_test_cpp/lib/pkgconfig/pkg_test_cpp.pc'
[2.302s] Level 1:colcon.colcon_core.environment:checking '/home/hycon/workspace/hycon_git/ros2_study_jh/install/pkg_test_cpp/lib/python3.10/site-packages'
[2.302s] Level 1:colcon.colcon_core.environment:checking '/home/hycon/workspace/hycon_git/ros2_study_jh/install/pkg_test_cpp/bin'
[2.303s] INFO:colcon.colcon_core.shell:Creating package script '/home/hycon/workspace/hycon_git/ros2_study_jh/install/pkg_test_cpp/share/pkg_test_cpp/package.ps1'
[2.303s] INFO:colcon.colcon_core.shell:Creating package descriptor '/home/hycon/workspace/hycon_git/ros2_study_jh/install/pkg_test_cpp/share/pkg_test_cpp/package.dsv'
[2.304s] INFO:colcon.colcon_core.shell:Creating package script '/home/hycon/workspace/hycon_git/ros2_study_jh/install/pkg_test_cpp/share/pkg_test_cpp/package.sh'
[2.304s] INFO:colcon.colcon_core.shell:Creating package script '/home/hycon/workspace/hycon_git/ros2_study_jh/install/pkg_test_cpp/share/pkg_test_cpp/package.bash'
[2.305s] INFO:colcon.colcon_core.shell:Creating package script '/home/hycon/workspace/hycon_git/ros2_study_jh/install/pkg_test_cpp/share/pkg_test_cpp/package.zsh'
[2.305s] Level 1:colcon.colcon_core.environment:create_file_with_runtime_dependencies(/home/hycon/workspace/hycon_git/ros2_study_jh/install/pkg_test_cpp/share/colcon-core/packages/pkg_test_cpp)
[2.305s] Level 1:colcon.colcon_core.environment:create_environment_scripts_only(pkg_test_cpp)
[2.306s] Level 1:colcon.colcon_core.environment:checking '/home/hycon/workspace/hycon_git/ros2_study_jh/install/pkg_test_cpp' for CMake module files
[2.306s] Level 1:colcon.colcon_core.environment:checking '/home/hycon/workspace/hycon_git/ros2_study_jh/install/pkg_test_cpp' for CMake config files
[2.306s] Level 1:colcon.colcon_core.shell:create_environment_hook('pkg_test_cpp', 'cmake_prefix_path')
[2.306s] INFO:colcon.colcon_core.shell:Creating environment hook '/home/hycon/workspace/hycon_git/ros2_study_jh/install/pkg_test_cpp/share/pkg_test_cpp/hook/cmake_prefix_path.ps1'
[2.306s] INFO:colcon.colcon_core.shell:Creating environment descriptor '/home/hycon/workspace/hycon_git/ros2_study_jh/install/pkg_test_cpp/share/pkg_test_cpp/hook/cmake_prefix_path.dsv'
[2.307s] INFO:colcon.colcon_core.shell:Creating environment hook '/home/hycon/workspace/hycon_git/ros2_study_jh/install/pkg_test_cpp/share/pkg_test_cpp/hook/cmake_prefix_path.sh'
[2.307s] Level 1:colcon.colcon_core.environment:checking '/home/hycon/workspace/hycon_git/ros2_study_jh/install/pkg_test_cpp/lib'
[2.307s] Level 1:colcon.colcon_core.environment:checking '/home/hycon/workspace/hycon_git/ros2_study_jh/install/pkg_test_cpp/bin'
[2.307s] Level 1:colcon.colcon_core.environment:checking '/home/hycon/workspace/hycon_git/ros2_study_jh/install/pkg_test_cpp/lib/pkgconfig/pkg_test_cpp.pc'
[2.307s] Level 1:colcon.colcon_core.environment:checking '/home/hycon/workspace/hycon_git/ros2_study_jh/install/pkg_test_cpp/lib/python3.10/site-packages'
[2.307s] Level 1:colcon.colcon_core.environment:checking '/home/hycon/workspace/hycon_git/ros2_study_jh/install/pkg_test_cpp/bin'
[2.307s] INFO:colcon.colcon_core.shell:Creating package script '/home/hycon/workspace/hycon_git/ros2_study_jh/install/pkg_test_cpp/share/pkg_test_cpp/package.ps1'
[2.308s] INFO:colcon.colcon_core.shell:Creating package descriptor '/home/hycon/workspace/hycon_git/ros2_study_jh/install/pkg_test_cpp/share/pkg_test_cpp/package.dsv'
[2.308s] INFO:colcon.colcon_core.shell:Creating package script '/home/hycon/workspace/hycon_git/ros2_study_jh/install/pkg_test_cpp/share/pkg_test_cpp/package.sh'
[2.308s] INFO:colcon.colcon_core.shell:Creating package script '/home/hycon/workspace/hycon_git/ros2_study_jh/install/pkg_test_cpp/share/pkg_test_cpp/package.bash'
[2.308s] INFO:colcon.colcon_core.shell:Creating package script '/home/hycon/workspace/hycon_git/ros2_study_jh/install/pkg_test_cpp/share/pkg_test_cpp/package.zsh'
[2.309s] Level 1:colcon.colcon_core.environment:create_file_with_runtime_dependencies(/home/hycon/workspace/hycon_git/ros2_study_jh/install/pkg_test_cpp/share/colcon-core/packages/pkg_test_cpp)
[2.309s] DEBUG:colcon.colcon_parallel_executor.executor.parallel:closing loop
[2.309s] DEBUG:colcon.colcon_parallel_executor.executor.parallel:loop closed
[2.309s] DEBUG:colcon.colcon_parallel_executor.executor.parallel:run_until_complete finished with '0'
[2.309s] DEBUG:colcon.colcon_core.event_reactor:joining thread
[2.314s] INFO:colcon.colcon_core.plugin_system:Skipping extension 'colcon_notification.desktop_notification.terminal_notifier': Not used on non-Darwin systems
[2.314s] INFO:colcon.colcon_core.plugin_system:Skipping extension 'colcon_notification.desktop_notification.win32': Not used on non-Windows systems
[2.314s] INFO:colcon.colcon_notification.desktop_notification:Sending desktop notification using 'notify2'
[2.327s] DEBUG:colcon.colcon_core.event_reactor:joined thread
[2.328s] INFO:colcon.colcon_core.shell:Creating prefix script '/home/hycon/workspace/hycon_git/ros2_study_jh/install/local_setup.ps1'
[2.329s] INFO:colcon.colcon_core.shell:Creating prefix util module '/home/hycon/workspace/hycon_git/ros2_study_jh/install/_local_setup_util_ps1.py'
[2.330s] INFO:colcon.colcon_core.shell:Creating prefix chain script '/home/hycon/workspace/hycon_git/ros2_study_jh/install/setup.ps1'
[2.332s] INFO:colcon.colcon_core.shell:Creating prefix script '/home/hycon/workspace/hycon_git/ros2_study_jh/install/local_setup.sh'
[2.333s] INFO:colcon.colcon_core.shell:Creating prefix util module '/home/hycon/workspace/hycon_git/ros2_study_jh/install/_local_setup_util_sh.py'
[2.333s] INFO:colcon.colcon_core.shell:Creating prefix chain script '/home/hycon/workspace/hycon_git/ros2_study_jh/install/setup.sh'
[2.334s] INFO:colcon.colcon_core.shell:Creating prefix script '/home/hycon/workspace/hycon_git/ros2_study_jh/install/local_setup.bash'
[2.335s] INFO:colcon.colcon_core.shell:Creating prefix chain script '/home/hycon/workspace/hycon_git/ros2_study_jh/install/setup.bash'
[2.336s] INFO:colcon.colcon_core.shell:Creating prefix script '/home/hycon/workspace/hycon_git/ros2_study_jh/install/local_setup.zsh'
[2.336s] INFO:colcon.colcon_core.shell:Creating prefix chain script '/home/hycon/workspace/hycon_git/ros2_study_jh/install/setup.zsh'
