[0.582s] Invoking command in '/home/hycon/workspace/ros2_study/pkg_test/src/my_first_package': PYTHONPATH=/home/hycon/workspace/ros2_study/build/my_first_package/prefix_override:/usr/lib/python3/dist-packages/colcon_core/task/python/colcon_distutils_commands:/home/hycon/workspace/ros2_study/install/my_first_package/lib/python3.10/site-packages:${PYTHONPATH} /usr/bin/python3 -W ignore:setup.py install is deprecated -W ignore:easy_install command is deprecated setup.py egg_info --egg-base ../../../build/my_first_package build --build-base /home/hycon/workspace/ros2_study/build/my_first_package/build install --record /home/hycon/workspace/ros2_study/build/my_first_package/install.log --single-version-externally-managed install_data
[0.736s] running egg_info
[0.736s] creating ../../../build/my_first_package/my_first_package.egg-info
[0.736s] writing ../../../build/my_first_package/my_first_package.egg-info/PKG-INFO
[0.736s] writing dependency_links to ../../../build/my_first_package/my_first_package.egg-info/dependency_links.txt
[0.736s] writing entry points to ../../../build/my_first_package/my_first_package.egg-info/entry_points.txt
[0.736s] writing requirements to ../../../build/my_first_package/my_first_package.egg-info/requires.txt
[0.736s] writing top-level names to ../../../build/my_first_package/my_first_package.egg-info/top_level.txt
[0.737s] writing manifest file '../../../build/my_first_package/my_first_package.egg-info/SOURCES.txt'
[0.738s] reading manifest file '../../../build/my_first_package/my_first_package.egg-info/SOURCES.txt'
[0.738s] writing manifest file '../../../build/my_first_package/my_first_package.egg-info/SOURCES.txt'
[0.738s] running build
[0.738s] running build_py
[0.738s] creating /home/hycon/workspace/ros2_study/build/my_first_package/build
[0.738s] creating /home/hycon/workspace/ros2_study/build/my_first_package/build/lib
[0.738s] creating /home/hycon/workspace/ros2_study/build/my_first_package/build/lib/my_first_package
[0.738s] copying my_first_package/my_publisher.py -> /home/hycon/workspace/ros2_study/build/my_first_package/build/lib/my_first_package
[0.738s] copying my_first_package/__init__.py -> /home/hycon/workspace/ros2_study/build/my_first_package/build/lib/my_first_package
[0.739s] copying my_first_package/turtle_cmd_and_pose.py -> /home/hycon/workspace/ros2_study/build/my_first_package/build/lib/my_first_package
[0.739s] copying my_first_package/my_first_node.py -> /home/hycon/workspace/ros2_study/build/my_first_package/build/lib/my_first_package
[0.739s] copying my_first_package/my_subscriber.py -> /home/hycon/workspace/ros2_study/build/my_first_package/build/lib/my_first_package
[0.739s] running install
[0.739s] running install_lib
[0.739s] creating /home/hycon/workspace/ros2_study/install/my_first_package/lib/python3.10/site-packages/my_first_package
[0.739s] copying /home/hycon/workspace/ros2_study/build/my_first_package/build/lib/my_first_package/my_publisher.py -> /home/hycon/workspace/ros2_study/install/my_first_package/lib/python3.10/site-packages/my_first_package
[0.739s] copying /home/hycon/workspace/ros2_study/build/my_first_package/build/lib/my_first_package/__init__.py -> /home/hycon/workspace/ros2_study/install/my_first_package/lib/python3.10/site-packages/my_first_package
[0.739s] copying /home/hycon/workspace/ros2_study/build/my_first_package/build/lib/my_first_package/turtle_cmd_and_pose.py -> /home/hycon/workspace/ros2_study/install/my_first_package/lib/python3.10/site-packages/my_first_package
[0.739s] copying /home/hycon/workspace/ros2_study/build/my_first_package/build/lib/my_first_package/my_first_node.py -> /home/hycon/workspace/ros2_study/install/my_first_package/lib/python3.10/site-packages/my_first_package
[0.739s] copying /home/hycon/workspace/ros2_study/build/my_first_package/build/lib/my_first_package/my_subscriber.py -> /home/hycon/workspace/ros2_study/install/my_first_package/lib/python3.10/site-packages/my_first_package
[0.740s] byte-compiling /home/hycon/workspace/ros2_study/install/my_first_package/lib/python3.10/site-packages/my_first_package/my_publisher.py to my_publisher.cpython-310.pyc
[0.740s] byte-compiling /home/hycon/workspace/ros2_study/install/my_first_package/lib/python3.10/site-packages/my_first_package/__init__.py to __init__.cpython-310.pyc
[0.740s] byte-compiling /home/hycon/workspace/ros2_study/install/my_first_package/lib/python3.10/site-packages/my_first_package/turtle_cmd_and_pose.py to turtle_cmd_and_pose.cpython-310.pyc
[0.740s] byte-compiling /home/hycon/workspace/ros2_study/install/my_first_package/lib/python3.10/site-packages/my_first_package/my_first_node.py to my_first_node.cpython-310.pyc
[0.740s] byte-compiling /home/hycon/workspace/ros2_study/install/my_first_package/lib/python3.10/site-packages/my_first_package/my_subscriber.py to my_subscriber.cpython-310.pyc
[0.740s] running install_data
[0.741s] creating /home/hycon/workspace/ros2_study/install/my_first_package/share/ament_index
[0.741s] creating /home/hycon/workspace/ros2_study/install/my_first_package/share/ament_index/resource_index
[0.741s] creating /home/hycon/workspace/ros2_study/install/my_first_package/share/ament_index/resource_index/packages
[0.741s] copying resource/my_first_package -> /home/hycon/workspace/ros2_study/install/my_first_package/share/ament_index/resource_index/packages
[0.741s] copying package.xml -> /home/hycon/workspace/ros2_study/install/my_first_package/share/my_first_package
[0.741s] running install_egg_info
[0.742s] Copying ../../../build/my_first_package/my_first_package.egg-info to /home/hycon/workspace/ros2_study/install/my_first_package/lib/python3.10/site-packages/my_first_package-0.0.0-py3.10.egg-info
[0.742s] running install_scripts
[0.756s] Installing my_first_node script to /home/hycon/workspace/ros2_study/install/my_first_package/lib/my_first_package
[0.756s] Installing my_publisher script to /home/hycon/workspace/ros2_study/install/my_first_package/lib/my_first_package
[0.756s] Installing my_subscriber script to /home/hycon/workspace/ros2_study/install/my_first_package/lib/my_first_package
[0.756s] Installing turtle_cmd_and_pose script to /home/hycon/workspace/ros2_study/install/my_first_package/lib/my_first_package
[0.756s] writing list of installed files to '/home/hycon/workspace/ros2_study/build/my_first_package/install.log'
[0.773s] Invoked command in '/home/hycon/workspace/ros2_study/pkg_test/src/my_first_package' returned '0': PYTHONPATH=/home/hycon/workspace/ros2_study/build/my_first_package/prefix_override:/usr/lib/python3/dist-packages/colcon_core/task/python/colcon_distutils_commands:/home/hycon/workspace/ros2_study/install/my_first_package/lib/python3.10/site-packages:${PYTHONPATH} /usr/bin/python3 -W ignore:setup.py install is deprecated -W ignore:easy_install command is deprecated setup.py egg_info --egg-base ../../../build/my_first_package build --build-base /home/hycon/workspace/ros2_study/build/my_first_package/build install --record /home/hycon/workspace/ros2_study/build/my_first_package/install.log --single-version-externally-managed install_data
