[0.064s] DEBUG:colcon:Command line arguments: ['/usr/bin/colcon', 'build']
[0.065s] DEBUG:colcon:Parsed command line arguments: Namespace(log_base=None, log_level=None, verb_name='build', build_base='build', install_base='install', merge_install=False, symlink_install=False, test_result_base=None, continue_on_error=False, executor='parallel', parallel_workers=16, event_handlers=None, ignore_user_meta=False, metas=['./colcon.meta'], base_paths=['.'], packages_ignore=None, packages_ignore_regex=None, paths=None, packages_up_to=None, packages_up_to_regex=None, packages_above=None, packages_above_and_dependencies=None, packages_above_depth=None, packages_select_by_dep=None, packages_skip_by_dep=None, packages_skip_up_to=None, packages_select_build_failed=False, packages_skip_build_finished=False, packages_select_test_failures=False, packages_skip_test_passed=False, packages_select=None, packages_skip=None, packages_select_regex=None, packages_skip_regex=None, packages_start=None, packages_end=None, allow_overriding=[], cmake_args=None, cmake_target=None, cmake_target_skip_unavailable=False, cmake_clean_cache=False, cmake_clean_first=False, cmake_force_configure=False, ament_cmake_args=None, catkin_cmake_args=None, catkin_skip_building_tests=False, verb_parser=<colcon_defaults.argument_parser.defaults.DefaultArgumentsDecorator object at 0x7188bb154f10>, verb_extension=<colcon_core.verb.build.BuildVerb object at 0x7188bb2d1c90>, main=<bound method BuildVerb.main of <colcon_core.verb.build.BuildVerb object at 0x7188bb2d1c90>>)
[0.162s] Level 1:colcon.colcon_core.package_discovery:discover_packages(colcon_meta) check parameters
[0.162s] Level 1:colcon.colcon_core.package_discovery:discover_packages(recursive) check parameters
[0.162s] Level 1:colcon.colcon_core.package_discovery:discover_packages(ignore) check parameters
[0.162s] Level 1:colcon.colcon_core.package_discovery:discover_packages(path) check parameters
[0.162s] Level 1:colcon.colcon_core.package_discovery:discover_packages(colcon_meta) discover
[0.162s] Level 1:colcon.colcon_core.package_discovery:discover_packages(recursive) discover
[0.162s] INFO:colcon.colcon_core.package_discovery:Crawling recursively for packages in '/home/hycon/workspace/hycon_git/ros2_study_jh'
[0.162s] Level 1:colcon.colcon_core.package_identification:_identify(.) by extensions ['ignore', 'ignore_ament_install']
[0.162s] Level 1:colcon.colcon_core.package_identification:_identify(.) by extension 'ignore'
[0.162s] Level 1:colcon.colcon_core.package_identification:_identify(.) by extension 'ignore_ament_install'
[0.162s] Level 1:colcon.colcon_core.package_identification:_identify(.) by extensions ['colcon_pkg']
[0.162s] Level 1:colcon.colcon_core.package_identification:_identify(.) by extension 'colcon_pkg'
[0.162s] Level 1:colcon.colcon_core.package_identification:_identify(.) by extensions ['colcon_meta']
[0.162s] Level 1:colcon.colcon_core.package_identification:_identify(.) by extension 'colcon_meta'
[0.162s] Level 1:colcon.colcon_core.package_identification:_identify(.) by extensions ['ros']
[0.162s] Level 1:colcon.colcon_core.package_identification:_identify(.) by extension 'ros'
[0.169s] Level 1:colcon.colcon_core.package_identification:_identify(.) by extensions ['cmake', 'python']
[0.169s] Level 1:colcon.colcon_core.package_identification:_identify(.) by extension 'cmake'
[0.169s] Level 1:colcon.colcon_core.package_identification:_identify(.) by extension 'python'
[0.169s] Level 1:colcon.colcon_core.package_identification:_identify(.) by extensions ['python_setup_py']
[0.169s] Level 1:colcon.colcon_core.package_identification:_identify(.) by extension 'python_setup_py'
[0.169s] Level 1:colcon.colcon_core.package_identification:_identify(build) by extensions ['ignore', 'ignore_ament_install']
[0.169s] Level 1:colcon.colcon_core.package_identification:_identify(build) by extension 'ignore'
[0.169s] Level 1:colcon.colcon_core.package_identification:_identify(build) ignored
[0.169s] Level 1:colcon.colcon_core.package_identification:_identify(install) by extensions ['ignore', 'ignore_ament_install']
[0.170s] Level 1:colcon.colcon_core.package_identification:_identify(install) by extension 'ignore'
[0.170s] Level 1:colcon.colcon_core.package_identification:_identify(install) ignored
[0.170s] Level 1:colcon.colcon_core.package_identification:_identify(log) by extensions ['ignore', 'ignore_ament_install']
[0.170s] Level 1:colcon.colcon_core.package_identification:_identify(log) by extension 'ignore'
[0.170s] Level 1:colcon.colcon_core.package_identification:_identify(log) ignored
[0.170s] Level 1:colcon.colcon_core.package_identification:_identify(pkg_cpp) by extensions ['ignore', 'ignore_ament_install']
[0.170s] Level 1:colcon.colcon_core.package_identification:_identify(pkg_cpp) by extension 'ignore'
[0.170s] Level 1:colcon.colcon_core.package_identification:_identify(pkg_cpp) by extension 'ignore_ament_install'
[0.170s] Level 1:colcon.colcon_core.package_identification:_identify(pkg_cpp) by extensions ['colcon_pkg']
[0.170s] Level 1:colcon.colcon_core.package_identification:_identify(pkg_cpp) by extension 'colcon_pkg'
[0.170s] Level 1:colcon.colcon_core.package_identification:_identify(pkg_cpp) by extensions ['colcon_meta']
[0.170s] Level 1:colcon.colcon_core.package_identification:_identify(pkg_cpp) by extension 'colcon_meta'
[0.170s] Level 1:colcon.colcon_core.package_identification:_identify(pkg_cpp) by extensions ['ros']
[0.170s] Level 1:colcon.colcon_core.package_identification:_identify(pkg_cpp) by extension 'ros'
[0.170s] Level 1:colcon.colcon_core.package_identification:_identify(pkg_cpp) by extensions ['cmake', 'python']
[0.170s] Level 1:colcon.colcon_core.package_identification:_identify(pkg_cpp) by extension 'cmake'
[0.170s] Level 1:colcon.colcon_core.package_identification:_identify(pkg_cpp) by extension 'python'
[0.170s] Level 1:colcon.colcon_core.package_identification:_identify(pkg_cpp) by extensions ['python_setup_py']
[0.170s] Level 1:colcon.colcon_core.package_identification:_identify(pkg_cpp) by extension 'python_setup_py'
[0.170s] Level 1:colcon.colcon_core.package_identification:_identify(pkg_cpp/build) by extensions ['ignore', 'ignore_ament_install']
[0.170s] Level 1:colcon.colcon_core.package_identification:_identify(pkg_cpp/build) by extension 'ignore'
[0.170s] Level 1:colcon.colcon_core.package_identification:_identify(pkg_cpp/build) ignored
[0.170s] Level 1:colcon.colcon_core.package_identification:_identify(pkg_cpp/install) by extensions ['ignore', 'ignore_ament_install']
[0.170s] Level 1:colcon.colcon_core.package_identification:_identify(pkg_cpp/install) by extension 'ignore'
[0.170s] Level 1:colcon.colcon_core.package_identification:_identify(pkg_cpp/install) ignored
[0.170s] Level 1:colcon.colcon_core.package_identification:_identify(pkg_cpp/log) by extensions ['ignore', 'ignore_ament_install']
[0.170s] Level 1:colcon.colcon_core.package_identification:_identify(pkg_cpp/log) by extension 'ignore'
[0.170s] Level 1:colcon.colcon_core.package_identification:_identify(pkg_cpp/log) ignored
[0.170s] Level 1:colcon.colcon_core.package_identification:_identify(pkg_cpp/src) by extensions ['ignore', 'ignore_ament_install']
[0.170s] Level 1:colcon.colcon_core.package_identification:_identify(pkg_cpp/src) by extension 'ignore'
[0.170s] Level 1:colcon.colcon_core.package_identification:_identify(pkg_cpp/src) by extension 'ignore_ament_install'
[0.171s] Level 1:colcon.colcon_core.package_identification:_identify(pkg_cpp/src) by extensions ['colcon_pkg']
[0.171s] Level 1:colcon.colcon_core.package_identification:_identify(pkg_cpp/src) by extension 'colcon_pkg'
[0.171s] Level 1:colcon.colcon_core.package_identification:_identify(pkg_cpp/src) by extensions ['colcon_meta']
[0.171s] Level 1:colcon.colcon_core.package_identification:_identify(pkg_cpp/src) by extension 'colcon_meta'
[0.171s] Level 1:colcon.colcon_core.package_identification:_identify(pkg_cpp/src) by extensions ['ros']
[0.171s] Level 1:colcon.colcon_core.package_identification:_identify(pkg_cpp/src) by extension 'ros'
[0.171s] Level 1:colcon.colcon_core.package_identification:_identify(pkg_cpp/src) by extensions ['cmake', 'python']
[0.171s] Level 1:colcon.colcon_core.package_identification:_identify(pkg_cpp/src) by extension 'cmake'
[0.171s] Level 1:colcon.colcon_core.package_identification:_identify(pkg_cpp/src) by extension 'python'
[0.171s] Level 1:colcon.colcon_core.package_identification:_identify(pkg_cpp/src) by extensions ['python_setup_py']
[0.171s] Level 1:colcon.colcon_core.package_identification:_identify(pkg_cpp/src) by extension 'python_setup_py'
[0.171s] Level 1:colcon.colcon_core.package_identification:_identify(pkg_cpp/src/pkg_test_cpp) by extensions ['ignore', 'ignore_ament_install']
[0.171s] Level 1:colcon.colcon_core.package_identification:_identify(pkg_cpp/src/pkg_test_cpp) by extension 'ignore'
[0.171s] Level 1:colcon.colcon_core.package_identification:_identify(pkg_cpp/src/pkg_test_cpp) by extension 'ignore_ament_install'
[0.171s] Level 1:colcon.colcon_core.package_identification:_identify(pkg_cpp/src/pkg_test_cpp) by extensions ['colcon_pkg']
[0.171s] Level 1:colcon.colcon_core.package_identification:_identify(pkg_cpp/src/pkg_test_cpp) by extension 'colcon_pkg'
[0.171s] Level 1:colcon.colcon_core.package_identification:_identify(pkg_cpp/src/pkg_test_cpp) by extensions ['colcon_meta']
[0.171s] Level 1:colcon.colcon_core.package_identification:_identify(pkg_cpp/src/pkg_test_cpp) by extension 'colcon_meta'
[0.171s] Level 1:colcon.colcon_core.package_identification:_identify(pkg_cpp/src/pkg_test_cpp) by extensions ['ros']
[0.171s] Level 1:colcon.colcon_core.package_identification:_identify(pkg_cpp/src/pkg_test_cpp) by extension 'ros'
[0.172s] DEBUG:colcon.colcon_core.package_identification:Package 'pkg_cpp/src/pkg_test_cpp' with type 'ros.ament_cmake' and name 'pkg_test_cpp'
[0.172s] Level 1:colcon.colcon_core.package_identification:_identify(pkg_cpp/src/pkg_test_cpp_msg) by extensions ['ignore', 'ignore_ament_install']
[0.173s] Level 1:colcon.colcon_core.package_identification:_identify(pkg_cpp/src/pkg_test_cpp_msg) by extension 'ignore'
[0.173s] Level 1:colcon.colcon_core.package_identification:_identify(pkg_cpp/src/pkg_test_cpp_msg) by extension 'ignore_ament_install'
[0.173s] Level 1:colcon.colcon_core.package_identification:_identify(pkg_cpp/src/pkg_test_cpp_msg) by extensions ['colcon_pkg']
[0.173s] Level 1:colcon.colcon_core.package_identification:_identify(pkg_cpp/src/pkg_test_cpp_msg) by extension 'colcon_pkg'
[0.173s] Level 1:colcon.colcon_core.package_identification:_identify(pkg_cpp/src/pkg_test_cpp_msg) by extensions ['colcon_meta']
[0.173s] Level 1:colcon.colcon_core.package_identification:_identify(pkg_cpp/src/pkg_test_cpp_msg) by extension 'colcon_meta'
[0.173s] Level 1:colcon.colcon_core.package_identification:_identify(pkg_cpp/src/pkg_test_cpp_msg) by extensions ['ros']
[0.173s] Level 1:colcon.colcon_core.package_identification:_identify(pkg_cpp/src/pkg_test_cpp_msg) by extension 'ros'
[0.173s] DEBUG:colcon.colcon_core.package_identification:Package 'pkg_cpp/src/pkg_test_cpp_msg' with type 'ros.ament_cmake' and name 'pkg_test_cpp_msg'
[0.173s] Level 1:colcon.colcon_core.package_identification:_identify(ros2_study) by extensions ['ignore', 'ignore_ament_install']
[0.173s] Level 1:colcon.colcon_core.package_identification:_identify(ros2_study) by extension 'ignore'
[0.173s] Level 1:colcon.colcon_core.package_identification:_identify(ros2_study) by extension 'ignore_ament_install'
[0.173s] Level 1:colcon.colcon_core.package_identification:_identify(ros2_study) by extensions ['colcon_pkg']
[0.173s] Level 1:colcon.colcon_core.package_identification:_identify(ros2_study) by extension 'colcon_pkg'
[0.173s] Level 1:colcon.colcon_core.package_identification:_identify(ros2_study) by extensions ['colcon_meta']
[0.173s] Level 1:colcon.colcon_core.package_identification:_identify(ros2_study) by extension 'colcon_meta'
[0.173s] Level 1:colcon.colcon_core.package_identification:_identify(ros2_study) by extensions ['ros']
[0.173s] Level 1:colcon.colcon_core.package_identification:_identify(ros2_study) by extension 'ros'
[0.173s] Level 1:colcon.colcon_core.package_identification:_identify(ros2_study) by extensions ['cmake', 'python']
[0.173s] Level 1:colcon.colcon_core.package_identification:_identify(ros2_study) by extension 'cmake'
[0.173s] Level 1:colcon.colcon_core.package_identification:_identify(ros2_study) by extension 'python'
[0.173s] Level 1:colcon.colcon_core.package_identification:_identify(ros2_study) by extensions ['python_setup_py']
[0.173s] Level 1:colcon.colcon_core.package_identification:_identify(ros2_study) by extension 'python_setup_py'
[0.174s] Level 1:colcon.colcon_core.package_identification:_identify(ros2_study/build) by extensions ['ignore', 'ignore_ament_install']
[0.174s] Level 1:colcon.colcon_core.package_identification:_identify(ros2_study/build) by extension 'ignore'
[0.174s] Level 1:colcon.colcon_core.package_identification:_identify(ros2_study/build) ignored
[0.174s] Level 1:colcon.colcon_core.package_identification:_identify(ros2_study/install) by extensions ['ignore', 'ignore_ament_install']
[0.174s] Level 1:colcon.colcon_core.package_identification:_identify(ros2_study/install) by extension 'ignore'
[0.174s] Level 1:colcon.colcon_core.package_identification:_identify(ros2_study/install) ignored
[0.174s] Level 1:colcon.colcon_core.package_identification:_identify(ros2_study/log) by extensions ['ignore', 'ignore_ament_install']
[0.174s] Level 1:colcon.colcon_core.package_identification:_identify(ros2_study/log) by extension 'ignore'
[0.174s] Level 1:colcon.colcon_core.package_identification:_identify(ros2_study/log) ignored
[0.174s] Level 1:colcon.colcon_core.package_identification:_identify(ros2_study/pkg_test) by extensions ['ignore', 'ignore_ament_install']
[0.174s] Level 1:colcon.colcon_core.package_identification:_identify(ros2_study/pkg_test) by extension 'ignore'
[0.174s] Level 1:colcon.colcon_core.package_identification:_identify(ros2_study/pkg_test) by extension 'ignore_ament_install'
[0.174s] Level 1:colcon.colcon_core.package_identification:_identify(ros2_study/pkg_test) by extensions ['colcon_pkg']
[0.174s] Level 1:colcon.colcon_core.package_identification:_identify(ros2_study/pkg_test) by extension 'colcon_pkg'
[0.174s] Level 1:colcon.colcon_core.package_identification:_identify(ros2_study/pkg_test) by extensions ['colcon_meta']
[0.174s] Level 1:colcon.colcon_core.package_identification:_identify(ros2_study/pkg_test) by extension 'colcon_meta'
[0.174s] Level 1:colcon.colcon_core.package_identification:_identify(ros2_study/pkg_test) by extensions ['ros']
[0.174s] Level 1:colcon.colcon_core.package_identification:_identify(ros2_study/pkg_test) by extension 'ros'
[0.174s] Level 1:colcon.colcon_core.package_identification:_identify(ros2_study/pkg_test) by extensions ['cmake', 'python']
[0.174s] Level 1:colcon.colcon_core.package_identification:_identify(ros2_study/pkg_test) by extension 'cmake'
[0.174s] Level 1:colcon.colcon_core.package_identification:_identify(ros2_study/pkg_test) by extension 'python'
[0.174s] Level 1:colcon.colcon_core.package_identification:_identify(ros2_study/pkg_test) by extensions ['python_setup_py']
[0.174s] Level 1:colcon.colcon_core.package_identification:_identify(ros2_study/pkg_test) by extension 'python_setup_py'
[0.174s] Level 1:colcon.colcon_core.package_identification:_identify(ros2_study/pkg_test/build) by extensions ['ignore', 'ignore_ament_install']
[0.174s] Level 1:colcon.colcon_core.package_identification:_identify(ros2_study/pkg_test/build) by extension 'ignore'
[0.174s] Level 1:colcon.colcon_core.package_identification:_identify(ros2_study/pkg_test/build) ignored
[0.174s] Level 1:colcon.colcon_core.package_identification:_identify(ros2_study/pkg_test/install) by extensions ['ignore', 'ignore_ament_install']
[0.174s] Level 1:colcon.colcon_core.package_identification:_identify(ros2_study/pkg_test/install) by extension 'ignore'
[0.174s] Level 1:colcon.colcon_core.package_identification:_identify(ros2_study/pkg_test/install) ignored
[0.174s] Level 1:colcon.colcon_core.package_identification:_identify(ros2_study/pkg_test/log) by extensions ['ignore', 'ignore_ament_install']
[0.174s] Level 1:colcon.colcon_core.package_identification:_identify(ros2_study/pkg_test/log) by extension 'ignore'
[0.175s] Level 1:colcon.colcon_core.package_identification:_identify(ros2_study/pkg_test/log) ignored
[0.175s] Level 1:colcon.colcon_core.package_identification:_identify(ros2_study/pkg_test/src) by extensions ['ignore', 'ignore_ament_install']
[0.175s] Level 1:colcon.colcon_core.package_identification:_identify(ros2_study/pkg_test/src) by extension 'ignore'
[0.175s] Level 1:colcon.colcon_core.package_identification:_identify(ros2_study/pkg_test/src) by extension 'ignore_ament_install'
[0.175s] Level 1:colcon.colcon_core.package_identification:_identify(ros2_study/pkg_test/src) by extensions ['colcon_pkg']
[0.175s] Level 1:colcon.colcon_core.package_identification:_identify(ros2_study/pkg_test/src) by extension 'colcon_pkg'
[0.175s] Level 1:colcon.colcon_core.package_identification:_identify(ros2_study/pkg_test/src) by extensions ['colcon_meta']
[0.175s] Level 1:colcon.colcon_core.package_identification:_identify(ros2_study/pkg_test/src) by extension 'colcon_meta'
[0.175s] Level 1:colcon.colcon_core.package_identification:_identify(ros2_study/pkg_test/src) by extensions ['ros']
[0.175s] Level 1:colcon.colcon_core.package_identification:_identify(ros2_study/pkg_test/src) by extension 'ros'
[0.175s] Level 1:colcon.colcon_core.package_identification:_identify(ros2_study/pkg_test/src) by extensions ['cmake', 'python']
[0.175s] Level 1:colcon.colcon_core.package_identification:_identify(ros2_study/pkg_test/src) by extension 'cmake'
[0.175s] Level 1:colcon.colcon_core.package_identification:_identify(ros2_study/pkg_test/src) by extension 'python'
[0.175s] Level 1:colcon.colcon_core.package_identification:_identify(ros2_study/pkg_test/src) by extensions ['python_setup_py']
[0.175s] Level 1:colcon.colcon_core.package_identification:_identify(ros2_study/pkg_test/src) by extension 'python_setup_py'
[0.175s] Level 1:colcon.colcon_core.package_identification:_identify(ros2_study/pkg_test/src/my_first_package) by extensions ['ignore', 'ignore_ament_install']
[0.175s] Level 1:colcon.colcon_core.package_identification:_identify(ros2_study/pkg_test/src/my_first_package) by extension 'ignore'
[0.175s] Level 1:colcon.colcon_core.package_identification:_identify(ros2_study/pkg_test/src/my_first_package) by extension 'ignore_ament_install'
[0.175s] Level 1:colcon.colcon_core.package_identification:_identify(ros2_study/pkg_test/src/my_first_package) by extensions ['colcon_pkg']
[0.175s] Level 1:colcon.colcon_core.package_identification:_identify(ros2_study/pkg_test/src/my_first_package) by extension 'colcon_pkg'
[0.175s] Level 1:colcon.colcon_core.package_identification:_identify(ros2_study/pkg_test/src/my_first_package) by extensions ['colcon_meta']
[0.175s] Level 1:colcon.colcon_core.package_identification:_identify(ros2_study/pkg_test/src/my_first_package) by extension 'colcon_meta'
[0.175s] Level 1:colcon.colcon_core.package_identification:_identify(ros2_study/pkg_test/src/my_first_package) by extensions ['ros']
[0.175s] Level 1:colcon.colcon_core.package_identification:_identify(ros2_study/pkg_test/src/my_first_package) by extension 'ros'
[0.175s] DEBUG:colcon.colcon_core.package_identification:Package 'ros2_study/pkg_test/src/my_first_package' with type 'ros.ament_python' and name 'my_first_package'
[0.176s] Level 1:colcon.colcon_core.package_identification:_identify(ros2_study/pkg_test/src/my_first_package_msgs) by extensions ['ignore', 'ignore_ament_install']
[0.176s] Level 1:colcon.colcon_core.package_identification:_identify(ros2_study/pkg_test/src/my_first_package_msgs) by extension 'ignore'
[0.176s] Level 1:colcon.colcon_core.package_identification:_identify(ros2_study/pkg_test/src/my_first_package_msgs) by extension 'ignore_ament_install'
[0.176s] Level 1:colcon.colcon_core.package_identification:_identify(ros2_study/pkg_test/src/my_first_package_msgs) by extensions ['colcon_pkg']
[0.176s] Level 1:colcon.colcon_core.package_identification:_identify(ros2_study/pkg_test/src/my_first_package_msgs) by extension 'colcon_pkg'
[0.176s] Level 1:colcon.colcon_core.package_identification:_identify(ros2_study/pkg_test/src/my_first_package_msgs) by extensions ['colcon_meta']
[0.176s] Level 1:colcon.colcon_core.package_identification:_identify(ros2_study/pkg_test/src/my_first_package_msgs) by extension 'colcon_meta'
[0.176s] Level 1:colcon.colcon_core.package_identification:_identify(ros2_study/pkg_test/src/my_first_package_msgs) by extensions ['ros']
[0.176s] Level 1:colcon.colcon_core.package_identification:_identify(ros2_study/pkg_test/src/my_first_package_msgs) by extension 'ros'
[0.176s] DEBUG:colcon.colcon_core.package_identification:Package 'ros2_study/pkg_test/src/my_first_package_msgs' with type 'ros.ament_cmake' and name 'my_first_package_msgs'
[0.176s] Level 1:colcon.colcon_core.package_identification:_identify(ros2_study/publisher_test) by extensions ['ignore', 'ignore_ament_install']
[0.176s] Level 1:colcon.colcon_core.package_identification:_identify(ros2_study/publisher_test) by extension 'ignore'
[0.176s] Level 1:colcon.colcon_core.package_identification:_identify(ros2_study/publisher_test) by extension 'ignore_ament_install'
[0.176s] Level 1:colcon.colcon_core.package_identification:_identify(ros2_study/publisher_test) by extensions ['colcon_pkg']
[0.176s] Level 1:colcon.colcon_core.package_identification:_identify(ros2_study/publisher_test) by extension 'colcon_pkg'
[0.176s] Level 1:colcon.colcon_core.package_identification:_identify(ros2_study/publisher_test) by extensions ['colcon_meta']
[0.176s] Level 1:colcon.colcon_core.package_identification:_identify(ros2_study/publisher_test) by extension 'colcon_meta'
[0.176s] Level 1:colcon.colcon_core.package_identification:_identify(ros2_study/publisher_test) by extensions ['ros']
[0.176s] Level 1:colcon.colcon_core.package_identification:_identify(ros2_study/publisher_test) by extension 'ros'
[0.176s] Level 1:colcon.colcon_core.package_identification:_identify(ros2_study/publisher_test) by extensions ['cmake', 'python']
[0.176s] Level 1:colcon.colcon_core.package_identification:_identify(ros2_study/publisher_test) by extension 'cmake'
[0.176s] Level 1:colcon.colcon_core.package_identification:_identify(ros2_study/publisher_test) by extension 'python'
[0.176s] Level 1:colcon.colcon_core.package_identification:_identify(ros2_study/publisher_test) by extensions ['python_setup_py']
[0.176s] Level 1:colcon.colcon_core.package_identification:_identify(ros2_study/publisher_test) by extension 'python_setup_py'
[0.177s] Level 1:colcon.colcon_core.package_identification:_identify(ros2_study/publisher_test/publisher_make_test) by extensions ['ignore', 'ignore_ament_install']
[0.177s] Level 1:colcon.colcon_core.package_identification:_identify(ros2_study/publisher_test/publisher_make_test) by extension 'ignore'
[0.177s] Level 1:colcon.colcon_core.package_identification:_identify(ros2_study/publisher_test/publisher_make_test) by extension 'ignore_ament_install'
[0.177s] Level 1:colcon.colcon_core.package_identification:_identify(ros2_study/publisher_test/publisher_make_test) by extensions ['colcon_pkg']
[0.177s] Level 1:colcon.colcon_core.package_identification:_identify(ros2_study/publisher_test/publisher_make_test) by extension 'colcon_pkg'
[0.177s] Level 1:colcon.colcon_core.package_identification:_identify(ros2_study/publisher_test/publisher_make_test) by extensions ['colcon_meta']
[0.177s] Level 1:colcon.colcon_core.package_identification:_identify(ros2_study/publisher_test/publisher_make_test) by extension 'colcon_meta'
[0.177s] Level 1:colcon.colcon_core.package_identification:_identify(ros2_study/publisher_test/publisher_make_test) by extensions ['ros']
[0.177s] Level 1:colcon.colcon_core.package_identification:_identify(ros2_study/publisher_test/publisher_make_test) by extension 'ros'
[0.177s] DEBUG:colcon.colcon_core.package_identification:Package 'ros2_study/publisher_test/publisher_make_test' with type 'ros.ament_cmake' and name 'publisher_make_test'
[0.177s] Level 1:colcon.colcon_core.package_identification:_identify(ros2_study/service_client_test) by extensions ['ignore', 'ignore_ament_install']
[0.177s] Level 1:colcon.colcon_core.package_identification:_identify(ros2_study/service_client_test) by extension 'ignore'
[0.177s] Level 1:colcon.colcon_core.package_identification:_identify(ros2_study/service_client_test) by extension 'ignore_ament_install'
[0.177s] Level 1:colcon.colcon_core.package_identification:_identify(ros2_study/service_client_test) by extensions ['colcon_pkg']
[0.177s] Level 1:colcon.colcon_core.package_identification:_identify(ros2_study/service_client_test) by extension 'colcon_pkg'
[0.177s] Level 1:colcon.colcon_core.package_identification:_identify(ros2_study/service_client_test) by extensions ['colcon_meta']
[0.177s] Level 1:colcon.colcon_core.package_identification:_identify(ros2_study/service_client_test) by extension 'colcon_meta'
[0.177s] Level 1:colcon.colcon_core.package_identification:_identify(ros2_study/service_client_test) by extensions ['ros']
[0.177s] Level 1:colcon.colcon_core.package_identification:_identify(ros2_study/service_client_test) by extension 'ros'
[0.177s] Level 1:colcon.colcon_core.package_identification:_identify(ros2_study/service_client_test) by extensions ['cmake', 'python']
[0.177s] Level 1:colcon.colcon_core.package_identification:_identify(ros2_study/service_client_test) by extension 'cmake'
[0.177s] Level 1:colcon.colcon_core.package_identification:_identify(ros2_study/service_client_test) by extension 'python'
[0.177s] Level 1:colcon.colcon_core.package_identification:_identify(ros2_study/service_client_test) by extensions ['python_setup_py']
[0.177s] Level 1:colcon.colcon_core.package_identification:_identify(ros2_study/service_client_test) by extension 'python_setup_py'
[0.177s] Level 1:colcon.colcon_core.package_identification:_identify(ros2_study/service_client_test/service_client_test) by extensions ['ignore', 'ignore_ament_install']
[0.177s] Level 1:colcon.colcon_core.package_identification:_identify(ros2_study/service_client_test/service_client_test) by extension 'ignore'
[0.177s] Level 1:colcon.colcon_core.package_identification:_identify(ros2_study/service_client_test/service_client_test) by extension 'ignore_ament_install'
[0.178s] Level 1:colcon.colcon_core.package_identification:_identify(ros2_study/service_client_test/service_client_test) by extensions ['colcon_pkg']
[0.178s] Level 1:colcon.colcon_core.package_identification:_identify(ros2_study/service_client_test/service_client_test) by extension 'colcon_pkg'
[0.178s] Level 1:colcon.colcon_core.package_identification:_identify(ros2_study/service_client_test/service_client_test) by extensions ['colcon_meta']
[0.178s] Level 1:colcon.colcon_core.package_identification:_identify(ros2_study/service_client_test/service_client_test) by extension 'colcon_meta'
[0.178s] Level 1:colcon.colcon_core.package_identification:_identify(ros2_study/service_client_test/service_client_test) by extensions ['ros']
[0.178s] Level 1:colcon.colcon_core.package_identification:_identify(ros2_study/service_client_test/service_client_test) by extension 'ros'
[0.178s] DEBUG:colcon.colcon_core.package_identification:Package 'ros2_study/service_client_test/service_client_test' with type 'ros.ament_cmake' and name 'service_client_test'
[0.178s] Level 1:colcon.colcon_core.package_identification:_identify(ros2_study/subscriber_test) by extensions ['ignore', 'ignore_ament_install']
[0.178s] Level 1:colcon.colcon_core.package_identification:_identify(ros2_study/subscriber_test) by extension 'ignore'
[0.178s] Level 1:colcon.colcon_core.package_identification:_identify(ros2_study/subscriber_test) by extension 'ignore_ament_install'
[0.178s] Level 1:colcon.colcon_core.package_identification:_identify(ros2_study/subscriber_test) by extensions ['colcon_pkg']
[0.178s] Level 1:colcon.colcon_core.package_identification:_identify(ros2_study/subscriber_test) by extension 'colcon_pkg'
[0.178s] Level 1:colcon.colcon_core.package_identification:_identify(ros2_study/subscriber_test) by extensions ['colcon_meta']
[0.178s] Level 1:colcon.colcon_core.package_identification:_identify(ros2_study/subscriber_test) by extension 'colcon_meta'
[0.178s] Level 1:colcon.colcon_core.package_identification:_identify(ros2_study/subscriber_test) by extensions ['ros']
[0.178s] Level 1:colcon.colcon_core.package_identification:_identify(ros2_study/subscriber_test) by extension 'ros'
[0.178s] Level 1:colcon.colcon_core.package_identification:_identify(ros2_study/subscriber_test) by extensions ['cmake', 'python']
[0.178s] Level 1:colcon.colcon_core.package_identification:_identify(ros2_study/subscriber_test) by extension 'cmake'
[0.178s] Level 1:colcon.colcon_core.package_identification:_identify(ros2_study/subscriber_test) by extension 'python'
[0.178s] Level 1:colcon.colcon_core.package_identification:_identify(ros2_study/subscriber_test) by extensions ['python_setup_py']
[0.178s] Level 1:colcon.colcon_core.package_identification:_identify(ros2_study/subscriber_test) by extension 'python_setup_py'
[0.178s] Level 1:colcon.colcon_core.package_identification:_identify(ros2_study/subscriber_test/subscriber_node_cpp) by extensions ['ignore', 'ignore_ament_install']
[0.178s] Level 1:colcon.colcon_core.package_identification:_identify(ros2_study/subscriber_test/subscriber_node_cpp) by extension 'ignore'
[0.178s] Level 1:colcon.colcon_core.package_identification:_identify(ros2_study/subscriber_test/subscriber_node_cpp) by extension 'ignore_ament_install'
[0.178s] Level 1:colcon.colcon_core.package_identification:_identify(ros2_study/subscriber_test/subscriber_node_cpp) by extensions ['colcon_pkg']
[0.178s] Level 1:colcon.colcon_core.package_identification:_identify(ros2_study/subscriber_test/subscriber_node_cpp) by extension 'colcon_pkg'
[0.178s] Level 1:colcon.colcon_core.package_identification:_identify(ros2_study/subscriber_test/subscriber_node_cpp) by extensions ['colcon_meta']
[0.178s] Level 1:colcon.colcon_core.package_identification:_identify(ros2_study/subscriber_test/subscriber_node_cpp) by extension 'colcon_meta'
[0.179s] Level 1:colcon.colcon_core.package_identification:_identify(ros2_study/subscriber_test/subscriber_node_cpp) by extensions ['ros']
[0.179s] Level 1:colcon.colcon_core.package_identification:_identify(ros2_study/subscriber_test/subscriber_node_cpp) by extension 'ros'
[0.179s] Level 1:colcon.colcon_core.package_identification:_identify(ros2_study/subscriber_test/subscriber_node_cpp) by extensions ['cmake', 'python']
[0.179s] Level 1:colcon.colcon_core.package_identification:_identify(ros2_study/subscriber_test/subscriber_node_cpp) by extension 'cmake'
[0.179s] Level 1:colcon.colcon_core.package_identification:_identify(ros2_study/subscriber_test/subscriber_node_cpp) by extension 'python'
[0.179s] Level 1:colcon.colcon_core.package_identification:_identify(ros2_study/subscriber_test/subscriber_node_cpp) by extensions ['python_setup_py']
[0.179s] Level 1:colcon.colcon_core.package_identification:_identify(ros2_study/subscriber_test/subscriber_node_cpp) by extension 'python_setup_py'
[0.179s] Level 1:colcon.colcon_core.package_identification:_identify(ros2_study/subscriber_test/subscriber_node_cpp/my_subscriber_pkg) by extensions ['ignore', 'ignore_ament_install']
[0.179s] Level 1:colcon.colcon_core.package_identification:_identify(ros2_study/subscriber_test/subscriber_node_cpp/my_subscriber_pkg) by extension 'ignore'
[0.179s] Level 1:colcon.colcon_core.package_identification:_identify(ros2_study/subscriber_test/subscriber_node_cpp/my_subscriber_pkg) by extension 'ignore_ament_install'
[0.179s] Level 1:colcon.colcon_core.package_identification:_identify(ros2_study/subscriber_test/subscriber_node_cpp/my_subscriber_pkg) by extensions ['colcon_pkg']
[0.179s] Level 1:colcon.colcon_core.package_identification:_identify(ros2_study/subscriber_test/subscriber_node_cpp/my_subscriber_pkg) by extension 'colcon_pkg'
[0.179s] Level 1:colcon.colcon_core.package_identification:_identify(ros2_study/subscriber_test/subscriber_node_cpp/my_subscriber_pkg) by extensions ['colcon_meta']
[0.179s] Level 1:colcon.colcon_core.package_identification:_identify(ros2_study/subscriber_test/subscriber_node_cpp/my_subscriber_pkg) by extension 'colcon_meta'
[0.179s] Level 1:colcon.colcon_core.package_identification:_identify(ros2_study/subscriber_test/subscriber_node_cpp/my_subscriber_pkg) by extensions ['ros']
[0.179s] Level 1:colcon.colcon_core.package_identification:_identify(ros2_study/subscriber_test/subscriber_node_cpp/my_subscriber_pkg) by extension 'ros'
[0.179s] DEBUG:colcon.colcon_core.package_identification:Package 'ros2_study/subscriber_test/subscriber_node_cpp/my_subscriber_pkg' with type 'ros.ament_cmake' and name 'my_subscriber_pkg'
[0.179s] Level 1:colcon.colcon_core.package_discovery:discover_packages(recursive) using defaults
[0.179s] Level 1:colcon.colcon_core.package_discovery:discover_packages(ignore) discover
[0.179s] Level 1:colcon.colcon_core.package_discovery:discover_packages(ignore) using defaults
[0.179s] Level 1:colcon.colcon_core.package_discovery:discover_packages(path) discover
[0.179s] Level 1:colcon.colcon_core.package_discovery:discover_packages(path) using defaults
[0.197s] Level 1:colcon.colcon_core.package_discovery:discover_packages(prefix_path) check parameters
[0.198s] Level 1:colcon.colcon_core.package_discovery:discover_packages(prefix_path) discover
[0.199s] DEBUG:colcon.colcon_installed_package_information.package_discovery:Found 1 installed packages in /home/hycon/workspace/hycon_git/ros2_study_jh/install
[0.199s] DEBUG:colcon.colcon_installed_package_information.package_discovery:Found 278 installed packages in /opt/ros/humble
[0.200s] Level 1:colcon.colcon_core.package_discovery:discover_packages(prefix_path) using defaults
[0.221s] Level 5:colcon.colcon_core.verb:set package 'my_first_package' build argument 'cmake_args' from command line to 'None'
[0.221s] Level 5:colcon.colcon_core.verb:set package 'my_first_package' build argument 'cmake_target' from command line to 'None'
[0.221s] Level 5:colcon.colcon_core.verb:set package 'my_first_package' build argument 'cmake_target_skip_unavailable' from command line to 'False'
[0.221s] Level 5:colcon.colcon_core.verb:set package 'my_first_package' build argument 'cmake_clean_cache' from command line to 'False'
[0.221s] Level 5:colcon.colcon_core.verb:set package 'my_first_package' build argument 'cmake_clean_first' from command line to 'False'
[0.221s] Level 5:colcon.colcon_core.verb:set package 'my_first_package' build argument 'cmake_force_configure' from command line to 'False'
[0.221s] Level 5:colcon.colcon_core.verb:set package 'my_first_package' build argument 'ament_cmake_args' from command line to 'None'
[0.221s] Level 5:colcon.colcon_core.verb:set package 'my_first_package' build argument 'catkin_cmake_args' from command line to 'None'
[0.221s] Level 5:colcon.colcon_core.verb:set package 'my_first_package' build argument 'catkin_skip_building_tests' from command line to 'False'
[0.221s] DEBUG:colcon.colcon_core.verb:Building package 'my_first_package' with the following arguments: {'ament_cmake_args': None, 'build_base': '/home/hycon/workspace/hycon_git/ros2_study_jh/build/my_first_package', 'catkin_cmake_args': None, 'catkin_skip_building_tests': False, 'cmake_args': None, 'cmake_clean_cache': False, 'cmake_clean_first': False, 'cmake_force_configure': False, 'cmake_target': None, 'cmake_target_skip_unavailable': False, 'install_base': '/home/hycon/workspace/hycon_git/ros2_study_jh/install/my_first_package', 'merge_install': False, 'path': '/home/hycon/workspace/hycon_git/ros2_study_jh/ros2_study/pkg_test/src/my_first_package', 'symlink_install': False, 'test_result_base': None}
[0.221s] Level 5:colcon.colcon_core.verb:set package 'my_first_package_msgs' build argument 'cmake_args' from command line to 'None'
[0.221s] Level 5:colcon.colcon_core.verb:set package 'my_first_package_msgs' build argument 'cmake_target' from command line to 'None'
[0.221s] Level 5:colcon.colcon_core.verb:set package 'my_first_package_msgs' build argument 'cmake_target_skip_unavailable' from command line to 'False'
[0.221s] Level 5:colcon.colcon_core.verb:set package 'my_first_package_msgs' build argument 'cmake_clean_cache' from command line to 'False'
[0.221s] Level 5:colcon.colcon_core.verb:set package 'my_first_package_msgs' build argument 'cmake_clean_first' from command line to 'False'
[0.221s] Level 5:colcon.colcon_core.verb:set package 'my_first_package_msgs' build argument 'cmake_force_configure' from command line to 'False'
[0.221s] Level 5:colcon.colcon_core.verb:set package 'my_first_package_msgs' build argument 'ament_cmake_args' from command line to 'None'
[0.221s] Level 5:colcon.colcon_core.verb:set package 'my_first_package_msgs' build argument 'catkin_cmake_args' from command line to 'None'
[0.221s] Level 5:colcon.colcon_core.verb:set package 'my_first_package_msgs' build argument 'catkin_skip_building_tests' from command line to 'False'
[0.221s] DEBUG:colcon.colcon_core.verb:Building package 'my_first_package_msgs' with the following arguments: {'ament_cmake_args': None, 'build_base': '/home/hycon/workspace/hycon_git/ros2_study_jh/build/my_first_package_msgs', 'catkin_cmake_args': None, 'catkin_skip_building_tests': False, 'cmake_args': None, 'cmake_clean_cache': False, 'cmake_clean_first': False, 'cmake_force_configure': False, 'cmake_target': None, 'cmake_target_skip_unavailable': False, 'install_base': '/home/hycon/workspace/hycon_git/ros2_study_jh/install/my_first_package_msgs', 'merge_install': False, 'path': '/home/hycon/workspace/hycon_git/ros2_study_jh/ros2_study/pkg_test/src/my_first_package_msgs', 'symlink_install': False, 'test_result_base': None}
[0.221s] Level 5:colcon.colcon_core.verb:set package 'my_subscriber_pkg' build argument 'cmake_args' from command line to 'None'
[0.221s] Level 5:colcon.colcon_core.verb:set package 'my_subscriber_pkg' build argument 'cmake_target' from command line to 'None'
[0.221s] Level 5:colcon.colcon_core.verb:set package 'my_subscriber_pkg' build argument 'cmake_target_skip_unavailable' from command line to 'False'
[0.221s] Level 5:colcon.colcon_core.verb:set package 'my_subscriber_pkg' build argument 'cmake_clean_cache' from command line to 'False'
[0.221s] Level 5:colcon.colcon_core.verb:set package 'my_subscriber_pkg' build argument 'cmake_clean_first' from command line to 'False'
[0.221s] Level 5:colcon.colcon_core.verb:set package 'my_subscriber_pkg' build argument 'cmake_force_configure' from command line to 'False'
[0.221s] Level 5:colcon.colcon_core.verb:set package 'my_subscriber_pkg' build argument 'ament_cmake_args' from command line to 'None'
[0.221s] Level 5:colcon.colcon_core.verb:set package 'my_subscriber_pkg' build argument 'catkin_cmake_args' from command line to 'None'
[0.221s] Level 5:colcon.colcon_core.verb:set package 'my_subscriber_pkg' build argument 'catkin_skip_building_tests' from command line to 'False'
[0.221s] DEBUG:colcon.colcon_core.verb:Building package 'my_subscriber_pkg' with the following arguments: {'ament_cmake_args': None, 'build_base': '/home/hycon/workspace/hycon_git/ros2_study_jh/build/my_subscriber_pkg', 'catkin_cmake_args': None, 'catkin_skip_building_tests': False, 'cmake_args': None, 'cmake_clean_cache': False, 'cmake_clean_first': False, 'cmake_force_configure': False, 'cmake_target': None, 'cmake_target_skip_unavailable': False, 'install_base': '/home/hycon/workspace/hycon_git/ros2_study_jh/install/my_subscriber_pkg', 'merge_install': False, 'path': '/home/hycon/workspace/hycon_git/ros2_study_jh/ros2_study/subscriber_test/subscriber_node_cpp/my_subscriber_pkg', 'symlink_install': False, 'test_result_base': None}
[0.222s] Level 5:colcon.colcon_core.verb:set package 'pkg_test_cpp' build argument 'cmake_args' from command line to 'None'
[0.222s] Level 5:colcon.colcon_core.verb:set package 'pkg_test_cpp' build argument 'cmake_target' from command line to 'None'
[0.222s] Level 5:colcon.colcon_core.verb:set package 'pkg_test_cpp' build argument 'cmake_target_skip_unavailable' from command line to 'False'
[0.222s] Level 5:colcon.colcon_core.verb:set package 'pkg_test_cpp' build argument 'cmake_clean_cache' from command line to 'False'
[0.222s] Level 5:colcon.colcon_core.verb:set package 'pkg_test_cpp' build argument 'cmake_clean_first' from command line to 'False'
[0.222s] Level 5:colcon.colcon_core.verb:set package 'pkg_test_cpp' build argument 'cmake_force_configure' from command line to 'False'
[0.222s] Level 5:colcon.colcon_core.verb:set package 'pkg_test_cpp' build argument 'ament_cmake_args' from command line to 'None'
[0.222s] Level 5:colcon.colcon_core.verb:set package 'pkg_test_cpp' build argument 'catkin_cmake_args' from command line to 'None'
[0.222s] Level 5:colcon.colcon_core.verb:set package 'pkg_test_cpp' build argument 'catkin_skip_building_tests' from command line to 'False'
[0.222s] DEBUG:colcon.colcon_core.verb:Building package 'pkg_test_cpp' with the following arguments: {'ament_cmake_args': None, 'build_base': '/home/hycon/workspace/hycon_git/ros2_study_jh/build/pkg_test_cpp', 'catkin_cmake_args': None, 'catkin_skip_building_tests': False, 'cmake_args': None, 'cmake_clean_cache': False, 'cmake_clean_first': False, 'cmake_force_configure': False, 'cmake_target': None, 'cmake_target_skip_unavailable': False, 'install_base': '/home/hycon/workspace/hycon_git/ros2_study_jh/install/pkg_test_cpp', 'merge_install': False, 'path': '/home/hycon/workspace/hycon_git/ros2_study_jh/pkg_cpp/src/pkg_test_cpp', 'symlink_install': False, 'test_result_base': None}
[0.222s] Level 5:colcon.colcon_core.verb:set package 'pkg_test_cpp_msg' build argument 'cmake_args' from command line to 'None'
[0.222s] Level 5:colcon.colcon_core.verb:set package 'pkg_test_cpp_msg' build argument 'cmake_target' from command line to 'None'
[0.222s] Level 5:colcon.colcon_core.verb:set package 'pkg_test_cpp_msg' build argument 'cmake_target_skip_unavailable' from command line to 'False'
[0.222s] Level 5:colcon.colcon_core.verb:set package 'pkg_test_cpp_msg' build argument 'cmake_clean_cache' from command line to 'False'
[0.222s] Level 5:colcon.colcon_core.verb:set package 'pkg_test_cpp_msg' build argument 'cmake_clean_first' from command line to 'False'
[0.222s] Level 5:colcon.colcon_core.verb:set package 'pkg_test_cpp_msg' build argument 'cmake_force_configure' from command line to 'False'
[0.222s] Level 5:colcon.colcon_core.verb:set package 'pkg_test_cpp_msg' build argument 'ament_cmake_args' from command line to 'None'
[0.222s] Level 5:colcon.colcon_core.verb:set package 'pkg_test_cpp_msg' build argument 'catkin_cmake_args' from command line to 'None'
[0.222s] Level 5:colcon.colcon_core.verb:set package 'pkg_test_cpp_msg' build argument 'catkin_skip_building_tests' from command line to 'False'
[0.222s] DEBUG:colcon.colcon_core.verb:Building package 'pkg_test_cpp_msg' with the following arguments: {'ament_cmake_args': None, 'build_base': '/home/hycon/workspace/hycon_git/ros2_study_jh/build/pkg_test_cpp_msg', 'catkin_cmake_args': None, 'catkin_skip_building_tests': False, 'cmake_args': None, 'cmake_clean_cache': False, 'cmake_clean_first': False, 'cmake_force_configure': False, 'cmake_target': None, 'cmake_target_skip_unavailable': False, 'install_base': '/home/hycon/workspace/hycon_git/ros2_study_jh/install/pkg_test_cpp_msg', 'merge_install': False, 'path': '/home/hycon/workspace/hycon_git/ros2_study_jh/pkg_cpp/src/pkg_test_cpp_msg', 'symlink_install': False, 'test_result_base': None}
[0.222s] Level 5:colcon.colcon_core.verb:set package 'publisher_make_test' build argument 'cmake_args' from command line to 'None'
[0.222s] Level 5:colcon.colcon_core.verb:set package 'publisher_make_test' build argument 'cmake_target' from command line to 'None'
[0.222s] Level 5:colcon.colcon_core.verb:set package 'publisher_make_test' build argument 'cmake_target_skip_unavailable' from command line to 'False'
[0.222s] Level 5:colcon.colcon_core.verb:set package 'publisher_make_test' build argument 'cmake_clean_cache' from command line to 'False'
[0.222s] Level 5:colcon.colcon_core.verb:set package 'publisher_make_test' build argument 'cmake_clean_first' from command line to 'False'
[0.222s] Level 5:colcon.colcon_core.verb:set package 'publisher_make_test' build argument 'cmake_force_configure' from command line to 'False'
[0.222s] Level 5:colcon.colcon_core.verb:set package 'publisher_make_test' build argument 'ament_cmake_args' from command line to 'None'
[0.222s] Level 5:colcon.colcon_core.verb:set package 'publisher_make_test' build argument 'catkin_cmake_args' from command line to 'None'
[0.222s] Level 5:colcon.colcon_core.verb:set package 'publisher_make_test' build argument 'catkin_skip_building_tests' from command line to 'False'
[0.222s] DEBUG:colcon.colcon_core.verb:Building package 'publisher_make_test' with the following arguments: {'ament_cmake_args': None, 'build_base': '/home/hycon/workspace/hycon_git/ros2_study_jh/build/publisher_make_test', 'catkin_cmake_args': None, 'catkin_skip_building_tests': False, 'cmake_args': None, 'cmake_clean_cache': False, 'cmake_clean_first': False, 'cmake_force_configure': False, 'cmake_target': None, 'cmake_target_skip_unavailable': False, 'install_base': '/home/hycon/workspace/hycon_git/ros2_study_jh/install/publisher_make_test', 'merge_install': False, 'path': '/home/hycon/workspace/hycon_git/ros2_study_jh/ros2_study/publisher_test/publisher_make_test', 'symlink_install': False, 'test_result_base': None}
[0.223s] Level 5:colcon.colcon_core.verb:set package 'service_client_test' build argument 'cmake_args' from command line to 'None'
[0.223s] Level 5:colcon.colcon_core.verb:set package 'service_client_test' build argument 'cmake_target' from command line to 'None'
[0.223s] Level 5:colcon.colcon_core.verb:set package 'service_client_test' build argument 'cmake_target_skip_unavailable' from command line to 'False'
[0.223s] Level 5:colcon.colcon_core.verb:set package 'service_client_test' build argument 'cmake_clean_cache' from command line to 'False'
[0.223s] Level 5:colcon.colcon_core.verb:set package 'service_client_test' build argument 'cmake_clean_first' from command line to 'False'
[0.223s] Level 5:colcon.colcon_core.verb:set package 'service_client_test' build argument 'cmake_force_configure' from command line to 'False'
[0.223s] Level 5:colcon.colcon_core.verb:set package 'service_client_test' build argument 'ament_cmake_args' from command line to 'None'
[0.223s] Level 5:colcon.colcon_core.verb:set package 'service_client_test' build argument 'catkin_cmake_args' from command line to 'None'
[0.223s] Level 5:colcon.colcon_core.verb:set package 'service_client_test' build argument 'catkin_skip_building_tests' from command line to 'False'
[0.223s] DEBUG:colcon.colcon_core.verb:Building package 'service_client_test' with the following arguments: {'ament_cmake_args': None, 'build_base': '/home/hycon/workspace/hycon_git/ros2_study_jh/build/service_client_test', 'catkin_cmake_args': None, 'catkin_skip_building_tests': False, 'cmake_args': None, 'cmake_clean_cache': False, 'cmake_clean_first': False, 'cmake_force_configure': False, 'cmake_target': None, 'cmake_target_skip_unavailable': False, 'install_base': '/home/hycon/workspace/hycon_git/ros2_study_jh/install/service_client_test', 'merge_install': False, 'path': '/home/hycon/workspace/hycon_git/ros2_study_jh/ros2_study/service_client_test/service_client_test', 'symlink_install': False, 'test_result_base': None}
[0.223s] INFO:colcon.colcon_core.executor:Executing jobs using 'parallel' executor
[0.223s] DEBUG:colcon.colcon_parallel_executor.executor.parallel:run_until_complete
[0.224s] INFO:colcon.colcon_ros.task.ament_python.build:Building ROS package in '/home/hycon/workspace/hycon_git/ros2_study_jh/ros2_study/pkg_test/src/my_first_package' with build type 'ament_python'
[0.224s] Level 1:colcon.colcon_core.shell:create_environment_hook('my_first_package', 'ament_prefix_path')
[0.225s] INFO:colcon.colcon_core.plugin_system:Skipping extension 'colcon_core.shell.bat': Not used on non-Windows systems
[0.225s] INFO:colcon.colcon_core.shell:Creating environment hook '/home/hycon/workspace/hycon_git/ros2_study_jh/install/my_first_package/share/my_first_package/hook/ament_prefix_path.ps1'
[0.226s] INFO:colcon.colcon_core.shell:Creating environment descriptor '/home/hycon/workspace/hycon_git/ros2_study_jh/install/my_first_package/share/my_first_package/hook/ament_prefix_path.dsv'
[0.226s] INFO:colcon.colcon_core.shell:Creating environment hook '/home/hycon/workspace/hycon_git/ros2_study_jh/install/my_first_package/share/my_first_package/hook/ament_prefix_path.sh'
[0.226s] INFO:colcon.colcon_core.shell:Skip shell extension 'powershell' for command environment: Not usable outside of PowerShell
[0.226s] DEBUG:colcon.colcon_core.shell:Skip shell extension 'dsv' for command environment
[0.228s] INFO:colcon.colcon_ros.task.ament_cmake.build:Building ROS package in '/home/hycon/workspace/hycon_git/ros2_study_jh/ros2_study/pkg_test/src/my_first_package_msgs' with build type 'ament_cmake'
[0.229s] INFO:colcon.colcon_cmake.task.cmake.build:Building CMake package in '/home/hycon/workspace/hycon_git/ros2_study_jh/ros2_study/pkg_test/src/my_first_package_msgs'
[0.229s] INFO:colcon.colcon_core.shell:Skip shell extension 'powershell' for command environment: Not usable outside of PowerShell
[0.229s] DEBUG:colcon.colcon_core.shell:Skip shell extension 'dsv' for command environment
[0.230s] INFO:colcon.colcon_ros.task.ament_cmake.build:Building ROS package in '/home/hycon/workspace/hycon_git/ros2_study_jh/ros2_study/subscriber_test/subscriber_node_cpp/my_subscriber_pkg' with build type 'ament_cmake'
[0.231s] INFO:colcon.colcon_cmake.task.cmake.build:Building CMake package in '/home/hycon/workspace/hycon_git/ros2_study_jh/ros2_study/subscriber_test/subscriber_node_cpp/my_subscriber_pkg'
[0.231s] INFO:colcon.colcon_core.shell:Skip shell extension 'powershell' for command environment: Not usable outside of PowerShell
[0.231s] DEBUG:colcon.colcon_core.shell:Skip shell extension 'dsv' for command environment
[0.232s] INFO:colcon.colcon_ros.task.ament_cmake.build:Building ROS package in '/home/hycon/workspace/hycon_git/ros2_study_jh/pkg_cpp/src/pkg_test_cpp' with build type 'ament_cmake'
[0.233s] INFO:colcon.colcon_cmake.task.cmake.build:Building CMake package in '/home/hycon/workspace/hycon_git/ros2_study_jh/pkg_cpp/src/pkg_test_cpp'
[0.233s] INFO:colcon.colcon_core.shell:Skip shell extension 'powershell' for command environment: Not usable outside of PowerShell
[0.233s] DEBUG:colcon.colcon_core.shell:Skip shell extension 'dsv' for command environment
[0.235s] INFO:colcon.colcon_ros.task.ament_cmake.build:Building ROS package in '/home/hycon/workspace/hycon_git/ros2_study_jh/pkg_cpp/src/pkg_test_cpp_msg' with build type 'ament_cmake'
[0.235s] INFO:colcon.colcon_cmake.task.cmake.build:Building CMake package in '/home/hycon/workspace/hycon_git/ros2_study_jh/pkg_cpp/src/pkg_test_cpp_msg'
[0.235s] INFO:colcon.colcon_core.shell:Skip shell extension 'powershell' for command environment: Not usable outside of PowerShell
[0.235s] DEBUG:colcon.colcon_core.shell:Skip shell extension 'dsv' for command environment
[0.237s] INFO:colcon.colcon_ros.task.ament_cmake.build:Building ROS package in '/home/hycon/workspace/hycon_git/ros2_study_jh/ros2_study/publisher_test/publisher_make_test' with build type 'ament_cmake'
[0.237s] INFO:colcon.colcon_cmake.task.cmake.build:Building CMake package in '/home/hycon/workspace/hycon_git/ros2_study_jh/ros2_study/publisher_test/publisher_make_test'
[0.237s] INFO:colcon.colcon_core.shell:Skip shell extension 'powershell' for command environment: Not usable outside of PowerShell
[0.237s] DEBUG:colcon.colcon_core.shell:Skip shell extension 'dsv' for command environment
[0.239s] INFO:colcon.colcon_ros.task.ament_cmake.build:Building ROS package in '/home/hycon/workspace/hycon_git/ros2_study_jh/ros2_study/service_client_test/service_client_test' with build type 'ament_cmake'
[0.239s] INFO:colcon.colcon_cmake.task.cmake.build:Building CMake package in '/home/hycon/workspace/hycon_git/ros2_study_jh/ros2_study/service_client_test/service_client_test'
[0.239s] INFO:colcon.colcon_core.shell:Skip shell extension 'powershell' for command environment: Not usable outside of PowerShell
[0.239s] DEBUG:colcon.colcon_core.shell:Skip shell extension 'dsv' for command environment
[0.410s] INFO:colcon.colcon_core.task.python.build:Building Python package in '/home/hycon/workspace/hycon_git/ros2_study_jh/ros2_study/pkg_test/src/my_first_package'
[0.410s] INFO:colcon.colcon_core.shell:Skip shell extension 'powershell' for command environment: Not usable outside of PowerShell
[0.410s] DEBUG:colcon.colcon_core.shell:Skip shell extension 'dsv' for command environment
[0.415s] DEBUG:colcon.colcon_core.event_handler.log_command:Invoking command in '/home/hycon/workspace/hycon_git/ros2_study_jh/build/my_first_package_msgs': CMAKE_PREFIX_PATH=${CMAKE_PREFIX_PATH}:/opt/ros/humble /usr/bin/cmake /home/hycon/workspace/hycon_git/ros2_study_jh/ros2_study/pkg_test/src/my_first_package_msgs -DCMAKE_INSTALL_PREFIX=/home/hycon/workspace/hycon_git/ros2_study_jh/install/my_first_package_msgs
[0.416s] DEBUG:colcon.colcon_core.event_handler.log_command:Invoking command in '/home/hycon/workspace/hycon_git/ros2_study_jh/build/my_subscriber_pkg': CMAKE_PREFIX_PATH=${CMAKE_PREFIX_PATH}:/opt/ros/humble /usr/bin/cmake /home/hycon/workspace/hycon_git/ros2_study_jh/ros2_study/subscriber_test/subscriber_node_cpp/my_subscriber_pkg -DCMAKE_INSTALL_PREFIX=/home/hycon/workspace/hycon_git/ros2_study_jh/install/my_subscriber_pkg
[0.417s] DEBUG:colcon.colcon_core.event_handler.log_command:Invoking command in '/home/hycon/workspace/hycon_git/ros2_study_jh/build/pkg_test_cpp': CMAKE_PREFIX_PATH=${CMAKE_PREFIX_PATH}:/opt/ros/humble /usr/bin/cmake /home/hycon/workspace/hycon_git/ros2_study_jh/pkg_cpp/src/pkg_test_cpp -DCMAKE_INSTALL_PREFIX=/home/hycon/workspace/hycon_git/ros2_study_jh/install/pkg_test_cpp
[0.419s] DEBUG:colcon.colcon_core.event_handler.log_command:Invoking command in '/home/hycon/workspace/hycon_git/ros2_study_jh/build/pkg_test_cpp_msg': CMAKE_PREFIX_PATH=${CMAKE_PREFIX_PATH}:/opt/ros/humble /usr/bin/cmake --build /home/hycon/workspace/hycon_git/ros2_study_jh/build/pkg_test_cpp_msg -- -j16 -l16
[0.421s] DEBUG:colcon.colcon_core.event_handler.log_command:Invoking command in '/home/hycon/workspace/hycon_git/ros2_study_jh/build/publisher_make_test': CMAKE_PREFIX_PATH=${CMAKE_PREFIX_PATH}:/opt/ros/humble /usr/bin/cmake /home/hycon/workspace/hycon_git/ros2_study_jh/ros2_study/publisher_test/publisher_make_test -DCMAKE_INSTALL_PREFIX=/home/hycon/workspace/hycon_git/ros2_study_jh/install/publisher_make_test
[0.425s] DEBUG:colcon.colcon_core.event_handler.log_command:Invoking command in '/home/hycon/workspace/hycon_git/ros2_study_jh/build/service_client_test': CMAKE_PREFIX_PATH=${CMAKE_PREFIX_PATH}:/opt/ros/humble /usr/bin/cmake /home/hycon/workspace/hycon_git/ros2_study_jh/ros2_study/service_client_test/service_client_test -DCMAKE_INSTALL_PREFIX=/home/hycon/workspace/hycon_git/ros2_study_jh/install/service_client_test
[0.691s] DEBUG:colcon.colcon_core.event_handler.log_command:Invoked command in '/home/hycon/workspace/hycon_git/ros2_study_jh/build/pkg_test_cpp_msg' returned '0': CMAKE_PREFIX_PATH=${CMAKE_PREFIX_PATH}:/opt/ros/humble /usr/bin/cmake --build /home/hycon/workspace/hycon_git/ros2_study_jh/build/pkg_test_cpp_msg -- -j16 -l16
[0.703s] DEBUG:colcon.colcon_core.event_handler.log_command:Invoking command in '/home/hycon/workspace/hycon_git/ros2_study_jh/build/pkg_test_cpp_msg': CMAKE_PREFIX_PATH=${CMAKE_PREFIX_PATH}:/opt/ros/humble /usr/bin/cmake --install /home/hycon/workspace/hycon_git/ros2_study_jh/build/pkg_test_cpp_msg
[0.755s] Level 1:colcon.colcon_core.environment:create_environment_scripts_only(pkg_test_cpp_msg)
[0.756s] DEBUG:colcon.colcon_core.event_handler.log_command:Invoked command in '/home/hycon/workspace/hycon_git/ros2_study_jh/build/pkg_test_cpp_msg' returned '0': CMAKE_PREFIX_PATH=${CMAKE_PREFIX_PATH}:/opt/ros/humble /usr/bin/cmake --install /home/hycon/workspace/hycon_git/ros2_study_jh/build/pkg_test_cpp_msg
[0.758s] Level 1:colcon.colcon_core.environment:checking '/home/hycon/workspace/hycon_git/ros2_study_jh/install/pkg_test_cpp_msg' for CMake module files
[0.758s] Level 1:colcon.colcon_core.environment:checking '/home/hycon/workspace/hycon_git/ros2_study_jh/install/pkg_test_cpp_msg' for CMake config files
[0.759s] Level 1:colcon.colcon_core.shell:create_environment_hook('pkg_test_cpp_msg', 'cmake_prefix_path')
[0.759s] INFO:colcon.colcon_core.shell:Creating environment hook '/home/hycon/workspace/hycon_git/ros2_study_jh/install/pkg_test_cpp_msg/share/pkg_test_cpp_msg/hook/cmake_prefix_path.ps1'
[0.760s] INFO:colcon.colcon_core.shell:Creating environment descriptor '/home/hycon/workspace/hycon_git/ros2_study_jh/install/pkg_test_cpp_msg/share/pkg_test_cpp_msg/hook/cmake_prefix_path.dsv'
[0.760s] INFO:colcon.colcon_core.shell:Creating environment hook '/home/hycon/workspace/hycon_git/ros2_study_jh/install/pkg_test_cpp_msg/share/pkg_test_cpp_msg/hook/cmake_prefix_path.sh'
[0.761s] Level 1:colcon.colcon_core.environment:checking '/home/hycon/workspace/hycon_git/ros2_study_jh/install/pkg_test_cpp_msg/lib'
[0.761s] Level 1:colcon.colcon_core.shell:create_environment_hook('pkg_test_cpp_msg', 'ld_library_path_lib')
[0.761s] INFO:colcon.colcon_core.shell:Creating environment hook '/home/hycon/workspace/hycon_git/ros2_study_jh/install/pkg_test_cpp_msg/share/pkg_test_cpp_msg/hook/ld_library_path_lib.ps1'
[0.761s] INFO:colcon.colcon_core.shell:Creating environment descriptor '/home/hycon/workspace/hycon_git/ros2_study_jh/install/pkg_test_cpp_msg/share/pkg_test_cpp_msg/hook/ld_library_path_lib.dsv'
[0.762s] INFO:colcon.colcon_core.shell:Creating environment hook '/home/hycon/workspace/hycon_git/ros2_study_jh/install/pkg_test_cpp_msg/share/pkg_test_cpp_msg/hook/ld_library_path_lib.sh'
[0.762s] Level 1:colcon.colcon_core.environment:checking '/home/hycon/workspace/hycon_git/ros2_study_jh/install/pkg_test_cpp_msg/bin'
[0.762s] Level 1:colcon.colcon_core.environment:checking '/home/hycon/workspace/hycon_git/ros2_study_jh/install/pkg_test_cpp_msg/lib/pkgconfig/pkg_test_cpp_msg.pc'
[0.762s] Level 1:colcon.colcon_core.environment:checking '/home/hycon/workspace/hycon_git/ros2_study_jh/install/pkg_test_cpp_msg/lib/python3.10/site-packages'
[0.762s] Level 1:colcon.colcon_core.environment:checking '/home/hycon/workspace/hycon_git/ros2_study_jh/install/pkg_test_cpp_msg/bin'
[0.762s] INFO:colcon.colcon_core.shell:Creating package script '/home/hycon/workspace/hycon_git/ros2_study_jh/install/pkg_test_cpp_msg/share/pkg_test_cpp_msg/package.ps1'
[0.763s] INFO:colcon.colcon_core.shell:Creating package descriptor '/home/hycon/workspace/hycon_git/ros2_study_jh/install/pkg_test_cpp_msg/share/pkg_test_cpp_msg/package.dsv'
[0.764s] INFO:colcon.colcon_core.shell:Creating package script '/home/hycon/workspace/hycon_git/ros2_study_jh/install/pkg_test_cpp_msg/share/pkg_test_cpp_msg/package.sh'
[0.765s] INFO:colcon.colcon_core.shell:Creating package script '/home/hycon/workspace/hycon_git/ros2_study_jh/install/pkg_test_cpp_msg/share/pkg_test_cpp_msg/package.bash'
[0.765s] INFO:colcon.colcon_core.shell:Creating package script '/home/hycon/workspace/hycon_git/ros2_study_jh/install/pkg_test_cpp_msg/share/pkg_test_cpp_msg/package.zsh'
[0.766s] Level 1:colcon.colcon_core.environment:create_file_with_runtime_dependencies(/home/hycon/workspace/hycon_git/ros2_study_jh/install/pkg_test_cpp_msg/share/colcon-core/packages/pkg_test_cpp_msg)
[0.766s] Level 1:colcon.colcon_core.environment:create_environment_scripts_only(pkg_test_cpp_msg)
[0.766s] Level 1:colcon.colcon_core.environment:checking '/home/hycon/workspace/hycon_git/ros2_study_jh/install/pkg_test_cpp_msg' for CMake module files
[0.767s] Level 1:colcon.colcon_core.environment:checking '/home/hycon/workspace/hycon_git/ros2_study_jh/install/pkg_test_cpp_msg' for CMake config files
[0.767s] Level 1:colcon.colcon_core.shell:create_environment_hook('pkg_test_cpp_msg', 'cmake_prefix_path')
[0.767s] INFO:colcon.colcon_core.shell:Creating environment hook '/home/hycon/workspace/hycon_git/ros2_study_jh/install/pkg_test_cpp_msg/share/pkg_test_cpp_msg/hook/cmake_prefix_path.ps1'
[0.768s] INFO:colcon.colcon_core.shell:Creating environment descriptor '/home/hycon/workspace/hycon_git/ros2_study_jh/install/pkg_test_cpp_msg/share/pkg_test_cpp_msg/hook/cmake_prefix_path.dsv'
[0.768s] INFO:colcon.colcon_core.shell:Creating environment hook '/home/hycon/workspace/hycon_git/ros2_study_jh/install/pkg_test_cpp_msg/share/pkg_test_cpp_msg/hook/cmake_prefix_path.sh'
[0.769s] Level 1:colcon.colcon_core.environment:checking '/home/hycon/workspace/hycon_git/ros2_study_jh/install/pkg_test_cpp_msg/lib'
[0.769s] Level 1:colcon.colcon_core.shell:create_environment_hook('pkg_test_cpp_msg', 'ld_library_path_lib')
[0.769s] INFO:colcon.colcon_core.shell:Creating environment hook '/home/hycon/workspace/hycon_git/ros2_study_jh/install/pkg_test_cpp_msg/share/pkg_test_cpp_msg/hook/ld_library_path_lib.ps1'
[0.769s] INFO:colcon.colcon_core.shell:Creating environment descriptor '/home/hycon/workspace/hycon_git/ros2_study_jh/install/pkg_test_cpp_msg/share/pkg_test_cpp_msg/hook/ld_library_path_lib.dsv'
[0.769s] INFO:colcon.colcon_core.shell:Creating environment hook '/home/hycon/workspace/hycon_git/ros2_study_jh/install/pkg_test_cpp_msg/share/pkg_test_cpp_msg/hook/ld_library_path_lib.sh'
[0.770s] Level 1:colcon.colcon_core.environment:checking '/home/hycon/workspace/hycon_git/ros2_study_jh/install/pkg_test_cpp_msg/bin'
[0.770s] Level 1:colcon.colcon_core.environment:checking '/home/hycon/workspace/hycon_git/ros2_study_jh/install/pkg_test_cpp_msg/lib/pkgconfig/pkg_test_cpp_msg.pc'
[0.770s] Level 1:colcon.colcon_core.environment:checking '/home/hycon/workspace/hycon_git/ros2_study_jh/install/pkg_test_cpp_msg/lib/python3.10/site-packages'
[0.770s] Level 1:colcon.colcon_core.environment:checking '/home/hycon/workspace/hycon_git/ros2_study_jh/install/pkg_test_cpp_msg/bin'
[0.771s] INFO:colcon.colcon_core.shell:Creating package script '/home/hycon/workspace/hycon_git/ros2_study_jh/install/pkg_test_cpp_msg/share/pkg_test_cpp_msg/package.ps1'
[0.771s] INFO:colcon.colcon_core.shell:Creating package descriptor '/home/hycon/workspace/hycon_git/ros2_study_jh/install/pkg_test_cpp_msg/share/pkg_test_cpp_msg/package.dsv'
[0.771s] INFO:colcon.colcon_core.shell:Creating package script '/home/hycon/workspace/hycon_git/ros2_study_jh/install/pkg_test_cpp_msg/share/pkg_test_cpp_msg/package.sh'
[0.772s] INFO:colcon.colcon_core.shell:Creating package script '/home/hycon/workspace/hycon_git/ros2_study_jh/install/pkg_test_cpp_msg/share/pkg_test_cpp_msg/package.bash'
[0.772s] INFO:colcon.colcon_core.shell:Creating package script '/home/hycon/workspace/hycon_git/ros2_study_jh/install/pkg_test_cpp_msg/share/pkg_test_cpp_msg/package.zsh'
[0.772s] Level 1:colcon.colcon_core.environment:create_file_with_runtime_dependencies(/home/hycon/workspace/hycon_git/ros2_study_jh/install/pkg_test_cpp_msg/share/colcon-core/packages/pkg_test_cpp_msg)
[0.784s] DEBUG:colcon.colcon_core.event_handler.log_command:Invoking command in '/home/hycon/workspace/hycon_git/ros2_study_jh/ros2_study/pkg_test/src/my_first_package': PYTHONPATH=/home/hycon/workspace/hycon_git/ros2_study_jh/build/my_first_package/prefix_override:/usr/lib/python3/dist-packages/colcon_core/task/python/colcon_distutils_commands:/home/hycon/workspace/hycon_git/ros2_study_jh/install/my_first_package/lib/python3.10/site-packages:${PYTHONPATH} /usr/bin/python3 -W ignore:setup.py install is deprecated -W ignore:easy_install command is deprecated setup.py egg_info --egg-base ../../../../build/my_first_package build --build-base /home/hycon/workspace/hycon_git/ros2_study_jh/build/my_first_package/build install --record /home/hycon/workspace/hycon_git/ros2_study_jh/build/my_first_package/install.log --single-version-externally-managed install_data
[1.103s] Level 1:colcon.colcon_core.environment:checking '/home/hycon/workspace/hycon_git/ros2_study_jh/install/my_first_package' for CMake module files
[1.104s] DEBUG:colcon.colcon_core.event_handler.log_command:Invoked command in '/home/hycon/workspace/hycon_git/ros2_study_jh/ros2_study/pkg_test/src/my_first_package' returned '0': PYTHONPATH=/home/hycon/workspace/hycon_git/ros2_study_jh/build/my_first_package/prefix_override:/usr/lib/python3/dist-packages/colcon_core/task/python/colcon_distutils_commands:/home/hycon/workspace/hycon_git/ros2_study_jh/install/my_first_package/lib/python3.10/site-packages:${PYTHONPATH} /usr/bin/python3 -W ignore:setup.py install is deprecated -W ignore:easy_install command is deprecated setup.py egg_info --egg-base ../../../../build/my_first_package build --build-base /home/hycon/workspace/hycon_git/ros2_study_jh/build/my_first_package/build install --record /home/hycon/workspace/hycon_git/ros2_study_jh/build/my_first_package/install.log --single-version-externally-managed install_data
[1.104s] Level 1:colcon.colcon_core.environment:checking '/home/hycon/workspace/hycon_git/ros2_study_jh/install/my_first_package' for CMake config files
[1.105s] Level 1:colcon.colcon_core.environment:checking '/home/hycon/workspace/hycon_git/ros2_study_jh/install/my_first_package/lib'
[1.105s] Level 1:colcon.colcon_core.environment:checking '/home/hycon/workspace/hycon_git/ros2_study_jh/install/my_first_package/bin'
[1.105s] Level 1:colcon.colcon_core.environment:checking '/home/hycon/workspace/hycon_git/ros2_study_jh/install/my_first_package/lib/pkgconfig/my_first_package.pc'
[1.105s] Level 1:colcon.colcon_core.environment:checking '/home/hycon/workspace/hycon_git/ros2_study_jh/install/my_first_package/lib/python3.10/site-packages'
[1.106s] Level 1:colcon.colcon_core.shell:create_environment_hook('my_first_package', 'pythonpath')
[1.106s] INFO:colcon.colcon_core.shell:Creating environment hook '/home/hycon/workspace/hycon_git/ros2_study_jh/install/my_first_package/share/my_first_package/hook/pythonpath.ps1'
[1.106s] INFO:colcon.colcon_core.shell:Creating environment descriptor '/home/hycon/workspace/hycon_git/ros2_study_jh/install/my_first_package/share/my_first_package/hook/pythonpath.dsv'
[1.107s] INFO:colcon.colcon_core.shell:Creating environment hook '/home/hycon/workspace/hycon_git/ros2_study_jh/install/my_first_package/share/my_first_package/hook/pythonpath.sh'
[1.108s] Level 1:colcon.colcon_core.environment:checking '/home/hycon/workspace/hycon_git/ros2_study_jh/install/my_first_package/bin'
[1.108s] Level 1:colcon.colcon_core.environment:create_environment_scripts_only(my_first_package)
[1.108s] INFO:colcon.colcon_core.shell:Creating package script '/home/hycon/workspace/hycon_git/ros2_study_jh/install/my_first_package/share/my_first_package/package.ps1'
[1.109s] INFO:colcon.colcon_core.shell:Creating package descriptor '/home/hycon/workspace/hycon_git/ros2_study_jh/install/my_first_package/share/my_first_package/package.dsv'
[1.109s] INFO:colcon.colcon_core.shell:Creating package script '/home/hycon/workspace/hycon_git/ros2_study_jh/install/my_first_package/share/my_first_package/package.sh'
[1.110s] INFO:colcon.colcon_core.shell:Creating package script '/home/hycon/workspace/hycon_git/ros2_study_jh/install/my_first_package/share/my_first_package/package.bash'
[1.110s] INFO:colcon.colcon_core.shell:Creating package script '/home/hycon/workspace/hycon_git/ros2_study_jh/install/my_first_package/share/my_first_package/package.zsh'
[1.111s] Level 1:colcon.colcon_core.environment:create_file_with_runtime_dependencies(/home/hycon/workspace/hycon_git/ros2_study_jh/install/my_first_package/share/colcon-core/packages/my_first_package)
[1.407s] DEBUG:colcon.colcon_core.event_handler.log_command:Invoked command in '/home/hycon/workspace/hycon_git/ros2_study_jh/build/pkg_test_cpp' returned '1': CMAKE_PREFIX_PATH=${CMAKE_PREFIX_PATH}:/opt/ros/humble /usr/bin/cmake /home/hycon/workspace/hycon_git/ros2_study_jh/pkg_cpp/src/pkg_test_cpp -DCMAKE_INSTALL_PREFIX=/home/hycon/workspace/hycon_git/ros2_study_jh/install/pkg_test_cpp
[1.418s] Level 1:colcon.colcon_core.environment:create_environment_scripts_only(pkg_test_cpp)
[1.418s] Level 1:colcon.colcon_core.environment:checking '/home/hycon/workspace/hycon_git/ros2_study_jh/install/pkg_test_cpp' for CMake module files
[1.419s] Level 1:colcon.colcon_core.environment:checking '/home/hycon/workspace/hycon_git/ros2_study_jh/install/pkg_test_cpp' for CMake config files
[1.419s] Level 1:colcon.colcon_core.environment:checking '/home/hycon/workspace/hycon_git/ros2_study_jh/install/pkg_test_cpp/bin'
[1.419s] Level 1:colcon.colcon_core.environment:checking '/home/hycon/workspace/hycon_git/ros2_study_jh/install/pkg_test_cpp/lib/pkgconfig/pkg_test_cpp.pc'
[1.419s] Level 1:colcon.colcon_core.environment:checking '/home/hycon/workspace/hycon_git/ros2_study_jh/install/pkg_test_cpp/lib/python3.10/site-packages'
[1.420s] Level 1:colcon.colcon_core.environment:checking '/home/hycon/workspace/hycon_git/ros2_study_jh/install/pkg_test_cpp/bin'
[1.420s] INFO:colcon.colcon_core.shell:Creating package script '/home/hycon/workspace/hycon_git/ros2_study_jh/install/pkg_test_cpp/share/pkg_test_cpp/package.ps1'
[1.420s] INFO:colcon.colcon_core.shell:Creating package descriptor '/home/hycon/workspace/hycon_git/ros2_study_jh/install/pkg_test_cpp/share/pkg_test_cpp/package.dsv'
[1.421s] INFO:colcon.colcon_core.shell:Creating package script '/home/hycon/workspace/hycon_git/ros2_study_jh/install/pkg_test_cpp/share/pkg_test_cpp/package.sh'
[1.421s] INFO:colcon.colcon_core.shell:Creating package script '/home/hycon/workspace/hycon_git/ros2_study_jh/install/pkg_test_cpp/share/pkg_test_cpp/package.bash'
[1.422s] INFO:colcon.colcon_core.shell:Creating package script '/home/hycon/workspace/hycon_git/ros2_study_jh/install/pkg_test_cpp/share/pkg_test_cpp/package.zsh'
[1.422s] Level 1:colcon.colcon_core.environment:create_file_with_runtime_dependencies(/home/hycon/workspace/hycon_git/ros2_study_jh/install/pkg_test_cpp/share/colcon-core/packages/pkg_test_cpp)
[1.761s] DEBUG:colcon.colcon_parallel_executor.executor.parallel:closing loop
[1.761s] DEBUG:colcon.colcon_parallel_executor.executor.parallel:loop closed
[1.761s] DEBUG:colcon.colcon_parallel_executor.executor.parallel:run_until_complete finished with '1'
[1.761s] DEBUG:colcon.colcon_core.event_reactor:joining thread
[1.767s] INFO:colcon.colcon_core.plugin_system:Skipping extension 'colcon_notification.desktop_notification.terminal_notifier': Not used on non-Darwin systems
[1.767s] INFO:colcon.colcon_core.plugin_system:Skipping extension 'colcon_notification.desktop_notification.win32': Not used on non-Windows systems
[1.767s] INFO:colcon.colcon_notification.desktop_notification:Sending desktop notification using 'notify2'
[1.787s] DEBUG:colcon.colcon_core.event_reactor:joined thread
[1.787s] INFO:colcon.colcon_core.shell:Creating prefix script '/home/hycon/workspace/hycon_git/ros2_study_jh/install/local_setup.ps1'
[1.788s] INFO:colcon.colcon_core.shell:Creating prefix util module '/home/hycon/workspace/hycon_git/ros2_study_jh/install/_local_setup_util_ps1.py'
[1.789s] INFO:colcon.colcon_core.shell:Creating prefix chain script '/home/hycon/workspace/hycon_git/ros2_study_jh/install/setup.ps1'
[1.790s] INFO:colcon.colcon_core.shell:Creating prefix script '/home/hycon/workspace/hycon_git/ros2_study_jh/install/local_setup.sh'
[1.790s] INFO:colcon.colcon_core.shell:Creating prefix util module '/home/hycon/workspace/hycon_git/ros2_study_jh/install/_local_setup_util_sh.py'
[1.791s] INFO:colcon.colcon_core.shell:Creating prefix chain script '/home/hycon/workspace/hycon_git/ros2_study_jh/install/setup.sh'
[1.792s] INFO:colcon.colcon_core.shell:Creating prefix script '/home/hycon/workspace/hycon_git/ros2_study_jh/install/local_setup.bash'
[1.792s] INFO:colcon.colcon_core.shell:Creating prefix chain script '/home/hycon/workspace/hycon_git/ros2_study_jh/install/setup.bash'
[1.793s] INFO:colcon.colcon_core.shell:Creating prefix script '/home/hycon/workspace/hycon_git/ros2_study_jh/install/local_setup.zsh'
[1.793s] INFO:colcon.colcon_core.shell:Creating prefix chain script '/home/hycon/workspace/hycon_git/ros2_study_jh/install/setup.zsh'
