[0.193s] DEBUG:colcon:Command line arguments: ['/usr/bin/colcon', 'build', '--packages-select', 'pkg_test_cpp_msg']
[0.193s] DEBUG:colcon:Parsed command line arguments: Namespace(log_base=None, log_level=None, verb_name='build', build_base='build', install_base='install', merge_install=False, symlink_install=False, test_result_base=None, continue_on_error=False, executor='parallel', parallel_workers=16, event_handlers=None, ignore_user_meta=False, metas=['./colcon.meta'], base_paths=['.'], packages_ignore=None, packages_ignore_regex=None, paths=None, packages_up_to=None, packages_up_to_regex=None, packages_above=None, packages_above_and_dependencies=None, packages_above_depth=None, packages_select_by_dep=None, packages_skip_by_dep=None, packages_skip_up_to=None, packages_select_build_failed=False, packages_skip_build_finished=False, packages_select_test_failures=False, packages_skip_test_passed=False, packages_select=['pkg_test_cpp_msg'], packages_skip=None, packages_select_regex=None, packages_skip_regex=None, packages_start=None, packages_end=None, allow_overriding=[], cmake_args=None, cmake_target=None, cmake_target_skip_unavailable=False, cmake_clean_cache=False, cmake_clean_first=False, cmake_force_configure=False, ament_cmake_args=None, catkin_cmake_args=None, catkin_skip_building_tests=False, verb_parser=<colcon_defaults.argument_parser.defaults.DefaultArgumentsDecorator object at 0x71b10e954d00>, verb_extension=<colcon_core.verb.build.BuildVerb object at 0x71b10ead1a80>, main=<bound method BuildVerb.main of <colcon_core.verb.build.BuildVerb object at 0x71b10ead1a80>>)
[0.348s] Level 1:colcon.colcon_core.package_discovery:discover_packages(colcon_meta) check parameters
[0.348s] Level 1:colcon.colcon_core.package_discovery:discover_packages(recursive) check parameters
[0.348s] Level 1:colcon.colcon_core.package_discovery:discover_packages(ignore) check parameters
[0.348s] Level 1:colcon.colcon_core.package_discovery:discover_packages(path) check parameters
[0.348s] Level 1:colcon.colcon_core.package_discovery:discover_packages(colcon_meta) discover
[0.348s] Level 1:colcon.colcon_core.package_discovery:discover_packages(recursive) discover
[0.348s] INFO:colcon.colcon_core.package_discovery:Crawling recursively for packages in '/home/hycon/workspace/hycon_git/ros2_study_jh'
[0.348s] Level 1:colcon.colcon_core.package_identification:_identify(.) by extensions ['ignore', 'ignore_ament_install']
[0.348s] Level 1:colcon.colcon_core.package_identification:_identify(.) by extension 'ignore'
[0.348s] Level 1:colcon.colcon_core.package_identification:_identify(.) by extension 'ignore_ament_install'
[0.348s] Level 1:colcon.colcon_core.package_identification:_identify(.) by extensions ['colcon_pkg']
[0.349s] Level 1:colcon.colcon_core.package_identification:_identify(.) by extension 'colcon_pkg'
[0.349s] Level 1:colcon.colcon_core.package_identification:_identify(.) by extensions ['colcon_meta']
[0.349s] Level 1:colcon.colcon_core.package_identification:_identify(.) by extension 'colcon_meta'
[0.349s] Level 1:colcon.colcon_core.package_identification:_identify(.) by extensions ['ros']
[0.349s] Level 1:colcon.colcon_core.package_identification:_identify(.) by extension 'ros'
[0.357s] Level 1:colcon.colcon_core.package_identification:_identify(.) by extensions ['cmake', 'python']
[0.357s] Level 1:colcon.colcon_core.package_identification:_identify(.) by extension 'cmake'
[0.357s] Level 1:colcon.colcon_core.package_identification:_identify(.) by extension 'python'
[0.357s] Level 1:colcon.colcon_core.package_identification:_identify(.) by extensions ['python_setup_py']
[0.357s] Level 1:colcon.colcon_core.package_identification:_identify(.) by extension 'python_setup_py'
[0.357s] Level 1:colcon.colcon_core.package_identification:_identify(build) by extensions ['ignore', 'ignore_ament_install']
[0.357s] Level 1:colcon.colcon_core.package_identification:_identify(build) by extension 'ignore'
[0.357s] Level 1:colcon.colcon_core.package_identification:_identify(build) ignored
[0.357s] Level 1:colcon.colcon_core.package_identification:_identify(install) by extensions ['ignore', 'ignore_ament_install']
[0.357s] Level 1:colcon.colcon_core.package_identification:_identify(install) by extension 'ignore'
[0.357s] Level 1:colcon.colcon_core.package_identification:_identify(install) ignored
[0.357s] Level 1:colcon.colcon_core.package_identification:_identify(log) by extensions ['ignore', 'ignore_ament_install']
[0.357s] Level 1:colcon.colcon_core.package_identification:_identify(log) by extension 'ignore'
[0.357s] Level 1:colcon.colcon_core.package_identification:_identify(log) ignored
[0.357s] Level 1:colcon.colcon_core.package_identification:_identify(pkg_cpp) by extensions ['ignore', 'ignore_ament_install']
[0.357s] Level 1:colcon.colcon_core.package_identification:_identify(pkg_cpp) by extension 'ignore'
[0.357s] Level 1:colcon.colcon_core.package_identification:_identify(pkg_cpp) by extension 'ignore_ament_install'
[0.357s] Level 1:colcon.colcon_core.package_identification:_identify(pkg_cpp) by extensions ['colcon_pkg']
[0.357s] Level 1:colcon.colcon_core.package_identification:_identify(pkg_cpp) by extension 'colcon_pkg'
[0.357s] Level 1:colcon.colcon_core.package_identification:_identify(pkg_cpp) by extensions ['colcon_meta']
[0.357s] Level 1:colcon.colcon_core.package_identification:_identify(pkg_cpp) by extension 'colcon_meta'
[0.358s] Level 1:colcon.colcon_core.package_identification:_identify(pkg_cpp) by extensions ['ros']
[0.358s] Level 1:colcon.colcon_core.package_identification:_identify(pkg_cpp) by extension 'ros'
[0.358s] Level 1:colcon.colcon_core.package_identification:_identify(pkg_cpp) by extensions ['cmake', 'python']
[0.358s] Level 1:colcon.colcon_core.package_identification:_identify(pkg_cpp) by extension 'cmake'
[0.358s] Level 1:colcon.colcon_core.package_identification:_identify(pkg_cpp) by extension 'python'
[0.358s] Level 1:colcon.colcon_core.package_identification:_identify(pkg_cpp) by extensions ['python_setup_py']
[0.358s] Level 1:colcon.colcon_core.package_identification:_identify(pkg_cpp) by extension 'python_setup_py'
[0.358s] Level 1:colcon.colcon_core.package_identification:_identify(pkg_cpp/build) by extensions ['ignore', 'ignore_ament_install']
[0.358s] Level 1:colcon.colcon_core.package_identification:_identify(pkg_cpp/build) by extension 'ignore'
[0.358s] Level 1:colcon.colcon_core.package_identification:_identify(pkg_cpp/build) ignored
[0.358s] Level 1:colcon.colcon_core.package_identification:_identify(pkg_cpp/install) by extensions ['ignore', 'ignore_ament_install']
[0.358s] Level 1:colcon.colcon_core.package_identification:_identify(pkg_cpp/install) by extension 'ignore'
[0.358s] Level 1:colcon.colcon_core.package_identification:_identify(pkg_cpp/install) ignored
[0.358s] Level 1:colcon.colcon_core.package_identification:_identify(pkg_cpp/log) by extensions ['ignore', 'ignore_ament_install']
[0.358s] Level 1:colcon.colcon_core.package_identification:_identify(pkg_cpp/log) by extension 'ignore'
[0.358s] Level 1:colcon.colcon_core.package_identification:_identify(pkg_cpp/log) ignored
[0.358s] Level 1:colcon.colcon_core.package_identification:_identify(pkg_cpp/src) by extensions ['ignore', 'ignore_ament_install']
[0.358s] Level 1:colcon.colcon_core.package_identification:_identify(pkg_cpp/src) by extension 'ignore'
[0.358s] Level 1:colcon.colcon_core.package_identification:_identify(pkg_cpp/src) by extension 'ignore_ament_install'
[0.358s] Level 1:colcon.colcon_core.package_identification:_identify(pkg_cpp/src) by extensions ['colcon_pkg']
[0.358s] Level 1:colcon.colcon_core.package_identification:_identify(pkg_cpp/src) by extension 'colcon_pkg'
[0.358s] Level 1:colcon.colcon_core.package_identification:_identify(pkg_cpp/src) by extensions ['colcon_meta']
[0.358s] Level 1:colcon.colcon_core.package_identification:_identify(pkg_cpp/src) by extension 'colcon_meta'
[0.358s] Level 1:colcon.colcon_core.package_identification:_identify(pkg_cpp/src) by extensions ['ros']
[0.358s] Level 1:colcon.colcon_core.package_identification:_identify(pkg_cpp/src) by extension 'ros'
[0.358s] Level 1:colcon.colcon_core.package_identification:_identify(pkg_cpp/src) by extensions ['cmake', 'python']
[0.358s] Level 1:colcon.colcon_core.package_identification:_identify(pkg_cpp/src) by extension 'cmake'
[0.358s] Level 1:colcon.colcon_core.package_identification:_identify(pkg_cpp/src) by extension 'python'
[0.358s] Level 1:colcon.colcon_core.package_identification:_identify(pkg_cpp/src) by extensions ['python_setup_py']
[0.358s] Level 1:colcon.colcon_core.package_identification:_identify(pkg_cpp/src) by extension 'python_setup_py'
[0.358s] Level 1:colcon.colcon_core.package_identification:_identify(pkg_cpp/src/pkg_test_cpp) by extensions ['ignore', 'ignore_ament_install']
[0.358s] Level 1:colcon.colcon_core.package_identification:_identify(pkg_cpp/src/pkg_test_cpp) by extension 'ignore'
[0.358s] Level 1:colcon.colcon_core.package_identification:_identify(pkg_cpp/src/pkg_test_cpp) by extension 'ignore_ament_install'
[0.358s] Level 1:colcon.colcon_core.package_identification:_identify(pkg_cpp/src/pkg_test_cpp) by extensions ['colcon_pkg']
[0.358s] Level 1:colcon.colcon_core.package_identification:_identify(pkg_cpp/src/pkg_test_cpp) by extension 'colcon_pkg'
[0.359s] Level 1:colcon.colcon_core.package_identification:_identify(pkg_cpp/src/pkg_test_cpp) by extensions ['colcon_meta']
[0.359s] Level 1:colcon.colcon_core.package_identification:_identify(pkg_cpp/src/pkg_test_cpp) by extension 'colcon_meta'
[0.359s] Level 1:colcon.colcon_core.package_identification:_identify(pkg_cpp/src/pkg_test_cpp) by extensions ['ros']
[0.359s] Level 1:colcon.colcon_core.package_identification:_identify(pkg_cpp/src/pkg_test_cpp) by extension 'ros'
[0.361s] DEBUG:colcon.colcon_core.package_identification:Package 'pkg_cpp/src/pkg_test_cpp' with type 'ros.ament_cmake' and name 'pkg_test_cpp'
[0.361s] Level 1:colcon.colcon_core.package_identification:_identify(pkg_cpp/src/pkg_test_cpp_msg) by extensions ['ignore', 'ignore_ament_install']
[0.361s] Level 1:colcon.colcon_core.package_identification:_identify(pkg_cpp/src/pkg_test_cpp_msg) by extension 'ignore'
[0.361s] Level 1:colcon.colcon_core.package_identification:_identify(pkg_cpp/src/pkg_test_cpp_msg) by extension 'ignore_ament_install'
[0.361s] Level 1:colcon.colcon_core.package_identification:_identify(pkg_cpp/src/pkg_test_cpp_msg) by extensions ['colcon_pkg']
[0.361s] Level 1:colcon.colcon_core.package_identification:_identify(pkg_cpp/src/pkg_test_cpp_msg) by extension 'colcon_pkg'
[0.361s] Level 1:colcon.colcon_core.package_identification:_identify(pkg_cpp/src/pkg_test_cpp_msg) by extensions ['colcon_meta']
[0.361s] Level 1:colcon.colcon_core.package_identification:_identify(pkg_cpp/src/pkg_test_cpp_msg) by extension 'colcon_meta'
[0.361s] Level 1:colcon.colcon_core.package_identification:_identify(pkg_cpp/src/pkg_test_cpp_msg) by extensions ['ros']
[0.361s] Level 1:colcon.colcon_core.package_identification:_identify(pkg_cpp/src/pkg_test_cpp_msg) by extension 'ros'
[0.361s] DEBUG:colcon.colcon_core.package_identification:Package 'pkg_cpp/src/pkg_test_cpp_msg' with type 'ros.ament_cmake' and name 'pkg_test_cpp_msg'
[0.361s] Level 1:colcon.colcon_core.package_identification:_identify(ros2_study) by extensions ['ignore', 'ignore_ament_install']
[0.362s] Level 1:colcon.colcon_core.package_identification:_identify(ros2_study) by extension 'ignore'
[0.362s] Level 1:colcon.colcon_core.package_identification:_identify(ros2_study) by extension 'ignore_ament_install'
[0.362s] Level 1:colcon.colcon_core.package_identification:_identify(ros2_study) by extensions ['colcon_pkg']
[0.362s] Level 1:colcon.colcon_core.package_identification:_identify(ros2_study) by extension 'colcon_pkg'
[0.362s] Level 1:colcon.colcon_core.package_identification:_identify(ros2_study) by extensions ['colcon_meta']
[0.362s] Level 1:colcon.colcon_core.package_identification:_identify(ros2_study) by extension 'colcon_meta'
[0.362s] Level 1:colcon.colcon_core.package_identification:_identify(ros2_study) by extensions ['ros']
[0.362s] Level 1:colcon.colcon_core.package_identification:_identify(ros2_study) by extension 'ros'
[0.362s] Level 1:colcon.colcon_core.package_identification:_identify(ros2_study) by extensions ['cmake', 'python']
[0.362s] Level 1:colcon.colcon_core.package_identification:_identify(ros2_study) by extension 'cmake'
[0.362s] Level 1:colcon.colcon_core.package_identification:_identify(ros2_study) by extension 'python'
[0.362s] Level 1:colcon.colcon_core.package_identification:_identify(ros2_study) by extensions ['python_setup_py']
[0.362s] Level 1:colcon.colcon_core.package_identification:_identify(ros2_study) by extension 'python_setup_py'
[0.362s] Level 1:colcon.colcon_core.package_identification:_identify(ros2_study/build) by extensions ['ignore', 'ignore_ament_install']
[0.362s] Level 1:colcon.colcon_core.package_identification:_identify(ros2_study/build) by extension 'ignore'
[0.362s] Level 1:colcon.colcon_core.package_identification:_identify(ros2_study/build) ignored
[0.362s] Level 1:colcon.colcon_core.package_identification:_identify(ros2_study/install) by extensions ['ignore', 'ignore_ament_install']
[0.362s] Level 1:colcon.colcon_core.package_identification:_identify(ros2_study/install) by extension 'ignore'
[0.362s] Level 1:colcon.colcon_core.package_identification:_identify(ros2_study/install) ignored
[0.362s] Level 1:colcon.colcon_core.package_identification:_identify(ros2_study/log) by extensions ['ignore', 'ignore_ament_install']
[0.362s] Level 1:colcon.colcon_core.package_identification:_identify(ros2_study/log) by extension 'ignore'
[0.362s] Level 1:colcon.colcon_core.package_identification:_identify(ros2_study/log) ignored
[0.362s] Level 1:colcon.colcon_core.package_identification:_identify(ros2_study/pkg_test) by extensions ['ignore', 'ignore_ament_install']
[0.362s] Level 1:colcon.colcon_core.package_identification:_identify(ros2_study/pkg_test) by extension 'ignore'
[0.362s] Level 1:colcon.colcon_core.package_identification:_identify(ros2_study/pkg_test) by extension 'ignore_ament_install'
[0.362s] Level 1:colcon.colcon_core.package_identification:_identify(ros2_study/pkg_test) by extensions ['colcon_pkg']
[0.362s] Level 1:colcon.colcon_core.package_identification:_identify(ros2_study/pkg_test) by extension 'colcon_pkg'
[0.362s] Level 1:colcon.colcon_core.package_identification:_identify(ros2_study/pkg_test) by extensions ['colcon_meta']
[0.362s] Level 1:colcon.colcon_core.package_identification:_identify(ros2_study/pkg_test) by extension 'colcon_meta'
[0.362s] Level 1:colcon.colcon_core.package_identification:_identify(ros2_study/pkg_test) by extensions ['ros']
[0.362s] Level 1:colcon.colcon_core.package_identification:_identify(ros2_study/pkg_test) by extension 'ros'
[0.363s] Level 1:colcon.colcon_core.package_identification:_identify(ros2_study/pkg_test) by extensions ['cmake', 'python']
[0.363s] Level 1:colcon.colcon_core.package_identification:_identify(ros2_study/pkg_test) by extension 'cmake'
[0.363s] Level 1:colcon.colcon_core.package_identification:_identify(ros2_study/pkg_test) by extension 'python'
[0.363s] Level 1:colcon.colcon_core.package_identification:_identify(ros2_study/pkg_test) by extensions ['python_setup_py']
[0.363s] Level 1:colcon.colcon_core.package_identification:_identify(ros2_study/pkg_test) by extension 'python_setup_py'
[0.363s] Level 1:colcon.colcon_core.package_identification:_identify(ros2_study/pkg_test/build) by extensions ['ignore', 'ignore_ament_install']
[0.363s] Level 1:colcon.colcon_core.package_identification:_identify(ros2_study/pkg_test/build) by extension 'ignore'
[0.363s] Level 1:colcon.colcon_core.package_identification:_identify(ros2_study/pkg_test/build) ignored
[0.363s] Level 1:colcon.colcon_core.package_identification:_identify(ros2_study/pkg_test/install) by extensions ['ignore', 'ignore_ament_install']
[0.363s] Level 1:colcon.colcon_core.package_identification:_identify(ros2_study/pkg_test/install) by extension 'ignore'
[0.363s] Level 1:colcon.colcon_core.package_identification:_identify(ros2_study/pkg_test/install) ignored
[0.363s] Level 1:colcon.colcon_core.package_identification:_identify(ros2_study/pkg_test/log) by extensions ['ignore', 'ignore_ament_install']
[0.363s] Level 1:colcon.colcon_core.package_identification:_identify(ros2_study/pkg_test/log) by extension 'ignore'
[0.363s] Level 1:colcon.colcon_core.package_identification:_identify(ros2_study/pkg_test/log) ignored
[0.363s] Level 1:colcon.colcon_core.package_identification:_identify(ros2_study/pkg_test/src) by extensions ['ignore', 'ignore_ament_install']
[0.363s] Level 1:colcon.colcon_core.package_identification:_identify(ros2_study/pkg_test/src) by extension 'ignore'
[0.363s] Level 1:colcon.colcon_core.package_identification:_identify(ros2_study/pkg_test/src) by extension 'ignore_ament_install'
[0.363s] Level 1:colcon.colcon_core.package_identification:_identify(ros2_study/pkg_test/src) by extensions ['colcon_pkg']
[0.363s] Level 1:colcon.colcon_core.package_identification:_identify(ros2_study/pkg_test/src) by extension 'colcon_pkg'
[0.363s] Level 1:colcon.colcon_core.package_identification:_identify(ros2_study/pkg_test/src) by extensions ['colcon_meta']
[0.363s] Level 1:colcon.colcon_core.package_identification:_identify(ros2_study/pkg_test/src) by extension 'colcon_meta'
[0.363s] Level 1:colcon.colcon_core.package_identification:_identify(ros2_study/pkg_test/src) by extensions ['ros']
[0.363s] Level 1:colcon.colcon_core.package_identification:_identify(ros2_study/pkg_test/src) by extension 'ros'
[0.363s] Level 1:colcon.colcon_core.package_identification:_identify(ros2_study/pkg_test/src) by extensions ['cmake', 'python']
[0.363s] Level 1:colcon.colcon_core.package_identification:_identify(ros2_study/pkg_test/src) by extension 'cmake'
[0.363s] Level 1:colcon.colcon_core.package_identification:_identify(ros2_study/pkg_test/src) by extension 'python'
[0.363s] Level 1:colcon.colcon_core.package_identification:_identify(ros2_study/pkg_test/src) by extensions ['python_setup_py']
[0.363s] Level 1:colcon.colcon_core.package_identification:_identify(ros2_study/pkg_test/src) by extension 'python_setup_py'
[0.363s] Level 1:colcon.colcon_core.package_identification:_identify(ros2_study/pkg_test/src/my_first_package) by extensions ['ignore', 'ignore_ament_install']
[0.363s] Level 1:colcon.colcon_core.package_identification:_identify(ros2_study/pkg_test/src/my_first_package) by extension 'ignore'
[0.363s] Level 1:colcon.colcon_core.package_identification:_identify(ros2_study/pkg_test/src/my_first_package) by extension 'ignore_ament_install'
[0.363s] Level 1:colcon.colcon_core.package_identification:_identify(ros2_study/pkg_test/src/my_first_package) by extensions ['colcon_pkg']
[0.363s] Level 1:colcon.colcon_core.package_identification:_identify(ros2_study/pkg_test/src/my_first_package) by extension 'colcon_pkg'
[0.363s] Level 1:colcon.colcon_core.package_identification:_identify(ros2_study/pkg_test/src/my_first_package) by extensions ['colcon_meta']
[0.363s] Level 1:colcon.colcon_core.package_identification:_identify(ros2_study/pkg_test/src/my_first_package) by extension 'colcon_meta'
[0.364s] Level 1:colcon.colcon_core.package_identification:_identify(ros2_study/pkg_test/src/my_first_package) by extensions ['ros']
[0.364s] Level 1:colcon.colcon_core.package_identification:_identify(ros2_study/pkg_test/src/my_first_package) by extension 'ros'
[0.364s] DEBUG:colcon.colcon_core.package_identification:Package 'ros2_study/pkg_test/src/my_first_package' with type 'ros.ament_python' and name 'my_first_package'
[0.364s] Level 1:colcon.colcon_core.package_identification:_identify(ros2_study/pkg_test/src/my_first_package_msgs) by extensions ['ignore', 'ignore_ament_install']
[0.364s] Level 1:colcon.colcon_core.package_identification:_identify(ros2_study/pkg_test/src/my_first_package_msgs) by extension 'ignore'
[0.364s] Level 1:colcon.colcon_core.package_identification:_identify(ros2_study/pkg_test/src/my_first_package_msgs) by extension 'ignore_ament_install'
[0.364s] Level 1:colcon.colcon_core.package_identification:_identify(ros2_study/pkg_test/src/my_first_package_msgs) by extensions ['colcon_pkg']
[0.364s] Level 1:colcon.colcon_core.package_identification:_identify(ros2_study/pkg_test/src/my_first_package_msgs) by extension 'colcon_pkg'
[0.364s] Level 1:colcon.colcon_core.package_identification:_identify(ros2_study/pkg_test/src/my_first_package_msgs) by extensions ['colcon_meta']
[0.364s] Level 1:colcon.colcon_core.package_identification:_identify(ros2_study/pkg_test/src/my_first_package_msgs) by extension 'colcon_meta'
[0.364s] Level 1:colcon.colcon_core.package_identification:_identify(ros2_study/pkg_test/src/my_first_package_msgs) by extensions ['ros']
[0.364s] Level 1:colcon.colcon_core.package_identification:_identify(ros2_study/pkg_test/src/my_first_package_msgs) by extension 'ros'
[0.365s] DEBUG:colcon.colcon_core.package_identification:Package 'ros2_study/pkg_test/src/my_first_package_msgs' with type 'ros.ament_cmake' and name 'my_first_package_msgs'
[0.365s] Level 1:colcon.colcon_core.package_identification:_identify(ros2_study/publisher_test) by extensions ['ignore', 'ignore_ament_install']
[0.365s] Level 1:colcon.colcon_core.package_identification:_identify(ros2_study/publisher_test) by extension 'ignore'
[0.365s] Level 1:colcon.colcon_core.package_identification:_identify(ros2_study/publisher_test) by extension 'ignore_ament_install'
[0.365s] Level 1:colcon.colcon_core.package_identification:_identify(ros2_study/publisher_test) by extensions ['colcon_pkg']
[0.365s] Level 1:colcon.colcon_core.package_identification:_identify(ros2_study/publisher_test) by extension 'colcon_pkg'
[0.365s] Level 1:colcon.colcon_core.package_identification:_identify(ros2_study/publisher_test) by extensions ['colcon_meta']
[0.365s] Level 1:colcon.colcon_core.package_identification:_identify(ros2_study/publisher_test) by extension 'colcon_meta'
[0.365s] Level 1:colcon.colcon_core.package_identification:_identify(ros2_study/publisher_test) by extensions ['ros']
[0.365s] Level 1:colcon.colcon_core.package_identification:_identify(ros2_study/publisher_test) by extension 'ros'
[0.365s] Level 1:colcon.colcon_core.package_identification:_identify(ros2_study/publisher_test) by extensions ['cmake', 'python']
[0.365s] Level 1:colcon.colcon_core.package_identification:_identify(ros2_study/publisher_test) by extension 'cmake'
[0.365s] Level 1:colcon.colcon_core.package_identification:_identify(ros2_study/publisher_test) by extension 'python'
[0.365s] Level 1:colcon.colcon_core.package_identification:_identify(ros2_study/publisher_test) by extensions ['python_setup_py']
[0.365s] Level 1:colcon.colcon_core.package_identification:_identify(ros2_study/publisher_test) by extension 'python_setup_py'
[0.365s] Level 1:colcon.colcon_core.package_identification:_identify(ros2_study/publisher_test/publisher_make_test) by extensions ['ignore', 'ignore_ament_install']
[0.365s] Level 1:colcon.colcon_core.package_identification:_identify(ros2_study/publisher_test/publisher_make_test) by extension 'ignore'
[0.365s] Level 1:colcon.colcon_core.package_identification:_identify(ros2_study/publisher_test/publisher_make_test) by extension 'ignore_ament_install'
[0.365s] Level 1:colcon.colcon_core.package_identification:_identify(ros2_study/publisher_test/publisher_make_test) by extensions ['colcon_pkg']
[0.365s] Level 1:colcon.colcon_core.package_identification:_identify(ros2_study/publisher_test/publisher_make_test) by extension 'colcon_pkg'
[0.365s] Level 1:colcon.colcon_core.package_identification:_identify(ros2_study/publisher_test/publisher_make_test) by extensions ['colcon_meta']
[0.365s] Level 1:colcon.colcon_core.package_identification:_identify(ros2_study/publisher_test/publisher_make_test) by extension 'colcon_meta'
[0.365s] Level 1:colcon.colcon_core.package_identification:_identify(ros2_study/publisher_test/publisher_make_test) by extensions ['ros']
[0.365s] Level 1:colcon.colcon_core.package_identification:_identify(ros2_study/publisher_test/publisher_make_test) by extension 'ros'
[0.366s] DEBUG:colcon.colcon_core.package_identification:Package 'ros2_study/publisher_test/publisher_make_test' with type 'ros.ament_cmake' and name 'publisher_make_test'
[0.366s] Level 1:colcon.colcon_core.package_identification:_identify(ros2_study/service_client_test) by extensions ['ignore', 'ignore_ament_install']
[0.366s] Level 1:colcon.colcon_core.package_identification:_identify(ros2_study/service_client_test) by extension 'ignore'
[0.366s] Level 1:colcon.colcon_core.package_identification:_identify(ros2_study/service_client_test) by extension 'ignore_ament_install'
[0.366s] Level 1:colcon.colcon_core.package_identification:_identify(ros2_study/service_client_test) by extensions ['colcon_pkg']
[0.366s] Level 1:colcon.colcon_core.package_identification:_identify(ros2_study/service_client_test) by extension 'colcon_pkg'
[0.366s] Level 1:colcon.colcon_core.package_identification:_identify(ros2_study/service_client_test) by extensions ['colcon_meta']
[0.366s] Level 1:colcon.colcon_core.package_identification:_identify(ros2_study/service_client_test) by extension 'colcon_meta'
[0.366s] Level 1:colcon.colcon_core.package_identification:_identify(ros2_study/service_client_test) by extensions ['ros']
[0.366s] Level 1:colcon.colcon_core.package_identification:_identify(ros2_study/service_client_test) by extension 'ros'
[0.366s] Level 1:colcon.colcon_core.package_identification:_identify(ros2_study/service_client_test) by extensions ['cmake', 'python']
[0.366s] Level 1:colcon.colcon_core.package_identification:_identify(ros2_study/service_client_test) by extension 'cmake'
[0.366s] Level 1:colcon.colcon_core.package_identification:_identify(ros2_study/service_client_test) by extension 'python'
[0.366s] Level 1:colcon.colcon_core.package_identification:_identify(ros2_study/service_client_test) by extensions ['python_setup_py']
[0.366s] Level 1:colcon.colcon_core.package_identification:_identify(ros2_study/service_client_test) by extension 'python_setup_py'
[0.366s] Level 1:colcon.colcon_core.package_identification:_identify(ros2_study/service_client_test/service_client_test) by extensions ['ignore', 'ignore_ament_install']
[0.366s] Level 1:colcon.colcon_core.package_identification:_identify(ros2_study/service_client_test/service_client_test) by extension 'ignore'
[0.366s] Level 1:colcon.colcon_core.package_identification:_identify(ros2_study/service_client_test/service_client_test) by extension 'ignore_ament_install'
[0.366s] Level 1:colcon.colcon_core.package_identification:_identify(ros2_study/service_client_test/service_client_test) by extensions ['colcon_pkg']
[0.366s] Level 1:colcon.colcon_core.package_identification:_identify(ros2_study/service_client_test/service_client_test) by extension 'colcon_pkg'
[0.366s] Level 1:colcon.colcon_core.package_identification:_identify(ros2_study/service_client_test/service_client_test) by extensions ['colcon_meta']
[0.366s] Level 1:colcon.colcon_core.package_identification:_identify(ros2_study/service_client_test/service_client_test) by extension 'colcon_meta'
[0.366s] Level 1:colcon.colcon_core.package_identification:_identify(ros2_study/service_client_test/service_client_test) by extensions ['ros']
[0.366s] Level 1:colcon.colcon_core.package_identification:_identify(ros2_study/service_client_test/service_client_test) by extension 'ros'
[0.367s] DEBUG:colcon.colcon_core.package_identification:Package 'ros2_study/service_client_test/service_client_test' with type 'ros.ament_cmake' and name 'service_client_test'
[0.367s] Level 1:colcon.colcon_core.package_identification:_identify(ros2_study/subscriber_test) by extensions ['ignore', 'ignore_ament_install']
[0.367s] Level 1:colcon.colcon_core.package_identification:_identify(ros2_study/subscriber_test) by extension 'ignore'
[0.367s] Level 1:colcon.colcon_core.package_identification:_identify(ros2_study/subscriber_test) by extension 'ignore_ament_install'
[0.367s] Level 1:colcon.colcon_core.package_identification:_identify(ros2_study/subscriber_test) by extensions ['colcon_pkg']
[0.367s] Level 1:colcon.colcon_core.package_identification:_identify(ros2_study/subscriber_test) by extension 'colcon_pkg'
[0.367s] Level 1:colcon.colcon_core.package_identification:_identify(ros2_study/subscriber_test) by extensions ['colcon_meta']
[0.367s] Level 1:colcon.colcon_core.package_identification:_identify(ros2_study/subscriber_test) by extension 'colcon_meta'
[0.367s] Level 1:colcon.colcon_core.package_identification:_identify(ros2_study/subscriber_test) by extensions ['ros']
[0.367s] Level 1:colcon.colcon_core.package_identification:_identify(ros2_study/subscriber_test) by extension 'ros'
[0.367s] Level 1:colcon.colcon_core.package_identification:_identify(ros2_study/subscriber_test) by extensions ['cmake', 'python']
[0.367s] Level 1:colcon.colcon_core.package_identification:_identify(ros2_study/subscriber_test) by extension 'cmake'
[0.367s] Level 1:colcon.colcon_core.package_identification:_identify(ros2_study/subscriber_test) by extension 'python'
[0.367s] Level 1:colcon.colcon_core.package_identification:_identify(ros2_study/subscriber_test) by extensions ['python_setup_py']
[0.367s] Level 1:colcon.colcon_core.package_identification:_identify(ros2_study/subscriber_test) by extension 'python_setup_py'
[0.367s] Level 1:colcon.colcon_core.package_identification:_identify(ros2_study/subscriber_test/subscriber_node_cpp) by extensions ['ignore', 'ignore_ament_install']
[0.367s] Level 1:colcon.colcon_core.package_identification:_identify(ros2_study/subscriber_test/subscriber_node_cpp) by extension 'ignore'
[0.367s] Level 1:colcon.colcon_core.package_identification:_identify(ros2_study/subscriber_test/subscriber_node_cpp) by extension 'ignore_ament_install'
[0.367s] Level 1:colcon.colcon_core.package_identification:_identify(ros2_study/subscriber_test/subscriber_node_cpp) by extensions ['colcon_pkg']
[0.367s] Level 1:colcon.colcon_core.package_identification:_identify(ros2_study/subscriber_test/subscriber_node_cpp) by extension 'colcon_pkg'
[0.367s] Level 1:colcon.colcon_core.package_identification:_identify(ros2_study/subscriber_test/subscriber_node_cpp) by extensions ['colcon_meta']
[0.367s] Level 1:colcon.colcon_core.package_identification:_identify(ros2_study/subscriber_test/subscriber_node_cpp) by extension 'colcon_meta'
[0.367s] Level 1:colcon.colcon_core.package_identification:_identify(ros2_study/subscriber_test/subscriber_node_cpp) by extensions ['ros']
[0.367s] Level 1:colcon.colcon_core.package_identification:_identify(ros2_study/subscriber_test/subscriber_node_cpp) by extension 'ros'
[0.367s] Level 1:colcon.colcon_core.package_identification:_identify(ros2_study/subscriber_test/subscriber_node_cpp) by extensions ['cmake', 'python']
[0.367s] Level 1:colcon.colcon_core.package_identification:_identify(ros2_study/subscriber_test/subscriber_node_cpp) by extension 'cmake'
[0.367s] Level 1:colcon.colcon_core.package_identification:_identify(ros2_study/subscriber_test/subscriber_node_cpp) by extension 'python'
[0.368s] Level 1:colcon.colcon_core.package_identification:_identify(ros2_study/subscriber_test/subscriber_node_cpp) by extensions ['python_setup_py']
[0.368s] Level 1:colcon.colcon_core.package_identification:_identify(ros2_study/subscriber_test/subscriber_node_cpp) by extension 'python_setup_py'
[0.368s] Level 1:colcon.colcon_core.package_identification:_identify(ros2_study/subscriber_test/subscriber_node_cpp/my_subscriber_pkg) by extensions ['ignore', 'ignore_ament_install']
[0.368s] Level 1:colcon.colcon_core.package_identification:_identify(ros2_study/subscriber_test/subscriber_node_cpp/my_subscriber_pkg) by extension 'ignore'
[0.368s] Level 1:colcon.colcon_core.package_identification:_identify(ros2_study/subscriber_test/subscriber_node_cpp/my_subscriber_pkg) by extension 'ignore_ament_install'
[0.368s] Level 1:colcon.colcon_core.package_identification:_identify(ros2_study/subscriber_test/subscriber_node_cpp/my_subscriber_pkg) by extensions ['colcon_pkg']
[0.368s] Level 1:colcon.colcon_core.package_identification:_identify(ros2_study/subscriber_test/subscriber_node_cpp/my_subscriber_pkg) by extension 'colcon_pkg'
[0.368s] Level 1:colcon.colcon_core.package_identification:_identify(ros2_study/subscriber_test/subscriber_node_cpp/my_subscriber_pkg) by extensions ['colcon_meta']
[0.368s] Level 1:colcon.colcon_core.package_identification:_identify(ros2_study/subscriber_test/subscriber_node_cpp/my_subscriber_pkg) by extension 'colcon_meta'
[0.368s] Level 1:colcon.colcon_core.package_identification:_identify(ros2_study/subscriber_test/subscriber_node_cpp/my_subscriber_pkg) by extensions ['ros']
[0.368s] Level 1:colcon.colcon_core.package_identification:_identify(ros2_study/subscriber_test/subscriber_node_cpp/my_subscriber_pkg) by extension 'ros'
[0.368s] DEBUG:colcon.colcon_core.package_identification:Package 'ros2_study/subscriber_test/subscriber_node_cpp/my_subscriber_pkg' with type 'ros.ament_cmake' and name 'my_subscriber_pkg'
[0.368s] Level 1:colcon.colcon_core.package_discovery:discover_packages(recursive) using defaults
[0.368s] Level 1:colcon.colcon_core.package_discovery:discover_packages(ignore) discover
[0.368s] Level 1:colcon.colcon_core.package_discovery:discover_packages(ignore) using defaults
[0.368s] Level 1:colcon.colcon_core.package_discovery:discover_packages(path) discover
[0.368s] Level 1:colcon.colcon_core.package_discovery:discover_packages(path) using defaults
[0.392s] INFO:colcon.colcon_core.package_selection:Skipping not selected package 'my_first_package' in 'ros2_study/pkg_test/src/my_first_package'
[0.392s] INFO:colcon.colcon_core.package_selection:Skipping not selected package 'my_first_package_msgs' in 'ros2_study/pkg_test/src/my_first_package_msgs'
[0.392s] INFO:colcon.colcon_core.package_selection:Skipping not selected package 'my_subscriber_pkg' in 'ros2_study/subscriber_test/subscriber_node_cpp/my_subscriber_pkg'
[0.392s] INFO:colcon.colcon_core.package_selection:Skipping not selected package 'pkg_test_cpp' in 'pkg_cpp/src/pkg_test_cpp'
[0.392s] INFO:colcon.colcon_core.package_selection:Skipping not selected package 'publisher_make_test' in 'ros2_study/publisher_test/publisher_make_test'
[0.392s] INFO:colcon.colcon_core.package_selection:Skipping not selected package 'service_client_test' in 'ros2_study/service_client_test/service_client_test'
[0.392s] Level 1:colcon.colcon_core.package_discovery:discover_packages(prefix_path) check parameters
[0.392s] Level 1:colcon.colcon_core.package_discovery:discover_packages(prefix_path) discover
[0.394s] DEBUG:colcon.colcon_installed_package_information.package_discovery:Found 278 installed packages in /opt/ros/humble
[0.395s] Level 1:colcon.colcon_core.package_discovery:discover_packages(prefix_path) using defaults
[0.416s] Level 5:colcon.colcon_core.verb:set package 'pkg_test_cpp_msg' build argument 'cmake_args' from command line to 'None'
[0.416s] Level 5:colcon.colcon_core.verb:set package 'pkg_test_cpp_msg' build argument 'cmake_target' from command line to 'None'
[0.416s] Level 5:colcon.colcon_core.verb:set package 'pkg_test_cpp_msg' build argument 'cmake_target_skip_unavailable' from command line to 'False'
[0.416s] Level 5:colcon.colcon_core.verb:set package 'pkg_test_cpp_msg' build argument 'cmake_clean_cache' from command line to 'False'
[0.416s] Level 5:colcon.colcon_core.verb:set package 'pkg_test_cpp_msg' build argument 'cmake_clean_first' from command line to 'False'
[0.416s] Level 5:colcon.colcon_core.verb:set package 'pkg_test_cpp_msg' build argument 'cmake_force_configure' from command line to 'False'
[0.416s] Level 5:colcon.colcon_core.verb:set package 'pkg_test_cpp_msg' build argument 'ament_cmake_args' from command line to 'None'
[0.416s] Level 5:colcon.colcon_core.verb:set package 'pkg_test_cpp_msg' build argument 'catkin_cmake_args' from command line to 'None'
[0.416s] Level 5:colcon.colcon_core.verb:set package 'pkg_test_cpp_msg' build argument 'catkin_skip_building_tests' from command line to 'False'
[0.416s] DEBUG:colcon.colcon_core.verb:Building package 'pkg_test_cpp_msg' with the following arguments: {'ament_cmake_args': None, 'build_base': '/home/hycon/workspace/hycon_git/ros2_study_jh/build/pkg_test_cpp_msg', 'catkin_cmake_args': None, 'catkin_skip_building_tests': False, 'cmake_args': None, 'cmake_clean_cache': False, 'cmake_clean_first': False, 'cmake_force_configure': False, 'cmake_target': None, 'cmake_target_skip_unavailable': False, 'install_base': '/home/hycon/workspace/hycon_git/ros2_study_jh/install/pkg_test_cpp_msg', 'merge_install': False, 'path': '/home/hycon/workspace/hycon_git/ros2_study_jh/pkg_cpp/src/pkg_test_cpp_msg', 'symlink_install': False, 'test_result_base': None}
[0.416s] INFO:colcon.colcon_core.executor:Executing jobs using 'parallel' executor
[0.417s] DEBUG:colcon.colcon_parallel_executor.executor.parallel:run_until_complete
[0.417s] INFO:colcon.colcon_ros.task.ament_cmake.build:Building ROS package in '/home/hycon/workspace/hycon_git/ros2_study_jh/pkg_cpp/src/pkg_test_cpp_msg' with build type 'ament_cmake'
[0.417s] INFO:colcon.colcon_cmake.task.cmake.build:Building CMake package in '/home/hycon/workspace/hycon_git/ros2_study_jh/pkg_cpp/src/pkg_test_cpp_msg'
[0.420s] INFO:colcon.colcon_core.plugin_system:Skipping extension 'colcon_core.shell.bat': Not used on non-Windows systems
[0.420s] INFO:colcon.colcon_core.shell:Skip shell extension 'powershell' for command environment: Not usable outside of PowerShell
[0.420s] DEBUG:colcon.colcon_core.shell:Skip shell extension 'dsv' for command environment
[0.425s] DEBUG:colcon.colcon_core.event_handler.log_command:Invoking command in '/home/hycon/workspace/hycon_git/ros2_study_jh/build/pkg_test_cpp_msg': CMAKE_PREFIX_PATH=/opt/ros/humble /usr/bin/cmake /home/hycon/workspace/hycon_git/ros2_study_jh/pkg_cpp/src/pkg_test_cpp_msg -DCMAKE_INSTALL_PREFIX=/home/hycon/workspace/hycon_git/ros2_study_jh/install/pkg_test_cpp_msg
[1.968s] DEBUG:colcon.colcon_core.event_handler.log_command:Invoked command in '/home/hycon/workspace/hycon_git/ros2_study_jh/build/pkg_test_cpp_msg' returned '0': CMAKE_PREFIX_PATH=/opt/ros/humble /usr/bin/cmake /home/hycon/workspace/hycon_git/ros2_study_jh/pkg_cpp/src/pkg_test_cpp_msg -DCMAKE_INSTALL_PREFIX=/home/hycon/workspace/hycon_git/ros2_study_jh/install/pkg_test_cpp_msg
[1.969s] DEBUG:colcon.colcon_core.event_handler.log_command:Invoking command in '/home/hycon/workspace/hycon_git/ros2_study_jh/build/pkg_test_cpp_msg': CMAKE_PREFIX_PATH=/opt/ros/humble /usr/bin/cmake --build /home/hycon/workspace/hycon_git/ros2_study_jh/build/pkg_test_cpp_msg -- -j16 -l16
[4.401s] DEBUG:colcon.colcon_core.event_handler.log_command:Invoked command in '/home/hycon/workspace/hycon_git/ros2_study_jh/build/pkg_test_cpp_msg' returned '0': CMAKE_PREFIX_PATH=/opt/ros/humble /usr/bin/cmake --build /home/hycon/workspace/hycon_git/ros2_study_jh/build/pkg_test_cpp_msg -- -j16 -l16
[4.414s] DEBUG:colcon.colcon_core.event_handler.log_command:Invoking command in '/home/hycon/workspace/hycon_git/ros2_study_jh/build/pkg_test_cpp_msg': CMAKE_PREFIX_PATH=/opt/ros/humble /usr/bin/cmake --install /home/hycon/workspace/hycon_git/ros2_study_jh/build/pkg_test_cpp_msg
[4.480s] Level 1:colcon.colcon_core.environment:create_environment_scripts_only(pkg_test_cpp_msg)
[4.480s] DEBUG:colcon.colcon_core.event_handler.log_command:Invoked command in '/home/hycon/workspace/hycon_git/ros2_study_jh/build/pkg_test_cpp_msg' returned '0': CMAKE_PREFIX_PATH=/opt/ros/humble /usr/bin/cmake --install /home/hycon/workspace/hycon_git/ros2_study_jh/build/pkg_test_cpp_msg
[4.483s] Level 1:colcon.colcon_core.environment:checking '/home/hycon/workspace/hycon_git/ros2_study_jh/install/pkg_test_cpp_msg' for CMake module files
[4.484s] Level 1:colcon.colcon_core.environment:checking '/home/hycon/workspace/hycon_git/ros2_study_jh/install/pkg_test_cpp_msg' for CMake config files
[4.484s] Level 1:colcon.colcon_core.shell:create_environment_hook('pkg_test_cpp_msg', 'cmake_prefix_path')
[4.484s] INFO:colcon.colcon_core.shell:Creating environment hook '/home/hycon/workspace/hycon_git/ros2_study_jh/install/pkg_test_cpp_msg/share/pkg_test_cpp_msg/hook/cmake_prefix_path.ps1'
[4.485s] INFO:colcon.colcon_core.shell:Creating environment descriptor '/home/hycon/workspace/hycon_git/ros2_study_jh/install/pkg_test_cpp_msg/share/pkg_test_cpp_msg/hook/cmake_prefix_path.dsv'
[4.485s] INFO:colcon.colcon_core.shell:Creating environment hook '/home/hycon/workspace/hycon_git/ros2_study_jh/install/pkg_test_cpp_msg/share/pkg_test_cpp_msg/hook/cmake_prefix_path.sh'
[4.486s] Level 1:colcon.colcon_core.environment:checking '/home/hycon/workspace/hycon_git/ros2_study_jh/install/pkg_test_cpp_msg/lib'
[4.486s] Level 1:colcon.colcon_core.shell:create_environment_hook('pkg_test_cpp_msg', 'ld_library_path_lib')
[4.486s] INFO:colcon.colcon_core.shell:Creating environment hook '/home/hycon/workspace/hycon_git/ros2_study_jh/install/pkg_test_cpp_msg/share/pkg_test_cpp_msg/hook/ld_library_path_lib.ps1'
[4.486s] INFO:colcon.colcon_core.shell:Creating environment descriptor '/home/hycon/workspace/hycon_git/ros2_study_jh/install/pkg_test_cpp_msg/share/pkg_test_cpp_msg/hook/ld_library_path_lib.dsv'
[4.486s] INFO:colcon.colcon_core.shell:Creating environment hook '/home/hycon/workspace/hycon_git/ros2_study_jh/install/pkg_test_cpp_msg/share/pkg_test_cpp_msg/hook/ld_library_path_lib.sh'
[4.487s] Level 1:colcon.colcon_core.environment:checking '/home/hycon/workspace/hycon_git/ros2_study_jh/install/pkg_test_cpp_msg/bin'
[4.487s] Level 1:colcon.colcon_core.environment:checking '/home/hycon/workspace/hycon_git/ros2_study_jh/install/pkg_test_cpp_msg/lib/pkgconfig/pkg_test_cpp_msg.pc'
[4.487s] Level 1:colcon.colcon_core.environment:checking '/home/hycon/workspace/hycon_git/ros2_study_jh/install/pkg_test_cpp_msg/lib/python3.10/site-packages'
[4.487s] Level 1:colcon.colcon_core.environment:checking '/home/hycon/workspace/hycon_git/ros2_study_jh/install/pkg_test_cpp_msg/bin'
[4.487s] INFO:colcon.colcon_core.shell:Creating package script '/home/hycon/workspace/hycon_git/ros2_study_jh/install/pkg_test_cpp_msg/share/pkg_test_cpp_msg/package.ps1'
[4.488s] INFO:colcon.colcon_core.shell:Creating package descriptor '/home/hycon/workspace/hycon_git/ros2_study_jh/install/pkg_test_cpp_msg/share/pkg_test_cpp_msg/package.dsv'
[4.488s] INFO:colcon.colcon_core.shell:Creating package script '/home/hycon/workspace/hycon_git/ros2_study_jh/install/pkg_test_cpp_msg/share/pkg_test_cpp_msg/package.sh'
[4.488s] INFO:colcon.colcon_core.shell:Creating package script '/home/hycon/workspace/hycon_git/ros2_study_jh/install/pkg_test_cpp_msg/share/pkg_test_cpp_msg/package.bash'
[4.489s] INFO:colcon.colcon_core.shell:Creating package script '/home/hycon/workspace/hycon_git/ros2_study_jh/install/pkg_test_cpp_msg/share/pkg_test_cpp_msg/package.zsh'
[4.490s] Level 1:colcon.colcon_core.environment:create_file_with_runtime_dependencies(/home/hycon/workspace/hycon_git/ros2_study_jh/install/pkg_test_cpp_msg/share/colcon-core/packages/pkg_test_cpp_msg)
[4.490s] Level 1:colcon.colcon_core.environment:create_environment_scripts_only(pkg_test_cpp_msg)
[4.490s] Level 1:colcon.colcon_core.environment:checking '/home/hycon/workspace/hycon_git/ros2_study_jh/install/pkg_test_cpp_msg' for CMake module files
[4.490s] Level 1:colcon.colcon_core.environment:checking '/home/hycon/workspace/hycon_git/ros2_study_jh/install/pkg_test_cpp_msg' for CMake config files
[4.491s] Level 1:colcon.colcon_core.shell:create_environment_hook('pkg_test_cpp_msg', 'cmake_prefix_path')
[4.491s] INFO:colcon.colcon_core.shell:Creating environment hook '/home/hycon/workspace/hycon_git/ros2_study_jh/install/pkg_test_cpp_msg/share/pkg_test_cpp_msg/hook/cmake_prefix_path.ps1'
[4.491s] INFO:colcon.colcon_core.shell:Creating environment descriptor '/home/hycon/workspace/hycon_git/ros2_study_jh/install/pkg_test_cpp_msg/share/pkg_test_cpp_msg/hook/cmake_prefix_path.dsv'
[4.491s] INFO:colcon.colcon_core.shell:Creating environment hook '/home/hycon/workspace/hycon_git/ros2_study_jh/install/pkg_test_cpp_msg/share/pkg_test_cpp_msg/hook/cmake_prefix_path.sh'
[4.491s] Level 1:colcon.colcon_core.environment:checking '/home/hycon/workspace/hycon_git/ros2_study_jh/install/pkg_test_cpp_msg/lib'
[4.491s] Level 1:colcon.colcon_core.shell:create_environment_hook('pkg_test_cpp_msg', 'ld_library_path_lib')
[4.492s] INFO:colcon.colcon_core.shell:Creating environment hook '/home/hycon/workspace/hycon_git/ros2_study_jh/install/pkg_test_cpp_msg/share/pkg_test_cpp_msg/hook/ld_library_path_lib.ps1'
[4.492s] INFO:colcon.colcon_core.shell:Creating environment descriptor '/home/hycon/workspace/hycon_git/ros2_study_jh/install/pkg_test_cpp_msg/share/pkg_test_cpp_msg/hook/ld_library_path_lib.dsv'
[4.492s] INFO:colcon.colcon_core.shell:Creating environment hook '/home/hycon/workspace/hycon_git/ros2_study_jh/install/pkg_test_cpp_msg/share/pkg_test_cpp_msg/hook/ld_library_path_lib.sh'
[4.492s] Level 1:colcon.colcon_core.environment:checking '/home/hycon/workspace/hycon_git/ros2_study_jh/install/pkg_test_cpp_msg/bin'
[4.492s] Level 1:colcon.colcon_core.environment:checking '/home/hycon/workspace/hycon_git/ros2_study_jh/install/pkg_test_cpp_msg/lib/pkgconfig/pkg_test_cpp_msg.pc'
[4.492s] Level 1:colcon.colcon_core.environment:checking '/home/hycon/workspace/hycon_git/ros2_study_jh/install/pkg_test_cpp_msg/lib/python3.10/site-packages'
[4.492s] Level 1:colcon.colcon_core.environment:checking '/home/hycon/workspace/hycon_git/ros2_study_jh/install/pkg_test_cpp_msg/bin'
[4.493s] INFO:colcon.colcon_core.shell:Creating package script '/home/hycon/workspace/hycon_git/ros2_study_jh/install/pkg_test_cpp_msg/share/pkg_test_cpp_msg/package.ps1'
[4.493s] INFO:colcon.colcon_core.shell:Creating package descriptor '/home/hycon/workspace/hycon_git/ros2_study_jh/install/pkg_test_cpp_msg/share/pkg_test_cpp_msg/package.dsv'
[4.493s] INFO:colcon.colcon_core.shell:Creating package script '/home/hycon/workspace/hycon_git/ros2_study_jh/install/pkg_test_cpp_msg/share/pkg_test_cpp_msg/package.sh'
[4.494s] INFO:colcon.colcon_core.shell:Creating package script '/home/hycon/workspace/hycon_git/ros2_study_jh/install/pkg_test_cpp_msg/share/pkg_test_cpp_msg/package.bash'
[4.494s] INFO:colcon.colcon_core.shell:Creating package script '/home/hycon/workspace/hycon_git/ros2_study_jh/install/pkg_test_cpp_msg/share/pkg_test_cpp_msg/package.zsh'
[4.494s] Level 1:colcon.colcon_core.environment:create_file_with_runtime_dependencies(/home/hycon/workspace/hycon_git/ros2_study_jh/install/pkg_test_cpp_msg/share/colcon-core/packages/pkg_test_cpp_msg)
[4.494s] DEBUG:colcon.colcon_parallel_executor.executor.parallel:closing loop
[4.494s] DEBUG:colcon.colcon_parallel_executor.executor.parallel:loop closed
[4.494s] DEBUG:colcon.colcon_parallel_executor.executor.parallel:run_until_complete finished with '0'
[4.494s] DEBUG:colcon.colcon_core.event_reactor:joining thread
[4.498s] INFO:colcon.colcon_core.plugin_system:Skipping extension 'colcon_notification.desktop_notification.terminal_notifier': Not used on non-Darwin systems
[4.498s] INFO:colcon.colcon_core.plugin_system:Skipping extension 'colcon_notification.desktop_notification.win32': Not used on non-Windows systems
[4.498s] INFO:colcon.colcon_notification.desktop_notification:Sending desktop notification using 'notify2'
[4.522s] DEBUG:colcon.colcon_core.event_reactor:joined thread
[4.523s] INFO:colcon.colcon_core.shell:Creating prefix script '/home/hycon/workspace/hycon_git/ros2_study_jh/install/local_setup.ps1'
[4.524s] INFO:colcon.colcon_core.shell:Creating prefix util module '/home/hycon/workspace/hycon_git/ros2_study_jh/install/_local_setup_util_ps1.py'
[4.525s] INFO:colcon.colcon_core.shell:Creating prefix chain script '/home/hycon/workspace/hycon_git/ros2_study_jh/install/setup.ps1'
[4.525s] INFO:colcon.colcon_core.shell:Creating prefix script '/home/hycon/workspace/hycon_git/ros2_study_jh/install/local_setup.sh'
[4.526s] INFO:colcon.colcon_core.shell:Creating prefix util module '/home/hycon/workspace/hycon_git/ros2_study_jh/install/_local_setup_util_sh.py'
[4.527s] INFO:colcon.colcon_core.shell:Creating prefix chain script '/home/hycon/workspace/hycon_git/ros2_study_jh/install/setup.sh'
[4.527s] INFO:colcon.colcon_core.shell:Creating prefix script '/home/hycon/workspace/hycon_git/ros2_study_jh/install/local_setup.bash'
[4.528s] INFO:colcon.colcon_core.shell:Creating prefix chain script '/home/hycon/workspace/hycon_git/ros2_study_jh/install/setup.bash'
[4.529s] INFO:colcon.colcon_core.shell:Creating prefix script '/home/hycon/workspace/hycon_git/ros2_study_jh/install/local_setup.zsh'
[4.529s] INFO:colcon.colcon_core.shell:Creating prefix chain script '/home/hycon/workspace/hycon_git/ros2_study_jh/install/setup.zsh'
