[  2%] [34m[1mGenerating C code for ROS interfaces[0m
[  5%] [34m[1mGenerating C++ code for ROS interfaces[0m
[  5%] Built target ament_cmake_python_copy_my_first_package_msgs
[  5%] Built target my_first_package_msgs__cpp
[  7%] [34m[1mGenerating C++ type support for eProsima Fast-RTPS[0m
[ 12%] [34m[1mGenerating C++ introspection for ROS interfaces[0m
[ 12%] [34m[1mGenerating C++ type support dispatch for ROS interfaces[0m
running egg_info
creating my_first_package_msgs.egg-info
writing my_first_package_msgs.egg-info/PKG-INFO
writing dependency_links to my_first_package_msgs.egg-info/dependency_links.txt
writing top-level names to my_first_package_msgs.egg-info/top_level.txt
writing manifest file 'my_first_package_msgs.egg-info/SOURCES.txt'
reading manifest file 'my_first_package_msgs.egg-info/SOURCES.txt'
writing manifest file 'my_first_package_msgs.egg-info/SOURCES.txt'
[ 15%] [32mBuilding C object CMakeFiles/my_first_package_msgs__rosidl_generator_c.dir/rosidl_generator_c/my_first_package_msgs/srv/detail/multi_spawn__functions.c.o[0m
[ 17%] [32mBuilding C object CMakeFiles/my_first_package_msgs__rosidl_generator_c.dir/rosidl_generator_c/my_first_package_msgs/msg/detail/cmd_and_pose_vel__functions.c.o[0m
[ 17%] Built target ament_cmake_python_build_my_first_package_msgs_egg
[ 20%] [32m[1mLinking C shared library libmy_first_package_msgs__rosidl_generator_c.so[0m
[ 20%] Built target my_first_package_msgs__rosidl_generator_c
[ 25%] [34m[1mGenerating C type support dispatch for ROS interfaces[0m
[ 25%] [34m[1mGenerating C type support for eProsima Fast-RTPS[0m
[ 28%] [34m[1mGenerating C introspection for ROS interfaces[0m
[ 30%] [32mBuilding CXX object CMakeFiles/my_first_package_msgs__rosidl_typesupport_fastrtps_cpp.dir/rosidl_typesupport_fastrtps_cpp/my_first_package_msgs/msg/detail/dds_fastrtps/cmd_and_pose_vel__type_support.cpp.o[0m
[ 33%] [32mBuilding CXX object CMakeFiles/my_first_package_msgs__rosidl_typesupport_fastrtps_cpp.dir/rosidl_typesupport_fastrtps_cpp/my_first_package_msgs/srv/detail/dds_fastrtps/multi_spawn__type_support.cpp.o[0m
[ 35%] [32mBuilding CXX object CMakeFiles/my_first_package_msgs__rosidl_typesupport_cpp.dir/rosidl_typesupport_cpp/my_first_package_msgs/msg/cmd_and_pose_vel__type_support.cpp.o[0m
[ 38%] [32mBuilding CXX object CMakeFiles/my_first_package_msgs__rosidl_typesupport_cpp.dir/rosidl_typesupport_cpp/my_first_package_msgs/srv/multi_spawn__type_support.cpp.o[0m
[ 41%] [32mBuilding CXX object CMakeFiles/my_first_package_msgs__rosidl_typesupport_introspection_cpp.dir/rosidl_typesupport_introspection_cpp/my_first_package_msgs/srv/detail/multi_spawn__type_support.cpp.o[0m
[ 43%] [32mBuilding CXX object CMakeFiles/my_first_package_msgs__rosidl_typesupport_introspection_cpp.dir/rosidl_typesupport_introspection_cpp/my_first_package_msgs/msg/detail/cmd_and_pose_vel__type_support.cpp.o[0m
[ 46%] [32mBuilding CXX object CMakeFiles/my_first_package_msgs__rosidl_typesupport_c.dir/rosidl_typesupport_c/my_first_package_msgs/srv/multi_spawn__type_support.cpp.o[0m
[ 48%] [32mBuilding CXX object CMakeFiles/my_first_package_msgs__rosidl_typesupport_c.dir/rosidl_typesupport_c/my_first_package_msgs/msg/cmd_and_pose_vel__type_support.cpp.o[0m
[ 51%] [32m[1mLinking CXX shared library libmy_first_package_msgs__rosidl_typesupport_c.so[0m
[ 56%] [32mBuilding C object CMakeFiles/my_first_package_msgs__rosidl_typesupport_introspection_c.dir/rosidl_typesupport_introspection_c/my_first_package_msgs/srv/detail/multi_spawn__type_support.c.o[0m
[ 56%] [32mBuilding C object CMakeFiles/my_first_package_msgs__rosidl_typesupport_introspection_c.dir/rosidl_typesupport_introspection_c/my_first_package_msgs/msg/detail/cmd_and_pose_vel__type_support.c.o[0m
[ 58%] [32mBuilding CXX object CMakeFiles/my_first_package_msgs__rosidl_typesupport_fastrtps_c.dir/rosidl_typesupport_fastrtps_c/my_first_package_msgs/msg/detail/cmd_and_pose_vel__type_support_c.cpp.o[0m
[ 61%] [32mBuilding CXX object CMakeFiles/my_first_package_msgs__rosidl_typesupport_fastrtps_c.dir/rosidl_typesupport_fastrtps_c/my_first_package_msgs/srv/detail/multi_spawn__type_support_c.cpp.o[0m
[ 61%] Built target my_first_package_msgs__rosidl_typesupport_c
[ 64%] [32m[1mLinking CXX shared library libmy_first_package_msgs__rosidl_typesupport_cpp.so[0m
[ 66%] [32m[1mLinking C shared library libmy_first_package_msgs__rosidl_typesupport_introspection_c.so[0m
[ 66%] Built target my_first_package_msgs__rosidl_typesupport_cpp
[ 66%] Built target my_first_package_msgs__rosidl_typesupport_introspection_c
[ 69%] [32m[1mLinking CXX shared library libmy_first_package_msgs__rosidl_typesupport_fastrtps_cpp.so[0m
[ 69%] Built target my_first_package_msgs__rosidl_typesupport_fastrtps_cpp
[ 71%] [32m[1mLinking CXX shared library libmy_first_package_msgs__rosidl_typesupport_introspection_cpp.so[0m
[ 71%] Built target my_first_package_msgs__rosidl_typesupport_introspection_cpp
[ 74%] [32m[1mLinking CXX shared library libmy_first_package_msgs__rosidl_typesupport_fastrtps_c.so[0m
[ 74%] Built target my_first_package_msgs__rosidl_typesupport_fastrtps_c
[ 74%] Built target my_first_package_msgs
[ 76%] [34m[1mGenerating Python code for ROS interfaces[0m
[ 76%] Built target my_first_package_msgs__py
[ 79%] [32mBuilding C object CMakeFiles/my_first_package_msgs__rosidl_generator_py.dir/rosidl_generator_py/my_first_package_msgs/msg/_cmd_and_pose_vel_s.c.o[0m
[ 82%] [32mBuilding C object CMakeFiles/my_first_package_msgs__rosidl_generator_py.dir/rosidl_generator_py/my_first_package_msgs/srv/_multi_spawn_s.c.o[0m
[ 84%] [32m[1mLinking C shared library rosidl_generator_py/my_first_package_msgs/libmy_first_package_msgs__rosidl_generator_py.so[0m
[ 84%] Built target my_first_package_msgs__rosidl_generator_py
[ 87%] [32mBuilding C object CMakeFiles/my_first_package_msgs__rosidl_typesupport_fastrtps_c__pyext.dir/rosidl_generator_py/my_first_package_msgs/_my_first_package_msgs_s.ep.rosidl_typesupport_fastrtps_c.c.o[0m
[ 92%] [32mBuilding C object CMakeFiles/my_first_package_msgs__rosidl_typesupport_introspection_c__pyext.dir/rosidl_generator_py/my_first_package_msgs/_my_first_package_msgs_s.ep.rosidl_typesupport_introspection_c.c.o[0m
[ 92%] [32mBuilding C object CMakeFiles/my_first_package_msgs__rosidl_typesupport_c__pyext.dir/rosidl_generator_py/my_first_package_msgs/_my_first_package_msgs_s.ep.rosidl_typesupport_c.c.o[0m
[ 94%] [32m[1mLinking C shared library rosidl_generator_py/my_first_package_msgs/my_first_package_msgs_s__rosidl_typesupport_fastrtps_c.cpython-310-x86_64-linux-gnu.so[0m
[ 97%] [32m[1mLinking C shared library rosidl_generator_py/my_first_package_msgs/my_first_package_msgs_s__rosidl_typesupport_c.cpython-310-x86_64-linux-gnu.so[0m
[ 97%] Built target my_first_package_msgs__rosidl_typesupport_fastrtps_c__pyext
[100%] [32m[1mLinking C shared library rosidl_generator_py/my_first_package_msgs/my_first_package_msgs_s__rosidl_typesupport_introspection_c.cpython-310-x86_64-linux-gnu.so[0m
[100%] Built target my_first_package_msgs__rosidl_typesupport_c__pyext
[100%] Built target my_first_package_msgs__rosidl_typesupport_introspection_c__pyext
