[0.063s] DEBUG:colcon:Command line arguments: ['/usr/bin/colcon', 'build']
[0.063s] DEBUG:colcon:Parsed command line arguments: Namespace(log_base=None, log_level=None, verb_name='build', build_base='build', install_base='install', merge_install=False, symlink_install=False, test_result_base=None, continue_on_error=False, executor='parallel', parallel_workers=16, event_handlers=None, ignore_user_meta=False, metas=['./colcon.meta'], base_paths=['.'], packages_ignore=None, packages_ignore_regex=None, paths=None, packages_up_to=None, packages_up_to_regex=None, packages_above=None, packages_above_and_dependencies=None, packages_above_depth=None, packages_select_by_dep=None, packages_skip_by_dep=None, packages_skip_up_to=None, packages_select_build_failed=False, packages_skip_build_finished=False, packages_select_test_failures=False, packages_skip_test_passed=False, packages_select=None, packages_skip=None, packages_select_regex=None, packages_skip_regex=None, packages_start=None, packages_end=None, allow_overriding=[], cmake_args=None, cmake_target=None, cmake_target_skip_unavailable=False, cmake_clean_cache=False, cmake_clean_first=False, cmake_force_configure=False, ament_cmake_args=None, catkin_cmake_args=None, catkin_skip_building_tests=False, verb_parser=<colcon_defaults.argument_parser.defaults.DefaultArgumentsDecorator object at 0x76c884b54f70>, verb_extension=<colcon_core.verb.build.BuildVerb object at 0x76c884cd1cf0>, main=<bound method BuildVerb.main of <colcon_core.verb.build.BuildVerb object at 0x76c884cd1cf0>>)
[0.162s] Level 1:colcon.colcon_core.package_discovery:discover_packages(colcon_meta) check parameters
[0.162s] Level 1:colcon.colcon_core.package_discovery:discover_packages(recursive) check parameters
[0.162s] Level 1:colcon.colcon_core.package_discovery:discover_packages(ignore) check parameters
[0.162s] Level 1:colcon.colcon_core.package_discovery:discover_packages(path) check parameters
[0.162s] Level 1:colcon.colcon_core.package_discovery:discover_packages(colcon_meta) discover
[0.162s] Level 1:colcon.colcon_core.package_discovery:discover_packages(recursive) discover
[0.162s] INFO:colcon.colcon_core.package_discovery:Crawling recursively for packages in '/home/hycon/workspace/ros2_study/pkg_cpp'
[0.163s] Level 1:colcon.colcon_core.package_identification:_identify(.) by extensions ['ignore', 'ignore_ament_install']
[0.163s] Level 1:colcon.colcon_core.package_identification:_identify(.) by extension 'ignore'
[0.163s] Level 1:colcon.colcon_core.package_identification:_identify(.) by extension 'ignore_ament_install'
[0.163s] Level 1:colcon.colcon_core.package_identification:_identify(.) by extensions ['colcon_pkg']
[0.163s] Level 1:colcon.colcon_core.package_identification:_identify(.) by extension 'colcon_pkg'
[0.163s] Level 1:colcon.colcon_core.package_identification:_identify(.) by extensions ['colcon_meta']
[0.163s] Level 1:colcon.colcon_core.package_identification:_identify(.) by extension 'colcon_meta'
[0.163s] Level 1:colcon.colcon_core.package_identification:_identify(.) by extensions ['ros']
[0.163s] Level 1:colcon.colcon_core.package_identification:_identify(.) by extension 'ros'
[0.170s] Level 1:colcon.colcon_core.package_identification:_identify(.) by extensions ['cmake', 'python']
[0.170s] Level 1:colcon.colcon_core.package_identification:_identify(.) by extension 'cmake'
[0.170s] Level 1:colcon.colcon_core.package_identification:_identify(.) by extension 'python'
[0.170s] Level 1:colcon.colcon_core.package_identification:_identify(.) by extensions ['python_setup_py']
[0.170s] Level 1:colcon.colcon_core.package_identification:_identify(.) by extension 'python_setup_py'
[0.170s] Level 1:colcon.colcon_core.package_identification:_identify(build) by extensions ['ignore', 'ignore_ament_install']
[0.170s] Level 1:colcon.colcon_core.package_identification:_identify(build) by extension 'ignore'
[0.170s] Level 1:colcon.colcon_core.package_identification:_identify(build) ignored
[0.170s] Level 1:colcon.colcon_core.package_identification:_identify(install) by extensions ['ignore', 'ignore_ament_install']
[0.170s] Level 1:colcon.colcon_core.package_identification:_identify(install) by extension 'ignore'
[0.171s] Level 1:colcon.colcon_core.package_identification:_identify(install) ignored
[0.171s] Level 1:colcon.colcon_core.package_identification:_identify(log) by extensions ['ignore', 'ignore_ament_install']
[0.171s] Level 1:colcon.colcon_core.package_identification:_identify(log) by extension 'ignore'
[0.171s] Level 1:colcon.colcon_core.package_identification:_identify(log) ignored
[0.171s] Level 1:colcon.colcon_core.package_identification:_identify(src) by extensions ['ignore', 'ignore_ament_install']
[0.171s] Level 1:colcon.colcon_core.package_identification:_identify(src) by extension 'ignore'
[0.171s] Level 1:colcon.colcon_core.package_identification:_identify(src) by extension 'ignore_ament_install'
[0.171s] Level 1:colcon.colcon_core.package_identification:_identify(src) by extensions ['colcon_pkg']
[0.171s] Level 1:colcon.colcon_core.package_identification:_identify(src) by extension 'colcon_pkg'
[0.171s] Level 1:colcon.colcon_core.package_identification:_identify(src) by extensions ['colcon_meta']
[0.171s] Level 1:colcon.colcon_core.package_identification:_identify(src) by extension 'colcon_meta'
[0.171s] Level 1:colcon.colcon_core.package_identification:_identify(src) by extensions ['ros']
[0.171s] Level 1:colcon.colcon_core.package_identification:_identify(src) by extension 'ros'
[0.171s] Level 1:colcon.colcon_core.package_identification:_identify(src) by extensions ['cmake', 'python']
[0.171s] Level 1:colcon.colcon_core.package_identification:_identify(src) by extension 'cmake'
[0.171s] Level 1:colcon.colcon_core.package_identification:_identify(src) by extension 'python'
[0.171s] Level 1:colcon.colcon_core.package_identification:_identify(src) by extensions ['python_setup_py']
[0.171s] Level 1:colcon.colcon_core.package_identification:_identify(src) by extension 'python_setup_py'
[0.171s] Level 1:colcon.colcon_core.package_identification:_identify(src/pkg_test_cpp) by extensions ['ignore', 'ignore_ament_install']
[0.171s] Level 1:colcon.colcon_core.package_identification:_identify(src/pkg_test_cpp) by extension 'ignore'
[0.171s] Level 1:colcon.colcon_core.package_identification:_identify(src/pkg_test_cpp) by extension 'ignore_ament_install'
[0.171s] Level 1:colcon.colcon_core.package_identification:_identify(src/pkg_test_cpp) by extensions ['colcon_pkg']
[0.171s] Level 1:colcon.colcon_core.package_identification:_identify(src/pkg_test_cpp) by extension 'colcon_pkg'
[0.171s] Level 1:colcon.colcon_core.package_identification:_identify(src/pkg_test_cpp) by extensions ['colcon_meta']
[0.171s] Level 1:colcon.colcon_core.package_identification:_identify(src/pkg_test_cpp) by extension 'colcon_meta'
[0.171s] Level 1:colcon.colcon_core.package_identification:_identify(src/pkg_test_cpp) by extensions ['ros']
[0.171s] Level 1:colcon.colcon_core.package_identification:_identify(src/pkg_test_cpp) by extension 'ros'
[0.173s] DEBUG:colcon.colcon_core.package_identification:Package 'src/pkg_test_cpp' with type 'ros.ament_cmake' and name 'pkg_test_cpp'
[0.173s] Level 1:colcon.colcon_core.package_identification:_identify(src/pkg_test_cpp_msg) by extensions ['ignore', 'ignore_ament_install']
[0.173s] Level 1:colcon.colcon_core.package_identification:_identify(src/pkg_test_cpp_msg) by extension 'ignore'
[0.173s] Level 1:colcon.colcon_core.package_identification:_identify(src/pkg_test_cpp_msg) by extension 'ignore_ament_install'
[0.173s] Level 1:colcon.colcon_core.package_identification:_identify(src/pkg_test_cpp_msg) by extensions ['colcon_pkg']
[0.173s] Level 1:colcon.colcon_core.package_identification:_identify(src/pkg_test_cpp_msg) by extension 'colcon_pkg'
[0.173s] Level 1:colcon.colcon_core.package_identification:_identify(src/pkg_test_cpp_msg) by extensions ['colcon_meta']
[0.173s] Level 1:colcon.colcon_core.package_identification:_identify(src/pkg_test_cpp_msg) by extension 'colcon_meta'
[0.173s] Level 1:colcon.colcon_core.package_identification:_identify(src/pkg_test_cpp_msg) by extensions ['ros']
[0.173s] Level 1:colcon.colcon_core.package_identification:_identify(src/pkg_test_cpp_msg) by extension 'ros'
[0.173s] DEBUG:colcon.colcon_core.package_identification:Package 'src/pkg_test_cpp_msg' with type 'ros.ament_cmake' and name 'pkg_test_cpp_msg'
[0.174s] Level 1:colcon.colcon_core.package_discovery:discover_packages(recursive) using defaults
[0.174s] Level 1:colcon.colcon_core.package_discovery:discover_packages(ignore) discover
[0.174s] Level 1:colcon.colcon_core.package_discovery:discover_packages(ignore) using defaults
[0.174s] Level 1:colcon.colcon_core.package_discovery:discover_packages(path) discover
[0.174s] Level 1:colcon.colcon_core.package_discovery:discover_packages(path) using defaults
[0.194s] Level 1:colcon.colcon_core.package_discovery:discover_packages(prefix_path) check parameters
[0.194s] Level 1:colcon.colcon_core.package_discovery:discover_packages(prefix_path) discover
[0.195s] DEBUG:colcon.colcon_installed_package_information.package_discovery:Found 2 installed packages in /home/hycon/workspace/ros2_study/pkg_cpp/install
[0.196s] DEBUG:colcon.colcon_installed_package_information.package_discovery:Found 271 installed packages in /opt/ros/humble
[0.197s] Level 1:colcon.colcon_core.package_discovery:discover_packages(prefix_path) using defaults
[0.218s] Level 5:colcon.colcon_core.verb:set package 'pkg_test_cpp' build argument 'cmake_args' from command line to 'None'
[0.218s] Level 5:colcon.colcon_core.verb:set package 'pkg_test_cpp' build argument 'cmake_target' from command line to 'None'
[0.218s] Level 5:colcon.colcon_core.verb:set package 'pkg_test_cpp' build argument 'cmake_target_skip_unavailable' from command line to 'False'
[0.218s] Level 5:colcon.colcon_core.verb:set package 'pkg_test_cpp' build argument 'cmake_clean_cache' from command line to 'False'
[0.218s] Level 5:colcon.colcon_core.verb:set package 'pkg_test_cpp' build argument 'cmake_clean_first' from command line to 'False'
[0.218s] Level 5:colcon.colcon_core.verb:set package 'pkg_test_cpp' build argument 'cmake_force_configure' from command line to 'False'
[0.218s] Level 5:colcon.colcon_core.verb:set package 'pkg_test_cpp' build argument 'ament_cmake_args' from command line to 'None'
[0.218s] Level 5:colcon.colcon_core.verb:set package 'pkg_test_cpp' build argument 'catkin_cmake_args' from command line to 'None'
[0.218s] Level 5:colcon.colcon_core.verb:set package 'pkg_test_cpp' build argument 'catkin_skip_building_tests' from command line to 'False'
[0.218s] DEBUG:colcon.colcon_core.verb:Building package 'pkg_test_cpp' with the following arguments: {'ament_cmake_args': None, 'build_base': '/home/hycon/workspace/ros2_study/pkg_cpp/build/pkg_test_cpp', 'catkin_cmake_args': None, 'catkin_skip_building_tests': False, 'cmake_args': None, 'cmake_clean_cache': False, 'cmake_clean_first': False, 'cmake_force_configure': False, 'cmake_target': None, 'cmake_target_skip_unavailable': False, 'install_base': '/home/hycon/workspace/ros2_study/pkg_cpp/install/pkg_test_cpp', 'merge_install': False, 'path': '/home/hycon/workspace/ros2_study/pkg_cpp/src/pkg_test_cpp', 'symlink_install': False, 'test_result_base': None}
[0.219s] Level 5:colcon.colcon_core.verb:set package 'pkg_test_cpp_msg' build argument 'cmake_args' from command line to 'None'
[0.219s] Level 5:colcon.colcon_core.verb:set package 'pkg_test_cpp_msg' build argument 'cmake_target' from command line to 'None'
[0.219s] Level 5:colcon.colcon_core.verb:set package 'pkg_test_cpp_msg' build argument 'cmake_target_skip_unavailable' from command line to 'False'
[0.219s] Level 5:colcon.colcon_core.verb:set package 'pkg_test_cpp_msg' build argument 'cmake_clean_cache' from command line to 'False'
[0.219s] Level 5:colcon.colcon_core.verb:set package 'pkg_test_cpp_msg' build argument 'cmake_clean_first' from command line to 'False'
[0.219s] Level 5:colcon.colcon_core.verb:set package 'pkg_test_cpp_msg' build argument 'cmake_force_configure' from command line to 'False'
[0.219s] Level 5:colcon.colcon_core.verb:set package 'pkg_test_cpp_msg' build argument 'ament_cmake_args' from command line to 'None'
[0.219s] Level 5:colcon.colcon_core.verb:set package 'pkg_test_cpp_msg' build argument 'catkin_cmake_args' from command line to 'None'
[0.219s] Level 5:colcon.colcon_core.verb:set package 'pkg_test_cpp_msg' build argument 'catkin_skip_building_tests' from command line to 'False'
[0.219s] DEBUG:colcon.colcon_core.verb:Building package 'pkg_test_cpp_msg' with the following arguments: {'ament_cmake_args': None, 'build_base': '/home/hycon/workspace/ros2_study/pkg_cpp/build/pkg_test_cpp_msg', 'catkin_cmake_args': None, 'catkin_skip_building_tests': False, 'cmake_args': None, 'cmake_clean_cache': False, 'cmake_clean_first': False, 'cmake_force_configure': False, 'cmake_target': None, 'cmake_target_skip_unavailable': False, 'install_base': '/home/hycon/workspace/ros2_study/pkg_cpp/install/pkg_test_cpp_msg', 'merge_install': False, 'path': '/home/hycon/workspace/ros2_study/pkg_cpp/src/pkg_test_cpp_msg', 'symlink_install': False, 'test_result_base': None}
[0.219s] INFO:colcon.colcon_core.executor:Executing jobs using 'parallel' executor
[0.220s] DEBUG:colcon.colcon_parallel_executor.executor.parallel:run_until_complete
[0.220s] INFO:colcon.colcon_ros.task.ament_cmake.build:Building ROS package in '/home/hycon/workspace/ros2_study/pkg_cpp/src/pkg_test_cpp' with build type 'ament_cmake'
[0.220s] INFO:colcon.colcon_cmake.task.cmake.build:Building CMake package in '/home/hycon/workspace/ros2_study/pkg_cpp/src/pkg_test_cpp'
[0.221s] INFO:colcon.colcon_core.plugin_system:Skipping extension 'colcon_core.shell.bat': Not used on non-Windows systems
[0.221s] INFO:colcon.colcon_core.shell:Skip shell extension 'powershell' for command environment: Not usable outside of PowerShell
[0.221s] DEBUG:colcon.colcon_core.shell:Skip shell extension 'dsv' for command environment
[0.223s] INFO:colcon.colcon_ros.task.ament_cmake.build:Building ROS package in '/home/hycon/workspace/ros2_study/pkg_cpp/src/pkg_test_cpp_msg' with build type 'ament_cmake'
[0.223s] INFO:colcon.colcon_cmake.task.cmake.build:Building CMake package in '/home/hycon/workspace/ros2_study/pkg_cpp/src/pkg_test_cpp_msg'
[0.224s] INFO:colcon.colcon_core.shell:Skip shell extension 'powershell' for command environment: Not usable outside of PowerShell
[0.224s] DEBUG:colcon.colcon_core.shell:Skip shell extension 'dsv' for command environment
[0.230s] DEBUG:colcon.colcon_core.event_handler.log_command:Invoking command in '/home/hycon/workspace/ros2_study/pkg_cpp/build/pkg_test_cpp': CMAKE_PREFIX_PATH=${CMAKE_PREFIX_PATH}:/opt/ros/humble /usr/bin/cmake --build /home/hycon/workspace/ros2_study/pkg_cpp/build/pkg_test_cpp -- -j16 -l16
[0.233s] DEBUG:colcon.colcon_core.event_handler.log_command:Invoking command in '/home/hycon/workspace/ros2_study/pkg_cpp/build/pkg_test_cpp_msg': CMAKE_PREFIX_PATH=${CMAKE_PREFIX_PATH}:/opt/ros/humble /usr/bin/cmake --build /home/hycon/workspace/ros2_study/pkg_cpp/build/pkg_test_cpp_msg -- -j16 -l16
[0.528s] DEBUG:colcon.colcon_core.event_handler.log_command:Invoked command in '/home/hycon/workspace/ros2_study/pkg_cpp/build/pkg_test_cpp_msg' returned '0': CMAKE_PREFIX_PATH=${CMAKE_PREFIX_PATH}:/opt/ros/humble /usr/bin/cmake --build /home/hycon/workspace/ros2_study/pkg_cpp/build/pkg_test_cpp_msg -- -j16 -l16
[0.538s] DEBUG:colcon.colcon_core.event_handler.log_command:Invoking command in '/home/hycon/workspace/ros2_study/pkg_cpp/build/pkg_test_cpp_msg': CMAKE_PREFIX_PATH=${CMAKE_PREFIX_PATH}:/opt/ros/humble /usr/bin/cmake --install /home/hycon/workspace/ros2_study/pkg_cpp/build/pkg_test_cpp_msg
[0.595s] Level 1:colcon.colcon_core.environment:create_environment_scripts_only(pkg_test_cpp_msg)
[0.595s] DEBUG:colcon.colcon_core.event_handler.log_command:Invoked command in '/home/hycon/workspace/ros2_study/pkg_cpp/build/pkg_test_cpp_msg' returned '0': CMAKE_PREFIX_PATH=${CMAKE_PREFIX_PATH}:/opt/ros/humble /usr/bin/cmake --install /home/hycon/workspace/ros2_study/pkg_cpp/build/pkg_test_cpp_msg
[0.598s] Level 1:colcon.colcon_core.environment:checking '/home/hycon/workspace/ros2_study/pkg_cpp/install/pkg_test_cpp_msg' for CMake module files
[0.599s] Level 1:colcon.colcon_core.environment:checking '/home/hycon/workspace/ros2_study/pkg_cpp/install/pkg_test_cpp_msg' for CMake config files
[0.599s] Level 1:colcon.colcon_core.shell:create_environment_hook('pkg_test_cpp_msg', 'cmake_prefix_path')
[0.600s] INFO:colcon.colcon_core.shell:Creating environment hook '/home/hycon/workspace/ros2_study/pkg_cpp/install/pkg_test_cpp_msg/share/pkg_test_cpp_msg/hook/cmake_prefix_path.ps1'
[0.600s] INFO:colcon.colcon_core.shell:Creating environment descriptor '/home/hycon/workspace/ros2_study/pkg_cpp/install/pkg_test_cpp_msg/share/pkg_test_cpp_msg/hook/cmake_prefix_path.dsv'
[0.601s] INFO:colcon.colcon_core.shell:Creating environment hook '/home/hycon/workspace/ros2_study/pkg_cpp/install/pkg_test_cpp_msg/share/pkg_test_cpp_msg/hook/cmake_prefix_path.sh'
[0.602s] Level 1:colcon.colcon_core.environment:checking '/home/hycon/workspace/ros2_study/pkg_cpp/install/pkg_test_cpp_msg/lib'
[0.602s] Level 1:colcon.colcon_core.shell:create_environment_hook('pkg_test_cpp_msg', 'ld_library_path_lib')
[0.603s] INFO:colcon.colcon_core.shell:Creating environment hook '/home/hycon/workspace/ros2_study/pkg_cpp/install/pkg_test_cpp_msg/share/pkg_test_cpp_msg/hook/ld_library_path_lib.ps1'
[0.603s] INFO:colcon.colcon_core.shell:Creating environment descriptor '/home/hycon/workspace/ros2_study/pkg_cpp/install/pkg_test_cpp_msg/share/pkg_test_cpp_msg/hook/ld_library_path_lib.dsv'
[0.603s] INFO:colcon.colcon_core.shell:Creating environment hook '/home/hycon/workspace/ros2_study/pkg_cpp/install/pkg_test_cpp_msg/share/pkg_test_cpp_msg/hook/ld_library_path_lib.sh'
[0.603s] Level 1:colcon.colcon_core.environment:checking '/home/hycon/workspace/ros2_study/pkg_cpp/install/pkg_test_cpp_msg/bin'
[0.604s] Level 1:colcon.colcon_core.environment:checking '/home/hycon/workspace/ros2_study/pkg_cpp/install/pkg_test_cpp_msg/lib/pkgconfig/pkg_test_cpp_msg.pc'
[0.604s] Level 1:colcon.colcon_core.environment:checking '/home/hycon/workspace/ros2_study/pkg_cpp/install/pkg_test_cpp_msg/lib/python3.10/site-packages'
[0.604s] Level 1:colcon.colcon_core.environment:checking '/home/hycon/workspace/ros2_study/pkg_cpp/install/pkg_test_cpp_msg/bin'
[0.604s] INFO:colcon.colcon_core.shell:Creating package script '/home/hycon/workspace/ros2_study/pkg_cpp/install/pkg_test_cpp_msg/share/pkg_test_cpp_msg/package.ps1'
[0.605s] INFO:colcon.colcon_core.shell:Creating package descriptor '/home/hycon/workspace/ros2_study/pkg_cpp/install/pkg_test_cpp_msg/share/pkg_test_cpp_msg/package.dsv'
[0.605s] INFO:colcon.colcon_core.shell:Creating package script '/home/hycon/workspace/ros2_study/pkg_cpp/install/pkg_test_cpp_msg/share/pkg_test_cpp_msg/package.sh'
[0.605s] INFO:colcon.colcon_core.shell:Creating package script '/home/hycon/workspace/ros2_study/pkg_cpp/install/pkg_test_cpp_msg/share/pkg_test_cpp_msg/package.bash'
[0.606s] INFO:colcon.colcon_core.shell:Creating package script '/home/hycon/workspace/ros2_study/pkg_cpp/install/pkg_test_cpp_msg/share/pkg_test_cpp_msg/package.zsh'
[0.606s] Level 1:colcon.colcon_core.environment:create_file_with_runtime_dependencies(/home/hycon/workspace/ros2_study/pkg_cpp/install/pkg_test_cpp_msg/share/colcon-core/packages/pkg_test_cpp_msg)
[0.607s] Level 1:colcon.colcon_core.environment:create_environment_scripts_only(pkg_test_cpp_msg)
[0.607s] Level 1:colcon.colcon_core.environment:checking '/home/hycon/workspace/ros2_study/pkg_cpp/install/pkg_test_cpp_msg' for CMake module files
[0.607s] Level 1:colcon.colcon_core.environment:checking '/home/hycon/workspace/ros2_study/pkg_cpp/install/pkg_test_cpp_msg' for CMake config files
[0.607s] Level 1:colcon.colcon_core.shell:create_environment_hook('pkg_test_cpp_msg', 'cmake_prefix_path')
[0.608s] INFO:colcon.colcon_core.shell:Creating environment hook '/home/hycon/workspace/ros2_study/pkg_cpp/install/pkg_test_cpp_msg/share/pkg_test_cpp_msg/hook/cmake_prefix_path.ps1'
[0.608s] INFO:colcon.colcon_core.shell:Creating environment descriptor '/home/hycon/workspace/ros2_study/pkg_cpp/install/pkg_test_cpp_msg/share/pkg_test_cpp_msg/hook/cmake_prefix_path.dsv'
[0.608s] INFO:colcon.colcon_core.shell:Creating environment hook '/home/hycon/workspace/ros2_study/pkg_cpp/install/pkg_test_cpp_msg/share/pkg_test_cpp_msg/hook/cmake_prefix_path.sh'
[0.608s] Level 1:colcon.colcon_core.environment:checking '/home/hycon/workspace/ros2_study/pkg_cpp/install/pkg_test_cpp_msg/lib'
[0.608s] Level 1:colcon.colcon_core.shell:create_environment_hook('pkg_test_cpp_msg', 'ld_library_path_lib')
[0.608s] INFO:colcon.colcon_core.shell:Creating environment hook '/home/hycon/workspace/ros2_study/pkg_cpp/install/pkg_test_cpp_msg/share/pkg_test_cpp_msg/hook/ld_library_path_lib.ps1'
[0.609s] INFO:colcon.colcon_core.shell:Creating environment descriptor '/home/hycon/workspace/ros2_study/pkg_cpp/install/pkg_test_cpp_msg/share/pkg_test_cpp_msg/hook/ld_library_path_lib.dsv'
[0.609s] INFO:colcon.colcon_core.shell:Creating environment hook '/home/hycon/workspace/ros2_study/pkg_cpp/install/pkg_test_cpp_msg/share/pkg_test_cpp_msg/hook/ld_library_path_lib.sh'
[0.609s] Level 1:colcon.colcon_core.environment:checking '/home/hycon/workspace/ros2_study/pkg_cpp/install/pkg_test_cpp_msg/bin'
[0.609s] Level 1:colcon.colcon_core.environment:checking '/home/hycon/workspace/ros2_study/pkg_cpp/install/pkg_test_cpp_msg/lib/pkgconfig/pkg_test_cpp_msg.pc'
[0.609s] Level 1:colcon.colcon_core.environment:checking '/home/hycon/workspace/ros2_study/pkg_cpp/install/pkg_test_cpp_msg/lib/python3.10/site-packages'
[0.609s] Level 1:colcon.colcon_core.environment:checking '/home/hycon/workspace/ros2_study/pkg_cpp/install/pkg_test_cpp_msg/bin'
[0.610s] INFO:colcon.colcon_core.shell:Creating package script '/home/hycon/workspace/ros2_study/pkg_cpp/install/pkg_test_cpp_msg/share/pkg_test_cpp_msg/package.ps1'
[0.610s] INFO:colcon.colcon_core.shell:Creating package descriptor '/home/hycon/workspace/ros2_study/pkg_cpp/install/pkg_test_cpp_msg/share/pkg_test_cpp_msg/package.dsv'
[0.610s] INFO:colcon.colcon_core.shell:Creating package script '/home/hycon/workspace/ros2_study/pkg_cpp/install/pkg_test_cpp_msg/share/pkg_test_cpp_msg/package.sh'
[0.610s] INFO:colcon.colcon_core.shell:Creating package script '/home/hycon/workspace/ros2_study/pkg_cpp/install/pkg_test_cpp_msg/share/pkg_test_cpp_msg/package.bash'
[0.611s] INFO:colcon.colcon_core.shell:Creating package script '/home/hycon/workspace/ros2_study/pkg_cpp/install/pkg_test_cpp_msg/share/pkg_test_cpp_msg/package.zsh'
[0.611s] Level 1:colcon.colcon_core.environment:create_file_with_runtime_dependencies(/home/hycon/workspace/ros2_study/pkg_cpp/install/pkg_test_cpp_msg/share/colcon-core/packages/pkg_test_cpp_msg)
[2.930s] DEBUG:colcon.colcon_core.event_handler.log_command:Invoked command in '/home/hycon/workspace/ros2_study/pkg_cpp/build/pkg_test_cpp' returned '0': CMAKE_PREFIX_PATH=${CMAKE_PREFIX_PATH}:/opt/ros/humble /usr/bin/cmake --build /home/hycon/workspace/ros2_study/pkg_cpp/build/pkg_test_cpp -- -j16 -l16
[2.932s] DEBUG:colcon.colcon_core.event_handler.log_command:Invoking command in '/home/hycon/workspace/ros2_study/pkg_cpp/build/pkg_test_cpp': CMAKE_PREFIX_PATH=${CMAKE_PREFIX_PATH}:/opt/ros/humble /usr/bin/cmake --install /home/hycon/workspace/ros2_study/pkg_cpp/build/pkg_test_cpp
[2.948s] Level 1:colcon.colcon_core.environment:create_environment_scripts_only(pkg_test_cpp)
[2.949s] Level 1:colcon.colcon_core.environment:checking '/home/hycon/workspace/ros2_study/pkg_cpp/install/pkg_test_cpp' for CMake module files
[2.950s] DEBUG:colcon.colcon_core.event_handler.log_command:Invoked command in '/home/hycon/workspace/ros2_study/pkg_cpp/build/pkg_test_cpp' returned '0': CMAKE_PREFIX_PATH=${CMAKE_PREFIX_PATH}:/opt/ros/humble /usr/bin/cmake --install /home/hycon/workspace/ros2_study/pkg_cpp/build/pkg_test_cpp
[2.950s] Level 1:colcon.colcon_core.environment:checking '/home/hycon/workspace/ros2_study/pkg_cpp/install/pkg_test_cpp' for CMake config files
[2.950s] Level 1:colcon.colcon_core.shell:create_environment_hook('pkg_test_cpp', 'cmake_prefix_path')
[2.950s] INFO:colcon.colcon_core.shell:Creating environment hook '/home/hycon/workspace/ros2_study/pkg_cpp/install/pkg_test_cpp/share/pkg_test_cpp/hook/cmake_prefix_path.ps1'
[2.951s] INFO:colcon.colcon_core.shell:Creating environment descriptor '/home/hycon/workspace/ros2_study/pkg_cpp/install/pkg_test_cpp/share/pkg_test_cpp/hook/cmake_prefix_path.dsv'
[2.951s] INFO:colcon.colcon_core.shell:Creating environment hook '/home/hycon/workspace/ros2_study/pkg_cpp/install/pkg_test_cpp/share/pkg_test_cpp/hook/cmake_prefix_path.sh'
[2.951s] Level 1:colcon.colcon_core.environment:checking '/home/hycon/workspace/ros2_study/pkg_cpp/install/pkg_test_cpp/lib'
[2.951s] Level 1:colcon.colcon_core.environment:checking '/home/hycon/workspace/ros2_study/pkg_cpp/install/pkg_test_cpp/bin'
[2.951s] Level 1:colcon.colcon_core.environment:checking '/home/hycon/workspace/ros2_study/pkg_cpp/install/pkg_test_cpp/lib/pkgconfig/pkg_test_cpp.pc'
[2.952s] Level 1:colcon.colcon_core.environment:checking '/home/hycon/workspace/ros2_study/pkg_cpp/install/pkg_test_cpp/lib/python3.10/site-packages'
[2.952s] Level 1:colcon.colcon_core.environment:checking '/home/hycon/workspace/ros2_study/pkg_cpp/install/pkg_test_cpp/bin'
[2.952s] INFO:colcon.colcon_core.shell:Creating package script '/home/hycon/workspace/ros2_study/pkg_cpp/install/pkg_test_cpp/share/pkg_test_cpp/package.ps1'
[2.952s] INFO:colcon.colcon_core.shell:Creating package descriptor '/home/hycon/workspace/ros2_study/pkg_cpp/install/pkg_test_cpp/share/pkg_test_cpp/package.dsv'
[2.953s] INFO:colcon.colcon_core.shell:Creating package script '/home/hycon/workspace/ros2_study/pkg_cpp/install/pkg_test_cpp/share/pkg_test_cpp/package.sh'
[2.953s] INFO:colcon.colcon_core.shell:Creating package script '/home/hycon/workspace/ros2_study/pkg_cpp/install/pkg_test_cpp/share/pkg_test_cpp/package.bash'
[2.953s] INFO:colcon.colcon_core.shell:Creating package script '/home/hycon/workspace/ros2_study/pkg_cpp/install/pkg_test_cpp/share/pkg_test_cpp/package.zsh'
[2.953s] Level 1:colcon.colcon_core.environment:create_file_with_runtime_dependencies(/home/hycon/workspace/ros2_study/pkg_cpp/install/pkg_test_cpp/share/colcon-core/packages/pkg_test_cpp)
[2.954s] Level 1:colcon.colcon_core.environment:create_environment_scripts_only(pkg_test_cpp)
[2.954s] Level 1:colcon.colcon_core.environment:checking '/home/hycon/workspace/ros2_study/pkg_cpp/install/pkg_test_cpp' for CMake module files
[2.954s] Level 1:colcon.colcon_core.environment:checking '/home/hycon/workspace/ros2_study/pkg_cpp/install/pkg_test_cpp' for CMake config files
[2.954s] Level 1:colcon.colcon_core.shell:create_environment_hook('pkg_test_cpp', 'cmake_prefix_path')
[2.954s] INFO:colcon.colcon_core.shell:Creating environment hook '/home/hycon/workspace/ros2_study/pkg_cpp/install/pkg_test_cpp/share/pkg_test_cpp/hook/cmake_prefix_path.ps1'
[2.955s] INFO:colcon.colcon_core.shell:Creating environment descriptor '/home/hycon/workspace/ros2_study/pkg_cpp/install/pkg_test_cpp/share/pkg_test_cpp/hook/cmake_prefix_path.dsv'
[2.955s] INFO:colcon.colcon_core.shell:Creating environment hook '/home/hycon/workspace/ros2_study/pkg_cpp/install/pkg_test_cpp/share/pkg_test_cpp/hook/cmake_prefix_path.sh'
[2.955s] Level 1:colcon.colcon_core.environment:checking '/home/hycon/workspace/ros2_study/pkg_cpp/install/pkg_test_cpp/lib'
[2.955s] Level 1:colcon.colcon_core.environment:checking '/home/hycon/workspace/ros2_study/pkg_cpp/install/pkg_test_cpp/bin'
[2.955s] Level 1:colcon.colcon_core.environment:checking '/home/hycon/workspace/ros2_study/pkg_cpp/install/pkg_test_cpp/lib/pkgconfig/pkg_test_cpp.pc'
[2.955s] Level 1:colcon.colcon_core.environment:checking '/home/hycon/workspace/ros2_study/pkg_cpp/install/pkg_test_cpp/lib/python3.10/site-packages'
[2.955s] Level 1:colcon.colcon_core.environment:checking '/home/hycon/workspace/ros2_study/pkg_cpp/install/pkg_test_cpp/bin'
[2.956s] INFO:colcon.colcon_core.shell:Creating package script '/home/hycon/workspace/ros2_study/pkg_cpp/install/pkg_test_cpp/share/pkg_test_cpp/package.ps1'
[2.956s] INFO:colcon.colcon_core.shell:Creating package descriptor '/home/hycon/workspace/ros2_study/pkg_cpp/install/pkg_test_cpp/share/pkg_test_cpp/package.dsv'
[2.956s] INFO:colcon.colcon_core.shell:Creating package script '/home/hycon/workspace/ros2_study/pkg_cpp/install/pkg_test_cpp/share/pkg_test_cpp/package.sh'
[2.956s] INFO:colcon.colcon_core.shell:Creating package script '/home/hycon/workspace/ros2_study/pkg_cpp/install/pkg_test_cpp/share/pkg_test_cpp/package.bash'
[2.957s] INFO:colcon.colcon_core.shell:Creating package script '/home/hycon/workspace/ros2_study/pkg_cpp/install/pkg_test_cpp/share/pkg_test_cpp/package.zsh'
[2.957s] Level 1:colcon.colcon_core.environment:create_file_with_runtime_dependencies(/home/hycon/workspace/ros2_study/pkg_cpp/install/pkg_test_cpp/share/colcon-core/packages/pkg_test_cpp)
[2.957s] DEBUG:colcon.colcon_parallel_executor.executor.parallel:closing loop
[2.957s] DEBUG:colcon.colcon_parallel_executor.executor.parallel:loop closed
[2.957s] DEBUG:colcon.colcon_parallel_executor.executor.parallel:run_until_complete finished with '0'
[2.957s] DEBUG:colcon.colcon_core.event_reactor:joining thread
[2.962s] INFO:colcon.colcon_core.plugin_system:Skipping extension 'colcon_notification.desktop_notification.terminal_notifier': Not used on non-Darwin systems
[2.962s] INFO:colcon.colcon_core.plugin_system:Skipping extension 'colcon_notification.desktop_notification.win32': Not used on non-Windows systems
[2.962s] INFO:colcon.colcon_notification.desktop_notification:Sending desktop notification using 'notify2'
[2.976s] DEBUG:colcon.colcon_core.event_reactor:joined thread
[2.976s] INFO:colcon.colcon_core.shell:Creating prefix script '/home/hycon/workspace/ros2_study/pkg_cpp/install/local_setup.ps1'
[2.977s] INFO:colcon.colcon_core.shell:Creating prefix util module '/home/hycon/workspace/ros2_study/pkg_cpp/install/_local_setup_util_ps1.py'
[2.978s] INFO:colcon.colcon_core.shell:Creating prefix chain script '/home/hycon/workspace/ros2_study/pkg_cpp/install/setup.ps1'
[2.979s] INFO:colcon.colcon_core.shell:Creating prefix script '/home/hycon/workspace/ros2_study/pkg_cpp/install/local_setup.sh'
[2.980s] INFO:colcon.colcon_core.shell:Creating prefix util module '/home/hycon/workspace/ros2_study/pkg_cpp/install/_local_setup_util_sh.py'
[2.981s] INFO:colcon.colcon_core.shell:Creating prefix chain script '/home/hycon/workspace/ros2_study/pkg_cpp/install/setup.sh'
[2.982s] INFO:colcon.colcon_core.shell:Creating prefix script '/home/hycon/workspace/ros2_study/pkg_cpp/install/local_setup.bash'
[2.983s] INFO:colcon.colcon_core.shell:Creating prefix chain script '/home/hycon/workspace/ros2_study/pkg_cpp/install/setup.bash'
[2.983s] INFO:colcon.colcon_core.shell:Creating prefix script '/home/hycon/workspace/ros2_study/pkg_cpp/install/local_setup.zsh'
[2.984s] INFO:colcon.colcon_core.shell:Creating prefix chain script '/home/hycon/workspace/ros2_study/pkg_cpp/install/setup.zsh'
