[0.559s] Invoking command in '/home/hycon/workspace/hycon_git/ros2_study_jh/ros2_study/pkg_test/src/my_first_package': PYTHONPATH=/home/hycon/workspace/hycon_git/ros2_study_jh/build/my_first_package/prefix_override:/usr/lib/python3/dist-packages/colcon_core/task/python/colcon_distutils_commands:/home/hycon/workspace/hycon_git/ros2_study_jh/install/my_first_package/lib/python3.10/site-packages:${PYTHONPATH} /usr/bin/python3 -W ignore:setup.py install is deprecated -W ignore:easy_install command is deprecated setup.py egg_info --egg-base ../../../../build/my_first_package build --build-base /home/hycon/workspace/hycon_git/ros2_study_jh/build/my_first_package/build install --record /home/hycon/workspace/hycon_git/ros2_study_jh/build/my_first_package/install.log --single-version-externally-managed install_data
[0.839s] running egg_info
[0.840s] creating ../../../../build/my_first_package/my_first_package.egg-info
[0.840s] writing ../../../../build/my_first_package/my_first_package.egg-info/PKG-INFO
[0.840s] writing dependency_links to ../../../../build/my_first_package/my_first_package.egg-info/dependency_links.txt
[0.840s] writing entry points to ../../../../build/my_first_package/my_first_package.egg-info/entry_points.txt
[0.840s] writing requirements to ../../../../build/my_first_package/my_first_package.egg-info/requires.txt
[0.840s] writing top-level names to ../../../../build/my_first_package/my_first_package.egg-info/top_level.txt
[0.840s] writing manifest file '../../../../build/my_first_package/my_first_package.egg-info/SOURCES.txt'
[0.841s] reading manifest file '../../../../build/my_first_package/my_first_package.egg-info/SOURCES.txt'
[0.842s] writing manifest file '../../../../build/my_first_package/my_first_package.egg-info/SOURCES.txt'
[0.842s] running build
[0.842s] running build_py
[0.842s] creating /home/hycon/workspace/hycon_git/ros2_study_jh/build/my_first_package/build
[0.842s] creating /home/hycon/workspace/hycon_git/ros2_study_jh/build/my_first_package/build/lib
[0.842s] creating /home/hycon/workspace/hycon_git/ros2_study_jh/build/my_first_package/build/lib/my_first_package
[0.842s] copying my_first_package/my_publisher.py -> /home/hycon/workspace/hycon_git/ros2_study_jh/build/my_first_package/build/lib/my_first_package
[0.842s] copying my_first_package/__init__.py -> /home/hycon/workspace/hycon_git/ros2_study_jh/build/my_first_package/build/lib/my_first_package
[0.842s] copying my_first_package/my_service_server.py -> /home/hycon/workspace/hycon_git/ros2_study_jh/build/my_first_package/build/lib/my_first_package
[0.842s] copying my_first_package/turtle_cmd_and_pose.py -> /home/hycon/workspace/hycon_git/ros2_study_jh/build/my_first_package/build/lib/my_first_package
[0.843s] copying my_first_package/my_first_node.py -> /home/hycon/workspace/hycon_git/ros2_study_jh/build/my_first_package/build/lib/my_first_package
[0.843s] copying my_first_package/my_subscriber.py -> /home/hycon/workspace/hycon_git/ros2_study_jh/build/my_first_package/build/lib/my_first_package
[0.843s] running install
[0.843s] running install_lib
[0.843s] creating /home/hycon/workspace/hycon_git/ros2_study_jh/install/my_first_package/lib/python3.10/site-packages/my_first_package
[0.843s] copying /home/hycon/workspace/hycon_git/ros2_study_jh/build/my_first_package/build/lib/my_first_package/my_publisher.py -> /home/hycon/workspace/hycon_git/ros2_study_jh/install/my_first_package/lib/python3.10/site-packages/my_first_package
[0.843s] copying /home/hycon/workspace/hycon_git/ros2_study_jh/build/my_first_package/build/lib/my_first_package/__init__.py -> /home/hycon/workspace/hycon_git/ros2_study_jh/install/my_first_package/lib/python3.10/site-packages/my_first_package
[0.843s] copying /home/hycon/workspace/hycon_git/ros2_study_jh/build/my_first_package/build/lib/my_first_package/my_service_server.py -> /home/hycon/workspace/hycon_git/ros2_study_jh/install/my_first_package/lib/python3.10/site-packages/my_first_package
[0.843s] copying /home/hycon/workspace/hycon_git/ros2_study_jh/build/my_first_package/build/lib/my_first_package/turtle_cmd_and_pose.py -> /home/hycon/workspace/hycon_git/ros2_study_jh/install/my_first_package/lib/python3.10/site-packages/my_first_package
[0.843s] copying /home/hycon/workspace/hycon_git/ros2_study_jh/build/my_first_package/build/lib/my_first_package/my_first_node.py -> /home/hycon/workspace/hycon_git/ros2_study_jh/install/my_first_package/lib/python3.10/site-packages/my_first_package
[0.843s] copying /home/hycon/workspace/hycon_git/ros2_study_jh/build/my_first_package/build/lib/my_first_package/my_subscriber.py -> /home/hycon/workspace/hycon_git/ros2_study_jh/install/my_first_package/lib/python3.10/site-packages/my_first_package
[0.843s] byte-compiling /home/hycon/workspace/hycon_git/ros2_study_jh/install/my_first_package/lib/python3.10/site-packages/my_first_package/my_publisher.py to my_publisher.cpython-310.pyc
[0.844s] byte-compiling /home/hycon/workspace/hycon_git/ros2_study_jh/install/my_first_package/lib/python3.10/site-packages/my_first_package/__init__.py to __init__.cpython-310.pyc
[0.844s] byte-compiling /home/hycon/workspace/hycon_git/ros2_study_jh/install/my_first_package/lib/python3.10/site-packages/my_first_package/my_service_server.py to my_service_server.cpython-310.pyc
[0.844s] byte-compiling /home/hycon/workspace/hycon_git/ros2_study_jh/install/my_first_package/lib/python3.10/site-packages/my_first_package/turtle_cmd_and_pose.py to turtle_cmd_and_pose.cpython-310.pyc
[0.844s] byte-compiling /home/hycon/workspace/hycon_git/ros2_study_jh/install/my_first_package/lib/python3.10/site-packages/my_first_package/my_first_node.py to my_first_node.cpython-310.pyc
[0.845s] byte-compiling /home/hycon/workspace/hycon_git/ros2_study_jh/install/my_first_package/lib/python3.10/site-packages/my_first_package/my_subscriber.py to my_subscriber.cpython-310.pyc
[0.845s] running install_data
[0.845s] creating /home/hycon/workspace/hycon_git/ros2_study_jh/install/my_first_package/share/ament_index
[0.845s] creating /home/hycon/workspace/hycon_git/ros2_study_jh/install/my_first_package/share/ament_index/resource_index
[0.845s] creating /home/hycon/workspace/hycon_git/ros2_study_jh/install/my_first_package/share/ament_index/resource_index/packages
[0.845s] copying resource/my_first_package -> /home/hycon/workspace/hycon_git/ros2_study_jh/install/my_first_package/share/ament_index/resource_index/packages
[0.845s] copying package.xml -> /home/hycon/workspace/hycon_git/ros2_study_jh/install/my_first_package/share/my_first_package
[0.845s] running install_egg_info
[0.846s] Copying ../../../../build/my_first_package/my_first_package.egg-info to /home/hycon/workspace/hycon_git/ros2_study_jh/install/my_first_package/lib/python3.10/site-packages/my_first_package-0.0.0-py3.10.egg-info
[0.847s] running install_scripts
[0.860s] Installing my_first_node script to /home/hycon/workspace/hycon_git/ros2_study_jh/install/my_first_package/lib/my_first_package
[0.861s] Installing my_publisher script to /home/hycon/workspace/hycon_git/ros2_study_jh/install/my_first_package/lib/my_first_package
[0.861s] Installing my_service_server script to /home/hycon/workspace/hycon_git/ros2_study_jh/install/my_first_package/lib/my_first_package
[0.861s] Installing my_subscriber script to /home/hycon/workspace/hycon_git/ros2_study_jh/install/my_first_package/lib/my_first_package
[0.861s] Installing turtle_cmd_and_pose script to /home/hycon/workspace/hycon_git/ros2_study_jh/install/my_first_package/lib/my_first_package
[0.861s] writing list of installed files to '/home/hycon/workspace/hycon_git/ros2_study_jh/build/my_first_package/install.log'
[0.879s] Invoked command in '/home/hycon/workspace/hycon_git/ros2_study_jh/ros2_study/pkg_test/src/my_first_package' returned '0': PYTHONPATH=/home/hycon/workspace/hycon_git/ros2_study_jh/build/my_first_package/prefix_override:/usr/lib/python3/dist-packages/colcon_core/task/python/colcon_distutils_commands:/home/hycon/workspace/hycon_git/ros2_study_jh/install/my_first_package/lib/python3.10/site-packages:${PYTHONPATH} /usr/bin/python3 -W ignore:setup.py install is deprecated -W ignore:easy_install command is deprecated setup.py egg_info --egg-base ../../../../build/my_first_package build --build-base /home/hycon/workspace/hycon_git/ros2_study_jh/build/my_first_package/build install --record /home/hycon/workspace/hycon_git/ros2_study_jh/build/my_first_package/install.log --single-version-externally-managed install_data
